<?xml version="1.0" encoding="UTF-8"?>
<testsuites name="jest tests" tests="9" failures="0" errors="0" time="3.81">
  <testsuite name="test/esm-module-integration.test.mjs" errors="0" failures="0" skipped="0" timestamp="2025-08-05T17:09:05" time="0.699" tests="3">
    <testcase classname="ESM Module Integration" name="should support basic ESM functionality" time="0.01">
    </testcase>
    <testcase classname="ESM Module Integration" name="should support native ESM features" time="0.001">
    </testcase>
    <testcase classname="ESM Module Integration" name="should support async/await patterns" time="0.014">
    </testcase>
  </testsuite>
  <testsuite name="test/esm-project-integration.test.mjs" errors="0" failures="0" skipped="0" timestamp="2025-08-05T17:09:05" time="0.767" tests="3">
    <testcase classname="ESM Project Integration" name="should be able to import package.json" time="0.015">
    </testcase>
    <testcase classname="ESM Project Integration" name="should support importing project modules" time="0.007">
    </testcase>
    <testcase classname="ESM Project Integration" name="should support modern JavaScript features in ESM context" time="0">
    </testcase>
  </testsuite>
  <testsuite name="test/esm-support.test.mjs" errors="0" failures="0" skipped="0" timestamp="2025-08-05T17:09:05" time="0.776" tests="3">
    <testcase classname="ESM Support" name="should support ESM syntax" time="0.004">
    </testcase>
    <testcase classname="ESM Support" name="should support modern JavaScript features" time="0">
    </testcase>
    <testcase classname="ESM Support" name="should support async/await" time="0">
    </testcase>
  </testsuite>
</testsuites>