<?xml version="1.0" encoding="UTF-8"?>
<testsuites name="jest tests" tests="304" failures="124" errors="0" time="351.067">
  <testsuite name="test/esm-comprehensive.test.mjs" errors="0" failures="0" skipped="0" timestamp="2025-08-06T21:36:31" time="0.119" tests="6">
    <testcase classname="Comprehensive ESM Testing" name="should be able to import package.json" time="0.004">
    </testcase>
    <testcase classname="Comprehensive ESM Testing" name="should support all modern JavaScript features" time="0.001">
    </testcase>
    <testcase classname="Comprehensive ESM Testing" name="should support async/await with promises" time="0.012">
    </testcase>
    <testcase classname="Comprehensive ESM Testing" name="should support modern class features" time="0.001">
    </testcase>
    <testcase classname="Comprehensive ESM Testing" name="should support dynamic imports" time="0.001">
    </testcase>
    <testcase classname="Comprehensive ESM Testing" name="should support top-level await simulation" time="0.001">
    </testcase>
  </testsuite>
  <testsuite name="test/esm-module-integration.test.mjs" errors="0" failures="0" skipped="0" timestamp="2025-08-06T21:36:32" time="0.131" tests="3">
    <testcase classname="ESM Module Integration" name="should support basic ESM functionality" time="0.002">
    </testcase>
    <testcase classname="ESM Module Integration" name="should support native ESM features" time="0.001">
    </testcase>
    <testcase classname="ESM Module Integration" name="should support async/await patterns" time="0.014">
    </testcase>
  </testsuite>
  <testsuite name="test/esm-project-integration.test.mjs" errors="0" failures="0" skipped="0" timestamp="2025-08-06T21:36:32" time="0.294" tests="3">
    <testcase classname="ESM Project Integration" name="should be able to import package.json" time="0.002">
    </testcase>
    <testcase classname="ESM Project Integration" name="should support importing project modules" time="0.234">
    </testcase>
    <testcase classname="ESM Project Integration" name="should support modern JavaScript features in ESM context" time="0.001">
    </testcase>
  </testsuite>
  <testsuite name="test/esm-support.test.mjs" errors="0" failures="0" skipped="0" timestamp="2025-08-06T21:36:32" time="0.061" tests="3">
    <testcase classname="ESM Support" name="should support ESM syntax" time="0.001">
    </testcase>
    <testcase classname="ESM Support" name="should support modern JavaScript features" time="0.001">
    </testcase>
    <testcase classname="ESM Support" name="should support async/await" time="0">
    </testcase>
  </testsuite>
  <testsuite name="test/unit/ui-manager-basic.test.mjs" errors="0" failures="0" skipped="0" timestamp="2025-08-06T21:36:33" time="0.204" tests="8">
    <testcase classname="UIManager (Basic) › initialization" name="should initialize with provided dependencies" time="0.002">
    </testcase>
    <testcase classname="UIManager (Basic) › showStatus" name="should log status messages with info level by default" time="0.001">
    </testcase>
    <testcase classname="UIManager (Basic) › showStatus" name="should log error status messages with error level" time="0.001">
    </testcase>
    <testcase classname="UIManager (Basic) › updateProgress" name="should log progress updates" time="0.001">
    </testcase>
    <testcase classname="UIManager (Basic) › showError" name="should handle errors with error objects" time="0.001">
    </testcase>
    <testcase classname="UIManager (Basic) › showError" name="should create an error object from string messages" time="0">
    </testcase>
    <testcase classname="UIManager (Basic) › showNotification" name="should log info notifications by default" time="0">
    </testcase>
    <testcase classname="UIManager (Basic) › showNotification" name="should log error notifications with error level" time="0.001">
    </testcase>
  </testsuite>
  <testsuite name="test/unit/logger.test.mjs" errors="0" failures="9" skipped="0" timestamp="2025-08-06T21:36:33" time="0.333" tests="9">
    <testcase classname="Logger › initialization" name="should initialize with default values" time="0">
      <failure>ReferenceError: require is not defined
    at /Users/cmuir/P1Import-apps/P1-import-Subsystem/src/client/utils/logger.js:3:30
    at SourceTextModule.evaluate (node:internal/vm/module:227:23)
    at Runtime.linkAndEvaluateModule (/Users/cmuir/P1Import-apps/P1-import-Subsystem/node_modules/jest-runtime/build/index.js:684:20)
    at importModuleDynamicallyWrapper (node:internal/vm/module:436:15)
    at Object.&lt;anonymous&gt; (/Users/cmuir/P1Import-apps/P1-import-Subsystem/test/unit/logger.test.mjs:44:24)</failure>
    </testcase>
    <testcase classname="Logger › initialization" name="should create a winston logger instance" time="0.001">
      <failure>ReferenceError: require is not defined
    at /Users/cmuir/P1Import-apps/P1-import-Subsystem/src/client/utils/logger.js:3:30
    at SourceTextModule.evaluate (node:internal/vm/module:227:23)
    at Runtime.linkAndEvaluateModule (/Users/cmuir/P1Import-apps/P1-import-Subsystem/node_modules/jest-runtime/build/index.js:684:20)
    at importModuleDynamicallyWrapper (node:internal/vm/module:436:15)
    at Object.&lt;anonymous&gt; (/Users/cmuir/P1Import-apps/P1-import-Subsystem/test/unit/logger.test.mjs:44:24)</failure>
    </testcase>
    <testcase classname="Logger › log methods" name="should log info messages" time="0">
      <failure>ReferenceError: require is not defined
    at /Users/cmuir/P1Import-apps/P1-import-Subsystem/src/client/utils/logger.js:3:30
    at SourceTextModule.evaluate (node:internal/vm/module:227:23)
    at Runtime.linkAndEvaluateModule (/Users/cmuir/P1Import-apps/P1-import-Subsystem/node_modules/jest-runtime/build/index.js:684:20)
    at importModuleDynamicallyWrapper (node:internal/vm/module:436:15)
    at Object.&lt;anonymous&gt; (/Users/cmuir/P1Import-apps/P1-import-Subsystem/test/unit/logger.test.mjs:44:24)</failure>
    </testcase>
    <testcase classname="Logger › log methods" name="should log error messages" time="0">
      <failure>ReferenceError: require is not defined
    at /Users/cmuir/P1Import-apps/P1-import-Subsystem/src/client/utils/logger.js:3:30
    at SourceTextModule.evaluate (node:internal/vm/module:227:23)
    at Runtime.linkAndEvaluateModule (/Users/cmuir/P1Import-apps/P1-import-Subsystem/node_modules/jest-runtime/build/index.js:684:20)
    at importModuleDynamicallyWrapper (node:internal/vm/module:436:15)
    at Object.&lt;anonymous&gt; (/Users/cmuir/P1Import-apps/P1-import-Subsystem/test/unit/logger.test.mjs:44:24)</failure>
    </testcase>
    <testcase classname="Logger › log methods" name="should log warning messages" time="0.001">
      <failure>ReferenceError: require is not defined
    at /Users/cmuir/P1Import-apps/P1-import-Subsystem/src/client/utils/logger.js:3:30
    at SourceTextModule.evaluate (node:internal/vm/module:227:23)
    at Runtime.linkAndEvaluateModule (/Users/cmuir/P1Import-apps/P1-import-Subsystem/node_modules/jest-runtime/build/index.js:684:20)
    at importModuleDynamicallyWrapper (node:internal/vm/module:436:15)
    at Object.&lt;anonymous&gt; (/Users/cmuir/P1Import-apps/P1-import-Subsystem/test/unit/logger.test.mjs:44:24)</failure>
    </testcase>
    <testcase classname="Logger › log methods" name="should log debug messages in development" time="0">
      <failure>ReferenceError: require is not defined
    at /Users/cmuir/P1Import-apps/P1-import-Subsystem/src/client/utils/logger.js:3:30
    at SourceTextModule.evaluate (node:internal/vm/module:227:23)
    at Runtime.linkAndEvaluateModule (/Users/cmuir/P1Import-apps/P1-import-Subsystem/node_modules/jest-runtime/build/index.js:684:20)
    at importModuleDynamicallyWrapper (node:internal/vm/module:436:15)
    at Object.&lt;anonymous&gt; (/Users/cmuir/P1Import-apps/P1-import-Subsystem/test/unit/logger.test.mjs:44:24)</failure>
    </testcase>
    <testcase classname="Logger › log counting" name="should count valid logs" time="0">
      <failure>ReferenceError: require is not defined
    at /Users/cmuir/P1Import-apps/P1-import-Subsystem/src/client/utils/logger.js:3:30
    at SourceTextModule.evaluate (node:internal/vm/module:227:23)
    at Runtime.linkAndEvaluateModule (/Users/cmuir/P1Import-apps/P1-import-Subsystem/node_modules/jest-runtime/build/index.js:684:20)
    at importModuleDynamicallyWrapper (node:internal/vm/module:436:15)
    at Object.&lt;anonymous&gt; (/Users/cmuir/P1Import-apps/P1-import-Subsystem/test/unit/logger.test.mjs:44:24)</failure>
    </testcase>
    <testcase classname="Logger › log counting" name="should count error logs" time="0">
      <failure>ReferenceError: require is not defined
    at /Users/cmuir/P1Import-apps/P1-import-Subsystem/src/client/utils/logger.js:3:30
    at SourceTextModule.evaluate (node:internal/vm/module:227:23)
    at Runtime.linkAndEvaluateModule (/Users/cmuir/P1Import-apps/P1-import-Subsystem/node_modules/jest-runtime/build/index.js:684:20)
    at importModuleDynamicallyWrapper (node:internal/vm/module:436:15)
    at Object.&lt;anonymous&gt; (/Users/cmuir/P1Import-apps/P1-import-Subsystem/test/unit/logger.test.mjs:44:24)</failure>
    </testcase>
    <testcase classname="Logger › log clearing" name="should clear logs" time="0">
      <failure>ReferenceError: require is not defined
    at /Users/cmuir/P1Import-apps/P1-import-Subsystem/src/client/utils/logger.js:3:30
    at SourceTextModule.evaluate (node:internal/vm/module:227:23)
    at Runtime.linkAndEvaluateModule (/Users/cmuir/P1Import-apps/P1-import-Subsystem/node_modules/jest-runtime/build/index.js:684:20)
    at importModuleDynamicallyWrapper (node:internal/vm/module:436:15)
    at Object.&lt;anonymous&gt; (/Users/cmuir/P1Import-apps/P1-import-Subsystem/test/unit/logger.test.mjs:44:24)</failure>
    </testcase>
  </testsuite>
  <testsuite name="test/unit/file-handler.test.mjs" errors="0" failures="11" skipped="0" timestamp="2025-08-06T21:36:34" time="0.296" tests="11">
    <testcase classname="📁 File Handler Test Suite › 🔧 Initialization" name="should add change event listener to file input" time="0.005">
      <failure>ReferenceError: jest is not defined
    at Object.&lt;anonymous&gt; (/Users/cmuir/P1Import-apps/P1-import-Subsystem/test/unit/file-handler.test.mjs:167:13)
    at Promise.finally.completed (/Users/cmuir/P1Import-apps/P1-import-Subsystem/node_modules/jest-circus/build/jestAdapterInit.js:1559:28)
    at new Promise (&lt;anonymous&gt;)
    at callAsyncCircusFn (/Users/cmuir/P1Import-apps/P1-import-Subsystem/node_modules/jest-circus/build/jestAdapterInit.js:1499:10)
    at _callCircusHook (/Users/cmuir/P1Import-apps/P1-import-Subsystem/node_modules/jest-circus/build/jestAdapterInit.js:978:40)
    at _runTest (/Users/cmuir/P1Import-apps/P1-import-Subsystem/node_modules/jest-circus/build/jestAdapterInit.js:943:5)
    at _runTestsForDescribeBlock (/Users/cmuir/P1Import-apps/P1-import-Subsystem/node_modules/jest-circus/build/jestAdapterInit.js:839:13)
    at _runTestsForDescribeBlock (/Users/cmuir/P1Import-apps/P1-import-Subsystem/node_modules/jest-circus/build/jestAdapterInit.js:829:11)
    at _runTestsForDescribeBlock (/Users/cmuir/P1Import-apps/P1-import-Subsystem/node_modules/jest-circus/build/jestAdapterInit.js:829:11)
    at run (/Users/cmuir/P1Import-apps/P1-import-Subsystem/node_modules/jest-circus/build/jestAdapterInit.js:757:3)
    at runAndTransformResultsToJestFormat (/Users/cmuir/P1Import-apps/P1-import-Subsystem/node_modules/jest-circus/build/jestAdapterInit.js:1920:21)
    at jestAdapter (/Users/cmuir/P1Import-apps/P1-import-Subsystem/node_modules/jest-circus/build/runner.js:101:19)
    at runTestInternal (/Users/cmuir/P1Import-apps/P1-import-Subsystem/node_modules/jest-runner/build/index.js:275:16)
    at runTest (/Users/cmuir/P1Import-apps/P1-import-Subsystem/node_modules/jest-runner/build/index.js:343:7)</failure>
    </testcase>
    <testcase classname="📁 File Handler Test Suite › 📤 File Selection" name="should handle file selection" time="0.002">
      <failure>ReferenceError: jest is not defined
    at Object.&lt;anonymous&gt; (/Users/cmuir/P1Import-apps/P1-import-Subsystem/test/unit/file-handler.test.mjs:167:13)
    at Promise.finally.completed (/Users/cmuir/P1Import-apps/P1-import-Subsystem/node_modules/jest-circus/build/jestAdapterInit.js:1559:28)
    at new Promise (&lt;anonymous&gt;)
    at callAsyncCircusFn (/Users/cmuir/P1Import-apps/P1-import-Subsystem/node_modules/jest-circus/build/jestAdapterInit.js:1499:10)
    at _callCircusHook (/Users/cmuir/P1Import-apps/P1-import-Subsystem/node_modules/jest-circus/build/jestAdapterInit.js:978:40)
    at _runTest (/Users/cmuir/P1Import-apps/P1-import-Subsystem/node_modules/jest-circus/build/jestAdapterInit.js:943:5)
    at _runTestsForDescribeBlock (/Users/cmuir/P1Import-apps/P1-import-Subsystem/node_modules/jest-circus/build/jestAdapterInit.js:839:13)
    at _runTestsForDescribeBlock (/Users/cmuir/P1Import-apps/P1-import-Subsystem/node_modules/jest-circus/build/jestAdapterInit.js:829:11)
    at _runTestsForDescribeBlock (/Users/cmuir/P1Import-apps/P1-import-Subsystem/node_modules/jest-circus/build/jestAdapterInit.js:829:11)
    at run (/Users/cmuir/P1Import-apps/P1-import-Subsystem/node_modules/jest-circus/build/jestAdapterInit.js:757:3)
    at runAndTransformResultsToJestFormat (/Users/cmuir/P1Import-apps/P1-import-Subsystem/node_modules/jest-circus/build/jestAdapterInit.js:1920:21)
    at jestAdapter (/Users/cmuir/P1Import-apps/P1-import-Subsystem/node_modules/jest-circus/build/runner.js:101:19)
    at runTestInternal (/Users/cmuir/P1Import-apps/P1-import-Subsystem/node_modules/jest-runner/build/index.js:275:16)
    at runTest (/Users/cmuir/P1Import-apps/P1-import-Subsystem/node_modules/jest-runner/build/index.js:343:7)</failure>
    </testcase>
    <testcase classname="📁 File Handler Test Suite › 📤 File Selection" name="should handle no file selected" time="0.001">
      <failure>ReferenceError: jest is not defined
    at Object.&lt;anonymous&gt; (/Users/cmuir/P1Import-apps/P1-import-Subsystem/test/unit/file-handler.test.mjs:167:13)
    at Promise.finally.completed (/Users/cmuir/P1Import-apps/P1-import-Subsystem/node_modules/jest-circus/build/jestAdapterInit.js:1559:28)
    at new Promise (&lt;anonymous&gt;)
    at callAsyncCircusFn (/Users/cmuir/P1Import-apps/P1-import-Subsystem/node_modules/jest-circus/build/jestAdapterInit.js:1499:10)
    at _callCircusHook (/Users/cmuir/P1Import-apps/P1-import-Subsystem/node_modules/jest-circus/build/jestAdapterInit.js:978:40)
    at _runTest (/Users/cmuir/P1Import-apps/P1-import-Subsystem/node_modules/jest-circus/build/jestAdapterInit.js:943:5)
    at _runTestsForDescribeBlock (/Users/cmuir/P1Import-apps/P1-import-Subsystem/node_modules/jest-circus/build/jestAdapterInit.js:839:13)
    at _runTestsForDescribeBlock (/Users/cmuir/P1Import-apps/P1-import-Subsystem/node_modules/jest-circus/build/jestAdapterInit.js:829:11)
    at _runTestsForDescribeBlock (/Users/cmuir/P1Import-apps/P1-import-Subsystem/node_modules/jest-circus/build/jestAdapterInit.js:829:11)
    at run (/Users/cmuir/P1Import-apps/P1-import-Subsystem/node_modules/jest-circus/build/jestAdapterInit.js:757:3)
    at runAndTransformResultsToJestFormat (/Users/cmuir/P1Import-apps/P1-import-Subsystem/node_modules/jest-circus/build/jestAdapterInit.js:1920:21)
    at jestAdapter (/Users/cmuir/P1Import-apps/P1-import-Subsystem/node_modules/jest-circus/build/runner.js:101:19)
    at runTestInternal (/Users/cmuir/P1Import-apps/P1-import-Subsystem/node_modules/jest-runner/build/index.js:275:16)
    at runTest (/Users/cmuir/P1Import-apps/P1-import-Subsystem/node_modules/jest-runner/build/index.js:343:7)</failure>
    </testcase>
    <testcase classname="📁 File Handler Test Suite › 📤 File Selection" name="should handle file read error" time="0.001">
      <failure>ReferenceError: jest is not defined
    at Object.&lt;anonymous&gt; (/Users/cmuir/P1Import-apps/P1-import-Subsystem/test/unit/file-handler.test.mjs:167:13)
    at Promise.finally.completed (/Users/cmuir/P1Import-apps/P1-import-Subsystem/node_modules/jest-circus/build/jestAdapterInit.js:1559:28)
    at new Promise (&lt;anonymous&gt;)
    at callAsyncCircusFn (/Users/cmuir/P1Import-apps/P1-import-Subsystem/node_modules/jest-circus/build/jestAdapterInit.js:1499:10)
    at _callCircusHook (/Users/cmuir/P1Import-apps/P1-import-Subsystem/node_modules/jest-circus/build/jestAdapterInit.js:978:40)
    at _runTest (/Users/cmuir/P1Import-apps/P1-import-Subsystem/node_modules/jest-circus/build/jestAdapterInit.js:943:5)
    at _runTestsForDescribeBlock (/Users/cmuir/P1Import-apps/P1-import-Subsystem/node_modules/jest-circus/build/jestAdapterInit.js:839:13)
    at _runTestsForDescribeBlock (/Users/cmuir/P1Import-apps/P1-import-Subsystem/node_modules/jest-circus/build/jestAdapterInit.js:829:11)
    at _runTestsForDescribeBlock (/Users/cmuir/P1Import-apps/P1-import-Subsystem/node_modules/jest-circus/build/jestAdapterInit.js:829:11)
    at run (/Users/cmuir/P1Import-apps/P1-import-Subsystem/node_modules/jest-circus/build/jestAdapterInit.js:757:3)
    at runAndTransformResultsToJestFormat (/Users/cmuir/P1Import-apps/P1-import-Subsystem/node_modules/jest-circus/build/jestAdapterInit.js:1920:21)
    at jestAdapter (/Users/cmuir/P1Import-apps/P1-import-Subsystem/node_modules/jest-circus/build/runner.js:101:19)
    at runTestInternal (/Users/cmuir/P1Import-apps/P1-import-Subsystem/node_modules/jest-runner/build/index.js:275:16)
    at runTest (/Users/cmuir/P1Import-apps/P1-import-Subsystem/node_modules/jest-runner/build/index.js:343:7)</failure>
    </testcase>
    <testcase classname="📁 File Handler Test Suite › 🔍 File Validation" name="should return the correct file extension" time="0.001">
      <failure>ReferenceError: jest is not defined
    at Object.&lt;anonymous&gt; (/Users/cmuir/P1Import-apps/P1-import-Subsystem/test/unit/file-handler.test.mjs:167:13)
    at Promise.finally.completed (/Users/cmuir/P1Import-apps/P1-import-Subsystem/node_modules/jest-circus/build/jestAdapterInit.js:1559:28)
    at new Promise (&lt;anonymous&gt;)
    at callAsyncCircusFn (/Users/cmuir/P1Import-apps/P1-import-Subsystem/node_modules/jest-circus/build/jestAdapterInit.js:1499:10)
    at _callCircusHook (/Users/cmuir/P1Import-apps/P1-import-Subsystem/node_modules/jest-circus/build/jestAdapterInit.js:978:40)
    at _runTest (/Users/cmuir/P1Import-apps/P1-import-Subsystem/node_modules/jest-circus/build/jestAdapterInit.js:943:5)
    at _runTestsForDescribeBlock (/Users/cmuir/P1Import-apps/P1-import-Subsystem/node_modules/jest-circus/build/jestAdapterInit.js:839:13)
    at _runTestsForDescribeBlock (/Users/cmuir/P1Import-apps/P1-import-Subsystem/node_modules/jest-circus/build/jestAdapterInit.js:829:11)
    at _runTestsForDescribeBlock (/Users/cmuir/P1Import-apps/P1-import-Subsystem/node_modules/jest-circus/build/jestAdapterInit.js:829:11)
    at run (/Users/cmuir/P1Import-apps/P1-import-Subsystem/node_modules/jest-circus/build/jestAdapterInit.js:757:3)
    at runAndTransformResultsToJestFormat (/Users/cmuir/P1Import-apps/P1-import-Subsystem/node_modules/jest-circus/build/jestAdapterInit.js:1920:21)
    at jestAdapter (/Users/cmuir/P1Import-apps/P1-import-Subsystem/node_modules/jest-circus/build/runner.js:101:19)
    at runTestInternal (/Users/cmuir/P1Import-apps/P1-import-Subsystem/node_modules/jest-runner/build/index.js:275:16)
    at runTest (/Users/cmuir/P1Import-apps/P1-import-Subsystem/node_modules/jest-runner/build/index.js:343:7)</failure>
    </testcase>
    <testcase classname="📁 File Handler Test Suite › 🔍 File Validation" name="should validate file type correctly" time="0.001">
      <failure>ReferenceError: jest is not defined
    at Object.&lt;anonymous&gt; (/Users/cmuir/P1Import-apps/P1-import-Subsystem/test/unit/file-handler.test.mjs:167:13)
    at Promise.finally.completed (/Users/cmuir/P1Import-apps/P1-import-Subsystem/node_modules/jest-circus/build/jestAdapterInit.js:1559:28)
    at new Promise (&lt;anonymous&gt;)
    at callAsyncCircusFn (/Users/cmuir/P1Import-apps/P1-import-Subsystem/node_modules/jest-circus/build/jestAdapterInit.js:1499:10)
    at _callCircusHook (/Users/cmuir/P1Import-apps/P1-import-Subsystem/node_modules/jest-circus/build/jestAdapterInit.js:978:40)
    at _runTest (/Users/cmuir/P1Import-apps/P1-import-Subsystem/node_modules/jest-circus/build/jestAdapterInit.js:943:5)
    at _runTestsForDescribeBlock (/Users/cmuir/P1Import-apps/P1-import-Subsystem/node_modules/jest-circus/build/jestAdapterInit.js:839:13)
    at _runTestsForDescribeBlock (/Users/cmuir/P1Import-apps/P1-import-Subsystem/node_modules/jest-circus/build/jestAdapterInit.js:829:11)
    at _runTestsForDescribeBlock (/Users/cmuir/P1Import-apps/P1-import-Subsystem/node_modules/jest-circus/build/jestAdapterInit.js:829:11)
    at run (/Users/cmuir/P1Import-apps/P1-import-Subsystem/node_modules/jest-circus/build/jestAdapterInit.js:757:3)
    at runAndTransformResultsToJestFormat (/Users/cmuir/P1Import-apps/P1-import-Subsystem/node_modules/jest-circus/build/jestAdapterInit.js:1920:21)
    at jestAdapter (/Users/cmuir/P1Import-apps/P1-import-Subsystem/node_modules/jest-circus/build/runner.js:101:19)
    at runTestInternal (/Users/cmuir/P1Import-apps/P1-import-Subsystem/node_modules/jest-runner/build/index.js:275:16)
    at runTest (/Users/cmuir/P1Import-apps/P1-import-Subsystem/node_modules/jest-runner/build/index.js:343:7)</failure>
    </testcase>
    <testcase classname="📁 File Handler Test Suite › 🔍 File Validation" name="should handle missing file" time="0.001">
      <failure>ReferenceError: jest is not defined
    at Object.&lt;anonymous&gt; (/Users/cmuir/P1Import-apps/P1-import-Subsystem/test/unit/file-handler.test.mjs:167:13)
    at Promise.finally.completed (/Users/cmuir/P1Import-apps/P1-import-Subsystem/node_modules/jest-circus/build/jestAdapterInit.js:1559:28)
    at new Promise (&lt;anonymous&gt;)
    at callAsyncCircusFn (/Users/cmuir/P1Import-apps/P1-import-Subsystem/node_modules/jest-circus/build/jestAdapterInit.js:1499:10)
    at _callCircusHook (/Users/cmuir/P1Import-apps/P1-import-Subsystem/node_modules/jest-circus/build/jestAdapterInit.js:978:40)
    at _runTest (/Users/cmuir/P1Import-apps/P1-import-Subsystem/node_modules/jest-circus/build/jestAdapterInit.js:943:5)
    at _runTestsForDescribeBlock (/Users/cmuir/P1Import-apps/P1-import-Subsystem/node_modules/jest-circus/build/jestAdapterInit.js:839:13)
    at _runTestsForDescribeBlock (/Users/cmuir/P1Import-apps/P1-import-Subsystem/node_modules/jest-circus/build/jestAdapterInit.js:829:11)
    at _runTestsForDescribeBlock (/Users/cmuir/P1Import-apps/P1-import-Subsystem/node_modules/jest-circus/build/jestAdapterInit.js:829:11)
    at run (/Users/cmuir/P1Import-apps/P1-import-Subsystem/node_modules/jest-circus/build/jestAdapterInit.js:757:3)
    at runAndTransformResultsToJestFormat (/Users/cmuir/P1Import-apps/P1-import-Subsystem/node_modules/jest-circus/build/jestAdapterInit.js:1920:21)
    at jestAdapter (/Users/cmuir/P1Import-apps/P1-import-Subsystem/node_modules/jest-circus/build/runner.js:101:19)
    at runTestInternal (/Users/cmuir/P1Import-apps/P1-import-Subsystem/node_modules/jest-runner/build/index.js:275:16)
    at runTest (/Users/cmuir/P1Import-apps/P1-import-Subsystem/node_modules/jest-runner/build/index.js:343:7)</failure>
    </testcase>
    <testcase classname="📁 File Handler Test Suite › 📊 CSV Parsing" name="should parse CSV content correctly" time="0.001">
      <failure>ReferenceError: jest is not defined
    at Object.&lt;anonymous&gt; (/Users/cmuir/P1Import-apps/P1-import-Subsystem/test/unit/file-handler.test.mjs:167:13)
    at Promise.finally.completed (/Users/cmuir/P1Import-apps/P1-import-Subsystem/node_modules/jest-circus/build/jestAdapterInit.js:1559:28)
    at new Promise (&lt;anonymous&gt;)
    at callAsyncCircusFn (/Users/cmuir/P1Import-apps/P1-import-Subsystem/node_modules/jest-circus/build/jestAdapterInit.js:1499:10)
    at _callCircusHook (/Users/cmuir/P1Import-apps/P1-import-Subsystem/node_modules/jest-circus/build/jestAdapterInit.js:978:40)
    at _runTest (/Users/cmuir/P1Import-apps/P1-import-Subsystem/node_modules/jest-circus/build/jestAdapterInit.js:943:5)
    at _runTestsForDescribeBlock (/Users/cmuir/P1Import-apps/P1-import-Subsystem/node_modules/jest-circus/build/jestAdapterInit.js:839:13)
    at _runTestsForDescribeBlock (/Users/cmuir/P1Import-apps/P1-import-Subsystem/node_modules/jest-circus/build/jestAdapterInit.js:829:11)
    at _runTestsForDescribeBlock (/Users/cmuir/P1Import-apps/P1-import-Subsystem/node_modules/jest-circus/build/jestAdapterInit.js:829:11)
    at run (/Users/cmuir/P1Import-apps/P1-import-Subsystem/node_modules/jest-circus/build/jestAdapterInit.js:757:3)
    at runAndTransformResultsToJestFormat (/Users/cmuir/P1Import-apps/P1-import-Subsystem/node_modules/jest-circus/build/jestAdapterInit.js:1920:21)
    at jestAdapter (/Users/cmuir/P1Import-apps/P1-import-Subsystem/node_modules/jest-circus/build/runner.js:101:19)
    at runTestInternal (/Users/cmuir/P1Import-apps/P1-import-Subsystem/node_modules/jest-runner/build/index.js:275:16)
    at runTest (/Users/cmuir/P1Import-apps/P1-import-Subsystem/node_modules/jest-runner/build/index.js:343:7)</failure>
    </testcase>
    <testcase classname="📁 File Handler Test Suite › 📊 CSV Parsing" name="should handle empty CSV content" time="0.002">
      <failure>ReferenceError: jest is not defined
    at Object.&lt;anonymous&gt; (/Users/cmuir/P1Import-apps/P1-import-Subsystem/test/unit/file-handler.test.mjs:167:13)
    at Promise.finally.completed (/Users/cmuir/P1Import-apps/P1-import-Subsystem/node_modules/jest-circus/build/jestAdapterInit.js:1559:28)
    at new Promise (&lt;anonymous&gt;)
    at callAsyncCircusFn (/Users/cmuir/P1Import-apps/P1-import-Subsystem/node_modules/jest-circus/build/jestAdapterInit.js:1499:10)
    at _callCircusHook (/Users/cmuir/P1Import-apps/P1-import-Subsystem/node_modules/jest-circus/build/jestAdapterInit.js:978:40)
    at _runTest (/Users/cmuir/P1Import-apps/P1-import-Subsystem/node_modules/jest-circus/build/jestAdapterInit.js:943:5)
    at _runTestsForDescribeBlock (/Users/cmuir/P1Import-apps/P1-import-Subsystem/node_modules/jest-circus/build/jestAdapterInit.js:839:13)
    at _runTestsForDescribeBlock (/Users/cmuir/P1Import-apps/P1-import-Subsystem/node_modules/jest-circus/build/jestAdapterInit.js:829:11)
    at _runTestsForDescribeBlock (/Users/cmuir/P1Import-apps/P1-import-Subsystem/node_modules/jest-circus/build/jestAdapterInit.js:829:11)
    at run (/Users/cmuir/P1Import-apps/P1-import-Subsystem/node_modules/jest-circus/build/jestAdapterInit.js:757:3)
    at runAndTransformResultsToJestFormat (/Users/cmuir/P1Import-apps/P1-import-Subsystem/node_modules/jest-circus/build/jestAdapterInit.js:1920:21)
    at jestAdapter (/Users/cmuir/P1Import-apps/P1-import-Subsystem/node_modules/jest-circus/build/runner.js:101:19)
    at runTestInternal (/Users/cmuir/P1Import-apps/P1-import-Subsystem/node_modules/jest-runner/build/index.js:275:16)
    at runTest (/Users/cmuir/P1Import-apps/P1-import-Subsystem/node_modules/jest-runner/build/index.js:343:7)</failure>
    </testcase>
    <testcase classname="📁 File Handler Test Suite › 📊 CSV Parsing" name="should handle CSV with only headers" time="0.001">
      <failure>ReferenceError: jest is not defined
    at Object.&lt;anonymous&gt; (/Users/cmuir/P1Import-apps/P1-import-Subsystem/test/unit/file-handler.test.mjs:167:13)
    at Promise.finally.completed (/Users/cmuir/P1Import-apps/P1-import-Subsystem/node_modules/jest-circus/build/jestAdapterInit.js:1559:28)
    at new Promise (&lt;anonymous&gt;)
    at callAsyncCircusFn (/Users/cmuir/P1Import-apps/P1-import-Subsystem/node_modules/jest-circus/build/jestAdapterInit.js:1499:10)
    at _callCircusHook (/Users/cmuir/P1Import-apps/P1-import-Subsystem/node_modules/jest-circus/build/jestAdapterInit.js:978:40)
    at _runTest (/Users/cmuir/P1Import-apps/P1-import-Subsystem/node_modules/jest-circus/build/jestAdapterInit.js:943:5)
    at _runTestsForDescribeBlock (/Users/cmuir/P1Import-apps/P1-import-Subsystem/node_modules/jest-circus/build/jestAdapterInit.js:839:13)
    at _runTestsForDescribeBlock (/Users/cmuir/P1Import-apps/P1-import-Subsystem/node_modules/jest-circus/build/jestAdapterInit.js:829:11)
    at _runTestsForDescribeBlock (/Users/cmuir/P1Import-apps/P1-import-Subsystem/node_modules/jest-circus/build/jestAdapterInit.js:829:11)
    at run (/Users/cmuir/P1Import-apps/P1-import-Subsystem/node_modules/jest-circus/build/jestAdapterInit.js:757:3)
    at runAndTransformResultsToJestFormat (/Users/cmuir/P1Import-apps/P1-import-Subsystem/node_modules/jest-circus/build/jestAdapterInit.js:1920:21)
    at jestAdapter (/Users/cmuir/P1Import-apps/P1-import-Subsystem/node_modules/jest-circus/build/runner.js:101:19)
    at runTestInternal (/Users/cmuir/P1Import-apps/P1-import-Subsystem/node_modules/jest-runner/build/index.js:275:16)
    at runTest (/Users/cmuir/P1Import-apps/P1-import-Subsystem/node_modules/jest-runner/build/index.js:343:7)</failure>
    </testcase>
    <testcase classname="📁 File Handler Test Suite › 📊 CSV Parsing" name="should handle malformed CSV" time="0.001">
      <failure>ReferenceError: jest is not defined
    at Object.&lt;anonymous&gt; (/Users/cmuir/P1Import-apps/P1-import-Subsystem/test/unit/file-handler.test.mjs:167:13)
    at Promise.finally.completed (/Users/cmuir/P1Import-apps/P1-import-Subsystem/node_modules/jest-circus/build/jestAdapterInit.js:1559:28)
    at new Promise (&lt;anonymous&gt;)
    at callAsyncCircusFn (/Users/cmuir/P1Import-apps/P1-import-Subsystem/node_modules/jest-circus/build/jestAdapterInit.js:1499:10)
    at _callCircusHook (/Users/cmuir/P1Import-apps/P1-import-Subsystem/node_modules/jest-circus/build/jestAdapterInit.js:978:40)
    at _runTest (/Users/cmuir/P1Import-apps/P1-import-Subsystem/node_modules/jest-circus/build/jestAdapterInit.js:943:5)
    at _runTestsForDescribeBlock (/Users/cmuir/P1Import-apps/P1-import-Subsystem/node_modules/jest-circus/build/jestAdapterInit.js:839:13)
    at _runTestsForDescribeBlock (/Users/cmuir/P1Import-apps/P1-import-Subsystem/node_modules/jest-circus/build/jestAdapterInit.js:829:11)
    at _runTestsForDescribeBlock (/Users/cmuir/P1Import-apps/P1-import-Subsystem/node_modules/jest-circus/build/jestAdapterInit.js:829:11)
    at run (/Users/cmuir/P1Import-apps/P1-import-Subsystem/node_modules/jest-circus/build/jestAdapterInit.js:757:3)
    at runAndTransformResultsToJestFormat (/Users/cmuir/P1Import-apps/P1-import-Subsystem/node_modules/jest-circus/build/jestAdapterInit.js:1920:21)
    at jestAdapter (/Users/cmuir/P1Import-apps/P1-import-Subsystem/node_modules/jest-circus/build/runner.js:101:19)
    at runTestInternal (/Users/cmuir/P1Import-apps/P1-import-Subsystem/node_modules/jest-runner/build/index.js:275:16)
    at runTest (/Users/cmuir/P1Import-apps/P1-import-Subsystem/node_modules/jest-runner/build/index.js:343:7)</failure>
    </testcase>
  </testsuite>
  <testsuite name="test/ui/settings-page.test.mjs" errors="0" failures="2" skipped="0" timestamp="2025-08-06T21:36:34" time="0.141" tests="4">
    <testcase classname="Settings Page UI Tests › Settings Page Accessibility" name="should serve settings page at /test-settings.html" time="0.011">
      <failure>Error: expect(received).toBe(expected) // Object.is equality

Expected: 200
Received: 404
    at Object.&lt;anonymous&gt; (/Users/cmuir/P1Import-apps/P1-import-Subsystem/test/ui/settings-page.test.mjs:77:41)
    at processTicksAndRejections (node:internal/process/task_queues:105:5)</failure>
    </testcase>
    <testcase classname="Settings Page UI Tests › Settings API Integration" name="should handle settings GET requests" time="0.014">
    </testcase>
    <testcase classname="Settings Page UI Tests › Settings API Integration" name="should handle settings POST requests" time="0.008">
    </testcase>
    <testcase classname="Settings Page UI Tests › UI Components" name="should include all required form elements" time="0.006">
      <failure>Error: expect(received).toContain(expected) // indexOf

Expected substring: &quot;id=\&quot;apiClientId\&quot;&quot;
Received string:    &quot;{\&quot;success\&quot;:false,\&quot;error\&quot;:{\&quot;message\&quot;:\&quot;Resource not found\&quot;,\&quot;code\&quot;:\&quot;NOT_FOUND\&quot;,\&quot;details\&quot;:{},\&quot;timestamp\&quot;:\&quot;2025-08-06T21:36:34.628Z\&quot;}}&quot;
    at Object.&lt;anonymous&gt; (/Users/cmuir/P1Import-apps/P1-import-Subsystem/test/ui/settings-page.test.mjs:218:33)
    at processTicksAndRejections (node:internal/process/task_queues:105:5)</failure>
    </testcase>
  </testsuite>
  <testsuite name="test/ui/drag-drop-pages-specific.test.mjs" errors="0" failures="0" skipped="0" timestamp="2025-08-06T21:36:34" time="0.125" tests="14">
    <testcase classname="📄 Page-Specific Drag and Drop Tests › 📥 Import Page Drag and Drop" name="should handle CSV file drag and drop on import page" time="0.007">
    </testcase>
    <testcase classname="📄 Page-Specific Drag and Drop Tests › 📥 Import Page Drag and Drop" name="should reject invalid files on import page" time="0.001">
    </testcase>
    <testcase classname="📄 Page-Specific Drag and Drop Tests › ✏️ Modify Page Drag and Drop" name="should handle CSV file drag and drop on modify page" time="0.003">
    </testcase>
    <testcase classname="📄 Page-Specific Drag and Drop Tests › ✏️ Modify Page Drag and Drop" name="should reject invalid files on modify page" time="0.001">
    </testcase>
    <testcase classname="📄 Page-Specific Drag and Drop Tests › ✏️ Modify Page Drag and Drop" name="should validate modify-specific file requirements" time="0.001">
    </testcase>
    <testcase classname="📄 Page-Specific Drag and Drop Tests › 🗑️ Delete Page Drag and Drop" name="should handle CSV file drag and drop on delete page" time="0.003">
    </testcase>
    <testcase classname="📄 Page-Specific Drag and Drop Tests › 🗑️ Delete Page Drag and Drop" name="should reject invalid files on delete page" time="0.001">
    </testcase>
    <testcase classname="📄 Page-Specific Drag and Drop Tests › 🗑️ Delete Page Drag and Drop" name="should validate delete-specific file requirements" time="0.001">
    </testcase>
    <testcase classname="📄 Page-Specific Drag and Drop Tests › 🗑️ Delete Page Drag and Drop" name="should show warning for delete operations" time="0.001">
    </testcase>
    <testcase classname="📄 Page-Specific Drag and Drop Tests › 🔄 Cross-Page Drag and Drop Behavior" name="should handle different file types across pages" time="0.003">
    </testcase>
    <testcase classname="📄 Page-Specific Drag and Drop Tests › 🔄 Cross-Page Drag and Drop Behavior" name="should maintain page-specific visual feedback" time="0.002">
    </testcase>
    <testcase classname="📄 Page-Specific Drag and Drop Tests › 🔄 Cross-Page Drag and Drop Behavior" name="should prevent cross-page file confusion" time="0.001">
    </testcase>
    <testcase classname="📄 Page-Specific Drag and Drop Tests › 🔧 Page-Specific Integration Tests" name="should integrate with appropriate APIs for each page" time="0.018">
    </testcase>
    <testcase classname="📄 Page-Specific Drag and Drop Tests › 🔧 Page-Specific Integration Tests" name="should handle page-specific file processing workflows" time="0.002">
    </testcase>
  </testsuite>
  <testsuite name="test/ui/drag-drop-functionality.test.mjs" errors="0" failures="16" skipped="0" timestamp="2025-08-06T21:36:34" time="0.127" tests="16">
    <testcase classname="🎯 Drag and Drop Functionality Tests › 📄 Import Page Drag and Drop" name="should handle valid CSV file drag and drop" time="0">
      <failure>ReferenceError: jest is not defined
    at Object.&lt;anonymous&gt; (/Users/cmuir/P1Import-apps/P1-import-Subsystem/test/ui/drag-drop-functionality.test.mjs:188:9)
    at Promise.finally.completed (/Users/cmuir/P1Import-apps/P1-import-Subsystem/node_modules/jest-circus/build/jestAdapterInit.js:1559:28)
    at new Promise (&lt;anonymous&gt;)
    at callAsyncCircusFn (/Users/cmuir/P1Import-apps/P1-import-Subsystem/node_modules/jest-circus/build/jestAdapterInit.js:1499:10)
    at _callCircusHook (/Users/cmuir/P1Import-apps/P1-import-Subsystem/node_modules/jest-circus/build/jestAdapterInit.js:978:40)
    at processTicksAndRejections (node:internal/process/task_queues:105:5)
    at _runTest (/Users/cmuir/P1Import-apps/P1-import-Subsystem/node_modules/jest-circus/build/jestAdapterInit.js:943:5)
    at _runTestsForDescribeBlock (/Users/cmuir/P1Import-apps/P1-import-Subsystem/node_modules/jest-circus/build/jestAdapterInit.js:839:13)
    at _runTestsForDescribeBlock (/Users/cmuir/P1Import-apps/P1-import-Subsystem/node_modules/jest-circus/build/jestAdapterInit.js:829:11)
    at _runTestsForDescribeBlock (/Users/cmuir/P1Import-apps/P1-import-Subsystem/node_modules/jest-circus/build/jestAdapterInit.js:829:11)
    at run (/Users/cmuir/P1Import-apps/P1-import-Subsystem/node_modules/jest-circus/build/jestAdapterInit.js:757:3)
    at runAndTransformResultsToJestFormat (/Users/cmuir/P1Import-apps/P1-import-Subsystem/node_modules/jest-circus/build/jestAdapterInit.js:1920:21)
    at jestAdapter (/Users/cmuir/P1Import-apps/P1-import-Subsystem/node_modules/jest-circus/build/runner.js:101:19)
    at runTestInternal (/Users/cmuir/P1Import-apps/P1-import-Subsystem/node_modules/jest-runner/build/index.js:275:16)
    at runTest (/Users/cmuir/P1Import-apps/P1-import-Subsystem/node_modules/jest-runner/build/index.js:343:7)</failure>
    </testcase>
    <testcase classname="🎯 Drag and Drop Functionality Tests › 📄 Import Page Drag and Drop" name="should reject invalid file types in drag and drop" time="0">
      <failure>ReferenceError: jest is not defined
    at Object.&lt;anonymous&gt; (/Users/cmuir/P1Import-apps/P1-import-Subsystem/test/ui/drag-drop-functionality.test.mjs:188:9)
    at Promise.finally.completed (/Users/cmuir/P1Import-apps/P1-import-Subsystem/node_modules/jest-circus/build/jestAdapterInit.js:1559:28)
    at new Promise (&lt;anonymous&gt;)
    at callAsyncCircusFn (/Users/cmuir/P1Import-apps/P1-import-Subsystem/node_modules/jest-circus/build/jestAdapterInit.js:1499:10)
    at _callCircusHook (/Users/cmuir/P1Import-apps/P1-import-Subsystem/node_modules/jest-circus/build/jestAdapterInit.js:978:40)
    at processTicksAndRejections (node:internal/process/task_queues:105:5)
    at _runTest (/Users/cmuir/P1Import-apps/P1-import-Subsystem/node_modules/jest-circus/build/jestAdapterInit.js:943:5)
    at _runTestsForDescribeBlock (/Users/cmuir/P1Import-apps/P1-import-Subsystem/node_modules/jest-circus/build/jestAdapterInit.js:839:13)
    at _runTestsForDescribeBlock (/Users/cmuir/P1Import-apps/P1-import-Subsystem/node_modules/jest-circus/build/jestAdapterInit.js:829:11)
    at _runTestsForDescribeBlock (/Users/cmuir/P1Import-apps/P1-import-Subsystem/node_modules/jest-circus/build/jestAdapterInit.js:829:11)
    at run (/Users/cmuir/P1Import-apps/P1-import-Subsystem/node_modules/jest-circus/build/jestAdapterInit.js:757:3)
    at runAndTransformResultsToJestFormat (/Users/cmuir/P1Import-apps/P1-import-Subsystem/node_modules/jest-circus/build/jestAdapterInit.js:1920:21)
    at jestAdapter (/Users/cmuir/P1Import-apps/P1-import-Subsystem/node_modules/jest-circus/build/runner.js:101:19)
    at runTestInternal (/Users/cmuir/P1Import-apps/P1-import-Subsystem/node_modules/jest-runner/build/index.js:275:16)
    at runTest (/Users/cmuir/P1Import-apps/P1-import-Subsystem/node_modules/jest-runner/build/index.js:343:7)</failure>
    </testcase>
    <testcase classname="🎯 Drag and Drop Functionality Tests › 📄 Import Page Drag and Drop" name="should handle empty file drag and drop" time="0.001">
      <failure>ReferenceError: jest is not defined
    at Object.&lt;anonymous&gt; (/Users/cmuir/P1Import-apps/P1-import-Subsystem/test/ui/drag-drop-functionality.test.mjs:188:9)
    at Promise.finally.completed (/Users/cmuir/P1Import-apps/P1-import-Subsystem/node_modules/jest-circus/build/jestAdapterInit.js:1559:28)
    at new Promise (&lt;anonymous&gt;)
    at callAsyncCircusFn (/Users/cmuir/P1Import-apps/P1-import-Subsystem/node_modules/jest-circus/build/jestAdapterInit.js:1499:10)
    at _callCircusHook (/Users/cmuir/P1Import-apps/P1-import-Subsystem/node_modules/jest-circus/build/jestAdapterInit.js:978:40)
    at processTicksAndRejections (node:internal/process/task_queues:105:5)
    at _runTest (/Users/cmuir/P1Import-apps/P1-import-Subsystem/node_modules/jest-circus/build/jestAdapterInit.js:943:5)
    at _runTestsForDescribeBlock (/Users/cmuir/P1Import-apps/P1-import-Subsystem/node_modules/jest-circus/build/jestAdapterInit.js:839:13)
    at _runTestsForDescribeBlock (/Users/cmuir/P1Import-apps/P1-import-Subsystem/node_modules/jest-circus/build/jestAdapterInit.js:829:11)
    at _runTestsForDescribeBlock (/Users/cmuir/P1Import-apps/P1-import-Subsystem/node_modules/jest-circus/build/jestAdapterInit.js:829:11)
    at run (/Users/cmuir/P1Import-apps/P1-import-Subsystem/node_modules/jest-circus/build/jestAdapterInit.js:757:3)
    at runAndTransformResultsToJestFormat (/Users/cmuir/P1Import-apps/P1-import-Subsystem/node_modules/jest-circus/build/jestAdapterInit.js:1920:21)
    at jestAdapter (/Users/cmuir/P1Import-apps/P1-import-Subsystem/node_modules/jest-circus/build/runner.js:101:19)
    at runTestInternal (/Users/cmuir/P1Import-apps/P1-import-Subsystem/node_modules/jest-runner/build/index.js:275:16)
    at runTest (/Users/cmuir/P1Import-apps/P1-import-Subsystem/node_modules/jest-runner/build/index.js:343:7)</failure>
    </testcase>
    <testcase classname="🎯 Drag and Drop Functionality Tests › 📄 Import Page Drag and Drop" name="should handle oversized file drag and drop" time="0">
      <failure>ReferenceError: jest is not defined
    at Object.&lt;anonymous&gt; (/Users/cmuir/P1Import-apps/P1-import-Subsystem/test/ui/drag-drop-functionality.test.mjs:188:9)
    at Promise.finally.completed (/Users/cmuir/P1Import-apps/P1-import-Subsystem/node_modules/jest-circus/build/jestAdapterInit.js:1559:28)
    at new Promise (&lt;anonymous&gt;)
    at callAsyncCircusFn (/Users/cmuir/P1Import-apps/P1-import-Subsystem/node_modules/jest-circus/build/jestAdapterInit.js:1499:10)
    at _callCircusHook (/Users/cmuir/P1Import-apps/P1-import-Subsystem/node_modules/jest-circus/build/jestAdapterInit.js:978:40)
    at processTicksAndRejections (node:internal/process/task_queues:105:5)
    at _runTest (/Users/cmuir/P1Import-apps/P1-import-Subsystem/node_modules/jest-circus/build/jestAdapterInit.js:943:5)
    at _runTestsForDescribeBlock (/Users/cmuir/P1Import-apps/P1-import-Subsystem/node_modules/jest-circus/build/jestAdapterInit.js:839:13)
    at _runTestsForDescribeBlock (/Users/cmuir/P1Import-apps/P1-import-Subsystem/node_modules/jest-circus/build/jestAdapterInit.js:829:11)
    at _runTestsForDescribeBlock (/Users/cmuir/P1Import-apps/P1-import-Subsystem/node_modules/jest-circus/build/jestAdapterInit.js:829:11)
    at run (/Users/cmuir/P1Import-apps/P1-import-Subsystem/node_modules/jest-circus/build/jestAdapterInit.js:757:3)
    at runAndTransformResultsToJestFormat (/Users/cmuir/P1Import-apps/P1-import-Subsystem/node_modules/jest-circus/build/jestAdapterInit.js:1920:21)
    at jestAdapter (/Users/cmuir/P1Import-apps/P1-import-Subsystem/node_modules/jest-circus/build/runner.js:101:19)
    at runTestInternal (/Users/cmuir/P1Import-apps/P1-import-Subsystem/node_modules/jest-runner/build/index.js:275:16)
    at runTest (/Users/cmuir/P1Import-apps/P1-import-Subsystem/node_modules/jest-runner/build/index.js:343:7)</failure>
    </testcase>
    <testcase classname="🎯 Drag and Drop Functionality Tests › 📄 Import Page Drag and Drop" name="should handle multiple file drag and drop" time="0.001">
      <failure>ReferenceError: jest is not defined
    at Object.&lt;anonymous&gt; (/Users/cmuir/P1Import-apps/P1-import-Subsystem/test/ui/drag-drop-functionality.test.mjs:188:9)
    at Promise.finally.completed (/Users/cmuir/P1Import-apps/P1-import-Subsystem/node_modules/jest-circus/build/jestAdapterInit.js:1559:28)
    at new Promise (&lt;anonymous&gt;)
    at callAsyncCircusFn (/Users/cmuir/P1Import-apps/P1-import-Subsystem/node_modules/jest-circus/build/jestAdapterInit.js:1499:10)
    at _callCircusHook (/Users/cmuir/P1Import-apps/P1-import-Subsystem/node_modules/jest-circus/build/jestAdapterInit.js:978:40)
    at processTicksAndRejections (node:internal/process/task_queues:105:5)
    at _runTest (/Users/cmuir/P1Import-apps/P1-import-Subsystem/node_modules/jest-circus/build/jestAdapterInit.js:943:5)
    at _runTestsForDescribeBlock (/Users/cmuir/P1Import-apps/P1-import-Subsystem/node_modules/jest-circus/build/jestAdapterInit.js:839:13)
    at _runTestsForDescribeBlock (/Users/cmuir/P1Import-apps/P1-import-Subsystem/node_modules/jest-circus/build/jestAdapterInit.js:829:11)
    at _runTestsForDescribeBlock (/Users/cmuir/P1Import-apps/P1-import-Subsystem/node_modules/jest-circus/build/jestAdapterInit.js:829:11)
    at run (/Users/cmuir/P1Import-apps/P1-import-Subsystem/node_modules/jest-circus/build/jestAdapterInit.js:757:3)
    at runAndTransformResultsToJestFormat (/Users/cmuir/P1Import-apps/P1-import-Subsystem/node_modules/jest-circus/build/jestAdapterInit.js:1920:21)
    at jestAdapter (/Users/cmuir/P1Import-apps/P1-import-Subsystem/node_modules/jest-circus/build/runner.js:101:19)
    at runTestInternal (/Users/cmuir/P1Import-apps/P1-import-Subsystem/node_modules/jest-runner/build/index.js:275:16)
    at runTest (/Users/cmuir/P1Import-apps/P1-import-Subsystem/node_modules/jest-runner/build/index.js:343:7)</failure>
    </testcase>
    <testcase classname="🎯 Drag and Drop Functionality Tests › 🎨 Visual Feedback and UI States" name="should provide visual feedback during drag operations" time="0.002">
      <failure>ReferenceError: jest is not defined
    at Object.&lt;anonymous&gt; (/Users/cmuir/P1Import-apps/P1-import-Subsystem/test/ui/drag-drop-functionality.test.mjs:188:9)
    at Promise.finally.completed (/Users/cmuir/P1Import-apps/P1-import-Subsystem/node_modules/jest-circus/build/jestAdapterInit.js:1559:28)
    at new Promise (&lt;anonymous&gt;)
    at callAsyncCircusFn (/Users/cmuir/P1Import-apps/P1-import-Subsystem/node_modules/jest-circus/build/jestAdapterInit.js:1499:10)
    at _callCircusHook (/Users/cmuir/P1Import-apps/P1-import-Subsystem/node_modules/jest-circus/build/jestAdapterInit.js:978:40)
    at processTicksAndRejections (node:internal/process/task_queues:105:5)
    at _runTest (/Users/cmuir/P1Import-apps/P1-import-Subsystem/node_modules/jest-circus/build/jestAdapterInit.js:943:5)
    at _runTestsForDescribeBlock (/Users/cmuir/P1Import-apps/P1-import-Subsystem/node_modules/jest-circus/build/jestAdapterInit.js:839:13)
    at _runTestsForDescribeBlock (/Users/cmuir/P1Import-apps/P1-import-Subsystem/node_modules/jest-circus/build/jestAdapterInit.js:829:11)
    at _runTestsForDescribeBlock (/Users/cmuir/P1Import-apps/P1-import-Subsystem/node_modules/jest-circus/build/jestAdapterInit.js:829:11)
    at run (/Users/cmuir/P1Import-apps/P1-import-Subsystem/node_modules/jest-circus/build/jestAdapterInit.js:757:3)
    at runAndTransformResultsToJestFormat (/Users/cmuir/P1Import-apps/P1-import-Subsystem/node_modules/jest-circus/build/jestAdapterInit.js:1920:21)
    at jestAdapter (/Users/cmuir/P1Import-apps/P1-import-Subsystem/node_modules/jest-circus/build/runner.js:101:19)
    at runTestInternal (/Users/cmuir/P1Import-apps/P1-import-Subsystem/node_modules/jest-runner/build/index.js:275:16)
    at runTest (/Users/cmuir/P1Import-apps/P1-import-Subsystem/node_modules/jest-runner/build/index.js:343:7)</failure>
    </testcase>
    <testcase classname="🎯 Drag and Drop Functionality Tests › 🎨 Visual Feedback and UI States" name="should show appropriate error states for invalid files" time="0.001">
      <failure>ReferenceError: jest is not defined
    at Object.&lt;anonymous&gt; (/Users/cmuir/P1Import-apps/P1-import-Subsystem/test/ui/drag-drop-functionality.test.mjs:188:9)
    at Promise.finally.completed (/Users/cmuir/P1Import-apps/P1-import-Subsystem/node_modules/jest-circus/build/jestAdapterInit.js:1559:28)
    at new Promise (&lt;anonymous&gt;)
    at callAsyncCircusFn (/Users/cmuir/P1Import-apps/P1-import-Subsystem/node_modules/jest-circus/build/jestAdapterInit.js:1499:10)
    at _callCircusHook (/Users/cmuir/P1Import-apps/P1-import-Subsystem/node_modules/jest-circus/build/jestAdapterInit.js:978:40)
    at processTicksAndRejections (node:internal/process/task_queues:105:5)
    at _runTest (/Users/cmuir/P1Import-apps/P1-import-Subsystem/node_modules/jest-circus/build/jestAdapterInit.js:943:5)
    at _runTestsForDescribeBlock (/Users/cmuir/P1Import-apps/P1-import-Subsystem/node_modules/jest-circus/build/jestAdapterInit.js:839:13)
    at _runTestsForDescribeBlock (/Users/cmuir/P1Import-apps/P1-import-Subsystem/node_modules/jest-circus/build/jestAdapterInit.js:829:11)
    at _runTestsForDescribeBlock (/Users/cmuir/P1Import-apps/P1-import-Subsystem/node_modules/jest-circus/build/jestAdapterInit.js:829:11)
    at run (/Users/cmuir/P1Import-apps/P1-import-Subsystem/node_modules/jest-circus/build/jestAdapterInit.js:757:3)
    at runAndTransformResultsToJestFormat (/Users/cmuir/P1Import-apps/P1-import-Subsystem/node_modules/jest-circus/build/jestAdapterInit.js:1920:21)
    at jestAdapter (/Users/cmuir/P1Import-apps/P1-import-Subsystem/node_modules/jest-circus/build/runner.js:101:19)
    at runTestInternal (/Users/cmuir/P1Import-apps/P1-import-Subsystem/node_modules/jest-runner/build/index.js:275:16)
    at runTest (/Users/cmuir/P1Import-apps/P1-import-Subsystem/node_modules/jest-runner/build/index.js:343:7)</failure>
    </testcase>
    <testcase classname="🎯 Drag and Drop Functionality Tests › 🎨 Visual Feedback and UI States" name="should show success states for valid files" time="0">
      <failure>ReferenceError: jest is not defined
    at Object.&lt;anonymous&gt; (/Users/cmuir/P1Import-apps/P1-import-Subsystem/test/ui/drag-drop-functionality.test.mjs:188:9)
    at Promise.finally.completed (/Users/cmuir/P1Import-apps/P1-import-Subsystem/node_modules/jest-circus/build/jestAdapterInit.js:1559:28)
    at new Promise (&lt;anonymous&gt;)
    at callAsyncCircusFn (/Users/cmuir/P1Import-apps/P1-import-Subsystem/node_modules/jest-circus/build/jestAdapterInit.js:1499:10)
    at _callCircusHook (/Users/cmuir/P1Import-apps/P1-import-Subsystem/node_modules/jest-circus/build/jestAdapterInit.js:978:40)
    at processTicksAndRejections (node:internal/process/task_queues:105:5)
    at _runTest (/Users/cmuir/P1Import-apps/P1-import-Subsystem/node_modules/jest-circus/build/jestAdapterInit.js:943:5)
    at _runTestsForDescribeBlock (/Users/cmuir/P1Import-apps/P1-import-Subsystem/node_modules/jest-circus/build/jestAdapterInit.js:839:13)
    at _runTestsForDescribeBlock (/Users/cmuir/P1Import-apps/P1-import-Subsystem/node_modules/jest-circus/build/jestAdapterInit.js:829:11)
    at _runTestsForDescribeBlock (/Users/cmuir/P1Import-apps/P1-import-Subsystem/node_modules/jest-circus/build/jestAdapterInit.js:829:11)
    at run (/Users/cmuir/P1Import-apps/P1-import-Subsystem/node_modules/jest-circus/build/jestAdapterInit.js:757:3)
    at runAndTransformResultsToJestFormat (/Users/cmuir/P1Import-apps/P1-import-Subsystem/node_modules/jest-circus/build/jestAdapterInit.js:1920:21)
    at jestAdapter (/Users/cmuir/P1Import-apps/P1-import-Subsystem/node_modules/jest-circus/build/runner.js:101:19)
    at runTestInternal (/Users/cmuir/P1Import-apps/P1-import-Subsystem/node_modules/jest-runner/build/index.js:275:16)
    at runTest (/Users/cmuir/P1Import-apps/P1-import-Subsystem/node_modules/jest-runner/build/index.js:343:7)</failure>
    </testcase>
    <testcase classname="🎯 Drag and Drop Functionality Tests › 🔗 Integration with Backend" name="should integrate drag and drop with import API" time="0.001">
      <failure>ReferenceError: jest is not defined
    at Object.&lt;anonymous&gt; (/Users/cmuir/P1Import-apps/P1-import-Subsystem/test/ui/drag-drop-functionality.test.mjs:188:9)
    at Promise.finally.completed (/Users/cmuir/P1Import-apps/P1-import-Subsystem/node_modules/jest-circus/build/jestAdapterInit.js:1559:28)
    at new Promise (&lt;anonymous&gt;)
    at callAsyncCircusFn (/Users/cmuir/P1Import-apps/P1-import-Subsystem/node_modules/jest-circus/build/jestAdapterInit.js:1499:10)
    at _callCircusHook (/Users/cmuir/P1Import-apps/P1-import-Subsystem/node_modules/jest-circus/build/jestAdapterInit.js:978:40)
    at processTicksAndRejections (node:internal/process/task_queues:105:5)
    at _runTest (/Users/cmuir/P1Import-apps/P1-import-Subsystem/node_modules/jest-circus/build/jestAdapterInit.js:943:5)
    at _runTestsForDescribeBlock (/Users/cmuir/P1Import-apps/P1-import-Subsystem/node_modules/jest-circus/build/jestAdapterInit.js:839:13)
    at _runTestsForDescribeBlock (/Users/cmuir/P1Import-apps/P1-import-Subsystem/node_modules/jest-circus/build/jestAdapterInit.js:829:11)
    at _runTestsForDescribeBlock (/Users/cmuir/P1Import-apps/P1-import-Subsystem/node_modules/jest-circus/build/jestAdapterInit.js:829:11)
    at run (/Users/cmuir/P1Import-apps/P1-import-Subsystem/node_modules/jest-circus/build/jestAdapterInit.js:757:3)
    at runAndTransformResultsToJestFormat (/Users/cmuir/P1Import-apps/P1-import-Subsystem/node_modules/jest-circus/build/jestAdapterInit.js:1920:21)
    at jestAdapter (/Users/cmuir/P1Import-apps/P1-import-Subsystem/node_modules/jest-circus/build/runner.js:101:19)
    at runTestInternal (/Users/cmuir/P1Import-apps/P1-import-Subsystem/node_modules/jest-runner/build/index.js:275:16)
    at runTest (/Users/cmuir/P1Import-apps/P1-import-Subsystem/node_modules/jest-runner/build/index.js:343:7)</failure>
    </testcase>
    <testcase classname="🎯 Drag and Drop Functionality Tests › 🔗 Integration with Backend" name="should handle drag and drop file validation with server" time="0">
      <failure>ReferenceError: jest is not defined
    at Object.&lt;anonymous&gt; (/Users/cmuir/P1Import-apps/P1-import-Subsystem/test/ui/drag-drop-functionality.test.mjs:188:9)
    at Promise.finally.completed (/Users/cmuir/P1Import-apps/P1-import-Subsystem/node_modules/jest-circus/build/jestAdapterInit.js:1559:28)
    at new Promise (&lt;anonymous&gt;)
    at callAsyncCircusFn (/Users/cmuir/P1Import-apps/P1-import-Subsystem/node_modules/jest-circus/build/jestAdapterInit.js:1499:10)
    at _callCircusHook (/Users/cmuir/P1Import-apps/P1-import-Subsystem/node_modules/jest-circus/build/jestAdapterInit.js:978:40)
    at processTicksAndRejections (node:internal/process/task_queues:105:5)
    at _runTest (/Users/cmuir/P1Import-apps/P1-import-Subsystem/node_modules/jest-circus/build/jestAdapterInit.js:943:5)
    at _runTestsForDescribeBlock (/Users/cmuir/P1Import-apps/P1-import-Subsystem/node_modules/jest-circus/build/jestAdapterInit.js:839:13)
    at _runTestsForDescribeBlock (/Users/cmuir/P1Import-apps/P1-import-Subsystem/node_modules/jest-circus/build/jestAdapterInit.js:829:11)
    at _runTestsForDescribeBlock (/Users/cmuir/P1Import-apps/P1-import-Subsystem/node_modules/jest-circus/build/jestAdapterInit.js:829:11)
    at run (/Users/cmuir/P1Import-apps/P1-import-Subsystem/node_modules/jest-circus/build/jestAdapterInit.js:757:3)
    at runAndTransformResultsToJestFormat (/Users/cmuir/P1Import-apps/P1-import-Subsystem/node_modules/jest-circus/build/jestAdapterInit.js:1920:21)
    at jestAdapter (/Users/cmuir/P1Import-apps/P1-import-Subsystem/node_modules/jest-circus/build/runner.js:101:19)
    at runTestInternal (/Users/cmuir/P1Import-apps/P1-import-Subsystem/node_modules/jest-runner/build/index.js:275:16)
    at runTest (/Users/cmuir/P1Import-apps/P1-import-Subsystem/node_modules/jest-runner/build/index.js:343:7)</failure>
    </testcase>
    <testcase classname="🎯 Drag and Drop Functionality Tests › 🌐 Cross-Page Drag and Drop Support" name="should support drag and drop on main import page" time="0.001">
      <failure>ReferenceError: jest is not defined
    at Object.&lt;anonymous&gt; (/Users/cmuir/P1Import-apps/P1-import-Subsystem/test/ui/drag-drop-functionality.test.mjs:188:9)
    at Promise.finally.completed (/Users/cmuir/P1Import-apps/P1-import-Subsystem/node_modules/jest-circus/build/jestAdapterInit.js:1559:28)
    at new Promise (&lt;anonymous&gt;)
    at callAsyncCircusFn (/Users/cmuir/P1Import-apps/P1-import-Subsystem/node_modules/jest-circus/build/jestAdapterInit.js:1499:10)
    at _callCircusHook (/Users/cmuir/P1Import-apps/P1-import-Subsystem/node_modules/jest-circus/build/jestAdapterInit.js:978:40)
    at processTicksAndRejections (node:internal/process/task_queues:105:5)
    at _runTest (/Users/cmuir/P1Import-apps/P1-import-Subsystem/node_modules/jest-circus/build/jestAdapterInit.js:943:5)
    at _runTestsForDescribeBlock (/Users/cmuir/P1Import-apps/P1-import-Subsystem/node_modules/jest-circus/build/jestAdapterInit.js:839:13)
    at _runTestsForDescribeBlock (/Users/cmuir/P1Import-apps/P1-import-Subsystem/node_modules/jest-circus/build/jestAdapterInit.js:829:11)
    at _runTestsForDescribeBlock (/Users/cmuir/P1Import-apps/P1-import-Subsystem/node_modules/jest-circus/build/jestAdapterInit.js:829:11)
    at run (/Users/cmuir/P1Import-apps/P1-import-Subsystem/node_modules/jest-circus/build/jestAdapterInit.js:757:3)
    at runAndTransformResultsToJestFormat (/Users/cmuir/P1Import-apps/P1-import-Subsystem/node_modules/jest-circus/build/jestAdapterInit.js:1920:21)
    at jestAdapter (/Users/cmuir/P1Import-apps/P1-import-Subsystem/node_modules/jest-circus/build/runner.js:101:19)
    at runTestInternal (/Users/cmuir/P1Import-apps/P1-import-Subsystem/node_modules/jest-runner/build/index.js:275:16)
    at runTest (/Users/cmuir/P1Import-apps/P1-import-Subsystem/node_modules/jest-runner/build/index.js:343:7)</failure>
    </testcase>
    <testcase classname="🎯 Drag and Drop Functionality Tests › 🌐 Cross-Page Drag and Drop Support" name="should handle drag and drop on settings page (if applicable)" time="0">
      <failure>ReferenceError: jest is not defined
    at Object.&lt;anonymous&gt; (/Users/cmuir/P1Import-apps/P1-import-Subsystem/test/ui/drag-drop-functionality.test.mjs:188:9)
    at Promise.finally.completed (/Users/cmuir/P1Import-apps/P1-import-Subsystem/node_modules/jest-circus/build/jestAdapterInit.js:1559:28)
    at new Promise (&lt;anonymous&gt;)
    at callAsyncCircusFn (/Users/cmuir/P1Import-apps/P1-import-Subsystem/node_modules/jest-circus/build/jestAdapterInit.js:1499:10)
    at _callCircusHook (/Users/cmuir/P1Import-apps/P1-import-Subsystem/node_modules/jest-circus/build/jestAdapterInit.js:978:40)
    at processTicksAndRejections (node:internal/process/task_queues:105:5)
    at _runTest (/Users/cmuir/P1Import-apps/P1-import-Subsystem/node_modules/jest-circus/build/jestAdapterInit.js:943:5)
    at _runTestsForDescribeBlock (/Users/cmuir/P1Import-apps/P1-import-Subsystem/node_modules/jest-circus/build/jestAdapterInit.js:839:13)
    at _runTestsForDescribeBlock (/Users/cmuir/P1Import-apps/P1-import-Subsystem/node_modules/jest-circus/build/jestAdapterInit.js:829:11)
    at _runTestsForDescribeBlock (/Users/cmuir/P1Import-apps/P1-import-Subsystem/node_modules/jest-circus/build/jestAdapterInit.js:829:11)
    at run (/Users/cmuir/P1Import-apps/P1-import-Subsystem/node_modules/jest-circus/build/jestAdapterInit.js:757:3)
    at runAndTransformResultsToJestFormat (/Users/cmuir/P1Import-apps/P1-import-Subsystem/node_modules/jest-circus/build/jestAdapterInit.js:1920:21)
    at jestAdapter (/Users/cmuir/P1Import-apps/P1-import-Subsystem/node_modules/jest-circus/build/runner.js:101:19)
    at runTestInternal (/Users/cmuir/P1Import-apps/P1-import-Subsystem/node_modules/jest-runner/build/index.js:275:16)
    at runTest (/Users/cmuir/P1Import-apps/P1-import-Subsystem/node_modules/jest-runner/build/index.js:343:7)</failure>
    </testcase>
    <testcase classname="🎯 Drag and Drop Functionality Tests › 🌐 Cross-Page Drag and Drop Support" name="should handle drag and drop on history page (if applicable)" time="0">
      <failure>ReferenceError: jest is not defined
    at Object.&lt;anonymous&gt; (/Users/cmuir/P1Import-apps/P1-import-Subsystem/test/ui/drag-drop-functionality.test.mjs:188:9)
    at Promise.finally.completed (/Users/cmuir/P1Import-apps/P1-import-Subsystem/node_modules/jest-circus/build/jestAdapterInit.js:1559:28)
    at new Promise (&lt;anonymous&gt;)
    at callAsyncCircusFn (/Users/cmuir/P1Import-apps/P1-import-Subsystem/node_modules/jest-circus/build/jestAdapterInit.js:1499:10)
    at _callCircusHook (/Users/cmuir/P1Import-apps/P1-import-Subsystem/node_modules/jest-circus/build/jestAdapterInit.js:978:40)
    at processTicksAndRejections (node:internal/process/task_queues:105:5)
    at _runTest (/Users/cmuir/P1Import-apps/P1-import-Subsystem/node_modules/jest-circus/build/jestAdapterInit.js:943:5)
    at _runTestsForDescribeBlock (/Users/cmuir/P1Import-apps/P1-import-Subsystem/node_modules/jest-circus/build/jestAdapterInit.js:839:13)
    at _runTestsForDescribeBlock (/Users/cmuir/P1Import-apps/P1-import-Subsystem/node_modules/jest-circus/build/jestAdapterInit.js:829:11)
    at _runTestsForDescribeBlock (/Users/cmuir/P1Import-apps/P1-import-Subsystem/node_modules/jest-circus/build/jestAdapterInit.js:829:11)
    at run (/Users/cmuir/P1Import-apps/P1-import-Subsystem/node_modules/jest-circus/build/jestAdapterInit.js:757:3)
    at runAndTransformResultsToJestFormat (/Users/cmuir/P1Import-apps/P1-import-Subsystem/node_modules/jest-circus/build/jestAdapterInit.js:1920:21)
    at jestAdapter (/Users/cmuir/P1Import-apps/P1-import-Subsystem/node_modules/jest-circus/build/runner.js:101:19)
    at runTestInternal (/Users/cmuir/P1Import-apps/P1-import-Subsystem/node_modules/jest-runner/build/index.js:275:16)
    at runTest (/Users/cmuir/P1Import-apps/P1-import-Subsystem/node_modules/jest-runner/build/index.js:343:7)</failure>
    </testcase>
    <testcase classname="🎯 Drag and Drop Functionality Tests › 🔧 Error Handling and Edge Cases" name="should handle drag and drop when no files are present" time="0">
      <failure>ReferenceError: jest is not defined
    at Object.&lt;anonymous&gt; (/Users/cmuir/P1Import-apps/P1-import-Subsystem/test/ui/drag-drop-functionality.test.mjs:188:9)
    at Promise.finally.completed (/Users/cmuir/P1Import-apps/P1-import-Subsystem/node_modules/jest-circus/build/jestAdapterInit.js:1559:28)
    at new Promise (&lt;anonymous&gt;)
    at callAsyncCircusFn (/Users/cmuir/P1Import-apps/P1-import-Subsystem/node_modules/jest-circus/build/jestAdapterInit.js:1499:10)
    at _callCircusHook (/Users/cmuir/P1Import-apps/P1-import-Subsystem/node_modules/jest-circus/build/jestAdapterInit.js:978:40)
    at processTicksAndRejections (node:internal/process/task_queues:105:5)
    at _runTest (/Users/cmuir/P1Import-apps/P1-import-Subsystem/node_modules/jest-circus/build/jestAdapterInit.js:943:5)
    at _runTestsForDescribeBlock (/Users/cmuir/P1Import-apps/P1-import-Subsystem/node_modules/jest-circus/build/jestAdapterInit.js:839:13)
    at _runTestsForDescribeBlock (/Users/cmuir/P1Import-apps/P1-import-Subsystem/node_modules/jest-circus/build/jestAdapterInit.js:829:11)
    at _runTestsForDescribeBlock (/Users/cmuir/P1Import-apps/P1-import-Subsystem/node_modules/jest-circus/build/jestAdapterInit.js:829:11)
    at run (/Users/cmuir/P1Import-apps/P1-import-Subsystem/node_modules/jest-circus/build/jestAdapterInit.js:757:3)
    at runAndTransformResultsToJestFormat (/Users/cmuir/P1Import-apps/P1-import-Subsystem/node_modules/jest-circus/build/jestAdapterInit.js:1920:21)
    at jestAdapter (/Users/cmuir/P1Import-apps/P1-import-Subsystem/node_modules/jest-circus/build/runner.js:101:19)
    at runTestInternal (/Users/cmuir/P1Import-apps/P1-import-Subsystem/node_modules/jest-runner/build/index.js:275:16)
    at runTest (/Users/cmuir/P1Import-apps/P1-import-Subsystem/node_modules/jest-runner/build/index.js:343:7)</failure>
    </testcase>
    <testcase classname="🎯 Drag and Drop Functionality Tests › 🔧 Error Handling and Edge Cases" name="should handle drag and drop with corrupted file data" time="0.001">
      <failure>ReferenceError: jest is not defined
    at Object.&lt;anonymous&gt; (/Users/cmuir/P1Import-apps/P1-import-Subsystem/test/ui/drag-drop-functionality.test.mjs:188:9)
    at Promise.finally.completed (/Users/cmuir/P1Import-apps/P1-import-Subsystem/node_modules/jest-circus/build/jestAdapterInit.js:1559:28)
    at new Promise (&lt;anonymous&gt;)
    at callAsyncCircusFn (/Users/cmuir/P1Import-apps/P1-import-Subsystem/node_modules/jest-circus/build/jestAdapterInit.js:1499:10)
    at _callCircusHook (/Users/cmuir/P1Import-apps/P1-import-Subsystem/node_modules/jest-circus/build/jestAdapterInit.js:978:40)
    at processTicksAndRejections (node:internal/process/task_queues:105:5)
    at _runTest (/Users/cmuir/P1Import-apps/P1-import-Subsystem/node_modules/jest-circus/build/jestAdapterInit.js:943:5)
    at _runTestsForDescribeBlock (/Users/cmuir/P1Import-apps/P1-import-Subsystem/node_modules/jest-circus/build/jestAdapterInit.js:839:13)
    at _runTestsForDescribeBlock (/Users/cmuir/P1Import-apps/P1-import-Subsystem/node_modules/jest-circus/build/jestAdapterInit.js:829:11)
    at _runTestsForDescribeBlock (/Users/cmuir/P1Import-apps/P1-import-Subsystem/node_modules/jest-circus/build/jestAdapterInit.js:829:11)
    at run (/Users/cmuir/P1Import-apps/P1-import-Subsystem/node_modules/jest-circus/build/jestAdapterInit.js:757:3)
    at runAndTransformResultsToJestFormat (/Users/cmuir/P1Import-apps/P1-import-Subsystem/node_modules/jest-circus/build/jestAdapterInit.js:1920:21)
    at jestAdapter (/Users/cmuir/P1Import-apps/P1-import-Subsystem/node_modules/jest-circus/build/runner.js:101:19)
    at runTestInternal (/Users/cmuir/P1Import-apps/P1-import-Subsystem/node_modules/jest-runner/build/index.js:275:16)
    at runTest (/Users/cmuir/P1Import-apps/P1-import-Subsystem/node_modules/jest-runner/build/index.js:343:7)</failure>
    </testcase>
    <testcase classname="🎯 Drag and Drop Functionality Tests › 🔧 Error Handling and Edge Cases" name="should prevent default browser behavior for drag and drop" time="0">
      <failure>ReferenceError: jest is not defined
    at Object.&lt;anonymous&gt; (/Users/cmuir/P1Import-apps/P1-import-Subsystem/test/ui/drag-drop-functionality.test.mjs:188:9)
    at Promise.finally.completed (/Users/cmuir/P1Import-apps/P1-import-Subsystem/node_modules/jest-circus/build/jestAdapterInit.js:1559:28)
    at new Promise (&lt;anonymous&gt;)
    at callAsyncCircusFn (/Users/cmuir/P1Import-apps/P1-import-Subsystem/node_modules/jest-circus/build/jestAdapterInit.js:1499:10)
    at _callCircusHook (/Users/cmuir/P1Import-apps/P1-import-Subsystem/node_modules/jest-circus/build/jestAdapterInit.js:978:40)
    at processTicksAndRejections (node:internal/process/task_queues:105:5)
    at _runTest (/Users/cmuir/P1Import-apps/P1-import-Subsystem/node_modules/jest-circus/build/jestAdapterInit.js:943:5)
    at _runTestsForDescribeBlock (/Users/cmuir/P1Import-apps/P1-import-Subsystem/node_modules/jest-circus/build/jestAdapterInit.js:839:13)
    at _runTestsForDescribeBlock (/Users/cmuir/P1Import-apps/P1-import-Subsystem/node_modules/jest-circus/build/jestAdapterInit.js:829:11)
    at _runTestsForDescribeBlock (/Users/cmuir/P1Import-apps/P1-import-Subsystem/node_modules/jest-circus/build/jestAdapterInit.js:829:11)
    at run (/Users/cmuir/P1Import-apps/P1-import-Subsystem/node_modules/jest-circus/build/jestAdapterInit.js:757:3)
    at runAndTransformResultsToJestFormat (/Users/cmuir/P1Import-apps/P1-import-Subsystem/node_modules/jest-circus/build/jestAdapterInit.js:1920:21)
    at jestAdapter (/Users/cmuir/P1Import-apps/P1-import-Subsystem/node_modules/jest-circus/build/runner.js:101:19)
    at runTestInternal (/Users/cmuir/P1Import-apps/P1-import-Subsystem/node_modules/jest-runner/build/index.js:275:16)
    at runTest (/Users/cmuir/P1Import-apps/P1-import-Subsystem/node_modules/jest-runner/build/index.js:343:7)</failure>
    </testcase>
  </testsuite>
  <testsuite name="test/ui/comprehensive-ui-suite.test.mjs" errors="0" failures="3" skipped="0" timestamp="2025-08-06T21:36:34" time="0.286" tests="13">
    <testcase classname="🎨 Comprehensive UI Test Suite › 📱 Core UI Components" name="Status banner should render correctly" time="0.006">
    </testcase>
    <testcase classname="🎨 Comprehensive UI Test Suite › 📱 Core UI Components" name="Navigation menu should be interactive" time="0.007">
      <failure>TypeError: Failed to execute &apos;dispatchEvent&apos; on &apos;EventTarget&apos;: parameter 1 is not of type &apos;Event&apos;.
    at Object.exports.convert (/Users/cmuir/P1Import-apps/P1-import-Subsystem/node_modules/jsdom/lib/jsdom/living/generated/Event.js:22:9)
    at HTMLLIElement.dispatchEvent (/Users/cmuir/P1Import-apps/P1-import-Subsystem/node_modules/jsdom/lib/jsdom/living/generated/EventTarget.js:236:24)
    at Object.&lt;anonymous&gt; (/Users/cmuir/P1Import-apps/P1-import-Subsystem/test/ui/comprehensive-ui-suite.test.mjs:134:27)
    at Promise.finally.completed (/Users/cmuir/P1Import-apps/P1-import-Subsystem/node_modules/jest-circus/build/jestAdapterInit.js:1559:28)
    at new Promise (&lt;anonymous&gt;)
    at callAsyncCircusFn (/Users/cmuir/P1Import-apps/P1-import-Subsystem/node_modules/jest-circus/build/jestAdapterInit.js:1499:10)
    at _callCircusTest (/Users/cmuir/P1Import-apps/P1-import-Subsystem/node_modules/jest-circus/build/jestAdapterInit.js:1009:40)
    at _runTest (/Users/cmuir/P1Import-apps/P1-import-Subsystem/node_modules/jest-circus/build/jestAdapterInit.js:949:3)
    at _runTestsForDescribeBlock (/Users/cmuir/P1Import-apps/P1-import-Subsystem/node_modules/jest-circus/build/jestAdapterInit.js:839:13)
    at _runTestsForDescribeBlock (/Users/cmuir/P1Import-apps/P1-import-Subsystem/node_modules/jest-circus/build/jestAdapterInit.js:829:11)
    at _runTestsForDescribeBlock (/Users/cmuir/P1Import-apps/P1-import-Subsystem/node_modules/jest-circus/build/jestAdapterInit.js:829:11)
    at run (/Users/cmuir/P1Import-apps/P1-import-Subsystem/node_modules/jest-circus/build/jestAdapterInit.js:757:3)
    at runAndTransformResultsToJestFormat (/Users/cmuir/P1Import-apps/P1-import-Subsystem/node_modules/jest-circus/build/jestAdapterInit.js:1920:21)
    at jestAdapter (/Users/cmuir/P1Import-apps/P1-import-Subsystem/node_modules/jest-circus/build/runner.js:101:19)
    at runTestInternal (/Users/cmuir/P1Import-apps/P1-import-Subsystem/node_modules/jest-runner/build/index.js:275:16)
    at runTest (/Users/cmuir/P1Import-apps/P1-import-Subsystem/node_modules/jest-runner/build/index.js:343:7)</failure>
    </testcase>
    <testcase classname="🎨 Comprehensive UI Test Suite › 📱 Core UI Components" name="Modal dialogs should open and close" time="0.003">
      <failure>TypeError: Failed to execute &apos;dispatchEvent&apos; on &apos;EventTarget&apos;: parameter 1 is not of type &apos;Event&apos;.
    at Object.exports.convert (/Users/cmuir/P1Import-apps/P1-import-Subsystem/node_modules/jsdom/lib/jsdom/living/generated/Event.js:22:9)
    at HTMLButtonElement.dispatchEvent (/Users/cmuir/P1Import-apps/P1-import-Subsystem/node_modules/jsdom/lib/jsdom/living/generated/EventTarget.js:236:24)
    at Object.&lt;anonymous&gt; (/Users/cmuir/P1Import-apps/P1-import-Subsystem/test/ui/comprehensive-ui-suite.test.mjs:161:24)
    at Promise.finally.completed (/Users/cmuir/P1Import-apps/P1-import-Subsystem/node_modules/jest-circus/build/jestAdapterInit.js:1559:28)
    at new Promise (&lt;anonymous&gt;)
    at callAsyncCircusFn (/Users/cmuir/P1Import-apps/P1-import-Subsystem/node_modules/jest-circus/build/jestAdapterInit.js:1499:10)
    at _callCircusTest (/Users/cmuir/P1Import-apps/P1-import-Subsystem/node_modules/jest-circus/build/jestAdapterInit.js:1009:40)
    at _runTest (/Users/cmuir/P1Import-apps/P1-import-Subsystem/node_modules/jest-circus/build/jestAdapterInit.js:949:3)
    at _runTestsForDescribeBlock (/Users/cmuir/P1Import-apps/P1-import-Subsystem/node_modules/jest-circus/build/jestAdapterInit.js:839:13)
    at _runTestsForDescribeBlock (/Users/cmuir/P1Import-apps/P1-import-Subsystem/node_modules/jest-circus/build/jestAdapterInit.js:829:11)
    at _runTestsForDescribeBlock (/Users/cmuir/P1Import-apps/P1-import-Subsystem/node_modules/jest-circus/build/jestAdapterInit.js:829:11)
    at run (/Users/cmuir/P1Import-apps/P1-import-Subsystem/node_modules/jest-circus/build/jestAdapterInit.js:757:3)
    at runAndTransformResultsToJestFormat (/Users/cmuir/P1Import-apps/P1-import-Subsystem/node_modules/jest-circus/build/jestAdapterInit.js:1920:21)
    at jestAdapter (/Users/cmuir/P1Import-apps/P1-import-Subsystem/node_modules/jest-circus/build/runner.js:101:19)
    at runTestInternal (/Users/cmuir/P1Import-apps/P1-import-Subsystem/node_modules/jest-runner/build/index.js:275:16)
    at runTest (/Users/cmuir/P1Import-apps/P1-import-Subsystem/node_modules/jest-runner/build/index.js:343:7)</failure>
    </testcase>
    <testcase classname="🎨 Comprehensive UI Test Suite › 📝 Form Handling" name="Settings form should validate input" time="0.003">
    </testcase>
    <testcase classname="🎨 Comprehensive UI Test Suite › 📝 Form Handling" name="File upload form should handle files" time="0.002">
    </testcase>
    <testcase classname="🎨 Comprehensive UI Test Suite › 📊 Data Display Components" name="Progress indicators should update correctly" time="0.002">
    </testcase>
    <testcase classname="🎨 Comprehensive UI Test Suite › 📊 Data Display Components" name="Log viewer should display entries" time="0.002">
    </testcase>
    <testcase classname="🎨 Comprehensive UI Test Suite › 🔄 Real-time Updates" name="Status updates should reflect server state" time="0.005">
    </testcase>
    <testcase classname="🎨 Comprehensive UI Test Suite › 🎯 User Interactions" name="Button clicks should trigger appropriate actions" time="0.003">
    </testcase>
    <testcase classname="🎨 Comprehensive UI Test Suite › 🎯 User Interactions" name="Keyboard navigation should work" time="0.003">
    </testcase>
    <testcase classname="🎨 Comprehensive UI Test Suite › 📱 Responsive Design" name="Components should adapt to different screen sizes" time="0.002">
    </testcase>
    <testcase classname="🎨 Comprehensive UI Test Suite › 🚨 Error Handling" name="Error messages should display correctly" time="0.002">
    </testcase>
    <testcase classname="🎨 Comprehensive UI Test Suite › 💾 Local Storage Integration" name="Should save and retrieve settings from localStorage" time="0">
      <failure>TypeError: global.localStorage.getItem.mockReturnValue is not a function
    at Object.&lt;anonymous&gt; (/Users/cmuir/P1Import-apps/P1-import-Subsystem/test/ui/comprehensive-ui-suite.test.mjs:519:41)
    at Promise.finally.completed (/Users/cmuir/P1Import-apps/P1-import-Subsystem/node_modules/jest-circus/build/jestAdapterInit.js:1559:28)
    at new Promise (&lt;anonymous&gt;)
    at callAsyncCircusFn (/Users/cmuir/P1Import-apps/P1-import-Subsystem/node_modules/jest-circus/build/jestAdapterInit.js:1499:10)
    at _callCircusTest (/Users/cmuir/P1Import-apps/P1-import-Subsystem/node_modules/jest-circus/build/jestAdapterInit.js:1009:40)
    at _runTest (/Users/cmuir/P1Import-apps/P1-import-Subsystem/node_modules/jest-circus/build/jestAdapterInit.js:949:3)
    at _runTestsForDescribeBlock (/Users/cmuir/P1Import-apps/P1-import-Subsystem/node_modules/jest-circus/build/jestAdapterInit.js:839:13)
    at _runTestsForDescribeBlock (/Users/cmuir/P1Import-apps/P1-import-Subsystem/node_modules/jest-circus/build/jestAdapterInit.js:829:11)
    at _runTestsForDescribeBlock (/Users/cmuir/P1Import-apps/P1-import-Subsystem/node_modules/jest-circus/build/jestAdapterInit.js:829:11)
    at run (/Users/cmuir/P1Import-apps/P1-import-Subsystem/node_modules/jest-circus/build/jestAdapterInit.js:757:3)
    at runAndTransformResultsToJestFormat (/Users/cmuir/P1Import-apps/P1-import-Subsystem/node_modules/jest-circus/build/jestAdapterInit.js:1920:21)
    at jestAdapter (/Users/cmuir/P1Import-apps/P1-import-Subsystem/node_modules/jest-circus/build/runner.js:101:19)
    at runTestInternal (/Users/cmuir/P1Import-apps/P1-import-Subsystem/node_modules/jest-runner/build/index.js:275:16)
    at runTest (/Users/cmuir/P1Import-apps/P1-import-Subsystem/node_modules/jest-runner/build/index.js:343:7)</failure>
    </testcase>
  </testsuite>
  <testsuite name="test/integration/ui-to-api.test.mjs" errors="0" failures="3" skipped="0" timestamp="2025-08-06T21:36:35" time="5.962" tests="8">
    <testcase classname="🔄 UI to API Integration Tests › ⚙️ Settings Management UI to API Flow" name="should handle settings form submission to API" time="0.007">
      <failure>TypeError: Failed to construct &apos;FormData&apos;: parameter 1 is not of type &apos;HTMLFormElement&apos;.
    at Object.exports.convert (/Users/cmuir/P1Import-apps/P1-import-Subsystem/node_modules/jsdom/lib/jsdom/living/generated/HTMLFormElement.js:25:9)
    at new FormData (/Users/cmuir/P1Import-apps/P1-import-Subsystem/node_modules/jsdom/lib/jsdom/living/generated/FormData.js:111:36)
    at Object.&lt;anonymous&gt; (/Users/cmuir/P1Import-apps/P1-import-Subsystem/test/integration/ui-to-api.test.mjs:150:30)
    at Promise.finally.completed (/Users/cmuir/P1Import-apps/P1-import-Subsystem/node_modules/jest-circus/build/jestAdapterInit.js:1559:28)
    at new Promise (&lt;anonymous&gt;)
    at callAsyncCircusFn (/Users/cmuir/P1Import-apps/P1-import-Subsystem/node_modules/jest-circus/build/jestAdapterInit.js:1499:10)
    at _callCircusTest (/Users/cmuir/P1Import-apps/P1-import-Subsystem/node_modules/jest-circus/build/jestAdapterInit.js:1009:40)
    at processTicksAndRejections (node:internal/process/task_queues:105:5)
    at _runTest (/Users/cmuir/P1Import-apps/P1-import-Subsystem/node_modules/jest-circus/build/jestAdapterInit.js:949:3)
    at _runTestsForDescribeBlock (/Users/cmuir/P1Import-apps/P1-import-Subsystem/node_modules/jest-circus/build/jestAdapterInit.js:839:13)
    at _runTestsForDescribeBlock (/Users/cmuir/P1Import-apps/P1-import-Subsystem/node_modules/jest-circus/build/jestAdapterInit.js:829:11)
    at _runTestsForDescribeBlock (/Users/cmuir/P1Import-apps/P1-import-Subsystem/node_modules/jest-circus/build/jestAdapterInit.js:829:11)
    at run (/Users/cmuir/P1Import-apps/P1-import-Subsystem/node_modules/jest-circus/build/jestAdapterInit.js:757:3)
    at runAndTransformResultsToJestFormat (/Users/cmuir/P1Import-apps/P1-import-Subsystem/node_modules/jest-circus/build/jestAdapterInit.js:1920:21)
    at jestAdapter (/Users/cmuir/P1Import-apps/P1-import-Subsystem/node_modules/jest-circus/build/runner.js:101:19)
    at runTestInternal (/Users/cmuir/P1Import-apps/P1-import-Subsystem/node_modules/jest-runner/build/index.js:275:16)
    at runTest (/Users/cmuir/P1Import-apps/P1-import-Subsystem/node_modules/jest-runner/build/index.js:343:7)</failure>
    </testcase>
    <testcase classname="🔄 UI to API Integration Tests › ⚙️ Settings Management UI to API Flow" name="should load and display settings from API" time="0.015">
    </testcase>
    <testcase classname="🔄 UI to API Integration Tests › 📤 File Upload UI to API Flow" name="should handle CSV file upload from UI to API" time="0.013">
    </testcase>
    <testcase classname="🔄 UI to API Integration Tests › 📤 File Upload UI to API Flow" name="should validate file format in UI before API call" time="0.002">
      <failure>TypeError: Cannot redefine property: files
    at Function.defineProperty (&lt;anonymous&gt;)
    at Object.&lt;anonymous&gt; (/Users/cmuir/P1Import-apps/P1-import-Subsystem/test/integration/ui-to-api.test.mjs:415:20)
    at Promise.finally.completed (/Users/cmuir/P1Import-apps/P1-import-Subsystem/node_modules/jest-circus/build/jestAdapterInit.js:1559:28)
    at new Promise (&lt;anonymous&gt;)
    at callAsyncCircusFn (/Users/cmuir/P1Import-apps/P1-import-Subsystem/node_modules/jest-circus/build/jestAdapterInit.js:1499:10)
[...]
    at jestAdapter (/Users/cmuir/P1Import-apps/P1-import-Subsystem/node_modules/jest-circus/build/runner.js:93:5)
    at runTestInternal (/Users/cmuir/P1Import-apps/P1-import-Subsystem/node_modules/jest-runner/build/index.js:275:16)
    at runTest (/Users/cmuir/P1Import-apps/P1-import-Subsystem/node_modules/jest-runner/build/index.js:343:7)</failure>
    </testcase>
    <testcase classname="🔍 Comprehensive API Test Suite › 🔧 Error Handling and Edge Cases" name="POST /api/settings - should handle missing required fields" time="0">
      <failure>Error: thrown: &quot;Exceeded timeout of 30000 ms for a hook.
Add a timeout value to this test to increase the timeout, if this is a long-running test. See https://jestjs.io/docs/api#testname-fn-timeout.&quot;
    at /Users/cmuir/P1Import-apps/P1-import-Subsystem/test/api/comprehensive-api-suite.test.mjs:46:5
    at _dispatchDescribe (/Users/cmuir/P1Import-apps/P1-import-Subsystem/node_modules/jest-circus/build/jestAdapterInit.js:604:26)
    at describe (/Users/cmuir/P1Import-apps/P1-import-Subsystem/node_modules/jest-circus/build/jestAdapterInit.js:572:44)
    at /Users/cmuir/P1Import-apps/P1-import-Subsystem/test/api/comprehensive-api-suite.test.mjs:42:1
    at SourceTextModule.evaluate (node:internal/vm/module:227:23)
    at Runtime.linkAndEvaluateModule (/Users/cmuir/P1Import-apps/P1-import-Subsystem/node_modules/jest-runtime/build/index.js:684:20)
    at jestAdapter (/Users/cmuir/P1Import-apps/P1-import-Subsystem/node_modules/jest-circus/build/runner.js:93:5)
    at runTestInternal (/Users/cmuir/P1Import-apps/P1-import-Subsystem/node_modules/jest-runner/build/index.js:275:16)
    at runTest (/Users/cmuir/P1Import-apps/P1-import-Subsystem/node_modules/jest-runner/build/index.js:343:7)</failure>
    </testcase>
    <testcase classname="🔍 Comprehensive API Test Suite › ⚡ Performance and Load Tests" name="Multiple concurrent health checks" time="0">
      <failure>Error: thrown: &quot;Exceeded timeout of 30000 ms for a hook.
Add a timeout value to this test to increase the timeout, if this is a long-running test. See https://jestjs.io/docs/api#testname-fn-timeout.&quot;
    at /Users/cmuir/P1Import-apps/P1-import-Subsystem/test/api/comprehensive-api-suite.test.mjs:46:5
    at _dispatchDescribe (/Users/cmuir/P1Import-apps/P1-import-Subsystem/node_modules/jest-circus/build/jestAdapterInit.js:604:26)
    at describe (/Users/cmuir/P1Import-apps/P1-import-Subsystem/node_modules/jest-circus/build/jestAdapterInit.js:572:44)
    at /Users/cmuir/P1Import-apps/P1-import-Subsystem/test/api/comprehensive-api-suite.test.mjs:42:1
    at SourceTextModule.evaluate (node:internal/vm/module:227:23)
    at Runtime.linkAndEvaluateModule (/Users/cmuir/P1Import-apps/P1-import-Subsystem/node_modules/jest-runtime/build/index.js:684:20)
    at jestAdapter (/Users/cmuir/P1Import-apps/P1-import-Subsystem/node_modules/jest-circus/build/runner.js:93:5)
    at runTestInternal (/Users/cmuir/P1Import-apps/P1-import-Subsystem/node_modules/jest-runner/build/index.js:275:16)
    at runTest (/Users/cmuir/P1Import-apps/P1-import-Subsystem/node_modules/jest-runner/build/index.js:343:7)</failure>
    </testcase>
    <testcase classname="🔍 Comprehensive API Test Suite › ⚡ Performance and Load Tests" name="Response time should be reasonable" time="0">
      <failure>Error: thrown: &quot;Exceeded timeout of 30000 ms for a hook.
Add a timeout value to this test to increase the timeout, if this is a long-running test. See https://jestjs.io/docs/api#testname-fn-timeout.&quot;
    at /Users/cmuir/P1Import-apps/P1-import-Subsystem/test/api/comprehensive-api-suite.test.mjs:46:5
    at _dispatchDescribe (/Users/cmuir/P1Import-apps/P1-import-Subsystem/node_modules/jest-circus/build/jestAdapterInit.js:604:26)
    at describe (/Users/cmuir/P1Import-apps/P1-import-Subsystem/node_modules/jest-circus/build/jestAdapterInit.js:572:44)
    at /Users/cmuir/P1Import-apps/P1-import-Subsystem/test/api/comprehensive-api-suite.test.mjs:42:1
    at SourceTextModule.evaluate (node:internal/vm/module:227:23)
    at Runtime.linkAndEvaluateModule (/Users/cmuir/P1Import-apps/P1-import-Subsystem/node_modules/jest-runtime/build/index.js:684:20)
    at jestAdapter (/Users/cmuir/P1Import-apps/P1-import-Subsystem/node_modules/jest-circus/build/runner.js:93:5)
    at runTestInternal (/Users/cmuir/P1Import-apps/P1-import-Subsystem/node_modules/jest-runner/build/index.js:275:16)
    at runTest (/Users/cmuir/P1Import-apps/P1-import-Subsystem/node_modules/jest-runner/build/index.js:343:7)</failure>
    </testcase>
    <testcase classname="🔍 Comprehensive API Test Suite › 🔒 Security Tests" name="Should include security headers" time="0">
      <failure>Error: thrown: &quot;Exceeded timeout of 30000 ms for a hook.
Add a timeout value to this test to increase the timeout, if this is a long-running test. See https://jestjs.io/docs/api#testname-fn-timeout.&quot;
    at /Users/cmuir/P1Import-apps/P1-import-Subsystem/test/api/comprehensive-api-suite.test.mjs:46:5
    at _dispatchDescribe (/Users/cmuir/P1Import-apps/P1-import-Subsystem/node_modules/jest-circus/build/jestAdapterInit.js:604:26)
    at describe (/Users/cmuir/P1Import-apps/P1-import-Subsystem/node_modules/jest-circus/build/jestAdapterInit.js:572:44)
    at /Users/cmuir/P1Import-apps/P1-import-Subsystem/test/api/comprehensive-api-suite.test.mjs:42:1
    at SourceTextModule.evaluate (node:internal/vm/module:227:23)
    at Runtime.linkAndEvaluateModule (/Users/cmuir/P1Import-apps/P1-import-Subsystem/node_modules/jest-runtime/build/index.js:684:20)
    at jestAdapter (/Users/cmuir/P1Import-apps/P1-import-Subsystem/node_modules/jest-circus/build/runner.js:93:5)
    at runTestInternal (/Users/cmuir/P1Import-apps/P1-import-Subsystem/node_modules/jest-runner/build/index.js:275:16)
    at runTest (/Users/cmuir/P1Import-apps/P1-import-Subsystem/node_modules/jest-runner/build/index.js:343:7)</failure>
    </testcase>
    <testcase classname="🔍 Comprehensive API Test Suite › 🔒 Security Tests" name="Should handle SQL injection attempts" time="0">
      <failure>Error: thrown: &quot;Exceeded timeout of 30000 ms for a hook.
Add a timeout value to this test to increase the timeout, if this is a long-running test. See https://jestjs.io/docs/api#testname-fn-timeout.&quot;
    at /Users/cmuir/P1Import-apps/P1-import-Subsystem/test/api/comprehensive-api-suite.test.mjs:46:5
    at _dispatchDescribe (/Users/cmuir/P1Import-apps/P1-import-Subsystem/node_modules/jest-circus/build/jestAdapterInit.js:604:26)
    at describe (/Users/cmuir/P1Import-apps/P1-import-Subsystem/node_modules/jest-circus/build/jestAdapterInit.js:572:44)
    at /Users/cmuir/P1Import-apps/P1-import-Subsystem/test/api/comprehensive-api-suite.test.mjs:42:1
    at SourceTextModule.evaluate (node:internal/vm/module:227:23)
    at Runtime.linkAndEvaluateModule (/Users/cmuir/P1Import-apps/P1-import-Subsystem/node_modules/jest-runtime/build/index.js:684:20)
    at jestAdapter (/Users/cmuir/P1Import-apps/P1-import-Subsystem/node_modules/jest-circus/build/runner.js:93:5)
    at runTestInternal (/Users/cmuir/P1Import-apps/P1-import-Subsystem/node_modules/jest-runner/build/index.js:275:16)
    at runTest (/Users/cmuir/P1Import-apps/P1-import-Subsystem/node_modules/jest-runner/build/index.js:343:7)</failure>
    </testcase>
  </testsuite>
  <testsuite name="test/simple.test.mjs" errors="0" failures="0" skipped="0" timestamp="2025-08-06T21:42:02" time="0.063" tests="3">
    <testcase classname="Simple Test Suite" name="should pass a basic test" time="0.001">
    </testcase>
    <testcase classname="Simple Test Suite" name="should handle async/await" time="0.001">
    </testcase>
    <testcase classname="Simple Test Suite" name="should work with ES modules" time="0">
    </testcase>
  </testsuite>
  <testsuite name="test/minimal.test.mjs" errors="0" failures="0" skipped="0" timestamp="2025-08-06T21:42:02" time="0.064" tests="1">
    <testcase classname="Minimal Test" name="should pass a basic test" time="0.002">
    </testcase>
  </testsuite>
  <testsuite name="test/comprehensive-test-summary.test.mjs" errors="0" failures="0" skipped="0" timestamp="2025-08-06T21:42:02" time="0.09" tests="4">
    <testcase classname="📋 Comprehensive Test Summary" name="should document all test categories" time="0.009">
    </testcase>
    <testcase classname="📋 Comprehensive Test Summary" name="should validate test infrastructure" time="0.006">
    </testcase>
    <testcase classname="📋 Comprehensive Test Summary" name="should provide testing recommendations" time="0.005">
    </testcase>
    <testcase classname="📋 Comprehensive Test Summary" name="should summarize test execution commands" time="0.005">
    </testcase>
  </testsuite>
  <testsuite name="test/bulletproof-simple.test.mjs" errors="0" failures="0" skipped="0" timestamp="2025-08-06T21:42:02" time="0.33" tests="10">
    <testcase classname="🛡️ Bulletproof System - Basic Tests" name="should have DOM environment setup" time="0.003">
    </testcase>
    <testcase classname="🛡️ Bulletproof System - Basic Tests" name="should find token status element" time="0.001">
    </testcase>
    <testcase classname="🛡️ Bulletproof System - Basic Tests" name="should handle DOM manipulation safely" time="0.005">
    </testcase>
    <testcase classname="🛡️ Bulletproof System - Basic Tests" name="should handle missing DOM elements gracefully" time="0.001">
    </testcase>
    <testcase classname="🛡️ Bulletproof System - Basic Tests" name="should format time correctly" time="0.001">
    </testcase>
    <testcase classname="🛡️ Bulletproof System - Basic Tests" name="should handle error scenarios gracefully" time="0.001">
    </testcase>
    <testcase classname="🛡️ Bulletproof System - Basic Tests" name="should create emergency display when needed" time="0.001">
    </testcase>
    <testcase classname="🛡️ Bulletproof System - Basic Tests" name="should handle multiple fallback layers" time="0.001">
    </testcase>
    <testcase classname="🛡️ Bulletproof System - Basic Tests" name="should validate bulletproof principles" time="0.001">
    </testcase>
    <testcase classname="🛡️ Bulletproof System - Integration Test" name="should work end-to-end with all components" time="0.001">
    </testcase>
  </testsuite>
  <testsuite name="test/bulletproof-browser.test.mjs" errors="0" failures="15" skipped="0" timestamp="2025-08-06T21:42:02" time="20.153" tests="17">
    <testcase classname="🛡️ Bulletproof System - Browser Integration Tests › 🏠 Server Health and Bulletproof Loading" name="should have server running with bulletproof system" time="0.001">
      <failure>Error: Server startup timeout
    at /Users/cmuir/P1Import-apps/P1-import-Subsystem/test/bulletproof-browser.test.mjs:52:24
    at Timeout.task [as _onTimeout] (/Users/cmuir/P1Import-apps/P1-import-Subsystem/node_modules/jsdom/lib/jsdom/browser/Window.js:579:19)
    at listOnTimeout (node:internal/timers:588:17)
    at processTimers (node:internal/timers:523:7)</failure>
    </testcase>
    <testcase classname="🛡️ Bulletproof System - Browser Integration Tests › 🏠 Server Health and Bulletproof Loading" name="should serve main page with bulletproof bundle" time="0">
      <failure>Error: Server startup timeout
    at /Users/cmuir/P1Import-apps/P1-import-Subsystem/test/bulletproof-browser.test.mjs:52:24
    at Timeout.task [as _onTimeout] (/Users/cmuir/P1Import-apps/P1-import-Subsystem/node_modules/jsdom/lib/jsdom/browser/Window.js:579:19)
    at listOnTimeout (node:internal/timers:588:17)
    at processTimers (node:internal/timers:523:7)</failure>
    </testcase>
    <testcase classname="🛡️ Bulletproof System - Browser Integration Tests › 🏠 Server Health and Bulletproof Loading" name="should serve bulletproof JavaScript bundle" time="0">
      <failure>Error: Server startup timeout
    at /Users/cmuir/P1Import-apps/P1-import-Subsystem/test/bulletproof-browser.test.mjs:52:24
    at Timeout.task [as _onTimeout] (/Users/cmuir/P1Import-apps/P1-import-Subsystem/node_modules/jsdom/lib/jsdom/browser/Window.js:579:19)
    at listOnTimeout (node:internal/timers:588:17)
    at processTimers (node:internal/timers:523:7)</failure>
    </testcase>
    <testcase classname="🛡️ Bulletproof System - Browser Integration Tests › 🛡️ Bulletproof Token Manager API Tests" name="should handle token status requests safely" time="0">
      <failure>Error: Server startup timeout
    at /Users/cmuir/P1Import-apps/P1-import-Subsystem/test/bulletproof-browser.test.mjs:52:24
    at Timeout.task [as _onTimeout] (/Users/cmuir/P1Import-apps/P1-import-Subsystem/node_modules/jsdom/lib/jsdom/browser/Window.js:579:19)
    at listOnTimeout (node:internal/timers:588:17)
    at processTimers (node:internal/timers:523:7)</failure>
    </testcase>
    <testcase classname="🛡️ Bulletproof System - Browser Integration Tests › 🛡️ Bulletproof Token Manager API Tests" name="should provide fallback responses for token errors" time="0">
      <failure>Error: Server startup timeout
    at /Users/cmuir/P1Import-apps/P1-import-Subsystem/test/bulletproof-browser.test.mjs:52:24
    at Timeout.task [as _onTimeout] (/Users/cmuir/P1Import-apps/P1-import-Subsystem/node_modules/jsdom/lib/jsdom/browser/Window.js:579:19)
    at listOnTimeout (node:internal/timers:588:17)
    at processTimers (node:internal/timers:523:7)</failure>
    </testcase>
    <testcase classname="🛡️ Bulletproof System - Browser Integration Tests › 🔧 Error Handling and Recovery" name="should handle malformed requests gracefully" time="0">
      <failure>Error: Server startup timeout
    at /Users/cmuir/P1Import-apps/P1-import-Subsystem/test/bulletproof-browser.test.mjs:52:24
    at Timeout.task [as _onTimeout] (/Users/cmuir/P1Import-apps/P1-import-Subsystem/node_modules/jsdom/lib/jsdom/browser/Window.js:579:19)
    at listOnTimeout (node:internal/timers:588:17)
    at processTimers (node:internal/timers:523:7)</failure>
    </testcase>
    <testcase classname="🛡️ Bulletproof System - Browser Integration Tests › 🔧 Error Handling and Recovery" name="should maintain server stability under load" time="0">
      <failure>Error: Server startup timeout
    at /Users/cmuir/P1Import-apps/P1-import-Subsystem/test/bulletproof-browser.test.mjs:52:24
    at Timeout.task [as _onTimeout] (/Users/cmuir/P1Import-apps/P1-import-Subsystem/node_modules/jsdom/lib/jsdom/browser/Window.js:579:19)
    at listOnTimeout (node:internal/timers:588:17)
    at processTimers (node:internal/timers:523:7)</failure>
    </testcase>
    <testcase classname="🛡️ Bulletproof System - Browser Integration Tests › 🎭 Real-world Scenario Tests" name="should handle page navigation without crashes" time="0">
      <failure>Error: Server startup timeout
    at /Users/cmuir/P1Import-apps/P1-import-Subsystem/test/bulletproof-browser.test.mjs:52:24
    at Timeout.task [as _onTimeout] (/Users/cmuir/P1Import-apps/P1-import-Subsystem/node_modules/jsdom/lib/jsdom/browser/Window.js:579:19)
    at listOnTimeout (node:internal/timers:588:17)
    at processTimers (node:internal/timers:523:7)</failure>
    </testcase>
    <testcase classname="🛡️ Bulletproof System - Browser Integration Tests › 🎭 Real-world Scenario Tests" name="should handle file upload attempts safely" time="0">
      <failure>Error: Server startup timeout
    at /Users/cmuir/P1Import-apps/P1-import-Subsystem/test/bulletproof-browser.test.mjs:52:24
    at Timeout.task [as _onTimeout] (/Users/cmuir/P1Import-apps/P1-import-Subsystem/node_modules/jsdom/lib/jsdom/browser/Window.js:579:19)
    at listOnTimeout (node:internal/timers:588:17)
    at processTimers (node:internal/timers:523:7)</failure>
    </testcase>
    <testcase classname="🛡️ Bulletproof System - Browser Integration Tests › 🎭 Real-world Scenario Tests" name="should maintain WebSocket connections safely" time="0">
      <failure>Error: Server startup timeout
    at /Users/cmuir/P1Import-apps/P1-import-Subsystem/test/bulletproof-browser.test.mjs:52:24
    at Timeout.task [as _onTimeout] (/Users/cmuir/P1Import-apps/P1-import-Subsystem/node_modules/jsdom/lib/jsdom/browser/Window.js:579:19)
    at listOnTimeout (node:internal/timers:588:17)
    at processTimers (node:internal/timers:523:7)</failure>
    </testcase>
    <testcase classname="🛡️ Bulletproof System - Browser Integration Tests › 📊 Performance and Memory Tests" name="should respond to health checks quickly" time="0">
      <failure>Error: Server startup timeout
    at /Users/cmuir/P1Import-apps/P1-import-Subsystem/test/bulletproof-browser.test.mjs:52:24
    at Timeout.task [as _onTimeout] (/Users/cmuir/P1Import-apps/P1-import-Subsystem/node_modules/jsdom/lib/jsdom/browser/Window.js:579:19)
    at listOnTimeout (node:internal/timers:588:17)
    at processTimers (node:internal/timers:523:7)</failure>
    </testcase>
    <testcase classname="🛡️ Bulletproof System - Browser Integration Tests › 📊 Performance and Memory Tests" name="should handle multiple rapid requests" time="0">
      <failure>Error: Server startup timeout
    at /Users/cmuir/P1Import-apps/P1-import-Subsystem/test/bulletproof-browser.test.mjs:52:24
    at Timeout.task [as _onTimeout] (/Users/cmuir/P1Import-apps/P1-import-Subsystem/node_modules/jsdom/lib/jsdom/browser/Window.js:579:19)
    at listOnTimeout (node:internal/timers:588:17)
    at processTimers (node:internal/timers:523:7)</failure>
    </testcase>
    <testcase classname="🛡️ Bulletproof System - Browser Integration Tests › 🔍 Bulletproof Verification" name="should have bulletproof indicators in responses" time="0">
      <failure>Error: Server startup timeout
    at /Users/cmuir/P1Import-apps/P1-import-Subsystem/test/bulletproof-browser.test.mjs:52:24
    at Timeout.task [as _onTimeout] (/Users/cmuir/P1Import-apps/P1-import-Subsystem/node_modules/jsdom/lib/jsdom/browser/Window.js:579:19)
    at listOnTimeout (node:internal/timers:588:17)
    at processTimers (node:internal/timers:523:7)</failure>
    </testcase>
    <testcase classname="🛡️ Bulletproof System - Browser Integration Tests › 🔍 Bulletproof Verification" name="should log bulletproof system initialization" time="0">
      <failure>Error: Server startup timeout
    at /Users/cmuir/P1Import-apps/P1-import-Subsystem/test/bulletproof-browser.test.mjs:52:24
    at Timeout.task [as _onTimeout] (/Users/cmuir/P1Import-apps/P1-import-Subsystem/node_modules/jsdom/lib/jsdom/browser/Window.js:579:19)
    at listOnTimeout (node:internal/timers:588:17)
    at processTimers (node:internal/timers:523:7)</failure>
    </testcase>
    <testcase classname="🛡️ Bulletproof System - Browser Integration Tests › 🔍 Bulletproof Verification" name="should maintain functionality after errors" time="0">
      <failure>Error: Server startup timeout
    at /Users/cmuir/P1Import-apps/P1-import-Subsystem/test/bulletproof-browser.test.mjs:52:24
    at Timeout.task [as _onTimeout] (/Users/cmuir/P1Import-apps/P1-import-Subsystem/node_modules/jsdom/lib/jsdom/browser/Window.js:579:19)
    at listOnTimeout (node:internal/timers:588:17)
    at processTimers (node:internal/timers:523:7)</failure>
    </testcase>
    <testcase classname="🛡️ Bulletproof System - Static Verification" name="should have test configuration valid" time="0.006">
    </testcase>
    <testcase classname="🛡️ Bulletproof System - Static Verification" name="should have required dependencies available" time="0.001">
    </testcase>
  </testsuite>
  <testsuite name="test/basic.test.mjs" errors="0" failures="0" skipped="0" timestamp="2025-08-06T21:42:22" time="0.072" tests="3">
    <testcase classname="Basic Test Suite" name="should add two numbers correctly" time="0.001">
    </testcase>
    <testcase classname="Basic Test Suite" name="should handle async/await" time="0">
    </testcase>
    <testcase classname="Basic Test Suite" name="should work with ES modules" time="0.001">
    </testcase>
  </testsuite>
</testsuites>