<?xml version="1.0" encoding="UTF-8"?>
<testsuites name="jest tests" tests="304" failures="124" errors="0" time="351.067">
  <testsuite name="test/esm-comprehensive.test.mjs" errors="0" failures="0" skipped="0" timestamp="2025-08-06T21:36:31" time="0.119" tests="6">
    <testcase classname="Comprehensive ESM Testing" name="should be able to import package.json" time="0.004">
    </testcase>
    <testcase classname="Comprehensive ESM Testing" name="should support all modern JavaScript features" time="0.001">
    </testcase>
    <testcase classname="Comprehensive ESM Testing" name="should support async/await with promises" time="0.012">
    </testcase>
    <testcase classname="Comprehensive ESM Testing" name="should support modern class features" time="0.001">
    </testcase>
    <testcase classname="Comprehensive ESM Testing" name="should support dynamic imports" time="0.001">
    </testcase>
    <testcase classname="Comprehensive ESM Testing" name="should support top-level await simulation" time="0.001">
    </testcase>
  </testsuite>
  <testsuite name="test/esm-module-integration.test.mjs" errors="0" failures="0" skipped="0" timestamp="2025-08-06T21:36:32" time="0.131" tests="3">
    <testcase classname="ESM Module Integration" name="should support basic ESM functionality" time="0.002">
    </testcase>
    <testcase classname="ESM Module Integration" name="should support native ESM features" time="0.001">
    </testcase>
    <testcase classname="ESM Module Integration" name="should support async/await patterns" time="0.014">
    </testcase>
  </testsuite>
  <testsuite name="test/esm-project-integration.test.mjs" errors="0" failures="0" skipped="0" timestamp="2025-08-06T21:36:32" time="0.294" tests="3">
    <testcase classname="ESM Project Integration" name="should be able to import package.json" time="0.002">
    </testcase>
    <testcase classname="ESM Project Integration" name="should support importing project modules" time="0.234">
    </testcase>
    <testcase classname="ESM Project Integration" name="should support modern JavaScript features in ESM context" time="0.001">
    </testcase>
  </testsuite>
  <testsuite name="test/esm-support.test.mjs" errors="0" failures="0" skipped="0" timestamp="2025-08-06T21:36:32" time="0.061" tests="3">
    <testcase classname="ESM Support" name="should support ESM syntax" time="0.001">
    </testcase>
    <testcase classname="ESM Support" name="should support modern JavaScript features" time="0.001">
    </testcase>
    <testcase classname="ESM Support" name="should support async/await" time="0">
    </testcase>
  </testsuite>
  <testsuite name="test/unit/ui-manager-basic.test.mjs" errors="0" failures="0" skipped="0" timestamp="2025-08-06T21:36:33" time="0.204" tests="8">
    <testcase classname="UIManager (Basic) â€º initialization" name="should initialize with provided dependencies" time="0.002">
    </testcase>
    <testcase classname="UIManager (Basic) â€º showStatus" name="should log status messages with info level by default" time="0.001">
    </testcase>
    <testcase classname="UIManager (Basic) â€º showStatus" name="should log error status messages with error level" time="0.001">
    </testcase>
    <testcase classname="UIManager (Basic) â€º updateProgress" name="should log progress updates" time="0.001">
    </testcase>
    <testcase classname="UIManager (Basic) â€º showError" name="should handle errors with error objects" time="0.001">
    </testcase>
    <testcase classname="UIManager (Basic) â€º showError" name="should create an error object from string messages" time="0">
    </testcase>
    <testcase classname="UIManager (Basic) â€º showNotification" name="should log info notifications by default" time="0">
    </testcase>
    <testcase classname="UIManager (Basic) â€º showNotification" name="should log error notifications with error level" time="0.001">
    </testcase>
  </testsuite>
  <testsuite name="test/unit/logger.test.mjs" errors="0" failures="9" skipped="0" timestamp="2025-08-06T21:36:33" time="0.333" tests="9">
    <testcase classname="Logger â€º initialization" name="should initialize with default values" time="0">
      <failure>ReferenceError: require is not defined
    at /Users/cmuir/P1Import-apps/P1-import-Subsystem/src/client/utils/logger.js:3:30
    at SourceTextModule.evaluate (node:internal/vm/module:227:23)
    at Runtime.linkAndEvaluateModule (/Users/cmuir/P1Import-apps/P1-import-Subsystem/node_modules/jest-runtime/build/index.js:684:20)
    at importModuleDynamicallyWrapper (node:internal/vm/module:436:15)
    at Object.&lt;anonymous&gt; (/Users/cmuir/P1Import-apps/P1-import-Subsystem/test/unit/logger.test.mjs:44:24)</failure>
    </testcase>
    <testcase classname="Logger â€º initialization" name="should create a winston logger instance" time="0.001">
      <failure>ReferenceError: require is not defined
    at /Users/cmuir/P1Import-apps/P1-import-Subsystem/src/client/utils/logger.js:3:30
    at SourceTextModule.evaluate (node:internal/vm/module:227:23)
    at Runtime.linkAndEvaluateModule (/Users/cmuir/P1Import-apps/P1-import-Subsystem/node_modules/jest-runtime/build/index.js:684:20)
    at importModuleDynamicallyWrapper (node:internal/vm/module:436:15)
    at Object.&lt;anonymous&gt; (/Users/cmuir/P1Import-apps/P1-import-Subsystem/test/unit/logger.test.mjs:44:24)</failure>
    </testcase>
    <testcase classname="Logger â€º log methods" name="should log info messages" time="0">
      <failure>ReferenceError: require is not defined
    at /Users/cmuir/P1Import-apps/P1-import-Subsystem/src/client/utils/logger.js:3:30
    at SourceTextModule.evaluate (node:internal/vm/module:227:23)
    at Runtime.linkAndEvaluateModule (/Users/cmuir/P1Import-apps/P1-import-Subsystem/node_modules/jest-runtime/build/index.js:684:20)
    at importModuleDynamicallyWrapper (node:internal/vm/module:436:15)
    at Object.&lt;anonymous&gt; (/Users/cmuir/P1Import-apps/P1-import-Subsystem/test/unit/logger.test.mjs:44:24)</failure>
    </testcase>
    <testcase classname="Logger â€º log methods" name="should log error messages" time="0">
      <failure>ReferenceError: require is not defined
    at /Users/cmuir/P1Import-apps/P1-import-Subsystem/src/client/utils/logger.js:3:30
    at SourceTextModule.evaluate (node:internal/vm/module:227:23)
    at Runtime.linkAndEvaluateModule (/Users/cmuir/P1Import-apps/P1-import-Subsystem/node_modules/jest-runtime/build/index.js:684:20)
    at importModuleDynamicallyWrapper (node:internal/vm/module:436:15)
    at Object.&lt;anonymous&gt; (/Users/cmuir/P1Import-apps/P1-import-Subsystem/test/unit/logger.test.mjs:44:24)</failure>
    </testcase>
    <testcase classname="Logger â€º log methods" name="should log warning messages" time="0.001">
      <failure>ReferenceError: require is not defined
    at /Users/cmuir/P1Import-apps/P1-import-Subsystem/src/client/utils/logger.js:3:30
    at SourceTextModule.evaluate (node:internal/vm/module:227:23)
    at Runtime.linkAndEvaluateModule (/Users/cmuir/P1Import-apps/P1-import-Subsystem/node_modules/jest-runtime/build/index.js:684:20)
    at importModuleDynamicallyWrapper (node:internal/vm/module:436:15)
    at Object.&lt;anonymous&gt; (/Users/cmuir/P1Import-apps/P1-import-Subsystem/test/unit/logger.test.mjs:44:24)</failure>
    </testcase>
    <testcase classname="Logger â€º log methods" name="should log debug messages in development" time="0">
      <failure>ReferenceError: require is not defined
    at /Users/cmuir/P1Import-apps/P1-import-Subsystem/src/client/utils/logger.js:3:30
    at SourceTextModule.evaluate (node:internal/vm/module:227:23)
    at Runtime.linkAndEvaluateModule (/Users/cmuir/P1Import-apps/P1-import-Subsystem/node_modules/jest-runtime/build/index.js:684:20)
    at importModuleDynamicallyWrapper (node:internal/vm/module:436:15)
    at Object.&lt;anonymous&gt; (/Users/cmuir/P1Import-apps/P1-import-Subsystem/test/unit/logger.test.mjs:44:24)</failure>
    </testcase>
    <testcase classname="Logger â€º log counting" name="should count valid logs" time="0">
      <failure>ReferenceError: require is not defined
    at /Users/cmuir/P1Import-apps/P1-import-Subsystem/src/client/utils/logger.js:3:30
    at SourceTextModule.evaluate (node:internal/vm/module:227:23)
    at Runtime.linkAndEvaluateModule (/Users/cmuir/P1Import-apps/P1-import-Subsystem/node_modules/jest-runtime/build/index.js:684:20)
    at importModuleDynamicallyWrapper (node:internal/vm/module:436:15)
    at Object.&lt;anonymous&gt; (/Users/cmuir/P1Import-apps/P1-import-Subsystem/test/unit/logger.test.mjs:44:24)</failure>
    </testcase>
    <testcase classname="Logger â€º log counting" name="should count error logs" time="0">
      <failure>ReferenceError: require is not defined
    at /Users/cmuir/P1Import-apps/P1-import-Subsystem/src/client/utils/logger.js:3:30
    at SourceTextModule.evaluate (node:internal/vm/module:227:23)
    at Runtime.linkAndEvaluateModule (/Users/cmuir/P1Import-apps/P1-import-Subsystem/node_modules/jest-runtime/build/index.js:684:20)
    at importModuleDynamicallyWrapper (node:internal/vm/module:436:15)
    at Object.&lt;anonymous&gt; (/Users/cmuir/P1Import-apps/P1-import-Subsystem/test/unit/logger.test.mjs:44:24)</failure>
    </testcase>
    <testcase classname="Logger â€º log clearing" name="should clear logs" time="0">
      <failure>ReferenceError: require is not defined
    at /Users/cmuir/P1Import-apps/P1-import-Subsystem/src/client/utils/logger.js:3:30
    at SourceTextModule.evaluate (node:internal/vm/module:227:23)
    at Runtime.linkAndEvaluateModule (/Users/cmuir/P1Import-apps/P1-import-Subsystem/node_modules/jest-runtime/build/index.js:684:20)
    at importModuleDynamicallyWrapper (node:internal/vm/module:436:15)
    at Object.&lt;anonymous&gt; (/Users/cmuir/P1Import-apps/P1-import-Subsystem/test/unit/logger.test.mjs:44:24)</failure>
    </testcase>
  </testsuite>
  <testsuite name="test/unit/file-handler.test.mjs" errors="0" failures="11" skipped="0" timestamp="2025-08-06T21:36:34" time="0.296" tests="11">
    <testcase classname="ðŸ“ File Handler Test Suite â€º ðŸ”§ Initialization" name="should add change event listener to file input" time="0.005">
      <failure>ReferenceError: jest is not defined
    at Object.&lt;anonymous&gt; (/Users/cmuir/P1Import-apps/P1-import-Subsystem/test/unit/file-handler.test.mjs:167:13)
    at Promise.finally.completed (/Users/cmuir/P1Import-apps/P1-import-Subsystem/node_modules/jest-circus/build/jestAdapterInit.js:1559:28)
    at new Promise (&lt;anonymous&gt;)
    at callAsyncCircusFn (/Users/cmuir/P1Import-apps/P1-import-Subsystem/node_modules/jest-circus/build/jestAdapterInit.js:1499:10)
    at _callCircusHook (/Users/cmuir/P1Import-apps/P1-import-Subsystem/node_modules/jest-circus/build/jestAdapterInit.js:978:40)
    at _runTest (/Users/cmuir/P1Import-apps/P1-import-Subsystem/node_modules/jest-circus/build/jestAdapterInit.js:943:5)
    at _runTestsForDescribeBlock (/Users/cmuir/P1Import-apps/P1-import-Subsystem/node_modules/jest-circus/build/jestAdapterInit.js:839:13)
    at _runTestsForDescribeBlock (/Users/cmuir/P1Import-apps/P1-import-Subsystem/node_modules/jest-circus/build/jestAdapterInit.js:829:11)
    at _runTestsForDescribeBlock (/Users/cmuir/P1Import-apps/P1-import-Subsystem/node_modules/jest-circus/build/jestAdapterInit.js:829:11)
    at run (/Users/cmuir/P1Import-apps/P1-import-Subsystem/node_modules/jest-circus/build/jestAdapterInit.js:757:3)
    at runAndTransformResultsToJestFormat (/Users/cmuir/P1Import-apps/P1-import-Subsystem/node_modules/jest-circus/build/jestAdapterInit.js:1920:21)
    at jestAdapter (/Users/cmuir/P1Import-apps/P1-import-Subsystem/node_modules/jest-circus/build/runner.js:101:19)
    at runTestInternal (/Users/cmuir/P1Import-apps/P1-import-Subsystem/node_modules/jest-runner/build/index.js:275:16)
    at runTest (/Users/cmuir/P1Import-apps/P1-import-Subsystem/node_modules/jest-runner/build/index.js:343:7)</failure>
    </testcase>
    <testcase classname="ðŸ“ File Handler Test Suite â€º ðŸ“¤ File Selection" name="should handle file selection" time="0.002">
      <failure>ReferenceError: jest is not defined
    at Object.&lt;anonymous&gt; (/Users/cmuir/P1Import-apps/P1-import-Subsystem/test/unit/file-handler.test.mjs:167:13)
    at Promise.finally.completed (/Users/cmuir/P1Import-apps/P1-import-Subsystem/node_modules/jest-circus/build/jestAdapterInit.js:1559:28)
    at new Promise (&lt;anonymous&gt;)
    at callAsyncCircusFn (/Users/cmuir/P1Import-apps/P1-import-Subsystem/node_modules/jest-circus/build/jestAdapterInit.js:1499:10)
    at _callCircusHook (/Users/cmuir/P1Import-apps/P1-import-Subsystem/node_modules/jest-circus/build/jestAdapterInit.js:978:40)
    at _runTest (/Users/cmuir/P1Import-apps/P1-import-Subsystem/node_modules/jest-circus/build/jestAdapterInit.js:943:5)
    at _runTestsForDescribeBlock (/Users/cmuir/P1Import-apps/P1-import-Subsystem/node_modules/jest-circus/build/jestAdapterInit.js:839:13)
    at _runTestsForDescribeBlock (/Users/cmuir/P1Import-apps/P1-import-Subsystem/node_modules/jest-circus/build/jestAdapterInit.js:829:11)
    at _runTestsForDescribeBlock (/Users/cmuir/P1Import-apps/P1-import-Subsystem/node_modules/jest-circus/build/jestAdapterInit.js:829:11)
    at run (/Users/cmuir/P1Import-apps/P1-import-Subsystem/node_modules/jest-circus/build/jestAdapterInit.js:757:3)
    at runAndTransformResultsToJestFormat (/Users/cmuir/P1Import-apps/P1-import-Subsystem/node_modules/jest-circus/build/jestAdapterInit.js:1920:21)
    at jestAdapter (/Users/cmuir/P1Import-apps/P1-import-Subsystem/node_modules/jest-circus/build/runner.js:101:19)
    at runTestInternal (/Users/cmuir/P1Import-apps/P1-import-Subsystem/node_modules/jest-runner/build/index.js:275:16)
    at runTest (/Users/cmuir/P1Import-apps/P1-import-Subsystem/node_modules/jest-runner/build/index.js:343:7)</failure>
    </testcase>
    <testcase classname="ðŸ“ File Handler Test Suite â€º ðŸ“¤ File Selection" name="should handle no file selected" time="0.001">
      <failure>ReferenceError: jest is not defined
    at Object.&lt;anonymous&gt; (/Users/cmuir/P1Import-apps/P1-import-Subsystem/test/unit/file-handler.test.mjs:167:13)
    at Promise.finally.completed (/Users/cmuir/P1Import-apps/P1-import-Subsystem/node_modules/jest-circus/build/jestAdapterInit.js:1559:28)
    at new Promise (&lt;anonymous&gt;)
    at callAsyncCircusFn (/Users/cmuir/P1Import-apps/P1-import-Subsystem/node_modules/jest-circus/build/jestAdapterInit.js:1499:10)
    at _callCircusHook (/Users/cmuir/P1Import-apps/P1-import-Subsystem/node_modules/jest-circus/build/jestAdapterInit.js:978:40)
    at _runTest (/Users/cmuir/P1Import-apps/P1-import-Subsystem/node_modules/jest-circus/build/jestAdapterInit.js:943:5)
    at _runTestsForDescribeBlock (/Users/cmuir/P1Import-apps/P1-import-Subsystem/node_modules/jest-circus/build/jestAdapterInit.js:839:13)
    at _runTestsForDescribeBlock (/Users/cmuir/P1Import-apps/P1-import-Subsystem/node_modules/jest-circus/build/jestAdapterInit.js:829:11)
    at _runTestsForDescribeBlock (/Users/cmuir/P1Import-apps/P1-import-Subsystem/node_modules/jest-circus/build/jestAdapterInit.js:829:11)
    at run (/Users/cmuir/P1Import-apps/P1-import-Subsystem/node_modules/jest-circus/build/jestAdapterInit.js:757:3)
    at runAndTransformResultsToJestFormat (/Users/cmuir/P1Import-apps/P1-import-Subsystem/node_modules/jest-circus/build/jestAdapterInit.js:1920:21)
    at jestAdapter (/Users/cmuir/P1Import-apps/P1-import-Subsystem/node_modules/jest-circus/build/runner.js:101:19)
    at runTestInternal (/Users/cmuir/P1Import-apps/P1-import-Subsystem/node_modules/jest-runner/build/index.js:275:16)
    at runTest (/Users/cmuir/P1Import-apps/P1-import-Subsystem/node_modules/jest-runner/build/index.js:343:7)</failure>
    </testcase>
    <testcase classname="ðŸ“ File Handler Test Suite â€º ðŸ“¤ File Selection" name="should handle file read error" time="0.001">
      <failure>ReferenceError: jest is not defined
    at Object.&lt;anonymous&gt; (/Users/cmuir/P1Import-apps/P1-import-Subsystem/test/unit/file-handler.test.mjs:167:13)
    at Promise.finally.completed (/Users/cmuir/P1Import-apps/P1-import-Subsystem/node_modules/jest-circus/build/jestAdapterInit.js:1559:28)
    at new Promise (&lt;anonymous&gt;)
    at callAsyncCircusFn (/Users/cmuir/P1Import-apps/P1-import-Subsystem/node_modules/jest-circus/build/jestAdapterInit.js:1499:10)
    at _callCircusHook (/Users/cmuir/P1Import-apps/P1-import-Subsystem/node_modules/jest-circus/build/jestAdapterInit.js:978:40)
    at _runTest (/Users/cmuir/P1Import-apps/P1-import-Subsystem/node_modules/jest-circus/build/jestAdapterInit.js:943:5)
    at _runTestsForDescribeBlock (/Users/cmuir/P1Import-apps/P1-import-Subsystem/node_modules/jest-circus/build/jestAdapterInit.js:839:13)
    at _runTestsForDescribeBlock (/Users/cmuir/P1Import-apps/P1-import-Subsystem/node_modules/jest-circus/build/jestAdapterInit.js:829:11)
    at _runTestsForDescribeBlock (/Users/cmuir/P1Import-apps/P1-import-Subsystem/node_modules/jest-circus/build/jestAdapterInit.js:829:11)
    at run (/Users/cmuir/P1Import-apps/P1-import-Subsystem/node_modules/jest-circus/build/jestAdapterInit.js:757:3)
    at runAndTransformResultsToJestFormat (/Users/cmuir/P1Import-apps/P1-import-Subsystem/node_modules/jest-circus/build/jestAdapterInit.js:1920:21)
    at jestAdapter (/Users/cmuir/P1Import-apps/P1-import-Subsystem/node_modules/jest-circus/build/runner.js:101:19)
    at runTestInternal (/Users/cmuir/P1Import-apps/P1-import-Subsystem/node_modules/jest-runner/build/index.js:275:16)
    at runTest (/Users/cmuir/P1Import-apps/P1-import-Subsystem/node_modules/jest-runner/build/index.js:343:7)</failure>
    </testcase>
    <testcase classname="ðŸ“ File Handler Test Suite â€º ðŸ” File Validation" name="should return the correct file extension" time="0.001">
      <failure>ReferenceError: jest is not defined
    at Object.&lt;anonymous&gt; (/Users/cmuir/P1Import-apps/P1-import-Subsystem/test/unit/file-handler.test.mjs:167:13)
    at Promise.finally.completed (/Users/cmuir/P1Import-apps/P1-import-Subsystem/node_modules/jest-circus/build/jestAdapterInit.js:1559:28)
    at new Promise (&lt;anonymous&gt;)
    at callAsyncCircusFn (/Users/cmuir/P1Import-apps/P1-import-Subsystem/node_modules/jest-circus/build/jestAdapterInit.js:1499:10)
    at _callCircusHook (/Users/cmuir/P1Import-apps/P1-import-Subsystem/node_modules/jest-circus/build/jestAdapterInit.js:978:40)
    at _runTest (/Users/cmuir/P1Import-apps/P1-import-Subsystem/node_modules/jest-circus/build/jestAdapterInit.js:943:5)
    at _runTestsForDescribeBlock (/Users/cmuir/P1Import-apps/P1-import-Subsystem/node_modules/jest-circus/build/jestAdapterInit.js:839:13)
    at _runTestsForDescribeBlock (/Users/cmuir/P1Import-apps/P1-import-Subsystem/node_modules/jest-circus/build/jestAdapterInit.js:829:11)
    at _runTestsForDescribeBlock (/Users/cmuir/P1Import-apps/P1-import-Subsystem/node_modules/jest-circus/build/jestAdapterInit.js:829:11)
    at run (/Users/cmuir/P1Import-apps/P1-import-Subsystem/node_modules/jest-circus/build/jestAdapterInit.js:757:3)
    at runAndTransformResultsToJestFormat (/Users/cmuir/P1Import-apps/P1-import-Subsystem/node_modules/jest-circus/build/jestAdapterInit.js:1920:21)
    at jestAdapter (/Users/cmuir/P1Import-apps/P1-import-Subsystem/node_modules/jest-circus/build/runner.js:101:19)
    at runTestInternal (/Users/cmuir/P1Import-apps/P1-import-Subsystem/node_modules/jest-runner/build/index.js:275:16)
    at runTest (/Users/cmuir/P1Import-apps/P1-import-Subsystem/node_modules/jest-runner/build/index.js:343:7)</failure>
    </testcase>
    <testcase classname="ðŸ“ File Handler Test Suite â€º ðŸ” File Validation" name="should validate file type correctly" time="0.001">
      <failure>ReferenceError: jest is not defined
    at Object.&lt;anonymous&gt; (/Users/cmuir/P1Import-apps/P1-import-Subsystem/test/unit/file-handler.test.mjs:167:13)
    at Promise.finally.completed (/Users/cmuir/P1Import-apps/P1-import-Subsystem/node_modules/jest-circus/build/jestAdapterInit.js:1559:28)
    at new Promise (&lt;anonymous&gt;)
    at callAsyncCircusFn (/Users/cmuir/P1Import-apps/P1-import-Subsystem/node_modules/jest-circus/build/jestAdapterInit.js:1499:10)
    at _callCircusHook (/Users/cmuir/P1Import-apps/P1-import-Subsystem/node_modules/jest-circus/build/jestAdapterInit.js:978:40)
    at _runTest (/Users/cmuir/P1Import-apps/P1-import-Subsystem/node_modules/jest-circus/build/jestAdapterInit.js:943:5)
    at _runTestsForDescribeBlock (/Users/cmuir/P1Import-apps/P1-import-Subsystem/node_modules/jest-circus/build/jestAdapterInit.js:839:13)
    at _runTestsForDescribeBlock (/Users/cmuir/P1Import-apps/P1-import-Subsystem/node_modules/jest-circus/build/jestAdapterInit.js:829:11)
    at _runTestsForDescribeBlock (/Users/cmuir/P1Import-apps/P1-import-Subsystem/node_modules/jest-circus/build/jestAdapterInit.js:829:11)
    at run (/Users/cmuir/P1Import-apps/P1-import-Subsystem/node_modules/jest-circus/build/jestAdapterInit.js:757:3)
    at runAndTransformResultsToJestFormat (/Users/cmuir/P1Import-apps/P1-import-Subsystem/node_modules/jest-circus/build/jestAdapterInit.js:1920:21)
    at jestAdapter (/Users/cmuir/P1Import-apps/P1-import-Subsystem/node_modules/jest-circus/build/runner.js:101:19)
    at runTestInternal (/Users/cmuir/P1Import-apps/P1-import-Subsystem/node_modules/jest-runner/build/index.js:275:16)
    at runTest (/Users/cmuir/P1Import-apps/P1-import-Subsystem/node_modules/jest-runner/build/index.js:343:7)</failure>
    </testcase>
    <testcase classname="ðŸ“ File Handler Test Suite â€º ðŸ” File Validation" name="should handle missing file" time="0.001">
      <failure>ReferenceError: jest is not defined
    at Object.&lt;anonymous&gt; (/Users/cmuir/P1Import-apps/P1-import-Subsystem/test/unit/file-handler.test.mjs:167:13)
    at Promise.finally.completed (/Users/cmuir/P1Import-apps/P1-import-Subsystem/node_modules/jest-circus/build/jestAdapterInit.js:1559:28)
    at new Promise (&lt;anonymous&gt;)
    at callAsyncCircusFn (/Users/cmuir/P1Import-apps/P1-import-Subsystem/node_modules/jest-circus/build/jestAdapterInit.js:1499:10)
    at _callCircusHook (/Users/cmuir/P1Import-apps/P1-import-Subsystem/node_modules/jest-circus/build/jestAdapterInit.js:978:40)
    at _runTest (/Users/cmuir/P1Import-apps/P1-import-Subsystem/node_modules/jest-circus/build/jestAdapterInit.js:943:5)
    at _runTestsForDescribeBlock (/Users/cmuir/P1Import-apps/P1-import-Subsystem/node_modules/jest-circus/build/jestAdapterInit.js:839:13)
    at _runTestsForDescribeBlock (/Users/cmuir/P1Import-apps/P1-import-Subsystem/node_modules/jest-circus/build/jestAdapterInit.js:829:11)
    at _runTestsForDescribeBlock (/Users/cmuir/P1Import-apps/P1-import-Subsystem/node_modules/jest-circus/build/jestAdapterInit.js:829:11)
    at run (/Users/cmuir/P1Import-apps/P1-import-Subsystem/node_modules/jest-circus/build/jestAdapterInit.js:757:3)
    at runAndTransformResultsToJestFormat (/Users/cmuir/P1Import-apps/P1-import-Subsystem/node_modules/jest-circus/build/jestAdapterInit.js:1920:21)
    at jestAdapter (/Users/cmuir/P1Import-apps/P1-import-Subsystem/node_modules/jest-circus/build/runner.js:101:19)
    at runTestInternal (/Users/cmuir/P1Import-apps/P1-import-Subsystem/node_modules/jest-runner/build/index.js:275:16)
    at runTest (/Users/cmuir/P1Import-apps/P1-import-Subsystem/node_modules/jest-runner/build/index.js:343:7)</failure>
    </testcase>
    <testcase classname="ðŸ“ File Handler Test Suite â€º ðŸ“Š CSV Parsing" name="should parse CSV content correctly" time="0.001">
      <failure>ReferenceError: jest is not defined
    at Object.&lt;anonymous&gt; (/Users/cmuir/P1Import-apps/P1-import-Subsystem/test/unit/file-handler.test.mjs:167:13)
    at Promise.finally.completed (/Users/cmuir/P1Import-apps/P1-import-Subsystem/node_modules/jest-circus/build/jestAdapterInit.js:1559:28)
    at new Promise (&lt;anonymous&gt;)
    at callAsyncCircusFn (/Users/cmuir/P1Import-apps/P1-import-Subsystem/node_modules/jest-circus/build/jestAdapterInit.js:1499:10)
    at _callCircusHook (/Users/cmuir/P1Import-apps/P1-import-Subsystem/node_modules/jest-circus/build/jestAdapterInit.js:978:40)
    at _runTest (/Users/cmuir/P1Import-apps/P1-import-Subsystem/node_modules/jest-circus/build/jestAdapterInit.js:943:5)
    at _runTestsForDescribeBlock (/Users/cmuir/P1Import-apps/P1-import-Subsystem/node_modules/jest-circus/build/jestAdapterInit.js:839:13)
    at _runTestsForDescribeBlock (/Users/cmuir/P1Import-apps/P1-import-Subsystem/node_modules/jest-circus/build/jestAdapterInit.js:829:11)
    at _runTestsForDescribeBlock (/Users/cmuir/P1Import-apps/P1-import-Subsystem/node_modules/jest-circus/build/jestAdapterInit.js:829:11)
    at run (/Users/cmuir/P1Import-apps/P1-import-Subsystem/node_modules/jest-circus/build/jestAdapterInit.js:757:3)
    at runAndTransformResultsToJestFormat (/Users/cmuir/P1Import-apps/P1-import-Subsystem/node_modules/jest-circus/build/jestAdapterInit.js:1920:21)
    at jestAdapter (/Users/cmuir/P1Import-apps/P1-import-Subsystem/node_modules/jest-circus/build/runner.js:101:19)
    at runTestInternal (/Users/cmuir/P1Import-apps/P1-import-Subsystem/node_modules/jest-runner/build/index.js:275:16)
    at runTest (/Users/cmuir/P1Import-apps/P1-import-Subsystem/node_modules/jest-runner/build/index.js:343:7)</failure>
    </testcase>
    <testcase classname="ðŸ“ File Handler Test Suite â€º ðŸ“Š CSV Parsing" name="should handle empty CSV content" time="0.002">
      <failure>ReferenceError: jest is not defined
    at Object.&lt;anonymous&gt; (/Users/cmuir/P1Import-apps/P1-import-Subsystem/test/unit/file-handler.test.mjs:167:13)
    at Promise.finally.completed (/Users/cmuir/P1Import-apps/P1-import-Subsystem/node_modules/jest-circus/build/jestAdapterInit.js:1559:28)
    at new Promise (&lt;anonymous&gt;)
    at callAsyncCircusFn (/Users/cmuir/P1Import-apps/P1-import-Subsystem/node_modules/jest-circus/build/jestAdapterInit.js:1499:10)
    at _callCircusHook (/Users/cmuir/P1Import-apps/P1-import-Subsystem/node_modules/jest-circus/build/jestAdapterInit.js:978:40)
    at _runTest (/Users/cmuir/P1Import-apps/P1-import-Subsystem/node_modules/jest-circus/build/jestAdapterInit.js:943:5)
    at _runTestsForDescribeBlock (/Users/cmuir/P1Import-apps/P1-import-Subsystem/node_modules/jest-circus/build/jestAdapterInit.js:839:13)
    at _runTestsForDescribeBlock (/Users/cmuir/P1Import-apps/P1-import-Subsystem/node_modules/jest-circus/build/jestAdapterInit.js:829:11)
    at _runTestsForDescribeBlock (/Users/cmuir/P1Import-apps/P1-import-Subsystem/node_modules/jest-circus/build/jestAdapterInit.js:829:11)
    at run (/Users/cmuir/P1Import-apps/P1-import-Subsystem/node_modules/jest-circus/build/jestAdapterInit.js:757:3)
    at runAndTransformResultsToJestFormat (/Users/cmuir/P1Import-apps/P1-import-Subsystem/node_modules/jest-circus/build/jestAdapterInit.js:1920:21)
    at jestAdapter (/Users/cmuir/P1Import-apps/P1-import-Subsystem/node_modules/jest-circus/build/runner.js:101:19)
    at runTestInternal (/Users/cmuir/P1Import-apps/P1-import-Subsystem/node_modules/jest-runner/build/index.js:275:16)
    at runTest (/Users/cmuir/P1Import-apps/P1-import-Subsystem/node_modules/jest-runner/build/index.js:343:7)</failure>
    </testcase>
    <testcase classname="ðŸ“ File Handler Test Suite â€º ðŸ“Š CSV Parsing" name="should handle CSV with only headers" time="0.001">
      <failure>ReferenceError: jest is not defined
    at Object.&lt;anonymous&gt; (/Users/cmuir/P1Import-apps/P1-import-Subsystem/test/unit/file-handler.test.mjs:167:13)
    at Promise.finally.completed (/Users/cmuir/P1Import-apps/P1-import-Subsystem/node_modules/jest-circus/build/jestAdapterInit.js:1559:28)
    at new Promise (&lt;anonymous&gt;)
    at callAsyncCircusFn (/Users/cmuir/P1Import-apps/P1-import-Subsystem/node_modules/jest-circus/build/jestAdapterInit.js:1499:10)
    at _callCircusHook (/Users/cmuir/P1Import-apps/P1-import-Subsystem/node_modules/jest-circus/build/jestAdapterInit.js:978:40)
    at _runTest (/Users/cmuir/P1Import-apps/P1-import-Subsystem/node_modules/jest-circus/build/jestAdapterInit.js:943:5)
    at _runTestsForDescribeBlock (/Users/cmuir/P1Import-apps/P1-import-Subsystem/node_modules/jest-circus/build/jestAdapterInit.js:839:13)
    at _runTestsForDescribeBlock (/Users/cmuir/P1Import-apps/P1-import-Subsystem/node_modules/jest-circus/build/jestAdapterInit.js:829:11)
    at _runTestsForDescribeBlock (/Users/cmuir/P1Import-apps/P1-import-Subsystem/node_modules/jest-circus/build/jestAdapterInit.js:829:11)
    at run (/Users/cmuir/P1Import-apps/P1-import-Subsystem/node_modules/jest-circus/build/jestAdapterInit.js:757:3)
    at runAndTransformResultsToJestFormat (/Users/cmuir/P1Import-apps/P1-import-Subsystem/node_modules/jest-circus/build/jestAdapterInit.js:1920:21)
    at jestAdapter (/Users/cmuir/P1Import-apps/P1-import-Subsystem/node_modules/jest-circus/build/runner.js:101:19)
    at runTestInternal (/Users/cmuir/P1Import-apps/P1-import-Subsystem/node_modules/jest-runner/build/index.js:275:16)
    at runTest (/Users/cmuir/P1Import-apps/P1-import-Subsystem/node_modules/jest-runner/build/index.js:343:7)</failure>
    </testcase>
    <testcase classname="ðŸ“ File Handler Test Suite â€º ðŸ“Š CSV Parsing" name="should handle malformed CSV" time="0.001">
      <failure>ReferenceError: jest is not defined
    at Object.&lt;anonymous&gt; (/Users/cmuir/P1Import-apps/P1-import-Subsystem/test/unit/file-handler.test.mjs:167:13)
    at Promise.finally.completed (/Users/cmuir/P1Import-apps/P1-import-Subsystem/node_modules/jest-circus/build/jestAdapterInit.js:1559:28)
    at new Promise (&lt;anonymous&gt;)
    at callAsyncCircusFn (/Users/cmuir/P1Import-apps/P1-import-Subsystem/node_modules/jest-circus/build/jestAdapterInit.js:1499:10)
    at _callCircusHook (/Users/cmuir/P1Import-apps/P1-import-Subsystem/node_modules/jest-circus/build/jestAdapterInit.js:978:40)
    at _runTest (/Users/cmuir/P1Import-apps/P1-import-Subsystem/node_modules/jest-circus/build/jestAdapterInit.js:943:5)
    at _runTestsForDescribeBlock (/Users/cmuir/P1Import-apps/P1-import-Subsystem/node_modules/jest-circus/build/jestAdapterInit.js:839:13)
    at _runTestsForDescribeBlock (/Users/cmuir/P1Import-apps/P1-import-Subsystem/node_modules/jest-circus/build/jestAdapterInit.js:829:11)
    at _runTestsForDescribeBlock (/Users/cmuir/P1Import-apps/P1-import-Subsystem/node_modules/jest-circus/build/jestAdapterInit.js:829:11)
    at run (/Users/cmuir/P1Import-apps/P1-import-Subsystem/node_modules/jest-circus/build/jestAdapterInit.js:757:3)
    at runAndTransformResultsToJestFormat (/Users/cmuir/P1Import-apps/P1-import-Subsystem/node_modules/jest-circus/build/jestAdapterInit.js:1920:21)
    at jestAdapter (/Users/cmuir/P1Import-apps/P1-import-Subsystem/node_modules/jest-circus/build/runner.js:101:19)
    at runTestInternal (/Users/cmuir/P1Import-apps/P1-import-Subsystem/node_modules/jest-runner/build/index.js:275:16)
    at runTest (/Users/cmuir/P1Import-apps/P1-import-Subsystem/node_modules/jest-runner/build/index.js:343:7)</failure>
    </testcase>
  </testsuite>
  <testsuite name="test/ui/settings-page.test.mjs" errors="0" failures="2" skipped="0" timestamp="2025-08-06T21:36:34" time="0.141" tests="4">
    <testcase classname="Settings Page UI Tests â€º Settings Page Accessibility" name="should serve settings page at /test-settings.html" time="0.011">
      <failure>Error: expect(received).toBe(expected) // Object.is equality

Expected: 200
Received: 404
    at Object.&lt;anonymous&gt; (/Users/cmuir/P1Import-apps/P1-import-Subsystem/test/ui/settings-page.test.mjs:77:41)
    at processTicksAndRejections (node:internal/process/task_queues:105:5)</failure>
    </testcase>
    <testcase classname="Settings Page UI Tests â€º Settings API Integration" name="should handle settings GET requests" time="0.014">
    </testcase>
    <testcase classname="Settings Page UI Tests â€º Settings API Integration" name="should handle settings POST requests" time="0.008">
    </testcase>
    <testcase classname="Settings Page UI Tests â€º UI Components" name="should include all required form elements" time="0.006">
      <failure>Error: expect(received).toContain(expected) // indexOf

Expected substring: &quot;id=\&quot;apiClientId\&quot;&quot;
Received string:    &quot;{\&quot;success\&quot;:false,\&quot;error\&quot;:{\&quot;message\&quot;:\&quot;Resource not found\&quot;,\&quot;code\&quot;:\&quot;NOT_FOUND\&quot;,\&quot;details\&quot;:{},\&quot;timestamp\&quot;:\&quot;2025-08-06T21:36:34.628Z\&quot;}}&quot;
    at Object.&lt;anonymous&gt; (/Users/cmuir/P1Import-apps/P1-import-Subsystem/test/ui/settings-page.test.mjs:218:33)
    at processTicksAndRejections (node:internal/process/task_queues:105:5)</failure>
    </testcase>
  </testsuite>
  <testsuite name="test/ui/drag-drop-pages-specific.test.mjs" errors="0" failures="0" skipped="0" timestamp="2025-08-06T21:36:34" time="0.125" tests="14">
    <testcase classname="ðŸ“„ Page-Specific Drag and Drop Tests â€º ðŸ“¥ Import Page Drag and Drop" name="should handle CSV file drag and drop on import page" time="0.007">
    </testcase>
    <testcase classname="ðŸ“„ Page-Specific Drag and Drop Tests â€º ðŸ“¥ Import Page Drag and Drop" name="should reject invalid files on import page" time="0.001">
    </testcase>
    <testcase classname="ðŸ“„ Page-Specific Drag and Drop Tests â€º âœï¸ Modify Page Drag and Drop" name="should handle CSV file drag and drop on modify page" time="0.003">
    </testcase>
    <testcase classname="ðŸ“„ Page-Specific Drag and Drop Tests â€º âœï¸ Modify Page Drag and Drop" name="should reject invalid files on modify page" time="0.001">
    </testcase>
    <testcase classname="ðŸ“„ Page-Specific Drag and Drop Tests â€º âœï¸ Modify Page Drag and Drop" name="should validate modify-specific file requirements" time="0.001">
    </testcase>
    <testcase classname="ðŸ“„ Page-Specific Drag and Drop Tests â€º ðŸ—‘ï¸ Delete Page Drag and Drop" name="should handle CSV file drag and drop on delete page" time="0.003">
    </testcase>
    <testcase classname="ðŸ“„ Page-Specific Drag and Drop Tests â€º ðŸ—‘ï¸ Delete Page Drag and Drop" name="should reject invalid files on delete page" time="0.001">
    </testcase>
    <testcase classname="ðŸ“„ Page-Specific Drag and Drop Tests â€º ðŸ—‘ï¸ Delete Page Drag and Drop" name="should validate delete-specific file requirements" time="0.001">
    </testcase>
    <testcase classname="ðŸ“„ Page-Specific Drag and Drop Tests â€º ðŸ—‘ï¸ Delete Page Drag and Drop" name="should show warning for delete operations" time="0.001">
    </testcase>
    <testcase classname="ðŸ“„ Page-Specific Drag and Drop Tests â€º ðŸ”„ Cross-Page Drag and Drop Behavior" name="should handle different file types across pages" time="0.003">
    </testcase>
    <testcase classname="ðŸ“„ Page-Specific Drag and Drop Tests â€º ðŸ”„ Cross-Page Drag and Drop Behavior" name="should maintain page-specific visual feedback" time="0.002">
    </testcase>
    <testcase classname="ðŸ“„ Page-Specific Drag and Drop Tests â€º ðŸ”„ Cross-Page Drag and Drop Behavior" name="should prevent cross-page file confusion" time="0.001">
    </testcase>
    <testcase classname="ðŸ“„ Page-Specific Drag and Drop Tests â€º ðŸ”§ Page-Specific Integration Tests" name="should integrate with appropriate APIs for each page" time="0.018">
    </testcase>
    <testcase classname="ðŸ“„ Page-Specific Drag and Drop Tests â€º ðŸ”§ Page-Specific Integration Tests" name="should handle page-specific file processing workflows" time="0.002">
    </testcase>
  </testsuite>
  <testsuite name="test/ui/drag-drop-functionality.test.mjs" errors="0" failures="16" skipped="0" timestamp="2025-08-06T21:36:34" time="0.127" tests="16">
    <testcase classname="ðŸŽ¯ Drag and Drop Functionality Tests â€º ðŸ“„ Import Page Drag and Drop" name="should handle valid CSV file drag and drop" time="0">
      <failure>ReferenceError: jest is not defined
    at Object.&lt;anonymous&gt; (/Users/cmuir/P1Import-apps/P1-import-Subsystem/test/ui/drag-drop-functionality.test.mjs:188:9)
    at Promise.finally.completed (/Users/cmuir/P1Import-apps/P1-import-Subsystem/node_modules/jest-circus/build/jestAdapterInit.js:1559:28)
    at new Promise (&lt;anonymous&gt;)
    at callAsyncCircusFn (/Users/cmuir/P1Import-apps/P1-import-Subsystem/node_modules/jest-circus/build/jestAdapterInit.js:1499:10)
    at _callCircusHook (/Users/cmuir/P1Import-apps/P1-import-Subsystem/node_modules/jest-circus/build/jestAdapterInit.js:978:40)
    at processTicksAndRejections (node:internal/process/task_queues:105:5)
    at _runTest (/Users/cmuir/P1Import-apps/P1-import-Subsystem/node_modules/jest-circus/build/jestAdapterInit.js:943:5)
    at _runTestsForDescribeBlock (/Users/cmuir/P1Import-apps/P1-import-Subsystem/node_modules/jest-circus/build/jestAdapterInit.js:839:13)
    at _runTestsForDescribeBlock (/Users/cmuir/P1Import-apps/P1-import-Subsystem/node_modules/jest-circus/build/jestAdapterInit.js:829:11)
    at _runTestsForDescribeBlock (/Users/cmuir/P1Import-apps/P1-import-Subsystem/node_modules/jest-circus/build/jestAdapterInit.js:829:11)
    at run (/Users/cmuir/P1Import-apps/P1-import-Subsystem/node_modules/jest-circus/build/jestAdapterInit.js:757:3)
    at runAndTransformResultsToJestFormat (/Users/cmuir/P1Import-apps/P1-import-Subsystem/node_modules/jest-circus/build/jestAdapterInit.js:1920:21)
    at jestAdapter (/Users/cmuir/P1Import-apps/P1-import-Subsystem/node_modules/jest-circus/build/runner.js:101:19)
    at runTestInternal (/Users/cmuir/P1Import-apps/P1-import-Subsystem/node_modules/jest-runner/build/index.js:275:16)
    at runTest (/Users/cmuir/P1Import-apps/P1-import-Subsystem/node_modules/jest-runner/build/index.js:343:7)</failure>
    </testcase>
    <testcase classname="ðŸŽ¯ Drag and Drop Functionality Tests â€º ðŸ“„ Import Page Drag and Drop" name="should reject invalid file types in drag and drop" time="0">
      <failure>ReferenceError: jest is not defined
    at Object.&lt;anonymous&gt; (/Users/cmuir/P1Import-apps/P1-import-Subsystem/test/ui/drag-drop-functionality.test.mjs:188:9)
    at Promise.finally.completed (/Users/cmuir/P1Import-apps/P1-import-Subsystem/node_modules/jest-circus/build/jestAdapterInit.js:1559:28)
    at new Promise (&lt;anonymous&gt;)
    at callAsyncCircusFn (/Users/cmuir/P1Import-apps/P1-import-Subsystem/node_modules/jest-circus/build/jestAdapterInit.js:1499:10)
    at _callCircusHook (/Users/cmuir/P1Import-apps/P1-import-Subsystem/node_modules/jest-circus/build/jestAdapterInit.js:978:40)
    at processTicksAndRejections (node:internal/process/task_queues:105:5)
    at _runTest (/Users/cmuir/P1Import-apps/P1-import-Subsystem/node_modules/jest-circus/build/jestAdapterInit.js:943:5)
    at _runTestsForDescribeBlock (/Users/cmuir/P1Import-apps/P1-import-Subsystem/node_modules/jest-circus/build/jestAdapterInit.js:839:13)
    at _runTestsForDescribeBlock (/Users/cmuir/P1Import-apps/P1-import-Subsystem/node_modules/jest-circus/build/jestAdapterInit.js:829:11)
    at _runTestsForDescribeBlock (/Users/cmuir/P1Import-apps/P1-import-Subsystem/node_modules/jest-circus/build/jestAdapterInit.js:829:11)
    at run (/Users/cmuir/P1Import-apps/P1-import-Subsystem/node_modules/jest-circus/build/jestAdapterInit.js:757:3)
    at runAndTransformResultsToJestFormat (/Users/cmuir/P1Import-apps/P1-import-Subsystem/node_modules/jest-circus/build/jestAdapterInit.js:1920:21)
    at jestAdapter (/Users/cmuir/P1Import-apps/P1-import-Subsystem/node_modules/jest-circus/build/runner.js:101:19)
    at runTestInternal (/Users/cmuir/P1Import-apps/P1-import-Subsystem/node_modules/jest-runner/build/index.js:275:16)
    at runTest (/Users/cmuir/P1Import-apps/P1-import-Subsystem/node_modules/jest-runner/build/index.js:343:7)</failure>
    </testcase>
    <testcase classname="ðŸŽ¯ Drag and Drop Functionality Tests â€º ðŸ“„ Import Page Drag and Drop" name="should handle empty file drag and drop" time="0.001">
      <failure>ReferenceError: jest is not defined
    at Object.&lt;anonymous&gt; (/Users/cmuir/P1Import-apps/P1-import-Subsystem/test/ui/drag-drop-functionality.test.mjs:188:9)
    at Promise.finally.completed (/Users/cmuir/P1Import-apps/P1-import-Subsystem/node_modules/jest-circus/build/jestAdapterInit.js:1559:28)
    at new Promise (&lt;anonymous&gt;)
    at callAsyncCircusFn (/Users/cmuir/P1Import-apps/P1-import-Subsystem/node_modules/jest-circus/build/jestAdapterInit.js:1499:10)
    at _callCircusHook (/Users/cmuir/P1Import-apps/P1-import-Subsystem/node_modules/jest-circus/build/jestAdapterInit.js:978:40)
    at processTicksAndRejections (node:internal/process/task_queues:105:5)
    at _runTest (/Users/cmuir/P1Import-apps/P1-import-Subsystem/node_modules/jest-circus/build/jestAdapterInit.js:943:5)
    at _runTestsForDescribeBlock (/Users/cmuir/P1Import-apps/P1-import-Subsystem/node_modules/jest-circus/build/jestAdapterInit.js:839:13)
    at _runTestsForDescribeBlock (/Users/cmuir/P1Import-apps/P1-import-Subsystem/node_modules/jest-circus/build/jestAdapterInit.js:829:11)
    at _runTestsForDescribeBlock (/Users/cmuir/P1Import-apps/P1-import-Subsystem/node_modules/jest-circus/build/jestAdapterInit.js:829:11)
    at run (/Users/cmuir/P1Import-apps/P1-import-Subsystem/node_modules/jest-circus/build/jestAdapterInit.js:757:3)
    at runAndTransformResultsToJestFormat (/Users/cmuir/P1Import-apps/P1-import-Subsystem/node_modules/jest-circus/build/jestAdapterInit.js:1920:21)
    at jestAdapter (/Users/cmuir/P1Import-apps/P1-import-Subsystem/node_modules/jest-circus/build/runner.js:101:19)
    at runTestInternal (/Users/cmuir/P1Import-apps/P1-import-Subsystem/node_modules/jest-runner/build/index.js:275:16)
    at runTest (/Users/cmuir/P1Import-apps/P1-import-Subsystem/node_modules/jest-runner/build/index.js:343:7)</failure>
    </testcase>
    <testcase classname="ðŸŽ¯ Drag and Drop Functionality Tests â€º ðŸ“„ Import Page Drag and Drop" name="should handle oversized file drag and drop" time="0">
      <failure>ReferenceError: jest is not defined
    at Object.&lt;anonymous&gt; (/Users/cmuir/P1Import-apps/P1-import-Subsystem/test/ui/drag-drop-functionality.test.mjs:188:9)
    at Promise.finally.completed (/Users/cmuir/P1Import-apps/P1-import-Subsystem/node_modules/jest-circus/build/jestAdapterInit.js:1559:28)
    at new Promise (&lt;anonymous&gt;)
    at callAsyncCircusFn (/Users/cmuir/P1Import-apps/P1-import-Subsystem/node_modules/jest-circus/build/jestAdapterInit.js:1499:10)
    at _callCircusHook (/Users/cmuir/P1Import-apps/P1-import-Subsystem/node_modules/jest-circus/build/jestAdapterInit.js:978:40)
    at processTicksAndRejections (node:internal/process/task_queues:105:5)
    at _runTest (/Users/cmuir/P1Import-apps/P1-import-Subsystem/node_modules/jest-circus/build/jestAdapterInit.js:943:5)
    at _runTestsForDescribeBlock (/Users/cmuir/P1Import-apps/P1-import-Subsystem/node_modules/jest-circus/build/jestAdapterInit.js:839:13)
    at _runTestsForDescribeBlock (/Users/cmuir/P1Import-apps/P1-import-Subsystem/node_modules/jest-circus/build/jestAdapterInit.js:829:11)
    at _runTestsForDescribeBlock (/Users/cmuir/P1Import-apps/P1-import-Subsystem/node_modules/jest-circus/build/jestAdapterInit.js:829:11)
    at run (/Users/cmuir/P1Import-apps/P1-import-Subsystem/node_modules/jest-circus/build/jestAdapterInit.js:757:3)
    at runAndTransformResultsToJestFormat (/Users/cmuir/P1Import-apps/P1-import-Subsystem/node_modules/jest-circus/build/jestAdapterInit.js:1920:21)
    at jestAdapter (/Users/cmuir/P1Import-apps/P1-import-Subsystem/node_modules/jest-circus/build/runner.js:101:19)
    at runTestInternal (/Users/cmuir/P1Import-apps/P1-import-Subsystem/node_modules/jest-runner/build/index.js:275:16)
    at runTest (/Users/cmuir/P1Import-apps/P1-import-Subsystem/node_modules/jest-runner/build/index.js:343:7)</failure>
    </testcase>
    <testcase classname="ðŸŽ¯ Drag and Drop Functionality Tests â€º ðŸ“„ Import Page Drag and Drop" name="should handle multiple file drag and drop" time="0.001">
      <failure>ReferenceError: jest is not defined
    at Object.&lt;anonymous&gt; (/Users/cmuir/P1Import-apps/P1-import-Subsystem/test/ui/drag-drop-functionality.test.mjs:188:9)
    at Promise.finally.completed (/Users/cmuir/P1Import-apps/P1-import-Subsystem/node_modules/jest-circus/build/jestAdapterInit.js:1559:28)
    at new Promise (&lt;anonymous&gt;)
    at callAsyncCircusFn (/Users/cmuir/P1Import-apps/P1-import-Subsystem/node_modules/jest-circus/build/jestAdapterInit.js:1499:10)
    at _callCircusHook (/Users/cmuir/P1Import-apps/P1-import-Subsystem/node_modules/jest-circus/build/jestAdapterInit.js:978:40)
    at processTicksAndRejections (node:internal/process/task_queues:105:5)
    at _runTest (/Users/cmuir/P1Import-apps/P1-import-Subsystem/node_modules/jest-circus/build/jestAdapterInit.js:943:5)
    at _runTestsForDescribeBlock (/Users/cmuir/P1Import-apps/P1-import-Subsystem/node_modules/jest-circus/build/jestAdapterInit.js:839:13)
    at _runTestsForDescribeBlock (/Users/cmuir/P1Import-apps/P1-import-Subsystem/node_modules/jest-circus/build/jestAdapterInit.js:829:11)
    at _runTestsForDescribeBlock (/Users/cmuir/P1Import-apps/P1-import-Subsystem/node_modules/jest-circus/build/jestAdapterInit.js:829:11)
    at run (/Users/cmuir/P1Import-apps/P1-import-Subsystem/node_modules/jest-circus/build/jestAdapterInit.js:757:3)
    at runAndTransformResultsToJestFormat (/Users/cmuir/P1Import-apps/P1-import-Subsystem/node_modules/jest-circus/build/jestAdapterInit.js:1920:21)
    at jestAdapter (/Users/cmuir/P1Import-apps/P1-import-Subsystem/node_modules/jest-circus/build/runner.js:101:19)
    at runTestInternal (/Users/cmuir/P1Import-apps/P1-import-Subsystem/node_modules/jest-runner/build/index.js:275:16)
    at runTest (/Users/cmuir/P1Import-apps/P1-import-Subsystem/node_modules/jest-runner/build/index.js:343:7)</failure>
    </testcase>
    <testcase classname="ðŸŽ¯ Drag and Drop Functionality Tests â€º ðŸŽ¨ Visual Feedback and UI States" name="should provide visual feedback during drag operations" time="0.002">
      <failure>ReferenceError: jest is not defined
    at Object.&lt;anonymous&gt; (/Users/cmuir/P1Import-apps/P1-import-Subsystem/test/ui/drag-drop-functionality.test.mjs:188:9)
    at Promise.finally.completed (/Users/cmuir/P1Import-apps/P1-import-Subsystem/node_modules/jest-circus/build/jestAdapterInit.js:1559:28)
    at new Promise (&lt;anonymous&gt;)
    at callAsyncCircusFn (/Users/cmuir/P1Import-apps/P1-import-Subsystem/node_modules/jest-circus/build/jestAdapterInit.js:1499:10)
    at _callCircusHook (/Users/cmuir/P1Import-apps/P1-import-Subsystem/node_modules/jest-circus/build/jestAdapterInit.js:978:40)
    at processTicksAndRejections (node:internal/process/task_queues:105:5)
    at _runTest (/Users/cmuir/P1Import-apps/P1-import-Subsystem/node_modules/jest-circus/build/jestAdapterInit.js:943:5)
    at _runTestsForDescribeBlock (/Users/cmuir/P1Import-apps/P1-import-Subsystem/node_modules/jest-circus/build/jestAdapterInit.js:839:13)
    at _runTestsForDescribeBlock (/Users/cmuir/P1Import-apps/P1-import-Subsystem/node_modules/jest-circus/build/jestAdapterInit.js:829:11)
    at _runTestsForDescribeBlock (/Users/cmuir/P1Import-apps/P1-import-Subsystem/node_modules/jest-circus/build/jestAdapterInit.js:829:11)
    at run (/Users/cmuir/P1Import-apps/P1-import-Subsystem/node_modules/jest-circus/build/jestAdapterInit.js:757:3)
    at runAndTransformResultsToJestFormat (/Users/cmuir/P1Import-apps/P1-import-Subsystem/node_modules/jest-circus/build/jestAdapterInit.js:1920:21)
    at jestAdapter (/Users/cmuir/P1Import-apps/P1-import-Subsystem/node_modules/jest-circus/build/runner.js:101:19)
    at runTestInternal (/Users/cmuir/P1Import-apps/P1-import-Subsystem/node_modules/jest-runner/build/index.js:275:16)
    at runTest (/Users/cmuir/P1Import-apps/P1-import-Subsystem/node_modules/jest-runner/build/index.js:343:7)</failure>
    </testcase>
    <testcase classname="ðŸŽ¯ Drag and Drop Functionality Tests â€º ðŸŽ¨ Visual Feedback and UI States" name="should show appropriate error states for invalid files" time="0.001">
      <failure>ReferenceError: jest is not defined
    at Object.&lt;anonymous&gt; (/Users/cmuir/P1Import-apps/P1-import-Subsystem/test/ui/drag-drop-functionality.test.mjs:188:9)
    at Promise.finally.completed (/Users/cmuir/P1Import-apps/P1-import-Subsystem/node_modules/jest-circus/build/jestAdapterInit.js:1559:28)
    at new Promise (&lt;anonymous&gt;)
    at callAsyncCircusFn (/Users/cmuir/P1Import-apps/P1-import-Subsystem/node_modules/jest-circus/build/jestAdapterInit.js:1499:10)
    at _callCircusHook (/Users/cmuir/P1Import-apps/P1-import-Subsystem/node_modules/jest-circus/build/jestAdapterInit.js:978:40)
    at processTicksAndRejections (node:internal/process/task_queues:105:5)
    at _runTest (/Users/cmuir/P1Import-apps/P1-import-Subsystem/node_modules/jest-circus/build/jestAdapterInit.js:943:5)
    at _runTestsForDescribeBlock (/Users/cmuir/P1Import-apps/P1-import-Subsystem/node_modules/jest-circus/build/jestAdapterInit.js:839:13)
    at _runTestsForDescribeBlock (/Users/cmuir/P1Import-apps/P1-import-Subsystem/node_modules/jest-circus/build/jestAdapterInit.js:829:11)
    at _runTestsForDescribeBlock (/Users/cmuir/P1Import-apps/P1-import-Subsystem/node_modules/jest-circus/build/jestAdapterInit.js:829:11)
    at run (/Users/cmuir/P1Import-apps/P1-import-Subsystem/node_modules/jest-circus/build/jestAdapterInit.js:757:3)
    at runAndTransformResultsToJestFormat (/Users/cmuir/P1Import-apps/P1-import-Subsystem/node_modules/jest-circus/build/jestAdapterInit.js:1920:21)
    at jestAdapter (/Users/cmuir/P1Import-apps/P1-import-Subsystem/node_modules/jest-circus/build/runner.js:101:19)
    at runTestInternal (/Users/cmuir/P1Import-apps/P1-import-Subsystem/node_modules/jest-runner/build/index.js:275:16)
    at runTest (/Users/cmuir/P1Import-apps/P1-import-Subsystem/node_modules/jest-runner/build/index.js:343:7)</failure>
    </testcase>
    <testcase classname="ðŸŽ¯ Drag and Drop Functionality Tests â€º ðŸŽ¨ Visual Feedback and UI States" name="should show success states for valid files" time="0">
      <failure>ReferenceError: jest is not defined
    at Object.&lt;anonymous&gt; (/Users/cmuir/P1Import-apps/P1-import-Subsystem/test/ui/drag-drop-functionality.test.mjs:188:9)
    at Promise.finally.completed (/Users/cmuir/P1Import-apps/P1-import-Subsystem/node_modules/jest-circus/build/jestAdapterInit.js:1559:28)
    at new Promise (&lt;anonymous&gt;)
    at callAsyncCircusFn (/Users/cmuir/P1Import-apps/P1-import-Subsystem/node_modules/jest-circus/build/jestAdapterInit.js:1499:10)
    at _callCircusHook (/Users/cmuir/P1Import-apps/P1-import-Subsystem/node_modules/jest-circus/build/jestAdapterInit.js:978:40)
    at processTicksAndRejections (node:internal/process/task_queues:105:5)
    at _runTest (/Users/cmuir/P1Import-apps/P1-import-Subsystem/node_modules/jest-circus/build/jestAdapterInit.js:943:5)
    at _runTestsForDescribeBlock (/Users/cmuir/P1Import-apps/P1-import-Subsystem/node_modules/jest-circus/build/jestAdapterInit.js:839:13)
    at _runTestsForDescribeBlock (/Users/cmuir/P1Import-apps/P1-import-Subsystem/node_modules/jest-circus/build/jestAdapterInit.js:829:11)
    at _runTestsForDescribeBlock (/Users/cmuir/P1Import-apps/P1-import-Subsystem/node_modules/jest-circus/build/jestAdapterInit.js:829:11)
    at run (/Users/cmuir/P1Import-apps/P1-import-Subsystem/node_modules/jest-circus/build/jestAdapterInit.js:757:3)
    at runAndTransformResultsToJestFormat (/Users/cmuir/P1Import-apps/P1-import-Subsystem/node_modules/jest-circus/build/jestAdapterInit.js:1920:21)
    at jestAdapter (/Users/cmuir/P1Import-apps/P1-import-Subsystem/node_modules/jest-circus/build/runner.js:101:19)
    at runTestInternal (/Users/cmuir/P1Import-apps/P1-import-Subsystem/node_modules/jest-runner/build/index.js:275:16)
    at runTest (/Users/cmuir/P1Import-apps/P1-import-Subsystem/node_modules/jest-runner/build/index.js:343:7)</failure>
    </testcase>
    <testcase classname="ðŸŽ¯ Drag and Drop Functionality Tests â€º ðŸ”— Integration with Backend" name="should integrate drag and drop with import API" time="0.001">
      <failure>ReferenceError: jest is not defined
    at Object.&lt;anonymous&gt; (/Users/cmuir/P1Import-apps/P1-import-Subsystem/test/ui/drag-drop-functionality.test.mjs:188:9)
    at Promise.finally.completed (/Users/cmuir/P1Import-apps/P1-import-Subsystem/node_modules/jest-circus/build/jestAdapterInit.js:1559:28)
    at new Promise (&lt;anonymous&gt;)
    at callAsyncCircusFn (/Users/cmuir/P1Import-apps/P1-import-Subsystem/node_modules/jest-circus/build/jestAdapterInit.js:1499:10)
    at _callCircusHook (/Users/cmuir/P1Import-apps/P1-import-Subsystem/node_modules/jest-circus/build/jestAdapterInit.js:978:40)
    at processTicksAndRejections (node:internal/process/task_queues:105:5)
    at _runTest (/Users/cmuir/P1Import-apps/P1-import-Subsystem/node_modules/jest-circus/build/jestAdapterInit.js:943:5)
    at _runTestsForDescribeBlock (/Users/cmuir/P1Import-apps/P1-import-Subsystem/node_modules/jest-circus/build/jestAdapterInit.js:839:13)
    at _runTestsForDescribeBlock (/Users/cmuir/P1Import-apps/P1-import-Subsystem/node_modules/jest-circus/build/jestAdapterInit.js:829:11)
    at _runTestsForDescribeBlock (/Users/cmuir/P1Import-apps/P1-import-Subsystem/node_modules/jest-circus/build/jestAdapterInit.js:829:11)
    at run (/Users/cmuir/P1Import-apps/P1-import-Subsystem/node_modules/jest-circus/build/jestAdapterInit.js:757:3)
    at runAndTransformResultsToJestFormat (/Users/cmuir/P1Import-apps/P1-import-Subsystem/node_modules/jest-circus/build/jestAdapterInit.js:1920:21)
    at jestAdapter (/Users/cmuir/P1Import-apps/P1-import-Subsystem/node_modules/jest-circus/build/runner.js:101:19)
    at runTestInternal (/Users/cmuir/P1Import-apps/P1-import-Subsystem/node_modules/jest-runner/build/index.js:275:16)
    at runTest (/Users/cmuir/P1Import-apps/P1-import-Subsystem/node_modules/jest-runner/build/index.js:343:7)</failure>
    </testcase>
    <testcase classname="ðŸŽ¯ Drag and Drop Functionality Tests â€º ðŸ”— Integration with Backend" name="should handle drag and drop file validation with server" time="0">
      <failure>ReferenceError: jest is not defined
    at Object.&lt;anonymous&gt; (/Users/cmuir/P1Import-apps/P1-import-Subsystem/test/ui/drag-drop-functionality.test.mjs:188:9)
    at Promise.finally.completed (/Users/cmuir/P1Import-apps/P1-import-Subsystem/node_modules/jest-circus/build/jestAdapterInit.js:1559:28)
    at new Promise (&lt;anonymous&gt;)
    at callAsyncCircusFn (/Users/cmuir/P1Import-apps/P1-import-Subsystem/node_modules/jest-circus/build/jestAdapterInit.js:1499:10)
    at _callCircusHook (/Users/cmuir/P1Import-apps/P1-import-Subsystem/node_modules/jest-circus/build/jestAdapterInit.js:978:40)
    at processTicksAndRejections (node:internal/process/task_queues:105:5)
    at _runTest (/Users/cmuir/P1Import-apps/P1-import-Subsystem/node_modules/jest-circus/build/jestAdapterInit.js:943:5)
    at _runTestsForDescribeBlock (/Users/cmuir/P1Import-apps/P1-import-Subsystem/node_modules/jest-circus/build/jestAdapterInit.js:839:13)
    at _runTestsForDescribeBlock (/Users/cmuir/P1Import-apps/P1-import-Subsystem/node_modules/jest-circus/build/jestAdapterInit.js:829:11)
    at _runTestsForDescribeBlock (/Users/cmuir/P1Import-apps/P1-import-Subsystem/node_modules/jest-circus/build/jestAdapterInit.js:829:11)
    at run (/Users/cmuir/P1Import-apps/P1-import-Subsystem/node_modules/jest-circus/build/jestAdapterInit.js:757:3)
    at runAndTransformResultsToJestFormat (/Users/cmuir/P1Import-apps/P1-import-Subsystem/node_modules/jest-circus/build/jestAdapterInit.js:1920:21)
    at jestAdapter (/Users/cmuir/P1Import-apps/P1-import-Subsystem/node_modules/jest-circus/build/runner.js:101:19)
    at runTestInternal (/Users/cmuir/P1Import-apps/P1-import-Subsystem/node_modules/jest-runner/build/index.js:275:16)
    at runTest (/Users/cmuir/P1Import-apps/P1-import-Subsystem/node_modules/jest-runner/build/index.js:343:7)</failure>
    </testcase>
    <testcase classname="ðŸŽ¯ Drag and Drop Functionality Tests â€º ðŸŒ Cross-Page Drag and Drop Support" name="should support drag and drop on main import page" time="0.001">
      <failure>ReferenceError: jest is not defined
    at Object.&lt;anonymous&gt; (/Users/cmuir/P1Import-apps/P1-import-Subsystem/test/ui/drag-drop-functionality.test.mjs:188:9)
    at Promise.finally.completed (/Users/cmuir/P1Import-apps/P1-import-Subsystem/node_modules/jest-circus/build/jestAdapterInit.js:1559:28)
    at new Promise (&lt;anonymous&gt;)
    at callAsyncCircusFn (/Users/cmuir/P1Import-apps/P1-import-Subsystem/node_modules/jest-circus/build/jestAdapterInit.js:1499:10)
    at _callCircusHook (/Users/cmuir/P1Import-apps/P1-import-Subsystem/node_modules/jest-circus/build/jestAdapterInit.js:978:40)
    at processTicksAndRejections (node:internal/process/task_queues:105:5)
    at _runTest (/Users/cmuir/P1Import-apps/P1-import-Subsystem/node_modules/jest-circus/build/jestAdapterInit.js:943:5)
    at _runTestsForDescribeBlock (/Users/cmuir/P1Import-apps/P1-import-Subsystem/node_modules/jest-circus/build/jestAdapterInit.js:839:13)
    at _runTestsForDescribeBlock (/Users/cmuir/P1Import-apps/P1-import-Subsystem/node_modules/jest-circus/build/jestAdapterInit.js:829:11)
    at _runTestsForDescribeBlock (/Users/cmuir/P1Import-apps/P1-import-Subsystem/node_modules/jest-circus/build/jestAdapterInit.js:829:11)
    at run (/Users/cmuir/P1Import-apps/P1-import-Subsystem/node_modules/jest-circus/build/jestAdapterInit.js:757:3)
    at runAndTransformResultsToJestFormat (/Users/cmuir/P1Import-apps/P1-import-Subsystem/node_modules/jest-circus/build/jestAdapterInit.js:1920:21)
    at jestAdapter (/Users/cmuir/P1Import-apps/P1-import-Subsystem/node_modules/jest-circus/build/runner.js:101:19)
    at runTestInternal (/Users/cmuir/P1Import-apps/P1-import-Subsystem/node_modules/jest-runner/build/index.js:275:16)
    at runTest (/Users/cmuir/P1Import-apps/P1-import-Subsystem/node_modules/jest-runner/build/index.js:343:7)</failure>
    </testcase>
    <testcase classname="ðŸŽ¯ Drag and Drop Functionality Tests â€º ðŸŒ Cross-Page Drag and Drop Support" name="should handle drag and drop on settings page (if applicable)" time="0">
      <failure>ReferenceError: jest is not defined
    at Object.&lt;anonymous&gt; (/Users/cmuir/P1Import-apps/P1-import-Subsystem/test/ui/drag-drop-functionality.test.mjs:188:9)
    at Promise.finally.completed (/Users/cmuir/P1Import-apps/P1-import-Subsystem/node_modules/jest-circus/build/jestAdapterInit.js:1559:28)
    at new Promise (&lt;anonymous&gt;)
    at callAsyncCircusFn (/Users/cmuir/P1Import-apps/P1-import-Subsystem/node_modules/jest-circus/build/jestAdapterInit.js:1499:10)
    at _callCircusHook (/Users/cmuir/P1Import-apps/P1-import-Subsystem/node_modules/jest-circus/build/jestAdapterInit.js:978:40)
    at processTicksAndRejections (node:internal/process/task_queues:105:5)
    at _runTest (/Users/cmuir/P1Import-apps/P1-import-Subsystem/node_modules/jest-circus/build/jestAdapterInit.js:943:5)
    at _runTestsForDescribeBlock (/Users/cmuir/P1Import-apps/P1-import-Subsystem/node_modules/jest-circus/build/jestAdapterInit.js:839:13)
    at _runTestsForDescribeBlock (/Users/cmuir/P1Import-apps/P1-import-Subsystem/node_modules/jest-circus/build/jestAdapterInit.js:829:11)
    at _runTestsForDescribeBlock (/Users/cmuir/P1Import-apps/P1-import-Subsystem/node_modules/jest-circus/build/jestAdapterInit.js:829:11)
    at run (/Users/cmuir/P1Import-apps/P1-import-Subsystem/node_modules/jest-circus/build/jestAdapterInit.js:757:3)
    at runAndTransformResultsToJestFormat (/Users/cmuir/P1Import-apps/P1-import-Subsystem/node_modules/jest-circus/build/jestAdapterInit.js:1920:21)
    at jestAdapter (/Users/cmuir/P1Import-apps/P1-import-Subsystem/node_modules/jest-circus/build/runner.js:101:19)
    at runTestInternal (/Users/cmuir/P1Import-apps/P1-import-Subsystem/node_modules/jest-runner/build/index.js:275:16)
    at runTest (/Users/cmuir/P1Import-apps/P1-import-Subsystem/node_modules/jest-runner/build/index.js:343:7)</failure>
    </testcase>
    <testcase classname="ðŸŽ¯ Drag and Drop Functionality Tests â€º ðŸŒ Cross-Page Drag and Drop Support" name="should handle drag and drop on history page (if applicable)" time="0">
      <failure>ReferenceError: jest is not defined
    at Object.&lt;anonymous&gt; (/Users/cmuir/P1Import-apps/P1-import-Subsystem/test/ui/drag-drop-functionality.test.mjs:188:9)
    at Promise.finally.completed (/Users/cmuir/P1Import-apps/P1-import-Subsystem/node_modules/jest-circus/build/jestAdapterInit.js:1559:28)
    at new Promise (&lt;anonymous&gt;)
    at callAsyncCircusFn (/Users/cmuir/P1Import-apps/P1-import-Subsystem/node_modules/jest-circus/build/jestAdapterInit.js:1499:10)
    at _callCircusHook (/Users/cmuir/P1Import-apps/P1-import-Subsystem/node_modules/jest-circus/build/jestAdapterInit.js:978:40)
    at processTicksAndRejections (node:internal/process/task_queues:105:5)
    at _runTest (/Users/cmuir/P1Import-apps/P1-import-Subsystem/node_modules/jest-circus/build/jestAdapterInit.js:943:5)
    at _runTestsForDescribeBlock (/Users/cmuir/P1Import-apps/P1-import-Subsystem/node_modules/jest-circus/build/jestAdapterInit.js:839:13)
    at _runTestsForDescribeBlock (/Users/cmuir/P1Import-apps/P1-import-Subsystem/node_modules/jest-circus/build/jestAdapterInit.js:829:11)
    at _runTestsForDescribeBlock (/Users/cmuir/P1Import-apps/P1-import-Subsystem/node_modules/jest-circus/build/jestAdapterInit.js:829:11)
    at run (/Users/cmuir/P1Import-apps/P1-import-Subsystem/node_modules/jest-circus/build/jestAdapterInit.js:757:3)
    at runAndTransformResultsToJestFormat (/Users/cmuir/P1Import-apps/P1-import-Subsystem/node_modules/jest-circus/build/jestAdapterInit.js:1920:21)
    at jestAdapter (/Users/cmuir/P1Import-apps/P1-import-Subsystem/node_modules/jest-circus/build/runner.js:101:19)
    at runTestInternal (/Users/cmuir/P1Import-apps/P1-import-Subsystem/node_modules/jest-runner/build/index.js:275:16)
    at runTest (/Users/cmuir/P1Import-apps/P1-import-Subsystem/node_modules/jest-runner/build/index.js:343:7)</failure>
    </testcase>
    <testcase classname="ðŸŽ¯ Drag and Drop Functionality Tests â€º ðŸ”§ Error Handling and Edge Cases" name="should handle drag and drop when no files are present" time="0">
      <failure>ReferenceError: jest is not defined
    at Object.&lt;anonymous&gt; (/Users/cmuir/P1Import-apps/P1-import-Subsystem/test/ui/drag-drop-functionality.test.mjs:188:9)
    at Promise.finally.completed (/Users/cmuir/P1Import-apps/P1-import-Subsystem/node_modules/jest-circus/build/jestAdapterInit.js:1559:28)
    at new Promise (&lt;anonymous&gt;)
    at callAsyncCircusFn (/Users/cmuir/P1Import-apps/P1-import-Subsystem/node_modules/jest-circus/build/jestAdapterInit.js:1499:10)
    at _callCircusHook (/Users/cmuir/P1Import-apps/P1-import-Subsystem/node_modules/jest-circus/build/jestAdapterInit.js:978:40)
    at processTicksAndRejections (node:internal/process/task_queues:105:5)
    at _runTest (/Users/cmuir/P1Import-apps/P1-import-Subsystem/node_modules/jest-circus/build/jestAdapterInit.js:943:5)
    at _runTestsForDescribeBlock (/Users/cmuir/P1Import-apps/P1-import-Subsystem/node_modules/jest-circus/build/jestAdapterInit.js:839:13)
    at _runTestsForDescribeBlock (/Users/cmuir/P1Import-apps/P1-import-Subsystem/node_modules/jest-circus/build/jestAdapterInit.js:829:11)
    at _runTestsForDescribeBlock (/Users/cmuir/P1Import-apps/P1-import-Subsystem/node_modules/jest-circus/build/jestAdapterInit.js:829:11)
    at run (/Users/cmuir/P1Import-apps/P1-import-Subsystem/node_modules/jest-circus/build/jestAdapterInit.js:757:3)
    at runAndTransformResultsToJestFormat (/Users/cmuir/P1Import-apps/P1-import-Subsystem/node_modules/jest-circus/build/jestAdapterInit.js:1920:21)
    at jestAdapter (/Users/cmuir/P1Import-apps/P1-import-Subsystem/node_modules/jest-circus/build/runner.js:101:19)
    at runTestInternal (/Users/cmuir/P1Import-apps/P1-import-Subsystem/node_modules/jest-runner/build/index.js:275:16)
    at runTest (/Users/cmuir/P1Import-apps/P1-import-Subsystem/node_modules/jest-runner/build/index.js:343:7)</failure>
    </testcase>
    <testcase classname="ðŸŽ¯ Drag and Drop Functionality Tests â€º ðŸ”§ Error Handling and Edge Cases" name="should handle drag and drop with corrupted file data" time="0.001">
      <failure>ReferenceError: jest is not defined
    at Object.&lt;anonymous&gt; (/Users/cmuir/P1Import-apps/P1-import-Subsystem/test/ui/drag-drop-functionality.test.mjs:188:9)
    at Promise.finally.completed (/Users/cmuir/P1Import-apps/P1-import-Subsystem/node_modules/jest-circus/build/jestAdapterInit.js:1559:28)
    at new Promise (&lt;anonymous&gt;)
    at callAsyncCircusFn (/Users/cmuir/P1Import-apps/P1-import-Subsystem/node_modules/jest-circus/build/jestAdapterInit.js:1499:10)
    at _callCircusHook (/Users/cmuir/P1Import-apps/P1-import-Subsystem/node_modules/jest-circus/build/jestAdapterInit.js:978:40)
    at processTicksAndRejections (node:internal/process/task_queues:105:5)
    at _runTest (/Users/cmuir/P1Import-apps/P1-import-Subsystem/node_modules/jest-circus/build/jestAdapterInit.js:943:5)
    at _runTestsForDescribeBlock (/Users/cmuir/P1Import-apps/P1-import-Subsystem/node_modules/jest-circus/build/jestAdapterInit.js:839:13)
    at _runTestsForDescribeBlock (/Users/cmuir/P1Import-apps/P1-import-Subsystem/node_modules/jest-circus/build/jestAdapterInit.js:829:11)
    at _runTestsForDescribeBlock (/Users/cmuir/P1Import-apps/P1-import-Subsystem/node_modules/jest-circus/build/jestAdapterInit.js:829:11)
    at run (/Users/cmuir/P1Import-apps/P1-import-Subsystem/node_modules/jest-circus/build/jestAdapterInit.js:757:3)
    at runAndTransformResultsToJestFormat (/Users/cmuir/P1Import-apps/P1-import-Subsystem/node_modules/jest-circus/build/jestAdapterInit.js:1920:21)
    at jestAdapter (/Users/cmuir/P1Import-apps/P1-import-Subsystem/node_modules/jest-circus/build/runner.js:101:19)
    at runTestInternal (/Users/cmuir/P1Import-apps/P1-import-Subsystem/node_modules/jest-runner/build/index.js:275:16)
    at runTest (/Users/cmuir/P1Import-apps/P1-import-Subsystem/node_modules/jest-runner/build/index.js:343:7)</failure>
    </testcase>
    <testcase classname="ðŸŽ¯ Drag and Drop Functionality Tests â€º ðŸ”§ Error Handling and Edge Cases" name="should prevent default browser behavior for drag and drop" time="0">
      <failure>ReferenceError: jest is not defined
    at Object.&lt;anonymous&gt; (/Users/cmuir/P1Import-apps/P1-import-Subsystem/test/ui/drag-drop-functionality.test.mjs:188:9)
    at Promise.finally.completed (/Users/cmuir/P1Import-apps/P1-import-Subsystem/node_modules/jest-circus/build/jestAdapterInit.js:1559:28)
    at new Promise (&lt;anonymous&gt;)
    at callAsyncCircusFn (/Users/cmuir/P1Import-apps/P1-import-Subsystem/node_modules/jest-circus/build/jestAdapterInit.js:1499:10)
    at _callCircusHook (/Users/cmuir/P1Import-apps/P1-import-Subsystem/node_modules/jest-circus/build/jestAdapterInit.js:978:40)
    at processTicksAndRejections (node:internal/process/task_queues:105:5)
    at _runTest (/Users/cmuir/P1Import-apps/P1-import-Subsystem/node_modules/jest-circus/build/jestAdapterInit.js:943:5)
    at _runTestsForDescribeBlock (/Users/cmuir/P1Import-apps/P1-import-Subsystem/node_modules/jest-circus/build/jestAdapterInit.js:839:13)
    at _runTestsForDescribeBlock (/Users/cmuir/P1Import-apps/P1-import-Subsystem/node_modules/jest-circus/build/jestAdapterInit.js:829:11)
    at _runTestsForDescribeBlock (/Users/cmuir/P1Import-apps/P1-import-Subsystem/node_modules/jest-circus/build/jestAdapterInit.js:829:11)
    at run (/Users/cmuir/P1Import-apps/P1-import-Subsystem/node_modules/jest-circus/build/jestAdapterInit.js:757:3)
    at runAndTransformResultsToJestFormat (/Users/cmuir/P1Import-apps/P1-import-Subsystem/node_modules/jest-circus/build/jestAdapterInit.js:1920:21)
    at jestAdapter (/Users/cmuir/P1Import-apps/P1-import-Subsystem/node_modules/jest-circus/build/runner.js:101:19)
    at runTestInternal (/Users/cmuir/P1Import-apps/P1-import-Subsystem/node_modules/jest-runner/build/index.js:275:16)
    at runTest (/Users/cmuir/P1Import-apps/P1-import-Subsystem/node_modules/jest-runner/build/index.js:343:7)</failure>
    </testcase>
  </testsuite>
  <testsuite name="test/ui/comprehensive-ui-suite.test.mjs" errors="0" failures="3" skipped="0" timestamp="2025-08-06T21:36:34" time="0.286" tests="13">
    <testcase classname="ðŸŽ¨ Comprehensive UI Test Suite â€º ðŸ“± Core UI Components" name="Status banner should render correctly" time="0.006">
    </testcase>
    <testcase classname="ðŸŽ¨ Comprehensive UI Test Suite â€º ðŸ“± Core UI Components" name="Navigation menu should be interactive" time="0.007">
      <failure>TypeError: Failed to execute &apos;dispatchEvent&apos; on &apos;EventTarget&apos;: parameter 1 is not of type &apos;Event&apos;.
    at Object.exports.convert (/Users/cmuir/P1Import-apps/P1-import-Subsystem/node_modules/jsdom/lib/jsdom/living/generated/Event.js:22:9)
    at HTMLLIElement.dispatchEvent (/Users/cmuir/P1Import-apps/P1-import-Subsystem/node_modules/jsdom/lib/jsdom/living/generated/EventTarget.js:236:24)
    at Object.&lt;anonymous&gt; (/Users/cmuir/P1Import-apps/P1-import-Subsystem/test/ui/comprehensive-ui-suite.test.mjs:134:27)
    at Promise.finally.completed (/Users/cmuir/P1Import-apps/P1-import-Subsystem/node_modules/jest-circus/build/jestAdapterInit.js:1559:28)
    at new Promise (&lt;anonymous&gt;)
    at callAsyncCircusFn (/Users/cmuir/P1Import-apps/P1-import-Subsystem/node_modules/jest-circus/build/jestAdapterInit.js:1499:10)
    at _callCircusTest (/Users/cmuir/P1Import-apps/P1-import-Subsystem/node_modules/jest-circus/build/jestAdapterInit.js:1009:40)
    at _runTest (/Users/cmuir/P1Import-apps/P1-import-Subsystem/node_modules/jest-circus/build/jestAdapterInit.js:949:3)
    at _runTestsForDescribeBlock (/Users/cmuir/P1Import-apps/P1-import-Subsystem/node_modules/jest-circus/build/jestAdapterInit.js:839:13)
    at _runTestsForDescribeBlock (/Users/cmuir/P1Import-apps/P1-import-Subsystem/node_modules/jest-circus/build/jestAdapterInit.js:829:11)
    at _runTestsForDescribeBlock (/Users/cmuir/P1Import-apps/P1-import-Subsystem/node_modules/jest-circus/build/jestAdapterInit.js:829:11)
    at run (/Users/cmuir/P1Import-apps/P1-import-Subsystem/node_modules/jest-circus/build/jestAdapterInit.js:757:3)
    at runAndTransformResultsToJestFormat (/Users/cmuir/P1Import-apps/P1-import-Subsystem/node_modules/jest-circus/build/jestAdapterInit.js:1920:21)
    at jestAdapter (/Users/cmuir/P1Import-apps/P1-import-Subsystem/node_modules/jest-circus/build/runner.js:101:19)
    at runTestInternal (/Users/cmuir/P1Import-apps/P1-import-Subsystem/node_modules/jest-runner/build/index.js:275:16)
    at runTest (/Users/cmuir/P1Import-apps/P1-import-Subsystem/node_modules/jest-runner/build/index.js:343:7)</failure>
    </testcase>
    <testcase classname="ðŸŽ¨ Comprehensive UI Test Suite â€º ðŸ“± Core UI Components" name="Modal dialogs should open and close" time="0.003">
      <failure>TypeError: Failed to execute &apos;dispatchEvent&apos; on &apos;EventTarget&apos;: parameter 1 is not of type &apos;Event&apos;.
    at Object.exports.convert (/Users/cmuir/P1Import-apps/P1-import-Subsystem/node_modules/jsdom/lib/jsdom/living/generated/Event.js:22:9)
    at HTMLButtonElement.dispatchEvent (/Users/cmuir/P1Import-apps/P1-import-Subsystem/node_modules/jsdom/lib/jsdom/living/generated/EventTarget.js:236:24)
    at Object.&lt;anonymous&gt; (/Users/cmuir/P1Import-apps/P1-import-Subsystem/test/ui/comprehensive-ui-suite.test.mjs:161:24)
    at Promise.finally.completed (/Users/cmuir/P1Import-apps/P1-import-Subsystem/node_modules/jest-circus/build/jestAdapterInit.js:1559:28)
    at new Promise (&lt;anonymous&gt;)
    at callAsyncCircusFn (/Users/cmuir/P1Import-apps/P1-import-Subsystem/node_modules/jest-circus/build/jestAdapterInit.js:1499:10)
    at _callCircusTest (/Users/cmuir/P1Import-apps/P1-import-Subsystem/node_modules/jest-circus/build/jestAdapterInit.js:1009:40)
    at _runTest (/Users/cmuir/P1Import-apps/P1-import-Subsystem/node_modules/jest-circus/build/jestAdapterInit.js:949:3)
    at _runTestsForDescribeBlock (/Users/cmuir/P1Import-apps/P1-import-Subsystem/node_modules/jest-circus/build/jestAdapterInit.js:839:13)
    at _runTestsForDescribeBlock (/Users/cmuir/P1Import-apps/P1-import-Subsystem/node_modules/jest-circus/build/jestAdapterInit.js:829:11)
    at _runTestsForDescribeBlock (/Users/cmuir/P1Import-apps/P1-import-Subsystem/node_modules/jest-circus/build/jestAdapterInit.js:829:11)
    at run (/Users/cmuir/P1Import-apps/P1-import-Subsystem/node_modules/jest-circus/build/jestAdapterInit.js:757:3)
    at runAndTransformResultsToJestFormat (/Users/cmuir/P1Import-apps/P1-import-Subsystem/node_modules/jest-circus/build/jestAdapterInit.js:1920:21)
    at jestAdapter (/Users/cmuir/P1Import-apps/P1-import-Subsystem/node_modules/jest-circus/build/runner.js:101:19)
    at runTestInternal (/Users/cmuir/P1Import-apps/P1-import-Subsystem/node_modules/jest-runner/build/index.js:275:16)
    at runTest (/Users/cmuir/P1Import-apps/P1-import-Subsystem/node_modules/jest-runner/build/index.js:343:7)</failure>
    </testcase>
    <testcase classname="ðŸŽ¨ Comprehensive UI Test Suite â€º ðŸ“ Form Handling" name="Settings form should validate input" time="0.003">
    </testcase>
    <testcase classname="ðŸŽ¨ Comprehensive UI Test Suite â€º ðŸ“ Form Handling" name="File upload form should handle files" time="0.002">
    </testcase>
    <testcase classname="ðŸŽ¨ Comprehensive UI Test Suite â€º ðŸ“Š Data Display Components" name="Progress indicators should update correctly" time="0.002">
    </testcase>
    <testcase classname="ðŸŽ¨ Comprehensive UI Test Suite â€º ðŸ“Š Data Display Components" name="Log viewer should display entries" time="0.002">
    </testcase>
    <testcase classname="ðŸŽ¨ Comprehensive UI Test Suite â€º ðŸ”„ Real-time Updates" name="Status updates should reflect server state" time="0.005">
    </testcase>
    <testcase classname="ðŸŽ¨ Comprehensive UI Test Suite â€º ðŸŽ¯ User Interactions" name="Button clicks should trigger appropriate actions" time="0.003">
    </testcase>
    <testcase classname="ðŸŽ¨ Comprehensive UI Test Suite â€º ðŸŽ¯ User Interactions" name="Keyboard navigation should work" time="0.003">
    </testcase>
    <testcase classname="ðŸŽ¨ Comprehensive UI Test Suite â€º ðŸ“± Responsive Design" name="Components should adapt to different screen sizes" time="0.002">
    </testcase>
    <testcase classname="ðŸŽ¨ Comprehensive UI Test Suite â€º ðŸš¨ Error Handling" name="Error messages should display correctly" time="0.002">
    </testcase>
    <testcase classname="ðŸŽ¨ Comprehensive UI Test Suite â€º ðŸ’¾ Local Storage Integration" name="Should save and retrieve settings from localStorage" time="0">
      <failure>TypeError: global.localStorage.getItem.mockReturnValue is not a function
    at Object.&lt;anonymous&gt; (/Users/cmuir/P1Import-apps/P1-import-Subsystem/test/ui/comprehensive-ui-suite.test.mjs:519:41)
    at Promise.finally.completed (/Users/cmuir/P1Import-apps/P1-import-Subsystem/node_modules/jest-circus/build/jestAdapterInit.js:1559:28)
    at new Promise (&lt;anonymous&gt;)
    at callAsyncCircusFn (/Users/cmuir/P1Import-apps/P1-import-Subsystem/node_modules/jest-circus/build/jestAdapterInit.js:1499:10)
    at _callCircusTest (/Users/cmuir/P1Import-apps/P1-import-Subsystem/node_modules/jest-circus/build/jestAdapterInit.js:1009:40)
    at _runTest (/Users/cmuir/P1Import-apps/P1-import-Subsystem/node_modules/jest-circus/build/jestAdapterInit.js:949:3)
    at _runTestsForDescribeBlock (/Users/cmuir/P1Import-apps/P1-import-Subsystem/node_modules/jest-circus/build/jestAdapterInit.js:839:13)
    at _runTestsForDescribeBlock (/Users/cmuir/P1Import-apps/P1-import-Subsystem/node_modules/jest-circus/build/jestAdapterInit.js:829:11)
    at _runTestsForDescribeBlock (/Users/cmuir/P1Import-apps/P1-import-Subsystem/node_modules/jest-circus/build/jestAdapterInit.js:829:11)
    at run (/Users/cmuir/P1Import-apps/P1-import-Subsystem/node_modules/jest-circus/build/jestAdapterInit.js:757:3)
    at runAndTransformResultsToJestFormat (/Users/cmuir/P1Import-apps/P1-import-Subsystem/node_modules/jest-circus/build/jestAdapterInit.js:1920:21)
    at jestAdapter (/Users/cmuir/P1Import-apps/P1-import-Subsystem/node_modules/jest-circus/build/runner.js:101:19)
    at runTestInternal (/Users/cmuir/P1Import-apps/P1-import-Subsystem/node_modules/jest-runner/build/index.js:275:16)
    at runTest (/Users/cmuir/P1Import-apps/P1-import-Subsystem/node_modules/jest-runner/build/index.js:343:7)</failure>
    </testcase>
  </testsuite>
  <testsuite name="test/integration/ui-to-api.test.mjs" errors="0" failures="3" skipped="0" timestamp="2025-08-06T21:36:35" time="5.962" tests="8">
    <testcase classname="ðŸ”„ UI to API Integration Tests â€º âš™ï¸ Settings Management UI to API Flow" name="should handle settings form submission to API" time="0.007">
      <failure>TypeError: Failed to construct &apos;FormData&apos;: parameter 1 is not of type &apos;HTMLFormElement&apos;.
    at Object.exports.convert (/Users/cmuir/P1Import-apps/P1-import-Subsystem/node_modules/jsdom/lib/jsdom/living/generated/HTMLFormElement.js:25:9)
    at new FormData (/Users/cmuir/P1Import-apps/P1-import-Subsystem/node_modules/jsdom/lib/jsdom/living/generated/FormData.js:111:36)
    at Object.&lt;anonymous&gt; (/Users/cmuir/P1Import-apps/P1-import-Subsystem/test/integration/ui-to-api.test.mjs:150:30)
    at Promise.finally.completed (/Users/cmuir/P1Import-apps/P1-import-Subsystem/node_modules/jest-circus/build/jestAdapterInit.js:1559:28)
    at new Promise (&lt;anonymous&gt;)
    at callAsyncCircusFn (/Users/cmuir/P1Import-apps/P1-import-Subsystem/node_modules/jest-circus/build/jestAdapterInit.js:1499:10)
    at _callCircusTest (/Users/cmuir/P1Import-apps/P1-import-Subsystem/node_modules/jest-circus/build/jestAdapterInit.js:1009:40)
    at processTicksAndRejections (node:internal/process/task_queues:105:5)
    at _runTest (/Users/cmuir/P1Import-apps/P1-import-Subsystem/node_modules/jest-circus/build/jestAdapterInit.js:949:3)
    at _runTestsForDescribeBlock (/Users/cmuir/P1Import-apps/P1-import-Subsystem/node_modules/jest-circus/build/jestAdapterInit.js:839:13)
    at _runTestsForDescribeBlock (/Users/cmuir/P1Import-apps/P1-import-Subsystem/node_modules/jest-circus/build/jestAdapterInit.js:829:11)
    at _runTestsForDescribeBlock (/Users/cmuir/P1Import-apps/P1-import-Subsystem/node_modules/jest-circus/build/jestAdapterInit.js:829:11)
    at run (/Users/cmuir/P1Import-apps/P1-import-Subsystem/node_modules/jest-circus/build/jestAdapterInit.js:757:3)
    at runAndTransformResultsToJestFormat (/Users/cmuir/P1Import-apps/P1-import-Subsystem/node_modules/jest-circus/build/jestAdapterInit.js:1920:21)
    at jestAdapter (/Users/cmuir/P1Import-apps/P1-import-Subsystem/node_modules/jest-circus/build/runner.js:101:19)
    at runTestInternal (/Users/cmuir/P1Import-apps/P1-import-Subsystem/node_modules/jest-runner/build/index.js:275:16)
    at runTest (/Users/cmuir/P1Import-apps/P1-import-Subsystem/node_modules/jest-runner/build/index.js:343:7)</failure>
    </testcase>
    <testcase classname="ðŸ”„ UI to API Integration Tests â€º âš™ï¸ Settings Management UI to API Flow" name="should load and display settings from API" time="0.015">
    </testcase>
    <testcase classname="ðŸ”„ UI to API Integration Tests â€º ðŸ“¤ File Upload UI to API Flow" name="should handle CSV file upload from UI to API" time="0.013">
    </testcase>
    <testcase classname="ðŸ”„ UI to API Integration Tests â€º ðŸ“¤ File Upload UI to API Flow" name="should validate file format in UI before API call" time="0.002">
      <failure>TypeError: Cannot redefine property: files
    at Function.defineProperty (&lt;anonymous&gt;)
    at Object.&lt;anonymous&gt; (/Users/cmuir/P1Import-apps/P1-import-Subsystem/test/integration/ui-to-api.test.mjs:415:20)
    at Promise.finally.completed (/Users/cmuir/P1Import-apps/P1-import-Subsystem/node_modules/jest-circus/build/jestAdapterInit.js:1559:28)
    at new Promise (&lt;anonymous&gt;)
    at callAsyncCircusFn (/Users/cmuir/P1Import-apps/P1-import-Subsystem/node_modules/jest-circus/build/jestAdapterInit.js:1499:10)
    at _callCircusTest (/Users/cmuir/P1Import-apps/P1-import-Subsystem/node_modules/jest-circus/build/jestAdapterInit.js:1009:40)
    at processTicksAndRejections (node:internal/process/task_queues:105:5)
    at _runTest (/Users/cmuir/P1Import-apps/P1-import-Subsystem/node_modules/jest-circus/build/jestAdapterInit.js:949:3)
    at _runTestsForDescribeBlock (/Users/cmuir/P1Import-apps/P1-import-Subsystem/node_modules/jest-circus/build/jestAdapterInit.js:839:13)
    at _runTestsForDescribeBlock (/Users/cmuir/P1Import-apps/P1-import-Subsystem/node_modules/jest-circus/build/jestAdapterInit.js:829:11)
    at _runTestsForDescribeBlock (/Users/cmuir/P1Import-apps/P1-import-Subsystem/node_modules/jest-circus/build/jestAdapterInit.js:829:11)
    at run (/Users/cmuir/P1Import-apps/P1-import-Subsystem/node_modules/jest-circus/build/jestAdapterInit.js:757:3)
    at runAndTransformResultsToJestFormat (/Users/cmuir/P1Import-apps/P1-import-Subsystem/node_modules/jest-circus/build/jestAdapterInit.js:1920:21)
    at jestAdapter (/Users/cmuir/P1Import-apps/P1-import-Subsystem/node_modules/jest-circus/build/runner.js:101:19)
    at runTestInternal (/Users/cmuir/P1Import-apps/P1-import-Subsystem/node_modules/jest-runner/build/index.js:275:16)
    at runTest (/Users/cmuir/P1Import-apps/P1-import-Subsystem/node_modules/jest-runner/build/index.js:343:7)</failure>
    </testcase>
    <testcase classname="ðŸ”„ UI to API Integration Tests â€º ðŸ“Š Real-time Progress UI Updates" name="should update progress UI from API responses" time="2.54">
    </testcase>
    <testcase classname="ðŸ”„ UI to API Integration Tests â€º ðŸ“Š Real-time Progress UI Updates" name="should handle API errors in progress UI" time="0.004">
    </testcase>
    <testcase classname="ðŸ”„ UI to API Integration Tests â€º ðŸ” API Health Check UI Integration" name="should display API health status in UI" time="0.009">
    </testcase>
    <testcase classname="ðŸ”„ UI to API Integration Tests â€º ðŸ“‹ Complete End-to-End Workflow" name="should complete full import workflow from UI to API" time="3.018">
      <failure>Error: expect(received).toContain(expected) // indexOf

Expected substring: &quot;completed&quot;
Received string:    &quot;Waiting...&quot;
    at Object.&lt;anonymous&gt; (/Users/cmuir/P1Import-apps/P1-import-Subsystem/test/integration/ui-to-api.test.mjs:868:77)</failure>
    </testcase>
  </testsuite>
  <testsuite name="test/integration/swagger-ui-debug.test.mjs" errors="0" failures="0" skipped="0" timestamp="2025-08-06T21:36:41" time="0.413" tests="5">
    <testcase classname="ðŸ› Swagger UI Debug Tests" name="should check Swagger UI JavaScript dependencies" time="0.029">
    </testcase>
    <testcase classname="ðŸ› Swagger UI Debug Tests" name="should check for JavaScript errors in Swagger HTML" time="0.011">
    </testcase>
    <testcase classname="ðŸ› Swagger UI Debug Tests" name="should test API endpoints that Swagger initializer depends on" time="0.019">
    </testcase>
    <testcase classname="ðŸ› Swagger UI Debug Tests" name="should simulate Swagger UI initialization in JSDOM" time="0.082">
    </testcase>
    <testcase classname="ðŸ› Swagger UI Debug Tests" name="should check for console errors in browser context" time="0.017">
    </testcase>
  </testsuite>
  <testsuite name="test/integration/swagger-interface.test.mjs" errors="0" failures="0" skipped="0" timestamp="2025-08-06T21:36:41" time="0.129" tests="6">
    <testcase classname="ðŸ“š Swagger Interface Tests" name="should serve Swagger UI at /swagger.html" time="0.012">
    </testcase>
    <testcase classname="ðŸ“š Swagger Interface Tests" name="should serve Swagger JSON specification" time="0.014">
    </testcase>
    <testcase classname="ðŸ“š Swagger Interface Tests" name="should have comprehensive API documentation" time="0.002">
    </testcase>
    <testcase classname="ðŸ“š Swagger Interface Tests" name="should support interactive API testing" time="0.009">
    </testcase>
    <testcase classname="ðŸ“š Swagger Interface Tests" name="should have proper API response schemas" time="0.003">
    </testcase>
    <testcase classname="ðŸ“š Swagger Interface Tests" name="should validate documentation synchronization with endpoints" time="0.005">
    </testcase>
  </testsuite>
  <testsuite name="test/integration/socket-io-real-data.test.mjs" errors="0" failures="8" skipped="0" timestamp="2025-08-06T21:36:41" time="205.209" tests="9">
    <testcase classname="ðŸ”Œ Socket.IO Real Data Integration Tests â€º ðŸš€ Connection and Session Management" name="should establish Socket.IO connection with real session data" time="0.022">
    </testcase>
    <testcase classname="ðŸ”Œ Socket.IO Real Data Integration Tests â€º ðŸš€ Connection and Session Management" name="should register session with real session ID" time="5.022">
      <failure>Error: Session registration timeout
    at /Users/cmuir/P1Import-apps/P1-import-Subsystem/test/integration/socket-io-real-data.test.mjs:187:28
    at Timeout.task [as _onTimeout] (/Users/cmuir/P1Import-apps/P1-import-Subsystem/node_modules/jsdom/lib/jsdom/browser/Window.js:579:19)
    at listOnTimeout (node:internal/timers:588:17)
    at processTimers (node:internal/timers:523:7)</failure>
    </testcase>
    <testcase classname="ðŸ”Œ Socket.IO Real Data Integration Tests â€º ðŸ“Š Real-time Progress Tracking" name="should track progress for small dataset import" time="30.004">
      <failure>Error: thrown: &quot;Exceeded timeout of 30000 ms for a test.
Add a timeout value to this test to increase the timeout, if this is a long-running test. See https://jestjs.io/docs/api#testname-fn-timeout.&quot;
    at /Users/cmuir/P1Import-apps/P1-import-Subsystem/test/integration/socket-io-real-data.test.mjs:208:9
    at _dispatchDescribe (/Users/cmuir/P1Import-apps/P1-import-Subsystem/node_modules/jest-circus/build/jestAdapterInit.js:604:26)
    at describe (/Users/cmuir/P1Import-apps/P1-import-Subsystem/node_modules/jest-circus/build/jestAdapterInit.js:572:44)
    at /Users/cmuir/P1Import-apps/P1-import-Subsystem/test/integration/socket-io-real-data.test.mjs:207:5
    at _dispatchDescribe (/Users/cmuir/P1Import-apps/P1-import-Subsystem/node_modules/jest-circus/build/jestAdapterInit.js:604:26)
    at describe (/Users/cmuir/P1Import-apps/P1-import-Subsystem/node_modules/jest-circus/build/jestAdapterInit.js:572:44)
    at /Users/cmuir/P1Import-apps/P1-import-Subsystem/test/integration/socket-io-real-data.test.mjs:82:1
    at SourceTextModule.evaluate (node:internal/vm/module:227:23)
    at Runtime.linkAndEvaluateModule (/Users/cmuir/P1Import-apps/P1-import-Subsystem/node_modules/jest-runtime/build/index.js:684:20)
    at jestAdapter (/Users/cmuir/P1Import-apps/P1-import-Subsystem/node_modules/jest-circus/build/runner.js:93:5)
    at runTestInternal (/Users/cmuir/P1Import-apps/P1-import-Subsystem/node_modules/jest-runner/build/index.js:275:16)
    at runTest (/Users/cmuir/P1Import-apps/P1-import-Subsystem/node_modules/jest-runner/build/index.js:343:7)</failure>
    </testcase>
    <testcase classname="ðŸ”Œ Socket.IO Real Data Integration Tests â€º ðŸ“Š Real-time Progress Tracking" name="should handle progress updates for medium dataset" time="30.007">
      <failure>Error: thrown: &quot;Exceeded timeout of 30000 ms for a test.
Add a timeout value to this test to increase the timeout, if this is a long-running test. See https://jestjs.io/docs/api#testname-fn-timeout.&quot;
    at /Users/cmuir/P1Import-apps/P1-import-Subsystem/test/integration/socket-io-real-data.test.mjs:266:9
    at _dispatchDescribe (/Users/cmuir/P1Import-apps/P1-import-Subsystem/node_modules/jest-circus/build/jestAdapterInit.js:604:26)
    at describe (/Users/cmuir/P1Import-apps/P1-import-Subsystem/node_modules/jest-circus/build/jestAdapterInit.js:572:44)
    at /Users/cmuir/P1Import-apps/P1-import-Subsystem/test/integration/socket-io-real-data.test.mjs:207:5
    at _dispatchDescribe (/Users/cmuir/P1Import-apps/P1-import-Subsystem/node_modules/jest-circus/build/jestAdapterInit.js:604:26)
    at describe (/Users/cmuir/P1Import-apps/P1-import-Subsystem/node_modules/jest-circus/build/jestAdapterInit.js:572:44)
    at /Users/cmuir/P1Import-apps/P1-import-Subsystem/test/integration/socket-io-real-data.test.mjs:82:1
    at SourceTextModule.evaluate (node:internal/vm/module:227:23)
    at Runtime.linkAndEvaluateModule (/Users/cmuir/P1Import-apps/P1-import-Subsystem/node_modules/jest-runtime/build/index.js:684:20)
    at jestAdapter (/Users/cmuir/P1Import-apps/P1-import-Subsystem/node_modules/jest-circus/build/runner.js:93:5)
    at runTestInternal (/Users/cmuir/P1Import-apps/P1-import-Subsystem/node_modules/jest-runner/build/index.js:275:16)
    at runTest (/Users/cmuir/P1Import-apps/P1-import-Subsystem/node_modules/jest-runner/build/index.js:343:7)</failure>
    </testcase>
    <testcase classname="ðŸ”Œ Socket.IO Real Data Integration Tests â€º ðŸš¨ Error Handling with Real Data" name="should handle invalid data and report errors via Socket.IO" time="30.008">
      <failure>Error: thrown: &quot;Exceeded timeout of 30000 ms for a test.
Add a timeout value to this test to increase the timeout, if this is a long-running test. See https://jestjs.io/docs/api#testname-fn-timeout.&quot;
    at /Users/cmuir/P1Import-apps/P1-import-Subsystem/test/integration/socket-io-real-data.test.mjs:321:9
    at _dispatchDescribe (/Users/cmuir/P1Import-apps/P1-import-Subsystem/node_modules/jest-circus/build/jestAdapterInit.js:604:26)
    at describe (/Users/cmuir/P1Import-apps/P1-import-Subsystem/node_modules/jest-circus/build/jestAdapterInit.js:572:44)
    at /Users/cmuir/P1Import-apps/P1-import-Subsystem/test/integration/socket-io-real-data.test.mjs:320:5
    at _dispatchDescribe (/Users/cmuir/P1Import-apps/P1-import-Subsystem/node_modules/jest-circus/build/jestAdapterInit.js:604:26)
    at describe (/Users/cmuir/P1Import-apps/P1-import-Subsystem/node_modules/jest-circus/build/jestAdapterInit.js:572:44)
    at /Users/cmuir/P1Import-apps/P1-import-Subsystem/test/integration/socket-io-real-data.test.mjs:82:1
    at SourceTextModule.evaluate (node:internal/vm/module:227:23)
    at Runtime.linkAndEvaluateModule (/Users/cmuir/P1Import-apps/P1-import-Subsystem/node_modules/jest-runtime/build/index.js:684:20)
    at jestAdapter (/Users/cmuir/P1Import-apps/P1-import-Subsystem/node_modules/jest-circus/build/runner.js:93:5)
    at runTestInternal (/Users/cmuir/P1Import-apps/P1-import-Subsystem/node_modules/jest-runner/build/index.js:275:16)
    at runTest (/Users/cmuir/P1Import-apps/P1-import-Subsystem/node_modules/jest-runner/build/index.js:343:7)</failure>
    </testcase>
    <testcase classname="ðŸ”Œ Socket.IO Real Data Integration Tests â€º ðŸš¨ Error Handling with Real Data" name="should handle connection drops and reconnection" time="20.008">
      <failure>Error: Connection test timeout
    at /Users/cmuir/P1Import-apps/P1-import-Subsystem/test/integration/socket-io-real-data.test.mjs:386:28
    at Timeout.task [as _onTimeout] (/Users/cmuir/P1Import-apps/P1-import-Subsystem/node_modules/jsdom/lib/jsdom/browser/Window.js:579:19)
    at listOnTimeout (node:internal/timers:588:17)
    at processTimers (node:internal/timers:523:7)</failure>
    </testcase>
    <testcase classname="ðŸ”Œ Socket.IO Real Data Integration Tests â€º âš¡ Performance Testing" name="should handle large dataset progress updates efficiently" time="30.003">
      <failure>Error: thrown: &quot;Exceeded timeout of 30000 ms for a test.
Add a timeout value to this test to increase the timeout, if this is a long-running test. See https://jestjs.io/docs/api#testname-fn-timeout.&quot;
    at /Users/cmuir/P1Import-apps/P1-import-Subsystem/test/integration/socket-io-real-data.test.mjs:428:9
    at _dispatchDescribe (/Users/cmuir/P1Import-apps/P1-import-Subsystem/node_modules/jest-circus/build/jestAdapterInit.js:604:26)
    at describe (/Users/cmuir/P1Import-apps/P1-import-Subsystem/node_modules/jest-circus/build/jestAdapterInit.js:572:44)
    at /Users/cmuir/P1Import-apps/P1-import-Subsystem/test/integration/socket-io-real-data.test.mjs:427:5
    at _dispatchDescribe (/Users/cmuir/P1Import-apps/P1-import-Subsystem/node_modules/jest-circus/build/jestAdapterInit.js:604:26)
    at describe (/Users/cmuir/P1Import-apps/P1-import-Subsystem/node_modules/jest-circus/build/jestAdapterInit.js:572:44)
    at /Users/cmuir/P1Import-apps/P1-import-Subsystem/test/integration/socket-io-real-data.test.mjs:82:1
    at SourceTextModule.evaluate (node:internal/vm/module:227:23)
    at Runtime.linkAndEvaluateModule (/Users/cmuir/P1Import-apps/P1-import-Subsystem/node_modules/jest-runtime/build/index.js:684:20)
    at jestAdapter (/Users/cmuir/P1Import-apps/P1-import-Subsystem/node_modules/jest-circus/build/runner.js:93:5)
    at runTestInternal (/Users/cmuir/P1Import-apps/P1-import-Subsystem/node_modules/jest-runner/build/index.js:275:16)
    at runTest (/Users/cmuir/P1Import-apps/P1-import-Subsystem/node_modules/jest-runner/build/index.js:343:7)</failure>
    </testcase>
    <testcase classname="ðŸ”Œ Socket.IO Real Data Integration Tests â€º âš¡ Performance Testing" name="should handle multiple concurrent sessions" time="30.002">
      <failure>Error: thrown: &quot;Exceeded timeout of 30000 ms for a test.
Add a timeout value to this test to increase the timeout, if this is a long-running test. See https://jestjs.io/docs/api#testname-fn-timeout.&quot;
    at /Users/cmuir/P1Import-apps/P1-import-Subsystem/test/integration/socket-io-real-data.test.mjs:500:9
    at _dispatchDescribe (/Users/cmuir/P1Import-apps/P1-import-Subsystem/node_modules/jest-circus/build/jestAdapterInit.js:604:26)
    at describe (/Users/cmuir/P1Import-apps/P1-import-Subsystem/node_modules/jest-circus/build/jestAdapterInit.js:572:44)
    at /Users/cmuir/P1Import-apps/P1-import-Subsystem/test/integration/socket-io-real-data.test.mjs:427:5
    at _dispatchDescribe (/Users/cmuir/P1Import-apps/P1-import-Subsystem/node_modules/jest-circus/build/jestAdapterInit.js:604:26)
    at describe (/Users/cmuir/P1Import-apps/P1-import-Subsystem/node_modules/jest-circus/build/jestAdapterInit.js:572:44)
    at /Users/cmuir/P1Import-apps/P1-import-Subsystem/test/integration/socket-io-real-data.test.mjs:82:1
    at SourceTextModule.evaluate (node:internal/vm/module:227:23)
    at Runtime.linkAndEvaluateModule (/Users/cmuir/P1Import-apps/P1-import-Subsystem/node_modules/jest-runtime/build/index.js:684:20)
    at jestAdapter (/Users/cmuir/P1Import-apps/P1-import-Subsystem/node_modules/jest-circus/build/runner.js:93:5)
    at runTestInternal (/Users/cmuir/P1Import-apps/P1-import-Subsystem/node_modules/jest-runner/build/index.js:275:16)
    at runTest (/Users/cmuir/P1Import-apps/P1-import-Subsystem/node_modules/jest-runner/build/index.js:343:7)</failure>
    </testcase>
    <testcase classname="ðŸ”Œ Socket.IO Real Data Integration Tests â€º ðŸ”„ Real-world Scenarios" name="should simulate complete import workflow with real data" time="30.003">
      <failure>Error: thrown: &quot;Exceeded timeout of 30000 ms for a test.
Add a timeout value to this test to increase the timeout, if this is a long-running test. See https://jestjs.io/docs/api#testname-fn-timeout.&quot;
    at /Users/cmuir/P1Import-apps/P1-import-Subsystem/test/integration/socket-io-real-data.test.mjs:580:9
    at _dispatchDescribe (/Users/cmuir/P1Import-apps/P1-import-Subsystem/node_modules/jest-circus/build/jestAdapterInit.js:604:26)
    at describe (/Users/cmuir/P1Import-apps/P1-import-Subsystem/node_modules/jest-circus/build/jestAdapterInit.js:572:44)
    at /Users/cmuir/P1Import-apps/P1-import-Subsystem/test/integration/socket-io-real-data.test.mjs:579:5
    at _dispatchDescribe (/Users/cmuir/P1Import-apps/P1-import-Subsystem/node_modules/jest-circus/build/jestAdapterInit.js:604:26)
    at describe (/Users/cmuir/P1Import-apps/P1-import-Subsystem/node_modules/jest-circus/build/jestAdapterInit.js:572:44)
    at /Users/cmuir/P1Import-apps/P1-import-Subsystem/test/integration/socket-io-real-data.test.mjs:82:1
    at SourceTextModule.evaluate (node:internal/vm/module:227:23)
    at Runtime.linkAndEvaluateModule (/Users/cmuir/P1Import-apps/P1-import-Subsystem/node_modules/jest-runtime/build/index.js:684:20)
    at jestAdapter (/Users/cmuir/P1Import-apps/P1-import-Subsystem/node_modules/jest-circus/build/runner.js:93:5)
    at runTestInternal (/Users/cmuir/P1Import-apps/P1-import-Subsystem/node_modules/jest-runner/build/index.js:275:16)
    at runTest (/Users/cmuir/P1Import-apps/P1-import-Subsystem/node_modules/jest-runner/build/index.js:343:7)</failure>
    </testcase>
  </testsuite>
  <testsuite name="test/integration/socket-io-live.test.mjs" errors="0" failures="0" skipped="0" timestamp="2025-08-06T21:40:06" time="0.082" tests="10">
    <testcase classname="ðŸ”Œ Socket.IO Live Test with Real Data â€º ðŸ”— Server Connection and Health" name="should verify server is running and accessible" time="0.002">
    </testcase>
    <testcase classname="ðŸ”Œ Socket.IO Live Test with Real Data â€º ðŸ”— Server Connection and Health" name="should verify Socket.IO endpoint is available" time="0">
    </testcase>
    <testcase classname="ðŸ”Œ Socket.IO Live Test with Real Data â€º ðŸ”Œ Socket.IO Connection Tests" name="should establish Socket.IO connection successfully" time="0">
    </testcase>
    <testcase classname="ðŸ”Œ Socket.IO Live Test with Real Data â€º ðŸ”Œ Socket.IO Connection Tests" name="should register session and join session room" time="0.001">
    </testcase>
    <testcase classname="ðŸ”Œ Socket.IO Live Test with Real Data â€º ðŸ“Š Real Import Progress Tracking" name="should simulate and track real import progress with actual user data" time="0">
    </testcase>
    <testcase classname="ðŸ”Œ Socket.IO Live Test with Real Data â€º ðŸ“Š Real Import Progress Tracking" name="should handle import errors with real error scenarios" time="0.001">
    </testcase>
    <testcase classname="ðŸ”Œ Socket.IO Live Test with Real Data â€º ðŸ“¤ Real Export Operations" name="should track export progress with real population data" time="0.001">
    </testcase>
    <testcase classname="ðŸ”Œ Socket.IO Live Test with Real Data â€º ðŸ”„ Connection Resilience and Recovery" name="should handle connection drops and automatic reconnection" time="0.001">
    </testcase>
    <testcase classname="ðŸ”Œ Socket.IO Live Test with Real Data â€º ðŸ”„ Connection Resilience and Recovery" name="should maintain session state across reconnections" time="0.003">
    </testcase>
    <testcase classname="ðŸ”Œ Socket.IO Live Test with Real Data â€º ðŸ“Š Real-time System Monitoring" name="should receive real-time system statistics" time="0.001">
    </testcase>
  </testsuite>
  <testsuite name="test/integration/settings-page-functionality.test.mjs" errors="0" failures="2" skipped="0" timestamp="2025-08-06T21:40:07" time="0.161" tests="6">
    <testcase classname="âš™ï¸ Settings Page Functionality Tests" name="should serve settings page at /test-settings.html" time="0.012">
      <failure>Error: expect(received).toBe(expected) // Object.is equality

Expected: 200
Received: 404
    at Object.&lt;anonymous&gt; (/Users/cmuir/P1Import-apps/P1-import-Subsystem/test/integration/settings-page-functionality.test.mjs:69:37)
    at processTicksAndRejections (node:internal/process/task_queues:105:5)</failure>
    </testcase>
    <testcase classname="âš™ï¸ Settings Page Functionality Tests" name="should handle settings GET requests" time="0.009">
    </testcase>
    <testcase classname="âš™ï¸ Settings Page Functionality Tests" name="should handle settings POST requests" time="0.008">
    </testcase>
    <testcase classname="âš™ï¸ Settings Page Functionality Tests" name="should include all required form elements" time="0.01">
      <failure>Error: expect(received).toContain(expected) // indexOf

Expected substring: &quot;id=\&quot;apiClientId\&quot;&quot;
Received string:    &quot;{\&quot;success\&quot;:false,\&quot;error\&quot;:{\&quot;message\&quot;:\&quot;Resource not found\&quot;,\&quot;code\&quot;:\&quot;NOT_FOUND\&quot;,\&quot;details\&quot;:{},\&quot;timestamp\&quot;:\&quot;2025-08-06T21:40:07.160Z\&quot;}}&quot;
    at Object.&lt;anonymous&gt; (/Users/cmuir/P1Import-apps/P1-import-Subsystem/test/integration/settings-page-functionality.test.mjs:206:29)
    at processTicksAndRejections (node:internal/process/task_queues:105:5)</failure>
    </testcase>
    <testcase classname="âš™ï¸ Settings Page Functionality Tests" name="should validate form data properly" time="0.008">
    </testcase>
    <testcase classname="âš™ï¸ Settings Page Functionality Tests" name="should provide connection test endpoint" time="0.01">
    </testcase>
  </testsuite>
  <testsuite name="test/integration/modify-functionality.test.mjs" errors="0" failures="0" skipped="0" timestamp="2025-08-06T21:40:07" time="0.223" tests="16">
    <testcase classname="âœï¸ Modify Functionality Integration Tests â€º ðŸ“ File Upload and Validation for Modify" name="should accept valid CSV files with user IDs for modification" time="0.014">
    </testcase>
    <testcase classname="âœï¸ Modify Functionality Integration Tests â€º ðŸ“ File Upload and Validation for Modify" name="should accept valid CSV files with usernames for modification" time="0.008">
    </testcase>
    <testcase classname="âœï¸ Modify Functionality Integration Tests â€º ðŸ“ File Upload and Validation for Modify" name="should handle partial updates with only changed fields" time="0.007">
    </testcase>
    <testcase classname="âœï¸ Modify Functionality Integration Tests â€º ðŸ“ File Upload and Validation for Modify" name="should reject CSV files without valid user identifiers" time="0.007">
    </testcase>
    <testcase classname="âœï¸ Modify Functionality Integration Tests â€º ðŸ” User Identification and Validation for Modify" name="should handle mixed identifier types in CSV" time="0.008">
    </testcase>
    <testcase classname="âœï¸ Modify Functionality Integration Tests â€º ðŸ” User Identification and Validation for Modify" name="should handle duplicate identifiers in CSV" time="0.007">
    </testcase>
    <testcase classname="âœï¸ Modify Functionality Integration Tests â€º ðŸ” User Identification and Validation for Modify" name="should validate user existence before modification" time="0.008">
    </testcase>
    <testcase classname="âœï¸ Modify Functionality Integration Tests â€º ðŸ“Š Progress Tracking and Status for Modify" name="should provide modify progress status" time="0.007">
    </testcase>
    <testcase classname="âœï¸ Modify Functionality Integration Tests â€º ðŸ“Š Progress Tracking and Status for Modify" name="should handle large batch modify operations" time="0.01">
    </testcase>
    <testcase classname="âœï¸ Modify Functionality Integration Tests â€º ðŸš¨ Error Handling and Edge Cases for Modify" name="should handle empty CSV files" time="0.008">
    </testcase>
    <testcase classname="âœï¸ Modify Functionality Integration Tests â€º ðŸš¨ Error Handling and Edge Cases for Modify" name="should handle malformed CSV data" time="0.009">
    </testcase>
    <testcase classname="âœï¸ Modify Functionality Integration Tests â€º ðŸš¨ Error Handling and Edge Cases for Modify" name="should handle modify operation cancellation" time="0.007">
    </testcase>
    <testcase classname="âœï¸ Modify Functionality Integration Tests â€º ðŸš¨ Error Handling and Edge Cases for Modify" name="should handle rollback scenarios for modify operations" time="0.008">
    </testcase>
    <testcase classname="âœï¸ Modify Functionality Integration Tests â€º ðŸ”§ Modify Management and Cleanup" name="should reset modify status" time="0.006">
    </testcase>
    <testcase classname="âœï¸ Modify Functionality Integration Tests â€º ðŸ”§ Modify Management and Cleanup" name="should handle modify operation history" time="0.007">
    </testcase>
    <testcase classname="âœï¸ Modify Functionality Integration Tests â€º ðŸ”§ Modify Management and Cleanup" name="should validate modify field mappings" time="0.008">
    </testcase>
  </testsuite>
  <testsuite name="test/integration/javascript-functionality.test.mjs" errors="0" failures="5" skipped="0" timestamp="2025-08-06T21:40:07" time="0.353" tests="5">
    <testcase classname="ðŸ”§ JavaScript Functionality Tests" name="should load centralized-logger without syntax errors" time="0.045">
      <failure>Error: expect(received).toBe(expected) // Object.is equality

Expected: 200
Received: 404
    at Object.&lt;anonymous&gt; (/Users/cmuir/P1Import-apps/P1-import-Subsystem/test/integration/javascript-functionality.test.mjs:73:37)
    at processTicksAndRejections (node:internal/process/task_queues:105:5)</failure>
    </testcase>
    <testcase classname="ðŸ”§ JavaScript Functionality Tests" name="should create logger with startTimer and endTimer methods" time="0.003">
      <failure>TypeError: window.CentralizedLogger is not a constructor
    at Object.&lt;anonymous&gt; (/Users/cmuir/P1Import-apps/P1-import-Subsystem/test/integration/javascript-functionality.test.mjs:104:28)
    at Promise.finally.completed (/Users/cmuir/P1Import-apps/P1-import-Subsystem/node_modules/jest-circus/build/jestAdapterInit.js:1559:28)
    at new Promise (&lt;anonymous&gt;)
    at callAsyncCircusFn (/Users/cmuir/P1Import-apps/P1-import-Subsystem/node_modules/jest-circus/build/jestAdapterInit.js:1499:10)
    at _callCircusTest (/Users/cmuir/P1Import-apps/P1-import-Subsystem/node_modules/jest-circus/build/jestAdapterInit.js:1009:40)
    at processTicksAndRejections (node:internal/process/task_queues:105:5)
    at _runTest (/Users/cmuir/P1Import-apps/P1-import-Subsystem/node_modules/jest-circus/build/jestAdapterInit.js:949:3)
    at _runTestsForDescribeBlock (/Users/cmuir/P1Import-apps/P1-import-Subsystem/node_modules/jest-circus/build/jestAdapterInit.js:839:13)
    at _runTestsForDescribeBlock (/Users/cmuir/P1Import-apps/P1-import-Subsystem/node_modules/jest-circus/build/jestAdapterInit.js:829:11)
    at run (/Users/cmuir/P1Import-apps/P1-import-Subsystem/node_modules/jest-circus/build/jestAdapterInit.js:757:3)
    at runAndTransformResultsToJestFormat (/Users/cmuir/P1Import-apps/P1-import-Subsystem/node_modules/jest-circus/build/jestAdapterInit.js:1920:21)
    at jestAdapter (/Users/cmuir/P1Import-apps/P1-import-Subsystem/node_modules/jest-circus/build/runner.js:101:19)
    at runTestInternal (/Users/cmuir/P1Import-apps/P1-import-Subsystem/node_modules/jest-runner/build/index.js:275:16)
    at runTest (/Users/cmuir/P1Import-apps/P1-import-Subsystem/node_modules/jest-runner/build/index.js:343:7)</failure>
    </testcase>
    <testcase classname="ðŸ”§ JavaScript Functionality Tests" name="should load centralized-logger-fallback without syntax errors" time="0.008">
      <failure>Error: expect(received).toBeDefined()

Received: undefined
    at Object.&lt;anonymous&gt; (/Users/cmuir/P1Import-apps/P1-import-Subsystem/test/integration/javascript-functionality.test.mjs:157:35)
    at processTicksAndRejections (node:internal/process/task_queues:105:5)</failure>
    </testcase>
    <testcase classname="ðŸ”§ JavaScript Functionality Tests" name="should load error-fix.js without syntax errors" time="0.006">
      <failure>Error: expect(received).toBe(expected) // Object.is equality

Expected: 200
Received: 404
    at Object.&lt;anonymous&gt; (/Users/cmuir/P1Import-apps/P1-import-Subsystem/test/integration/javascript-functionality.test.mjs:181:37)
    at processTicksAndRejections (node:internal/process/task_queues:105:5)</failure>
    </testcase>
    <testcase classname="ðŸ”§ JavaScript Functionality Tests" name="should handle timer functionality correctly" time="0.002">
      <failure>Error: expect(received).toBeDefined()

Received: undefined
    at Object.&lt;anonymous&gt; (/Users/cmuir/P1Import-apps/P1-import-Subsystem/test/integration/javascript-functionality.test.mjs:213:35)
    at Promise.finally.completed (/Users/cmuir/P1Import-apps/P1-import-Subsystem/node_modules/jest-circus/build/jestAdapterInit.js:1559:28)
    at new Promise (&lt;anonymous&gt;)
    at callAsyncCircusFn (/Users/cmuir/P1Import-apps/P1-import-Subsystem/node_modules/jest-circus/build/jestAdapterInit.js:1499:10)
    at _callCircusTest (/Users/cmuir/P1Import-apps/P1-import-Subsystem/node_modules/jest-circus/build/jestAdapterInit.js:1009:40)
    at processTicksAndRejections (node:internal/process/task_queues:105:5)
    at _runTest (/Users/cmuir/P1Import-apps/P1-import-Subsystem/node_modules/jest-circus/build/jestAdapterInit.js:949:3)
    at _runTestsForDescribeBlock (/Users/cmuir/P1Import-apps/P1-import-Subsystem/node_modules/jest-circus/build/jestAdapterInit.js:839:13)
    at _runTestsForDescribeBlock (/Users/cmuir/P1Import-apps/P1-import-Subsystem/node_modules/jest-circus/build/jestAdapterInit.js:829:11)
    at run (/Users/cmuir/P1Import-apps/P1-import-Subsystem/node_modules/jest-circus/build/jestAdapterInit.js:757:3)
    at runAndTransformResultsToJestFormat (/Users/cmuir/P1Import-apps/P1-import-Subsystem/node_modules/jest-circus/build/jestAdapterInit.js:1920:21)
    at jestAdapter (/Users/cmuir/P1Import-apps/P1-import-Subsystem/node_modules/jest-circus/build/runner.js:101:19)
    at runTestInternal (/Users/cmuir/P1Import-apps/P1-import-Subsystem/node_modules/jest-runner/build/index.js:275:16)
    at runTest (/Users/cmuir/P1Import-apps/P1-import-Subsystem/node_modules/jest-runner/build/index.js:343:7)</failure>
    </testcase>
  </testsuite>
  <testsuite name="test/integration/import-functionality.test.mjs" errors="0" failures="0" skipped="0" timestamp="2025-08-06T21:40:07" time="0.253" tests="11">
    <testcase classname="ðŸ“¥ Import Functionality Integration Tests â€º ðŸ“ File Upload and Import Process" name="should accept valid CSV file uploads and start import" time="0.014">
    </testcase>
    <testcase classname="ðŸ“¥ Import Functionality Integration Tests â€º ðŸ“ File Upload and Import Process" name="should reject files without required population information" time="0.007">
    </testcase>
    <testcase classname="ðŸ“¥ Import Functionality Integration Tests â€º ðŸ“ File Upload and Import Process" name="should reject requests without files" time="0.005">
    </testcase>
    <testcase classname="ðŸ“¥ Import Functionality Integration Tests â€º ðŸ“ File Upload and Import Process" name="should handle large CSV files" time="0.009">
    </testcase>
    <testcase classname="ðŸ“¥ Import Functionality Integration Tests â€º ðŸ“Š Progress Tracking and Status" name="should provide import progress status" time="0.006">
    </testcase>
    <testcase classname="ðŸ“¥ Import Functionality Integration Tests â€º ðŸ“Š Progress Tracking and Status" name="should handle import status queries" time="0.007">
    </testcase>
    <testcase classname="ðŸ“¥ Import Functionality Integration Tests â€º ðŸš¨ Error Handling and Edge Cases" name="should handle empty CSV files" time="0.007">
    </testcase>
    <testcase classname="ðŸ“¥ Import Functionality Integration Tests â€º ðŸš¨ Error Handling and Edge Cases" name="should handle malformed CSV data" time="0.007">
    </testcase>
    <testcase classname="ðŸ“¥ Import Functionality Integration Tests â€º ðŸš¨ Error Handling and Edge Cases" name="should handle special characters in CSV data" time="0.007">
    </testcase>
    <testcase classname="ðŸ“¥ Import Functionality Integration Tests â€º ðŸš¨ Error Handling and Edge Cases" name="should handle import cancellation" time="0.006">
    </testcase>
    <testcase classname="ðŸ“¥ Import Functionality Integration Tests â€º ðŸ”§ Import Management" name="should reset import status" time="0.006">
    </testcase>
  </testsuite>
  <testsuite name="test/integration/export-functionality.test.mjs" errors="0" failures="0" skipped="0" timestamp="2025-08-06T21:40:08" time="1.886" tests="15">
    <testcase classname="ðŸ“¤ Export Functionality Integration Tests â€º ðŸ“Š Basic Export Functionality" name="should export users in CSV format" time="0.203">
    </testcase>
    <testcase classname="ðŸ“¤ Export Functionality Integration Tests â€º ðŸ“Š Basic Export Functionality" name="should export users in JSON format" time="0.218">
    </testcase>
    <testcase classname="ðŸ“¤ Export Functionality Integration Tests â€º ðŸ“Š Basic Export Functionality" name="should handle custom field selection" time="0.158">
    </testcase>
    <testcase classname="ðŸ“¤ Export Functionality Integration Tests â€º ðŸ¢ Population-Based Export" name="should export users from specific population" time="0.151">
    </testcase>
    <testcase classname="ðŸ“¤ Export Functionality Integration Tests â€º ðŸ¢ Population-Based Export" name="should handle all populations export" time="0.209">
    </testcase>
    <testcase classname="ðŸ“¤ Export Functionality Integration Tests â€º ðŸ¢ Population-Based Export" name="should validate population selection" time="0.009">
    </testcase>
    <testcase classname="ðŸ“¤ Export Functionality Integration Tests â€º ðŸ” Filtering and Options" name="should handle filtered exports" time="0.129">
    </testcase>
    <testcase classname="ðŸ“¤ Export Functionality Integration Tests â€º ðŸ” Filtering and Options" name="should handle disabled user inclusion option" time="0.142">
    </testcase>
    <testcase classname="ðŸ“¤ Export Functionality Integration Tests â€º ðŸ” Filtering and Options" name="should validate export format options" time="0.012">
    </testcase>
    <testcase classname="ðŸ“¤ Export Functionality Integration Tests â€º ðŸ“Š Progress and Status Tracking" name="should provide export progress status" time="0.006">
    </testcase>
    <testcase classname="ðŸ“¤ Export Functionality Integration Tests â€º ðŸ“Š Progress and Status Tracking" name="should handle large export operations" time="0.186">
    </testcase>
    <testcase classname="ðŸ“¤ Export Functionality Integration Tests â€º ðŸš¨ Error Handling and Edge Cases" name="should handle missing export parameters" time="0.013">
    </testcase>
    <testcase classname="ðŸ“¤ Export Functionality Integration Tests â€º ðŸš¨ Error Handling and Edge Cases" name="should handle invalid population IDs" time="0.149">
    </testcase>
    <testcase classname="ðŸ“¤ Export Functionality Integration Tests â€º ðŸš¨ Error Handling and Edge Cases" name="should handle empty export results" time="0.209">
    </testcase>
    <testcase classname="ðŸ“¤ Export Functionality Integration Tests â€º ðŸš¨ Error Handling and Edge Cases" name="should handle export cancellation" time="0.006">
    </testcase>
  </testsuite>
  <testsuite name="test/integration/error-fixes.test.mjs" errors="0" failures="3" skipped="0" timestamp="2025-08-06T21:40:09" time="0.114" tests="5">
    <testcase classname="ðŸ”§ Error Fixes Integration Tests" name="should serve error-fix.js file" time="0.008">
      <failure>Error: expect(received).toBe(expected) // Object.is equality

Expected: 200
Received: 404
    at Object.&lt;anonymous&gt; (/Users/cmuir/P1Import-apps/P1-import-Subsystem/test/integration/error-fixes.test.mjs:55:37)
    at processTicksAndRejections (node:internal/process/task_queues:105:5)</failure>
    </testcase>
    <testcase classname="ðŸ”§ Error Fixes Integration Tests" name="should serve centralized-logger.js without export errors" time="0.007">
      <failure>Error: expect(received).toBe(expected) // Object.is equality

Expected: 200
Received: 404
    at Object.&lt;anonymous&gt; (/Users/cmuir/P1Import-apps/P1-import-Subsystem/test/integration/error-fixes.test.mjs:89:37)
    at processTicksAndRejections (node:internal/process/task_queues:105:5)</failure>
    </testcase>
    <testcase classname="ðŸ”§ Error Fixes Integration Tests" name="should serve centralized-logger-fallback.js without export errors" time="0.006">
    </testcase>
    <testcase classname="ðŸ”§ Error Fixes Integration Tests" name="should handle connection test errors gracefully" time="0.007">
    </testcase>
    <testcase classname="ðŸ”§ Error Fixes Integration Tests" name="should serve population-dropdown-fix.js with improved error handling" time="0.007">
      <failure>Error: expect(received).toBe(expected) // Object.is equality

Expected: 200
Received: 404
    at Object.&lt;anonymous&gt; (/Users/cmuir/P1Import-apps/P1-import-Subsystem/test/integration/error-fixes.test.mjs:200:37)
    at processTicksAndRejections (node:internal/process/task_queues:105:5)</failure>
    </testcase>
  </testsuite>
  <testsuite name="test/integration/delete-functionality.test.mjs" errors="0" failures="0" skipped="0" timestamp="2025-08-06T21:40:10" time="0.833" tests="18">
    <testcase classname="ðŸ—‘ï¸ Delete Functionality Integration Tests â€º ðŸ“ File Upload and Validation for Delete" name="should accept valid CSV files with user IDs" time="0.569">
    </testcase>
    <testcase classname="ðŸ—‘ï¸ Delete Functionality Integration Tests â€º ðŸ“ File Upload and Validation for Delete" name="should accept valid CSV files with usernames" time="0.01">
    </testcase>
    <testcase classname="ðŸ—‘ï¸ Delete Functionality Integration Tests â€º ðŸ“ File Upload and Validation for Delete" name="should accept valid CSV files with email addresses" time="0.01">
    </testcase>
    <testcase classname="ðŸ—‘ï¸ Delete Functionality Integration Tests â€º ðŸ“ File Upload and Validation for Delete" name="should reject CSV files without valid identifiers" time="0.015">
    </testcase>
    <testcase classname="ðŸ—‘ï¸ Delete Functionality Integration Tests â€º ðŸ” User Identification and Validation" name="should handle mixed identifier types in CSV" time="0.01">
    </testcase>
    <testcase classname="ðŸ—‘ï¸ Delete Functionality Integration Tests â€º ðŸ” User Identification and Validation" name="should handle duplicate identifiers in CSV" time="0.008">
    </testcase>
    <testcase classname="ðŸ—‘ï¸ Delete Functionality Integration Tests â€º ðŸ” User Identification and Validation" name="should validate user existence before deletion" time="0.015">
    </testcase>
    <testcase classname="ðŸ—‘ï¸ Delete Functionality Integration Tests â€º ðŸš¨ Safety Measures and Confirmation" name="should require explicit confirmation for delete operations" time="0.018">
    </testcase>
    <testcase classname="ðŸ—‘ï¸ Delete Functionality Integration Tests â€º ðŸš¨ Safety Measures and Confirmation" name="should provide delete preview before execution" time="0.01">
    </testcase>
    <testcase classname="ðŸ—‘ï¸ Delete Functionality Integration Tests â€º ðŸš¨ Safety Measures and Confirmation" name="should implement dry run mode for delete operations" time="0.014">
    </testcase>
    <testcase classname="ðŸ—‘ï¸ Delete Functionality Integration Tests â€º ðŸ“Š Progress Tracking and Status" name="should provide delete progress status" time="0.008">
    </testcase>
    <testcase classname="ðŸ—‘ï¸ Delete Functionality Integration Tests â€º ðŸ“Š Progress Tracking and Status" name="should handle large batch delete operations" time="0.011">
    </testcase>
    <testcase classname="ðŸ—‘ï¸ Delete Functionality Integration Tests â€º ðŸš¨ Error Handling and Edge Cases" name="should handle empty CSV files" time="0.007">
    </testcase>
    <testcase classname="ðŸ—‘ï¸ Delete Functionality Integration Tests â€º ðŸš¨ Error Handling and Edge Cases" name="should handle malformed CSV data" time="0.006">
    </testcase>
    <testcase classname="ðŸ—‘ï¸ Delete Functionality Integration Tests â€º ðŸš¨ Error Handling and Edge Cases" name="should handle delete operation cancellation" time="0.007">
    </testcase>
    <testcase classname="ðŸ—‘ï¸ Delete Functionality Integration Tests â€º ðŸš¨ Error Handling and Edge Cases" name="should handle rollback scenarios" time="0.007">
    </testcase>
    <testcase classname="ðŸ—‘ï¸ Delete Functionality Integration Tests â€º ðŸ”§ Delete Management and Cleanup" name="should reset delete status" time="0.008">
    </testcase>
    <testcase classname="ðŸ—‘ï¸ Delete Functionality Integration Tests â€º ðŸ”§ Delete Management and Cleanup" name="should handle delete operation history" time="0.005">
    </testcase>
  </testsuite>
  <testsuite name="test/integration/comprehensive-startup-suite.test.mjs" errors="0" failures="16" skipped="0" timestamp="2025-08-06T21:40:10" time="75.188" tests="20">
    <testcase classname="ðŸš€ Comprehensive Startup and System Tests â€º ðŸ“‹ Startup Phase Testing" name="Server should start successfully with all phases" time="45.002">
      <failure>Error: thrown: &quot;Exceeded timeout of 45000 ms for a test.
Add a timeout value to this test to increase the timeout, if this is a long-running test. See https://jestjs.io/docs/api#testname-fn-timeout.&quot;
    at /Users/cmuir/P1Import-apps/P1-import-Subsystem/test/integration/comprehensive-startup-suite.test.mjs:58:9
    at _dispatchDescribe (/Users/cmuir/P1Import-apps/P1-import-Subsystem/node_modules/jest-circus/build/jestAdapterInit.js:604:26)
    at describe (/Users/cmuir/P1Import-apps/P1-import-Subsystem/node_modules/jest-circus/build/jestAdapterInit.js:572:44)
    at /Users/cmuir/P1Import-apps/P1-import-Subsystem/test/integration/comprehensive-startup-suite.test.mjs:57:5
    at _dispatchDescribe (/Users/cmuir/P1Import-apps/P1-import-Subsystem/node_modules/jest-circus/build/jestAdapterInit.js:604:26)
    at describe (/Users/cmuir/P1Import-apps/P1-import-Subsystem/node_modules/jest-circus/build/jestAdapterInit.js:572:44)
    at /Users/cmuir/P1Import-apps/P1-import-Subsystem/test/integration/comprehensive-startup-suite.test.mjs:34:1
    at SourceTextModule.evaluate (node:internal/vm/module:227:23)
    at Runtime.linkAndEvaluateModule (/Users/cmuir/P1Import-apps/P1-import-Subsystem/node_modules/jest-runtime/build/index.js:684:20)
    at jestAdapter (/Users/cmuir/P1Import-apps/P1-import-Subsystem/node_modules/jest-circus/build/runner.js:93:5)
    at runTestInternal (/Users/cmuir/P1Import-apps/P1-import-Subsystem/node_modules/jest-runner/build/index.js:275:16)
    at runTest (/Users/cmuir/P1Import-apps/P1-import-Subsystem/node_modules/jest-runner/build/index.js:343:7)</failure>
      <failure>TypeError: The &quot;delay&quot; argument must be of type number. Received function 
    at setTimeout (node:timers/promises:56:7)
    at /Users/cmuir/P1Import-apps/P1-import-Subsystem/test/integration/comprehensive-startup-suite.test.mjs:430:42
    at new Promise (&lt;anonymous&gt;)
    at waitForServerReady (/Users/cmuir/P1Import-apps/P1-import-Subsystem/test/integration/comprehensive-startup-suite.test.mjs:430:19)
    at processTicksAndRejections (node:internal/process/task_queues:105:5)
    at Object.&lt;anonymous&gt; (/Users/cmuir/P1Import-apps/P1-import-Subsystem/test/integration/comprehensive-startup-suite.test.mjs:86:13)</failure>
    </testcase>
    <testcase classname="ðŸš€ Comprehensive Startup and System Tests â€º ðŸ“‹ Startup Phase Testing" name="Health check should be available after startup" time="0.003">
      <failure>AggregateError: 
    at internalConnectMultiple (node:net:1139:18)
    at afterConnectMultiple (node:net:1714:7)</failure>
    </testcase>
    <testcase classname="ðŸš€ Comprehensive Startup and System Tests â€º ðŸ“‹ Startup Phase Testing" name="All critical services should be initialized" time="0.003">
      <failure>AggregateError: 
    at internalConnectMultiple (node:net:1139:18)
    at afterConnectMultiple (node:net:1714:7)</failure>
    </testcase>
    <testcase classname="ðŸš€ Comprehensive Startup and System Tests â€º ðŸ”— Service Dependencies" name="Express server should be running" time="0.003">
      <failure>AggregateError: 
    at internalConnectMultiple (node:net:1139:18)
    at afterConnectMultiple (node:net:1714:7)</failure>
    </testcase>
    <testcase classname="ðŸš€ Comprehensive Startup and System Tests â€º ðŸ”— Service Dependencies" name="Static file serving should work" time="0.003">
      <failure>AggregateError: 
    at internalConnectMultiple (node:net:1139:18)
    at afterConnectMultiple (node:net:1714:7)</failure>
    </testcase>
    <testcase classname="ðŸš€ Comprehensive Startup and System Tests â€º ðŸ”— Service Dependencies" name="API routes should be mounted" time="0.003">
      <failure>AggregateError: 
    at internalConnectMultiple (node:net:1139:18)
    at afterConnectMultiple (node:net:1714:7)</failure>
    </testcase>
    <testcase classname="ðŸš€ Comprehensive Startup and System Tests â€º ðŸ”§ Configuration Loading" name="Environment variables should be loaded" time="0.002">
      <failure>AggregateError: 
    at internalConnectMultiple (node:net:1139:18)
    at afterConnectMultiple (node:net:1714:7)</failure>
    </testcase>
    <testcase classname="ðŸš€ Comprehensive Startup and System Tests â€º ðŸ”§ Configuration Loading" name="Default settings should be available" time="0.002">
      <failure>AggregateError: 
    at internalConnectMultiple (node:net:1139:18)
    at afterConnectMultiple (node:net:1714:7)</failure>
    </testcase>
    <testcase classname="ðŸš€ Comprehensive Startup and System Tests â€º ðŸŒ Network and Connectivity" name="Server should bind to correct port" time="0.003">
      <failure>AggregateError: 
    at internalConnectMultiple (node:net:1139:18)
    at afterConnectMultiple (node:net:1714:7)</failure>
    </testcase>
    <testcase classname="ðŸš€ Comprehensive Startup and System Tests â€º ðŸŒ Network and Connectivity" name="CORS should be configured" time="0.001">
      <failure>AggregateError: 
    at internalConnectMultiple (node:net:1139:18)
    at afterConnectMultiple (node:net:1714:7)</failure>
    </testcase>
    <testcase classname="ðŸš€ Comprehensive Startup and System Tests â€º ðŸŒ Network and Connectivity" name="Request parsing should work" time="0.002">
      <failure>AggregateError: 
    at internalConnectMultiple (node:net:1139:18)
    at afterConnectMultiple (node:net:1714:7)</failure>
    </testcase>
    <testcase classname="ðŸš€ Comprehensive Startup and System Tests â€º ðŸ“Š Performance and Resource Usage" name="Server should start within reasonable time" time="0.002">
    </testcase>
    <testcase classname="ðŸš€ Comprehensive Startup and System Tests â€º ðŸ“Š Performance and Resource Usage" name="Memory usage should be reasonable" time="0.001">
      <failure>AggregateError: 
    at internalConnectMultiple (node:net:1139:18)
    at afterConnectMultiple (node:net:1714:7)</failure>
    </testcase>
    <testcase classname="ðŸš€ Comprehensive Startup and System Tests â€º ðŸ“Š Performance and Resource Usage" name="Response times should be acceptable" time="0.002">
      <failure>AggregateError: 
    at internalConnectMultiple (node:net:1139:18)
    at afterConnectMultiple (node:net:1714:7)</failure>
    </testcase>
    <testcase classname="ðŸš€ Comprehensive Startup and System Tests â€º ðŸ”Œ Real-time Communication" name="Socket.IO should be available" time="0.002">
    </testcase>
    <testcase classname="ðŸš€ Comprehensive Startup and System Tests â€º ðŸ”Œ Real-time Communication" name="WebSocket upgrade should be supported" time="0.002">
    </testcase>
    <testcase classname="ðŸš€ Comprehensive Startup and System Tests â€º ðŸ›¡ï¸ Security and Error Handling" name="Should handle malformed requests gracefully" time="0.002">
      <failure>AggregateError: 
    at internalConnectMultiple (node:net:1139:18)
    at afterConnectMultiple (node:net:1714:7)</failure>
    </testcase>
    <testcase classname="ðŸš€ Comprehensive Startup and System Tests â€º ðŸ›¡ï¸ Security and Error Handling" name="Should return proper 404 for non-existent routes" time="0.002">
      <failure>AggregateError: 
    at internalConnectMultiple (node:net:1139:18)
    at afterConnectMultiple (node:net:1714:7)</failure>
    </testcase>
    <testcase classname="ðŸš€ Comprehensive Startup and System Tests â€º ðŸ›¡ï¸ Security and Error Handling" name="Should handle server errors gracefully" time="0.001">
      <failure>AggregateError: 
    at internalConnectMultiple (node:net:1139:18)
    at afterConnectMultiple (node:net:1714:7)</failure>
    </testcase>
    <testcase classname="ðŸš€ Comprehensive Startup and System Tests â€º ðŸ”„ Graceful Shutdown" name="Server should handle SIGTERM gracefully" time="0.002">
    </testcase>
    <testcase classname="" name="Test execution failure: could be caused by test hooks like &apos;afterAll&apos;." time="0">
      <failure>{&quot;message&quot;:&quot;&quot;,&quot;stack&quot;:&quot;Error: thrown: \&quot;Exceeded timeout of 30000 ms for a hook.\nAdd a timeout value to this test to increase the timeout, if this is a long-running test. See https://jestjs.io/docs/api#testname-fn-timeout.\&quot;\n    at /Users/cmuir/P1Import-apps/P1-import-Subsystem/test/integration/comprehensive-startup-suite.test.mjs:44:5\n    at _dispatchDescribe (/Users/cmuir/P1Import-apps/P1-import-Subsystem/node_modules/jest-circus/build/jestAdapterInit.js:604:26)\n    at describe (/Users/cmuir/P1Import-apps/P1-import-Subsystem/node_modules/jest-circus/build/jestAdapterInit.js:572:44)\n    at /Users/cmuir/P1Import-apps/P1-import-Subsystem/test/integration/comprehensive-startup-suite.test.mjs:34:1\n    at SourceTextModule.evaluate (node:internal/vm/module:227:23)\n    at Runtime.linkAndEvaluateModule (/Users/cmuir/P1Import-apps/P1-import-Subsystem/node_modules/jest-runtime/build/index.js:684:20)\n    at jestAdapter (/Users/cmuir/P1Import-apps/P1-import-Subsystem/node_modules/jest-circus/build/runner.js:93:5)\n    at runTestInternal (/Users/cmuir/P1Import-apps/P1-import-Subsystem/node_modules/jest-runner/build/index.js:275:16)\n    at runTest (/Users/cmuir/P1Import-apps/P1-import-Subsystem/node_modules/jest-runner/build/index.js:343:7)\nTypeError: The \&quot;delay\&quot; argument must be of type number. Received function \n    at setTimeout (node:timers/promises:56:7)\n    at /Users/cmuir/P1Import-apps/P1-import-Subsystem/test/integration/comprehensive-startup-suite.test.mjs:52:17\n    at new Promise (&lt;anonymous&gt;)\n    at Object.&lt;anonymous&gt; (/Users/cmuir/P1Import-apps/P1-import-Subsystem/test/integration/comprehensive-startup-suite.test.mjs:50:19)\n    at Promise.finally.completed (/Users/cmuir/P1Import-apps/P1-import-Subsystem/node_modules/jest-circus/build/jestAdapterInit.js:1559:28)\n    at new Promise (&lt;anonymous&gt;)\n    at callAsyncCircusFn (/Users/cmuir/P1Import-apps/P1-import-Subsystem/node_modules/jest-circus/build/jestAdapterInit.js:1499:10)\n    at _callCircusHook (/Users/cmuir/P1Import-apps/P1-import-Subsystem/node_modules/jest-circus/build/jestAdapterInit.js:978:40)\n    at processTicksAndRejections (node:internal/process/task_queues:105:5)\n    at _runTestsForDescribeBlock (/Users/cmuir/P1Import-apps/P1-import-Subsystem/node_modules/jest-circus/build/jestAdapterInit.js:856:7)\n    at _runTestsForDescribeBlock (/Users/cmuir/P1Import-apps/P1-import-Subsystem/node_modules/jest-circus/build/jestAdapterInit.js:829:11)\n    at run (/Users/cmuir/P1Import-apps/P1-import-Subsystem/node_modules/jest-circus/build/jestAdapterInit.js:757:3)\n    at runAndTransformResultsToJestFormat (/Users/cmuir/P1Import-apps/P1-import-Subsystem/node_modules/jest-circus/build/jestAdapterInit.js:1920:21)\n    at jestAdapter (/Users/cmuir/P1Import-apps/P1-import-Subsystem/node_modules/jest-circus/build/runner.js:101:19)\n    at runTestInternal (/Users/cmuir/P1Import-apps/P1-import-Subsystem/node_modules/jest-runner/build/index.js:275:16)\n    at runTest (/Users/cmuir/P1Import-apps/P1-import-Subsystem/node_modules/jest-runner/build/index.js:343:7)&quot;}</failure>
    </testcase>
  </testsuite>
  <testsuite name="test/integration/bundle-fixes.test.mjs" errors="0" failures="6" skipped="0" timestamp="2025-08-06T21:41:26" time="0.158" tests="6">
    <testcase classname="ðŸ“¦ Bundle Fixes Integration Tests" name="should serve the updated bundle file" time="0.007">
      <failure>Error: expect(received).toBe(expected) // Object.is equality

Expected: 200
Received: 404
    at Object.&lt;anonymous&gt; (/Users/cmuir/P1Import-apps/P1-import-Subsystem/test/integration/bundle-fixes.test.mjs:53:45)
    at processTicksAndRejections (node:internal/process/task_queues:105:5)</failure>
    </testcase>
    <testcase classname="ðŸ“¦ Bundle Fixes Integration Tests" name="should have startTimer method in the bundle" time="0.013">
      <failure>Error: expect(received).toBe(expected) // Object.is equality

Expected: true
Received: false
    at Object.&lt;anonymous&gt; (/Users/cmuir/P1Import-apps/P1-import-Subsystem/test/integration/bundle-fixes.test.mjs:97:35)
    at processTicksAndRejections (node:internal/process/task_queues:105:5)</failure>
    </testcase>
    <testcase classname="ðŸ“¦ Bundle Fixes Integration Tests" name="should serve error-fix.js file" time="0.007">
      <failure>Error: expect(received).toBe(expected) // Object.is equality

Expected: 200
Received: 404
    at Object.&lt;anonymous&gt; (/Users/cmuir/P1Import-apps/P1-import-Subsystem/test/integration/bundle-fixes.test.mjs:122:37)
    at processTicksAndRejections (node:internal/process/task_queues:105:5)</failure>
    </testcase>
    <testcase classname="ðŸ“¦ Bundle Fixes Integration Tests" name="should serve updated bug-fix-loader.js" time="0.008">
      <failure>Error: expect(received).toBe(expected) // Object.is equality

Expected: 200
Received: 404
    at Object.&lt;anonymous&gt; (/Users/cmuir/P1Import-apps/P1-import-Subsystem/test/integration/bundle-fixes.test.mjs:148:37)
    at processTicksAndRejections (node:internal/process/task_queues:105:5)</failure>
    </testcase>
    <testcase classname="ðŸ“¦ Bundle Fixes Integration Tests" name="should serve updated centralized logger files" time="0.007">
      <failure>Error: expect(received).toBe(expected) // Object.is equality

Expected: 200
Received: 404
    at Object.&lt;anonymous&gt; (/Users/cmuir/P1Import-apps/P1-import-Subsystem/test/integration/bundle-fixes.test.mjs:181:43)
    at processTicksAndRejections (node:internal/process/task_queues:105:5)</failure>
    </testcase>
    <testcase classname="ðŸ“¦ Bundle Fixes Integration Tests" name="should serve index.html with updated bundle reference" time="0.009">
      <failure>Error: expect(received).toMatch(expected)

Expected pattern: /bundle-\d+\.js/
Received string:  &quot;&lt;!DOCTYPE html&gt;
&lt;html lang=\&quot;en\&quot;&gt;
&lt;head&gt;
    &lt;meta charset=\&quot;UTF-8\&quot;&gt;
    &lt;meta name=\&quot;viewport\&quot; content=\&quot;width=device-width, initial-scale=1.0\&quot;&gt;
    &lt;title&gt;PingOne User Import&lt;/title&gt;Â·Â·Â·Â·Â·
    &lt;!-- Favicon --&gt;
    &lt;link rel=\&quot;icon\&quot; type=\&quot;image/x-icon\&quot; href=\&quot;/favicon.ico\&quot;&gt;
    &lt;link rel=\&quot;shortcut icon\&quot; type=\&quot;image/x-icon\&quot; href=\&quot;/favicon.ico\&quot;&gt;Â·Â·Â·Â·Â·
    &lt;!-- Ping Identity Official CSS --&gt;
    &lt;link rel=\&quot;stylesheet\&quot; href=\&quot;https://assets.pingone.com/ux/end-user-nano/0.1.0-alpha.9/end-user-nano.css\&quot;&gt;
    &lt;link rel=\&quot;stylesheet\&quot; href=\&quot;https://assets.pingone.com/ux/astro-nano/0.1.0-alpha.11/icons.css\&quot;&gt;Â·Â·Â·Â·Â·
    &lt;!-- Bootstrap CSS --&gt;
    &lt;link href=\&quot;/vendor/bootstrap/bootstrap.min.css\&quot; rel=\&quot;stylesheet\&quot;&gt;Â·Â·Â·Â·Â·
    &lt;!-- Font Awesome --&gt;Â·Â·Â·Â·Â·Â·Â·Â·Â·Â·
    &lt;!-- Consolidated CSS --&gt;Â·Â·Â·Â·Â·Â·Â·Â·Â·Â·
    &lt;!-- Import Maps Configuration --&gt;
    &lt;script type=\&quot;importmap\&quot; src=\&quot;/import-maps.json\&quot;&gt;&lt;/script&gt;Â·Â·Â·Â·Â·
    &lt;!-- Fallback for browsers that don&apos;t support external import maps --&gt;
    &lt;script type=\&quot;importmap\&quot;&gt;
    {
        \&quot;imports\&quot;: {
            \&quot;@/\&quot;: \&quot;/\&quot;,
            \&quot;@/js/\&quot;: \&quot;/js/\&quot;,
            \&quot;@/components/\&quot;: \&quot;/js/components/\&quot;,
            \&quot;@/pages/\&quot;: \&quot;/js/pages/\&quot;,
            \&quot;@/services/\&quot;: \&quot;/js/services/\&quot;,
            \&quot;@/utils/\&quot;: \&quot;/js/utils/\&quot;,
            \&quot;@/state/\&quot;: \&quot;/js/state/\&quot;,
            \&quot;@/src/\&quot;: \&quot;/src/\&quot;,
            \&quot;@/src/client/\&quot;: \&quot;/src/client/\&quot;,Â·Â·Â·Â·Â·Â·Â·Â·Â·Â·Â·Â·Â·
            \&quot;app\&quot;: \&quot;/js/app.js\&quot;,
            \&quot;app-state\&quot;: \&quot;/js/state/app-state.js\&quot;,
            \&quot;layout-manager\&quot;: \&quot;/js/components/layout-manager.js\&quot;,
            \&quot;version-manager\&quot;: \&quot;/js/utils/version-manager.js\&quot;,Â·Â·Â·Â·Â·Â·Â·Â·Â·Â·Â·Â·Â·
            \&quot;socket.io-client\&quot;: \&quot;https://esm.sh/socket.io-client@4.7.5\&quot;,
            \&quot;axios\&quot;: \&quot;https://esm.sh/axios@1.6.7\&quot;
        }
    }
    &lt;/script&gt;
    &lt;!-- Consolidated CSS --&gt;
    &lt;link rel=\&quot;stylesheet\&quot; href=\&quot;/css/main.css\&quot;&gt;
    &lt;link rel=\&quot;stylesheet\&quot; href=\&quot;/css/themes.css\&quot;&gt;
    &lt;link rel=\&quot;stylesheet\&quot; href=\&quot;/css/vendor.css\&quot;&gt;\\n&lt;script&gt;
            // Injected settings from server
            window.settingsJson = {\&quot;pingone_environment_id\&quot;:\&quot;test-env-settings-test-1754408007632-3c0gnohnn\&quot;,\&quot;pingone_client_id\&quot;:\&quot;test-client-settings-test-1754408007632-3c0gnohnn\&quot;,\&quot;pingone_client_secret\&quot;:\&quot;test-secret-settings-test-1754408007632-3c0gnohnn\&quot;,\&quot;pingone_region\&quot;:\&quot;NorthAmerica\&quot;,\&quot;rateLimit\&quot;:100,\&quot;showDisclaimerModal\&quot;:true,\&quot;lastUpdated\&quot;:\&quot;2025-08-05T15:33:28.812Z\&quot;,\&quot;environment-id\&quot;:\&quot;test-env-settings-test-1754408007632-3c0gnohnn\&quot;,\&quot;api-client-id\&quot;:\&quot;test-client-settings-test-1754408007632-3c0gnohnn\&quot;,\&quot;api-secret\&quot;:\&quot;test-secret-settings-test-1754408007632-3c0gnohnn\&quot;,\&quot;region\&quot;:\&quot;NorthAmerica\&quot;,\&quot;apiClientId\&quot;:\&quot;test-client-id\&quot;,\&quot;apiSecret\&quot;:\&quot;enc:954a40c13f004123f3145550b5a9de6f:tqyAiDbK91UaBhUqM0WBgZY6puj/GW8up2kcJ34CFBs=\&quot;,\&quot;environmentId\&quot;:\&quot;test-environment-id\&quot;,\&quot;pingone_population_id\&quot;:\&quot;test-pop-settings-test-1754408007632-3c0gnohnn\&quot;};
            console.log(&apos;ðŸ”§ Settings loaded from server:&apos;, window.settingsJson);
        &lt;/script&gt;
&lt;/head&gt;
&lt;body&gt;
    &lt;!-- App Layout Container --&gt;
    &lt;div class=\&quot;app-layout\&quot; id=\&quot;app-layout\&quot;&gt;
        &lt;!-- Sidebar --&gt;
        &lt;nav class=\&quot;sidebar\&quot; id=\&quot;sidebar\&quot;&gt;
            &lt;div class=\&quot;sidebar-header\&quot;&gt;
                &lt;h2&gt;PingOne Import&lt;/h2&gt;
                &lt;button class=\&quot;sidebar-toggle d-md-none\&quot; id=\&quot;sidebar-toggle\&quot; aria-label=\&quot;Toggle sidebar\&quot;&gt;
                    &lt;i class=\&quot;fas fa-times\&quot;&gt;&lt;/i&gt;
                &lt;/button&gt;
            &lt;/div&gt;Â·Â·Â·Â·Â·Â·Â·Â·Â·Â·Â·Â·Â·
            &lt;ul class=\&quot;nav-menu\&quot;&gt;
                &lt;li class=\&quot;nav-item\&quot;&gt;
                    &lt;a href=\&quot;/\&quot; class=\&quot;nav-link active\&quot; data-page=\&quot;dashboard\&quot;&gt;
                        &lt;i class=\&quot;fas fa-home nav-link-icon\&quot;&gt;&lt;/i&gt;
                        &lt;span class=\&quot;nav-link-text\&quot;&gt;Dashboard&lt;/span&gt;
                    &lt;/a&gt;
                &lt;/li&gt;
                &lt;li class=\&quot;nav-item\&quot;&gt;
                    &lt;a href=\&quot;/import\&quot; class=\&quot;nav-link\&quot; data-page=\&quot;import\&quot;&gt;
                        &lt;i class=\&quot;fas fa-upload nav-link-icon\&quot;&gt;&lt;/i&gt;
                        &lt;span class=\&quot;nav-link-text\&quot;&gt;Import Users&lt;/span&gt;
                    &lt;/a&gt;
                &lt;/li&gt;
                &lt;li class=\&quot;nav-item\&quot;&gt;
                    &lt;a href=\&quot;/export\&quot; class=\&quot;nav-link\&quot; data-page=\&quot;export\&quot;&gt;
                        &lt;i class=\&quot;fas fa-download nav-link-icon\&quot;&gt;&lt;/i&gt;
                        &lt;span class=\&quot;nav-link-text\&quot;&gt;Export Users&lt;/span&gt;
                    &lt;/a&gt;
                &lt;/li&gt;
                &lt;li class=\&quot;nav-item\&quot;&gt;
                    &lt;a href=\&quot;/history\&quot; class=\&quot;nav-link\&quot; data-page=\&quot;history\&quot;&gt;
                        &lt;i class=\&quot;fas fa-history nav-link-icon\&quot;&gt;&lt;/i&gt;
                        &lt;span class=\&quot;nav-link-text\&quot;&gt;History&lt;/span&gt;
                    &lt;/a&gt;
                &lt;/li&gt;
                &lt;li class=\&quot;nav-item\&quot;&gt;
                    &lt;a href=\&quot;/settings\&quot; class=\&quot;nav-link\&quot; data-page=\&quot;settings\&quot;&gt;
                        &lt;i class=\&quot;fas fa-cog nav-link-icon\&quot;&gt;&lt;/i&gt;
                        &lt;span class=\&quot;nav-link-text\&quot;&gt;Settings&lt;/span&gt;
                    &lt;/a&gt;
                &lt;/li&gt;
            &lt;/ul&gt;
        &lt;/nav&gt;Â·Â·Â·Â·Â·Â·Â·Â·Â·
        &lt;!-- Main Content --&gt;
        &lt;main class=\&quot;main-content\&quot;&gt;
            &lt;!-- Header --&gt;
            &lt;header class=\&quot;app-header\&quot;&gt;
                &lt;div class=\&quot;header-left\&quot;&gt;
                    &lt;button class=\&quot;sidebar-toggle d-md-none\&quot; id=\&quot;mobile-sidebar-toggle\&quot; aria-label=\&quot;Toggle sidebar\&quot;&gt;
                        &lt;i class=\&quot;fas fa-bars\&quot;&gt;&lt;/i&gt;
                    &lt;/button&gt;
                    &lt;h1 id=\&quot;page-title\&quot;&gt;Dashboard&lt;/h1&gt;
                &lt;/div&gt;Â·Â·Â·Â·Â·Â·Â·Â·Â·Â·Â·Â·Â·Â·Â·Â·Â·
                &lt;div class=\&quot;header-right\&quot;&gt;
                    &lt;div class=\&quot;version-display\&quot; data-version&gt;&lt;/div&gt;
                    &lt;div class=\&quot;connection-status\&quot; id=\&quot;connection-status\&quot;&gt;
                        &lt;i class=\&quot;fas fa-circle text-success\&quot;&gt;&lt;/i&gt;
                        &lt;span&gt;Connected&lt;/span&gt;
                    &lt;/div&gt;
                &lt;/div&gt;
            &lt;/header&gt;Â·Â·Â·Â·Â·Â·Â·Â·Â·Â·Â·Â·Â·
            &lt;!-- Content Body --&gt;
            &lt;div class=\&quot;content-body\&quot; id=\&quot;content-body\&quot;&gt;
                &lt;!-- Dynamic content will be loaded here --&gt;
                &lt;div class=\&quot;loading-spinner\&quot; id=\&quot;loading-spinner\&quot;&gt;
                    &lt;div class=\&quot;spinner-border\&quot; role=\&quot;status\&quot;&gt;
                        &lt;span class=\&quot;sr-only\&quot;&gt;Loading...&lt;/span&gt;
                    &lt;/div&gt;
                    &lt;p&gt;Loading application...&lt;/p&gt;
                &lt;/div&gt;
            &lt;/div&gt;
        &lt;/main&gt;
    &lt;/div&gt;Â·Â·Â·Â·Â·
    &lt;!-- Mobile Overlay --&gt;
    &lt;div class=\&quot;mobile-overlay\&quot; id=\&quot;mobile-overlay\&quot;&gt;&lt;/div&gt;Â·Â·Â·Â·Â·
    &lt;!-- Notification Container --&gt;
    &lt;div class=\&quot;notification-container\&quot; id=\&quot;notification-container\&quot;&gt;&lt;/div&gt;Â·Â·Â·Â·Â·
    &lt;!-- Modal Container --&gt;
    &lt;div class=\&quot;modal-container\&quot; id=\&quot;modal-container\&quot;&gt;&lt;/div&gt;Â·Â·Â·Â·Â·
    &lt;!-- Socket.IO Client Library --&gt;
    &lt;script src=\&quot;/socket.io/socket.io.js\&quot;&gt;&lt;/script&gt;Â·Â·Â·Â·Â·
    &lt;!-- Core Application Modules --&gt;
    &lt;script type=\&quot;module\&quot;&gt;
        // Import and initialize core modules
        import { appState } from &apos;app-state&apos;;
        import { LayoutManager } from &apos;layout-manager&apos;;
        import { VersionManager } from &apos;version-manager&apos;;Â·Â·Â·Â·Â·Â·Â·Â·Â·
        // Initialize version display
        const versionManager = new VersionManager();
        versionManager.init();Â·Â·Â·Â·Â·Â·Â·Â·Â·
        // Initialize layout manager
        const layoutManager = new LayoutManager();
        layoutManager.init();Â·Â·Â·Â·Â·Â·Â·Â·Â·
        // Import and start main application
        import(&apos;app&apos;).then(({ default: App }) =&gt; {
            const app = new App();
            app.init();Â·Â·Â·Â·Â·Â·Â·Â·Â·Â·Â·Â·Â·
            // Hide loading spinner
            const spinner = document.getElementById(&apos;loading-spinner&apos;);
            if (spinner) {
                spinner.style.display = &apos;none&apos;;
            }
        }).catch(error =&gt; {
            console.error(&apos;Failed to load application:&apos;, error);Â·Â·Â·Â·Â·Â·Â·Â·Â·Â·Â·Â·Â·
            // Show error message
            const contentBody = document.getElementById(&apos;content-body&apos;);
            if (contentBody) {
                contentBody.innerHTML = `
                    &lt;div class=\&quot;alert alert-danger\&quot;&gt;
                        &lt;h4&gt;Application Load Error&lt;/h4&gt;
                        &lt;p&gt;Failed to load the application. Please refresh the page or contact support.&lt;/p&gt;
                        &lt;details&gt;
                            &lt;summary&gt;Error Details&lt;/summary&gt;
                            &lt;pre&gt;${error.message}&lt;/pre&gt;
                        &lt;/details&gt;
                    &lt;/div&gt;
                `;
            }
        });
    &lt;/script&gt;Â·Â·Â·Â·Â·
    &lt;!-- Error Handling --&gt;
    &lt;script&gt;
        window.addEventListener(&apos;error&apos;, function(e) {
            console.error(&apos;Global error:&apos;, e.error);Â·Â·Â·Â·Â·Â·Â·Â·Â·Â·Â·Â·Â·
            // Show user-friendly error message
            const notification = document.createElement(&apos;div&apos;);
            notification.className = &apos;alert alert-warning alert-dismissible fade show&apos;;
            notification.innerHTML = `
                &lt;strong&gt;Warning:&lt;/strong&gt; An error occurred. The application may not function correctly.
                &lt;button type=\&quot;button\&quot; class=\&quot;btn-close\&quot; data-bs-dismiss=\&quot;alert\&quot;&gt;&lt;/button&gt;
            `;Â·Â·Â·Â·Â·Â·Â·Â·Â·Â·Â·Â·Â·
            const container = document.getElementById(&apos;notification-container&apos;);
            if (container) {
                container.appendChild(notification);
            }
        });Â·Â·Â·Â·Â·Â·Â·Â·Â·
        window.addEventListener(&apos;unhandledrejection&apos;, function(e) {
            console.error(&apos;Unhandled promise rejection:&apos;, e.reason);
        });
    &lt;/script&gt;
&lt;/body&gt;
&lt;/html&gt;&quot;
    at Object.&lt;anonymous&gt; (/Users/cmuir/P1Import-apps/P1-import-Subsystem/test/integration/bundle-fixes.test.mjs:222:29)
    at processTicksAndRejections (node:internal/process/task_queues:105:5)</failure>
    </testcase>
  </testsuite>
  <testsuite name="test/integration/api-proxy.test.mjs" errors="0" failures="0" skipped="0" timestamp="2025-08-06T21:41:26" time="0.403" tests="8">
    <testcase classname="ðŸ”— API Proxy Integration Tests â€º ðŸ” Authentication Proxy" name="should proxy PingOne token requests" time="0.013">
    </testcase>
    <testcase classname="ðŸ”— API Proxy Integration Tests â€º ðŸ” Authentication Proxy" name="should handle authentication failures gracefully" time="0.011">
    </testcase>
    <testcase classname="ðŸ”— API Proxy Integration Tests â€º ðŸ‘¥ User Management Proxy" name="should proxy user list requests to PingOne" time="0.23">
    </testcase>
    <testcase classname="ðŸ”— API Proxy Integration Tests â€º ðŸ‘¥ User Management Proxy" name="should proxy user creation requests" time="0.014">
    </testcase>
    <testcase classname="ðŸ”— API Proxy Integration Tests â€º ðŸ¢ Population Management Proxy" name="should proxy population list requests" time="0.009">
    </testcase>
    <testcase classname="ðŸ”— API Proxy Integration Tests â€º ðŸ”„ Rate Limiting and Throttling" name="should handle rate limiting correctly" time="0.028">
    </testcase>
    <testcase classname="ðŸ”— API Proxy Integration Tests â€º ðŸš¨ Error Handling and Resilience" name="should handle upstream API errors gracefully" time="0.008">
    </testcase>
    <testcase classname="ðŸ”— API Proxy Integration Tests â€º ðŸ”’ Security and Headers" name="should include proper security headers in proxy responses" time="0.011">
    </testcase>
  </testsuite>
  <testsuite name="test/api/token-endpoint.test.mjs" errors="0" failures="2" skipped="0" timestamp="2025-08-06T21:41:26" time="0.156" tests="5">
    <testcase classname="PingOne Token Endpoint Tests â€º Token Endpoint Configuration" name="should use auth.pingone.com for token requests" time="0.01">
      <failure>Error: expect(received).toContain(expected) // indexOf

Expected value: 400
Received array: [200, 500]
    at Object.&lt;anonymous&gt; (/Users/cmuir/P1Import-apps/P1-import-Subsystem/test/api/token-endpoint.test.mjs:58:32)
    at processTicksAndRejections (node:internal/process/task_queues:105:5)</failure>
    </testcase>
    <testcase classname="PingOne Token Endpoint Tests â€º Token Endpoint Configuration" name="should not use api.pingone.com for token requests" time="0.005">
    </testcase>
    <testcase classname="PingOne Token Endpoint Tests â€º Token Endpoint Configuration" name="should handle token endpoint errors correctly" time="0.011">
    </testcase>
    <testcase classname="PingOne Token Endpoint Tests â€º Token Endpoint Configuration" name="should return 404 for direct /token endpoint access" time="0.011">
      <failure>Error: expect(received).toContain(expected) // indexOf

Expected value: 400
Received array: [404, 405]
    at Object.&lt;anonymous&gt; (/Users/cmuir/P1Import-apps/P1-import-Subsystem/test/api/token-endpoint.test.mjs:135:32)
    at processTicksAndRejections (node:internal/process/task_queues:105:5)</failure>
    </testcase>
    <testcase classname="PingOne Token Endpoint Tests â€º Token Manager Configuration" name="should handle token manager operations" time="0.012">
    </testcase>
  </testsuite>
  <testsuite name="test/api/comprehensive-api-suite.test.mjs" errors="0" failures="23" skipped="0" timestamp="2025-08-06T21:41:26" time="35.171" tests="23">
    <testcase classname="ðŸ” Comprehensive API Test Suite â€º ðŸ“Š Health and Status Endpoints" name="GET /api/health - should return system health" time="0.001">
      <failure>Error: thrown: &quot;Exceeded timeout of 30000 ms for a hook.
Add a timeout value to this test to increase the timeout, if this is a long-running test. See https://jestjs.io/docs/api#testname-fn-timeout.&quot;
    at /Users/cmuir/P1Import-apps/P1-import-Subsystem/test/api/comprehensive-api-suite.test.mjs:46:5
    at _dispatchDescribe (/Users/cmuir/P1Import-apps/P1-import-Subsystem/node_modules/jest-circus/build/jestAdapterInit.js:604:26)
    at describe (/Users/cmuir/P1Import-apps/P1-import-Subsystem/node_modules/jest-circus/build/jestAdapterInit.js:572:44)
    at /Users/cmuir/P1Import-apps/P1-import-Subsystem/test/api/comprehensive-api-suite.test.mjs:42:1
    at SourceTextModule.evaluate (node:internal/vm/module:227:23)
    at Runtime.linkAndEvaluateModule (/Users/cmuir/P1Import-apps/P1-import-Subsystem/node_modules/jest-runtime/build/index.js:684:20)
    at jestAdapter (/Users/cmuir/P1Import-apps/P1-import-Subsystem/node_modules/jest-circus/build/runner.js:93:5)
    at runTestInternal (/Users/cmuir/P1Import-apps/P1-import-Subsystem/node_modules/jest-runner/build/index.js:275:16)
    at runTest (/Users/cmuir/P1Import-apps/P1-import-Subsystem/node_modules/jest-runner/build/index.js:343:7)</failure>
    </testcase>
    <testcase classname="ðŸ” Comprehensive API Test Suite â€º ðŸ“Š Health and Status Endpoints" name="GET /api/bundle-info - should return bundle information" time="0">
      <failure>Error: thrown: &quot;Exceeded timeout of 30000 ms for a hook.
Add a timeout value to this test to increase the timeout, if this is a long-running test. See https://jestjs.io/docs/api#testname-fn-timeout.&quot;
    at /Users/cmuir/P1Import-apps/P1-import-Subsystem/test/api/comprehensive-api-suite.test.mjs:46:5
    at _dispatchDescribe (/Users/cmuir/P1Import-apps/P1-import-Subsystem/node_modules/jest-circus/build/jestAdapterInit.js:604:26)
    at describe (/Users/cmuir/P1Import-apps/P1-import-Subsystem/node_modules/jest-circus/build/jestAdapterInit.js:572:44)
    at /Users/cmuir/P1Import-apps/P1-import-Subsystem/test/api/comprehensive-api-suite.test.mjs:42:1
    at SourceTextModule.evaluate (node:internal/vm/module:227:23)
    at Runtime.linkAndEvaluateModule (/Users/cmuir/P1Import-apps/P1-import-Subsystem/node_modules/jest-runtime/build/index.js:684:20)
    at jestAdapter (/Users/cmuir/P1Import-apps/P1-import-Subsystem/node_modules/jest-circus/build/runner.js:93:5)
    at runTestInternal (/Users/cmuir/P1Import-apps/P1-import-Subsystem/node_modules/jest-runner/build/index.js:275:16)
    at runTest (/Users/cmuir/P1Import-apps/P1-import-Subsystem/node_modules/jest-runner/build/index.js:343:7)</failure>
    </testcase>
    <testcase classname="ðŸ” Comprehensive API Test Suite â€º ðŸ“Š Health and Status Endpoints" name="GET /api/bundle-health - should return bundle health status" time="0.001">
      <failure>Error: thrown: &quot;Exceeded timeout of 30000 ms for a hook.
Add a timeout value to this test to increase the timeout, if this is a long-running test. See https://jestjs.io/docs/api#testname-fn-timeout.&quot;
    at /Users/cmuir/P1Import-apps/P1-import-Subsystem/test/api/comprehensive-api-suite.test.mjs:46:5
    at _dispatchDescribe (/Users/cmuir/P1Import-apps/P1-import-Subsystem/node_modules/jest-circus/build/jestAdapterInit.js:604:26)
    at describe (/Users/cmuir/P1Import-apps/P1-import-Subsystem/node_modules/jest-circus/build/jestAdapterInit.js:572:44)
    at /Users/cmuir/P1Import-apps/P1-import-Subsystem/test/api/comprehensive-api-suite.test.mjs:42:1
    at SourceTextModule.evaluate (node:internal/vm/module:227:23)
    at Runtime.linkAndEvaluateModule (/Users/cmuir/P1Import-apps/P1-import-Subsystem/node_modules/jest-runtime/build/index.js:684:20)
    at jestAdapter (/Users/cmuir/P1Import-apps/P1-import-Subsystem/node_modules/jest-circus/build/runner.js:93:5)
    at runTestInternal (/Users/cmuir/P1Import-apps/P1-import-Subsystem/node_modules/jest-runner/build/index.js:275:16)
    at runTest (/Users/cmuir/P1Import-apps/P1-import-Subsystem/node_modules/jest-runner/build/index.js:343:7)</failure>
    </testcase>
    <testcase classname="ðŸ” Comprehensive API Test Suite â€º âš™ï¸ Settings Management Endpoints" name="GET /api/settings - should return current settings" time="0">
      <failure>Error: thrown: &quot;Exceeded timeout of 30000 ms for a hook.
Add a timeout value to this test to increase the timeout, if this is a long-running test. See https://jestjs.io/docs/api#testname-fn-timeout.&quot;
    at /Users/cmuir/P1Import-apps/P1-import-Subsystem/test/api/comprehensive-api-suite.test.mjs:46:5
    at _dispatchDescribe (/Users/cmuir/P1Import-apps/P1-import-Subsystem/node_modules/jest-circus/build/jestAdapterInit.js:604:26)
    at describe (/Users/cmuir/P1Import-apps/P1-import-Subsystem/node_modules/jest-circus/build/jestAdapterInit.js:572:44)
    at /Users/cmuir/P1Import-apps/P1-import-Subsystem/test/api/comprehensive-api-suite.test.mjs:42:1
    at SourceTextModule.evaluate (node:internal/vm/module:227:23)
    at Runtime.linkAndEvaluateModule (/Users/cmuir/P1Import-apps/P1-import-Subsystem/node_modules/jest-runtime/build/index.js:684:20)
    at jestAdapter (/Users/cmuir/P1Import-apps/P1-import-Subsystem/node_modules/jest-circus/build/runner.js:93:5)
    at runTestInternal (/Users/cmuir/P1Import-apps/P1-import-Subsystem/node_modules/jest-runner/build/index.js:275:16)
    at runTest (/Users/cmuir/P1Import-apps/P1-import-Subsystem/node_modules/jest-runner/build/index.js:343:7)</failure>
    </testcase>
    <testcase classname="ðŸ” Comprehensive API Test Suite â€º âš™ï¸ Settings Management Endpoints" name="POST /api/settings - should handle settings update" time="0">
      <failure>Error: thrown: &quot;Exceeded timeout of 30000 ms for a hook.
Add a timeout value to this test to increase the timeout, if this is a long-running test. See https://jestjs.io/docs/api#testname-fn-timeout.&quot;
    at /Users/cmuir/P1Import-apps/P1-import-Subsystem/test/api/comprehensive-api-suite.test.mjs:46:5
    at _dispatchDescribe (/Users/cmuir/P1Import-apps/P1-import-Subsystem/node_modules/jest-circus/build/jestAdapterInit.js:604:26)
    at describe (/Users/cmuir/P1Import-apps/P1-import-Subsystem/node_modules/jest-circus/build/jestAdapterInit.js:572:44)
    at /Users/cmuir/P1Import-apps/P1-import-Subsystem/test/api/comprehensive-api-suite.test.mjs:42:1
    at SourceTextModule.evaluate (node:internal/vm/module:227:23)
    at Runtime.linkAndEvaluateModule (/Users/cmuir/P1Import-apps/P1-import-Subsystem/node_modules/jest-runtime/build/index.js:684:20)
    at jestAdapter (/Users/cmuir/P1Import-apps/P1-import-Subsystem/node_modules/jest-circus/build/runner.js:93:5)
    at runTestInternal (/Users/cmuir/P1Import-apps/P1-import-Subsystem/node_modules/jest-runner/build/index.js:275:16)
    at runTest (/Users/cmuir/P1Import-apps/P1-import-Subsystem/node_modules/jest-runner/build/index.js:343:7)</failure>
    </testcase>
    <testcase classname="ðŸ” Comprehensive API Test Suite â€º ðŸ” Authentication Endpoints" name="GET /api/v1/auth/status - should return auth status" time="0">
      <failure>Error: thrown: &quot;Exceeded timeout of 30000 ms for a hook.
Add a timeout value to this test to increase the timeout, if this is a long-running test. See https://jestjs.io/docs/api#testname-fn-timeout.&quot;
    at /Users/cmuir/P1Import-apps/P1-import-Subsystem/test/api/comprehensive-api-suite.test.mjs:46:5
    at _dispatchDescribe (/Users/cmuir/P1Import-apps/P1-import-Subsystem/node_modules/jest-circus/build/jestAdapterInit.js:604:26)
    at describe (/Users/cmuir/P1Import-apps/P1-import-Subsystem/node_modules/jest-circus/build/jestAdapterInit.js:572:44)
    at /Users/cmuir/P1Import-apps/P1-import-Subsystem/test/api/comprehensive-api-suite.test.mjs:42:1
    at SourceTextModule.evaluate (node:internal/vm/module:227:23)
    at Runtime.linkAndEvaluateModule (/Users/cmuir/P1Import-apps/P1-import-Subsystem/node_modules/jest-runtime/build/index.js:684:20)
    at jestAdapter (/Users/cmuir/P1Import-apps/P1-import-Subsystem/node_modules/jest-circus/build/runner.js:93:5)
    at runTestInternal (/Users/cmuir/P1Import-apps/P1-import-Subsystem/node_modules/jest-runner/build/index.js:275:16)
    at runTest (/Users/cmuir/P1Import-apps/P1-import-Subsystem/node_modules/jest-runner/build/index.js:343:7)</failure>
    </testcase>
    <testcase classname="ðŸ” Comprehensive API Test Suite â€º ðŸ” Authentication Endpoints" name="POST /api/v1/auth/validate-credentials - should validate credentials" time="0">
      <failure>Error: thrown: &quot;Exceeded timeout of 30000 ms for a hook.
Add a timeout value to this test to increase the timeout, if this is a long-running test. See https://jestjs.io/docs/api#testname-fn-timeout.&quot;
    at /Users/cmuir/P1Import-apps/P1-import-Subsystem/test/api/comprehensive-api-suite.test.mjs:46:5
    at _dispatchDescribe (/Users/cmuir/P1Import-apps/P1-import-Subsystem/node_modules/jest-circus/build/jestAdapterInit.js:604:26)
    at describe (/Users/cmuir/P1Import-apps/P1-import-Subsystem/node_modules/jest-circus/build/jestAdapterInit.js:572:44)
    at /Users/cmuir/P1Import-apps/P1-import-Subsystem/test/api/comprehensive-api-suite.test.mjs:42:1
    at SourceTextModule.evaluate (node:internal/vm/module:227:23)
    at Runtime.linkAndEvaluateModule (/Users/cmuir/P1Import-apps/P1-import-Subsystem/node_modules/jest-runtime/build/index.js:684:20)
    at jestAdapter (/Users/cmuir/P1Import-apps/P1-import-Subsystem/node_modules/jest-circus/build/runner.js:93:5)
    at runTestInternal (/Users/cmuir/P1Import-apps/P1-import-Subsystem/node_modules/jest-runner/build/index.js:275:16)
    at runTest (/Users/cmuir/P1Import-apps/P1-import-Subsystem/node_modules/jest-runner/build/index.js:343:7)</failure>
    </testcase>
    <testcase classname="ðŸ” Comprehensive API Test Suite â€º ðŸ”‘ Token Management Endpoints" name="POST /api/token - should handle token requests" time="0">
      <failure>Error: thrown: &quot;Exceeded timeout of 30000 ms for a hook.
Add a timeout value to this test to increase the timeout, if this is a long-running test. See https://jestjs.io/docs/api#testname-fn-timeout.&quot;
    at /Users/cmuir/P1Import-apps/P1-import-Subsystem/test/api/comprehensive-api-suite.test.mjs:46:5
    at _dispatchDescribe (/Users/cmuir/P1Import-apps/P1-import-Subsystem/node_modules/jest-circus/build/jestAdapterInit.js:604:26)
    at describe (/Users/cmuir/P1Import-apps/P1-import-Subsystem/node_modules/jest-circus/build/jestAdapterInit.js:572:44)
    at /Users/cmuir/P1Import-apps/P1-import-Subsystem/test/api/comprehensive-api-suite.test.mjs:42:1
    at SourceTextModule.evaluate (node:internal/vm/module:227:23)
    at Runtime.linkAndEvaluateModule (/Users/cmuir/P1Import-apps/P1-import-Subsystem/node_modules/jest-runtime/build/index.js:684:20)
    at jestAdapter (/Users/cmuir/P1Import-apps/P1-import-Subsystem/node_modules/jest-circus/build/runner.js:93:5)
    at runTestInternal (/Users/cmuir/P1Import-apps/P1-import-Subsystem/node_modules/jest-runner/build/index.js:275:16)
    at runTest (/Users/cmuir/P1Import-apps/P1-import-Subsystem/node_modules/jest-runner/build/index.js:343:7)</failure>
    </testcase>
    <testcase classname="ðŸ” Comprehensive API Test Suite â€º ðŸ”‘ Token Management Endpoints" name="POST /api/pingone/get-token - should handle PingOne token requests" time="0">
      <failure>Error: thrown: &quot;Exceeded timeout of 30000 ms for a hook.
Add a timeout value to this test to increase the timeout, if this is a long-running test. See https://jestjs.io/docs/api#testname-fn-timeout.&quot;
    at /Users/cmuir/P1Import-apps/P1-import-Subsystem/test/api/comprehensive-api-suite.test.mjs:46:5
    at _dispatchDescribe (/Users/cmuir/P1Import-apps/P1-import-Subsystem/node_modules/jest-circus/build/jestAdapterInit.js:604:26)
    at describe (/Users/cmuir/P1Import-apps/P1-import-Subsystem/node_modules/jest-circus/build/jestAdapterInit.js:572:44)
    at /Users/cmuir/P1Import-apps/P1-import-Subsystem/test/api/comprehensive-api-suite.test.mjs:42:1
    at SourceTextModule.evaluate (node:internal/vm/module:227:23)
    at Runtime.linkAndEvaluateModule (/Users/cmuir/P1Import-apps/P1-import-Subsystem/node_modules/jest-runtime/build/index.js:684:20)
    at jestAdapter (/Users/cmuir/P1Import-apps/P1-import-Subsystem/node_modules/jest-circus/build/runner.js:93:5)
    at runTestInternal (/Users/cmuir/P1Import-apps/P1-import-Subsystem/node_modules/jest-runner/build/index.js:275:16)
    at runTest (/Users/cmuir/P1Import-apps/P1-import-Subsystem/node_modules/jest-runner/build/index.js:343:7)</failure>
    </testcase>
    <testcase classname="ðŸ” Comprehensive API Test Suite â€º ðŸ”‘ Token Management Endpoints" name="GET /api/pingone/test-connection - should test PingOne connection" time="0">
      <failure>Error: thrown: &quot;Exceeded timeout of 30000 ms for a hook.
Add a timeout value to this test to increase the timeout, if this is a long-running test. See https://jestjs.io/docs/api#testname-fn-timeout.&quot;
    at /Users/cmuir/P1Import-apps/P1-import-Subsystem/test/api/comprehensive-api-suite.test.mjs:46:5
    at _dispatchDescribe (/Users/cmuir/P1Import-apps/P1-import-Subsystem/node_modules/jest-circus/build/jestAdapterInit.js:604:26)
    at describe (/Users/cmuir/P1Import-apps/P1-import-Subsystem/node_modules/jest-circus/build/jestAdapterInit.js:572:44)
    at /Users/cmuir/P1Import-apps/P1-import-Subsystem/test/api/comprehensive-api-suite.test.mjs:42:1
    at SourceTextModule.evaluate (node:internal/vm/module:227:23)
    at Runtime.linkAndEvaluateModule (/Users/cmuir/P1Import-apps/P1-import-Subsystem/node_modules/jest-runtime/build/index.js:684:20)
    at jestAdapter (/Users/cmuir/P1Import-apps/P1-import-Subsystem/node_modules/jest-circus/build/runner.js:93:5)
    at runTestInternal (/Users/cmuir/P1Import-apps/P1-import-Subsystem/node_modules/jest-runner/build/index.js:275:16)
    at runTest (/Users/cmuir/P1Import-apps/P1-import-Subsystem/node_modules/jest-runner/build/index.js:343:7)</failure>
    </testcase>
    <testcase classname="ðŸ” Comprehensive API Test Suite â€º ðŸ“ Logging Endpoints" name="GET /api/logs - should return logs summary" time="0">
      <failure>Error: thrown: &quot;Exceeded timeout of 30000 ms for a hook.
Add a timeout value to this test to increase the timeout, if this is a long-running test. See https://jestjs.io/docs/api#testname-fn-timeout.&quot;
    at /Users/cmuir/P1Import-apps/P1-import-Subsystem/test/api/comprehensive-api-suite.test.mjs:46:5
    at _dispatchDescribe (/Users/cmuir/P1Import-apps/P1-import-Subsystem/node_modules/jest-circus/build/jestAdapterInit.js:604:26)
    at describe (/Users/cmuir/P1Import-apps/P1-import-Subsystem/node_modules/jest-circus/build/jestAdapterInit.js:572:44)
    at /Users/cmuir/P1Import-apps/P1-import-Subsystem/test/api/comprehensive-api-suite.test.mjs:42:1
    at SourceTextModule.evaluate (node:internal/vm/module:227:23)
    at Runtime.linkAndEvaluateModule (/Users/cmuir/P1Import-apps/P1-import-Subsystem/node_modules/jest-runtime/build/index.js:684:20)
    at jestAdapter (/Users/cmuir/P1Import-apps/P1-import-Subsystem/node_modules/jest-circus/build/runner.js:93:5)
    at runTestInternal (/Users/cmuir/P1Import-apps/P1-import-Subsystem/node_modules/jest-runner/build/index.js:275:16)
    at runTest (/Users/cmuir/P1Import-apps/P1-import-Subsystem/node_modules/jest-runner/build/index.js:343:7)</failure>
    </testcase>
    <testcase classname="ðŸ” Comprehensive API Test Suite â€º ðŸ“ Logging Endpoints" name="GET /api/logs/ui - should return UI logs" time="0">
      <failure>Error: thrown: &quot;Exceeded timeout of 30000 ms for a hook.
Add a timeout value to this test to increase the timeout, if this is a long-running test. See https://jestjs.io/docs/api#testname-fn-timeout.&quot;
    at /Users/cmuir/P1Import-apps/P1-import-Subsystem/test/api/comprehensive-api-suite.test.mjs:46:5
    at _dispatchDescribe (/Users/cmuir/P1Import-apps/P1-import-Subsystem/node_modules/jest-circus/build/jestAdapterInit.js:604:26)
    at describe (/Users/cmuir/P1Import-apps/P1-import-Subsystem/node_modules/jest-circus/build/jestAdapterInit.js:572:44)
    at /Users/cmuir/P1Import-apps/P1-import-Subsystem/test/api/comprehensive-api-suite.test.mjs:42:1
    at SourceTextModule.evaluate (node:internal/vm/module:227:23)
    at Runtime.linkAndEvaluateModule (/Users/cmuir/P1Import-apps/P1-import-Subsystem/node_modules/jest-runtime/build/index.js:684:20)
    at jestAdapter (/Users/cmuir/P1Import-apps/P1-import-Subsystem/node_modules/jest-circus/build/runner.js:93:5)
    at runTestInternal (/Users/cmuir/P1Import-apps/P1-import-Subsystem/node_modules/jest-runner/build/index.js:275:16)
    at runTest (/Users/cmuir/P1Import-apps/P1-import-Subsystem/node_modules/jest-runner/build/index.js:343:7)</failure>
    </testcase>
    <testcase classname="ðŸ” Comprehensive API Test Suite â€º ðŸ“ Logging Endpoints" name="POST /api/logs/ui - should accept log entries" time="0">
      <failure>Error: thrown: &quot;Exceeded timeout of 30000 ms for a hook.
Add a timeout value to this test to increase the timeout, if this is a long-running test. See https://jestjs.io/docs/api#testname-fn-timeout.&quot;
    at /Users/cmuir/P1Import-apps/P1-import-Subsystem/test/api/comprehensive-api-suite.test.mjs:46:5
    at _dispatchDescribe (/Users/cmuir/P1Import-apps/P1-import-Subsystem/node_modules/jest-circus/build/jestAdapterInit.js:604:26)
    at describe (/Users/cmuir/P1Import-apps/P1-import-Subsystem/node_modules/jest-circus/build/jestAdapterInit.js:572:44)
    at /Users/cmuir/P1Import-apps/P1-import-Subsystem/test/api/comprehensive-api-suite.test.mjs:42:1
    at SourceTextModule.evaluate (node:internal/vm/module:227:23)
    at Runtime.linkAndEvaluateModule (/Users/cmuir/P1Import-apps/P1-import-Subsystem/node_modules/jest-runtime/build/index.js:684:20)
    at jestAdapter (/Users/cmuir/P1Import-apps/P1-import-Subsystem/node_modules/jest-circus/build/runner.js:93:5)
    at runTestInternal (/Users/cmuir/P1Import-apps/P1-import-Subsystem/node_modules/jest-runner/build/index.js:275:16)
    at runTest (/Users/cmuir/P1Import-apps/P1-import-Subsystem/node_modules/jest-runner/build/index.js:343:7)</failure>
    </testcase>
    <testcase classname="ðŸ” Comprehensive API Test Suite â€º ðŸ“ Logging Endpoints" name="GET /api/logs/stats - should return log statistics" time="0">
      <failure>Error: thrown: &quot;Exceeded timeout of 30000 ms for a hook.
Add a timeout value to this test to increase the timeout, if this is a long-running test. See https://jestjs.io/docs/api#testname-fn-timeout.&quot;
    at /Users/cmuir/P1Import-apps/P1-import-Subsystem/test/api/comprehensive-api-suite.test.mjs:46:5
    at _dispatchDescribe (/Users/cmuir/P1Import-apps/P1-import-Subsystem/node_modules/jest-circus/build/jestAdapterInit.js:604:26)
    at describe (/Users/cmuir/P1Import-apps/P1-import-Subsystem/node_modules/jest-circus/build/jestAdapterInit.js:572:44)
    at /Users/cmuir/P1Import-apps/P1-import-Subsystem/test/api/comprehensive-api-suite.test.mjs:42:1
    at SourceTextModule.evaluate (node:internal/vm/module:227:23)
    at Runtime.linkAndEvaluateModule (/Users/cmuir/P1Import-apps/P1-import-Subsystem/node_modules/jest-runtime/build/index.js:684:20)
    at jestAdapter (/Users/cmuir/P1Import-apps/P1-import-Subsystem/node_modules/jest-circus/build/runner.js:93:5)
    at runTestInternal (/Users/cmuir/P1Import-apps/P1-import-Subsystem/node_modules/jest-runner/build/index.js:275:16)
    at runTest (/Users/cmuir/P1Import-apps/P1-import-Subsystem/node_modules/jest-runner/build/index.js:343:7)</failure>
    </testcase>
    <testcase classname="ðŸ” Comprehensive API Test Suite â€º ðŸ“¤ Import/Export Endpoints" name="GET /api/import/status - should return import status" time="0">
      <failure>Error: thrown: &quot;Exceeded timeout of 30000 ms for a hook.
Add a timeout value to this test to increase the timeout, if this is a long-running test. See https://jestjs.io/docs/api#testname-fn-timeout.&quot;
    at /Users/cmuir/P1Import-apps/P1-import-Subsystem/test/api/comprehensive-api-suite.test.mjs:46:5
    at _dispatchDescribe (/Users/cmuir/P1Import-apps/P1-import-Subsystem/node_modules/jest-circus/build/jestAdapterInit.js:604:26)
    at describe (/Users/cmuir/P1Import-apps/P1-import-Subsystem/node_modules/jest-circus/build/jestAdapterInit.js:572:44)
    at /Users/cmuir/P1Import-apps/P1-import-Subsystem/test/api/comprehensive-api-suite.test.mjs:42:1
    at SourceTextModule.evaluate (node:internal/vm/module:227:23)
    at Runtime.linkAndEvaluateModule (/Users/cmuir/P1Import-apps/P1-import-Subsystem/node_modules/jest-runtime/build/index.js:684:20)
    at jestAdapter (/Users/cmuir/P1Import-apps/P1-import-Subsystem/node_modules/jest-circus/build/runner.js:93:5)
    at runTestInternal (/Users/cmuir/P1Import-apps/P1-import-Subsystem/node_modules/jest-runner/build/index.js:275:16)
    at runTest (/Users/cmuir/P1Import-apps/P1-import-Subsystem/node_modules/jest-runner/build/index.js:343:7)</failure>
    </testcase>
    <testcase classname="ðŸ” Comprehensive API Test Suite â€º ðŸ“¤ Import/Export Endpoints" name="POST /api/import/start - should handle import start requests" time="0">
      <failure>Error: thrown: &quot;Exceeded timeout of 30000 ms for a hook.
Add a timeout value to this test to increase the timeout, if this is a long-running test. See https://jestjs.io/docs/api#testname-fn-timeout.&quot;
    at /Users/cmuir/P1Import-apps/P1-import-Subsystem/test/api/comprehensive-api-suite.test.mjs:46:5
    at _dispatchDescribe (/Users/cmuir/P1Import-apps/P1-import-Subsystem/node_modules/jest-circus/build/jestAdapterInit.js:604:26)
    at describe (/Users/cmuir/P1Import-apps/P1-import-Subsystem/node_modules/jest-circus/build/jestAdapterInit.js:572:44)
    at /Users/cmuir/P1Import-apps/P1-import-Subsystem/test/api/comprehensive-api-suite.test.mjs:42:1
    at SourceTextModule.evaluate (node:internal/vm/module:227:23)
    at Runtime.linkAndEvaluateModule (/Users/cmuir/P1Import-apps/P1-import-Subsystem/node_modules/jest-runtime/build/index.js:684:20)
    at jestAdapter (/Users/cmuir/P1Import-apps/P1-import-Subsystem/node_modules/jest-circus/build/runner.js:93:5)
    at runTestInternal (/Users/cmuir/P1Import-apps/P1-import-Subsystem/node_modules/jest-runner/build/index.js:275:16)
    at runTest (/Users/cmuir/P1Import-apps/P1-import-Subsystem/node_modules/jest-runner/build/index.js:343:7)</failure>
    </testcase>
    <testcase classname="ðŸ” Comprehensive API Test Suite â€º ðŸ”§ Error Handling and Edge Cases" name="GET /api/nonexistent - should return 404" time="0">
      <failure>Error: thrown: &quot;Exceeded timeout of 30000 ms for a hook.
Add a timeout value to this test to increase the timeout, if this is a long-running test. See https://jestjs.io/docs/api#testname-fn-timeout.&quot;
    at /Users/cmuir/P1Import-apps/P1-import-Subsystem/test/api/comprehensive-api-suite.test.mjs:46:5
    at _dispatchDescribe (/Users/cmuir/P1Import-apps/P1-import-Subsystem/node_modules/jest-circus/build/jestAdapterInit.js:604:26)
    at describe (/Users/cmuir/P1Import-apps/P1-import-Subsystem/node_modules/jest-circus/build/jestAdapterInit.js:572:44)
    at /Users/cmuir/P1Import-apps/P1-import-Subsystem/test/api/comprehensive-api-suite.test.mjs:42:1
    at SourceTextModule.evaluate (node:internal/vm/module:227:23)
    at Runtime.linkAndEvaluateModule (/Users/cmuir/P1Import-apps/P1-import-Subsystem/node_modules/jest-runtime/build/index.js:684:20)
    at jestAdapter (/Users/cmuir/P1Import-apps/P1-import-Subsystem/node_modules/jest-circus/build/runner.js:93:5)
    at runTestInternal (/Users/cmuir/P1Import-apps/P1-import-Subsystem/node_modules/jest-runner/build/index.js:275:16)
    at runTest (/Users/cmuir/P1Import-apps/P1-import-Subsystem/node_modules/jest-runner/build/index.js:343:7)</failure>
    </testcase>
    <testcase classname="ðŸ” Comprehensive API Test Suite â€º ðŸ”§ Error Handling and Edge Cases" name="POST /api/settings - should handle malformed JSON" time="0">
      <failure>Error: thrown: &quot;Exceeded timeout of 30000 ms for a hook.
Add a timeout value to this test to increase the timeout, if this is a long-running test. See https://jestjs.io/docs/api#testname-fn-timeout.&quot;
    at /Users/cmuir/P1Import-apps/P1-import-Subsystem/test/api/comprehensive-api-suite.test.mjs:46:5
    at _dispatchDescribe (/Users/cmuir/P1Import-apps/P1-import-Subsystem/node_modules/jest-circus/build/jestAdapterInit.js:604:26)
    at describe (/Users/cmuir/P1Import-apps/P1-import-Subsystem/node_modules/jest-circus/build/jestAdapterInit.js:572:44)
    at /Users/cmuir/P1Import-apps/P1-import-Subsystem/test/api/comprehensive-api-suite.test.mjs:42:1
    at SourceTextModule.evaluate (node:internal/vm/module:227:23)
    at Runtime.linkAndEvaluateModule (/Users/cmuir/P1Import-apps/P1-import-Subsystem/node_modules/jest-runtime/build/index.js:684:20)
    at jestAdapter (/Users/cmuir/P1Import-apps/P1-import-Subsystem/node_modules/jest-circus/build/runner.js:93:5)
    at runTestInternal (/Users/cmuir/P1Import-apps/P1-import-Subsystem/node_modules/jest-runner/build/index.js:275:16)
    at runTest (/Users/cmuir/P1Import-apps/P1-import-Subsystem/node_modules/jest-runner/build/index.js:343:7)</failure>
    </testcase>
    <testcase classname="ðŸ” Comprehensive API Test Suite â€º ðŸ”§ Error Handling and Edge Cases" name="POST /api/settings - should handle missing required fields" time="0">
      <failure>Error: thrown: &quot;Exceeded timeout of 30000 ms for a hook.
Add a timeout value to this test to increase the timeout, if this is a long-running test. See https://jestjs.io/docs/api#testname-fn-timeout.&quot;
    at /Users/cmuir/P1Import-apps/P1-import-Subsystem/test/api/comprehensive-api-suite.test.mjs:46:5
    at _dispatchDescribe (/Users/cmuir/P1Import-apps/P1-import-Subsystem/node_modules/jest-circus/build/jestAdapterInit.js:604:26)
    at describe (/Users/cmuir/P1Import-apps/P1-import-Subsystem/node_modules/jest-circus/build/jestAdapterInit.js:572:44)
    at /Users/cmuir/P1Import-apps/P1-import-Subsystem/test/api/comprehensive-api-suite.test.mjs:42:1
    at SourceTextModule.evaluate (node:internal/vm/module:227:23)
    at Runtime.linkAndEvaluateModule (/Users/cmuir/P1Import-apps/P1-import-Subsystem/node_modules/jest-runtime/build/index.js:684:20)
    at jestAdapter (/Users/cmuir/P1Import-apps/P1-import-Subsystem/node_modules/jest-circus/build/runner.js:93:5)
    at runTestInternal (/Users/cmuir/P1Import-apps/P1-import-Subsystem/node_modules/jest-runner/build/index.js:275:16)
    at runTest (/Users/cmuir/P1Import-apps/P1-import-Subsystem/node_modules/jest-runner/build/index.js:343:7)</failure>
    </testcase>
    <testcase classname="ðŸ” Comprehensive API Test Suite â€º âš¡ Performance and Load Tests" name="Multiple concurrent health checks" time="0">
      <failure>Error: thrown: &quot;Exceeded timeout of 30000 ms for a hook.
Add a timeout value to this test to increase the timeout, if this is a long-running test. See https://jestjs.io/docs/api#testname-fn-timeout.&quot;
    at /Users/cmuir/P1Import-apps/P1-import-Subsystem/test/api/comprehensive-api-suite.test.mjs:46:5
    at _dispatchDescribe (/Users/cmuir/P1Import-apps/P1-import-Subsystem/node_modules/jest-circus/build/jestAdapterInit.js:604:26)
    at describe (/Users/cmuir/P1Import-apps/P1-import-Subsystem/node_modules/jest-circus/build/jestAdapterInit.js:572:44)
    at /Users/cmuir/P1Import-apps/P1-import-Subsystem/test/api/comprehensive-api-suite.test.mjs:42:1
    at SourceTextModule.evaluate (node:internal/vm/module:227:23)
    at Runtime.linkAndEvaluateModule (/Users/cmuir/P1Import-apps/P1-import-Subsystem/node_modules/jest-runtime/build/index.js:684:20)
    at jestAdapter (/Users/cmuir/P1Import-apps/P1-import-Subsystem/node_modules/jest-circus/build/runner.js:93:5)
    at runTestInternal (/Users/cmuir/P1Import-apps/P1-import-Subsystem/node_modules/jest-runner/build/index.js:275:16)
    at runTest (/Users/cmuir/P1Import-apps/P1-import-Subsystem/node_modules/jest-runner/build/index.js:343:7)</failure>
    </testcase>
    <testcase classname="ðŸ” Comprehensive API Test Suite â€º âš¡ Performance and Load Tests" name="Response time should be reasonable" time="0">
      <failure>Error: thrown: &quot;Exceeded timeout of 30000 ms for a hook.
Add a timeout value to this test to increase the timeout, if this is a long-running test. See https://jestjs.io/docs/api#testname-fn-timeout.&quot;
    at /Users/cmuir/P1Import-apps/P1-import-Subsystem/test/api/comprehensive-api-suite.test.mjs:46:5
    at _dispatchDescribe (/Users/cmuir/P1Import-apps/P1-import-Subsystem/node_modules/jest-circus/build/jestAdapterInit.js:604:26)
    at describe (/Users/cmuir/P1Import-apps/P1-import-Subsystem/node_modules/jest-circus/build/jestAdapterInit.js:572:44)
    at /Users/cmuir/P1Import-apps/P1-import-Subsystem/test/api/comprehensive-api-suite.test.mjs:42:1
    at SourceTextModule.evaluate (node:internal/vm/module:227:23)
    at Runtime.linkAndEvaluateModule (/Users/cmuir/P1Import-apps/P1-import-Subsystem/node_modules/jest-runtime/build/index.js:684:20)
    at jestAdapter (/Users/cmuir/P1Import-apps/P1-import-Subsystem/node_modules/jest-circus/build/runner.js:93:5)
    at runTestInternal (/Users/cmuir/P1Import-apps/P1-import-Subsystem/node_modules/jest-runner/build/index.js:275:16)
    at runTest (/Users/cmuir/P1Import-apps/P1-import-Subsystem/node_modules/jest-runner/build/index.js:343:7)</failure>
    </testcase>
    <testcase classname="ðŸ” Comprehensive API Test Suite â€º ðŸ”’ Security Tests" name="Should include security headers" time="0">
      <failure>Error: thrown: &quot;Exceeded timeout of 30000 ms for a hook.
Add a timeout value to this test to increase the timeout, if this is a long-running test. See https://jestjs.io/docs/api#testname-fn-timeout.&quot;
    at /Users/cmuir/P1Import-apps/P1-import-Subsystem/test/api/comprehensive-api-suite.test.mjs:46:5
    at _dispatchDescribe (/Users/cmuir/P1Import-apps/P1-import-Subsystem/node_modules/jest-circus/build/jestAdapterInit.js:604:26)
    at describe (/Users/cmuir/P1Import-apps/P1-import-Subsystem/node_modules/jest-circus/build/jestAdapterInit.js:572:44)
    at /Users/cmuir/P1Import-apps/P1-import-Subsystem/test/api/comprehensive-api-suite.test.mjs:42:1
    at SourceTextModule.evaluate (node:internal/vm/module:227:23)
    at Runtime.linkAndEvaluateModule (/Users/cmuir/P1Import-apps/P1-import-Subsystem/node_modules/jest-runtime/build/index.js:684:20)
    at jestAdapter (/Users/cmuir/P1Import-apps/P1-import-Subsystem/node_modules/jest-circus/build/runner.js:93:5)
    at runTestInternal (/Users/cmuir/P1Import-apps/P1-import-Subsystem/node_modules/jest-runner/build/index.js:275:16)
    at runTest (/Users/cmuir/P1Import-apps/P1-import-Subsystem/node_modules/jest-runner/build/index.js:343:7)</failure>
    </testcase>
    <testcase classname="ðŸ” Comprehensive API Test Suite â€º ðŸ”’ Security Tests" name="Should handle SQL injection attempts" time="0">
      <failure>Error: thrown: &quot;Exceeded timeout of 30000 ms for a hook.
Add a timeout value to this test to increase the timeout, if this is a long-running test. See https://jestjs.io/docs/api#testname-fn-timeout.&quot;
    at /Users/cmuir/P1Import-apps/P1-import-Subsystem/test/api/comprehensive-api-suite.test.mjs:46:5
    at _dispatchDescribe (/Users/cmuir/P1Import-apps/P1-import-Subsystem/node_modules/jest-circus/build/jestAdapterInit.js:604:26)
    at describe (/Users/cmuir/P1Import-apps/P1-import-Subsystem/node_modules/jest-circus/build/jestAdapterInit.js:572:44)
    at /Users/cmuir/P1Import-apps/P1-import-Subsystem/test/api/comprehensive-api-suite.test.mjs:42:1
    at SourceTextModule.evaluate (node:internal/vm/module:227:23)
    at Runtime.linkAndEvaluateModule (/Users/cmuir/P1Import-apps/P1-import-Subsystem/node_modules/jest-runtime/build/index.js:684:20)
    at jestAdapter (/Users/cmuir/P1Import-apps/P1-import-Subsystem/node_modules/jest-circus/build/runner.js:93:5)
    at runTestInternal (/Users/cmuir/P1Import-apps/P1-import-Subsystem/node_modules/jest-runner/build/index.js:275:16)
    at runTest (/Users/cmuir/P1Import-apps/P1-import-Subsystem/node_modules/jest-runner/build/index.js:343:7)</failure>
    </testcase>
  </testsuite>
  <testsuite name="test/simple.test.mjs" errors="0" failures="0" skipped="0" timestamp="2025-08-06T21:42:02" time="0.063" tests="3">
    <testcase classname="Simple Test Suite" name="should pass a basic test" time="0.001">
    </testcase>
    <testcase classname="Simple Test Suite" name="should handle async/await" time="0.001">
    </testcase>
    <testcase classname="Simple Test Suite" name="should work with ES modules" time="0">
    </testcase>
  </testsuite>
  <testsuite name="test/minimal.test.mjs" errors="0" failures="0" skipped="0" timestamp="2025-08-06T21:42:02" time="0.064" tests="1">
    <testcase classname="Minimal Test" name="should pass a basic test" time="0.002">
    </testcase>
  </testsuite>
  <testsuite name="test/comprehensive-test-summary.test.mjs" errors="0" failures="0" skipped="0" timestamp="2025-08-06T21:42:02" time="0.09" tests="4">
    <testcase classname="ðŸ“‹ Comprehensive Test Summary" name="should document all test categories" time="0.009">
    </testcase>
    <testcase classname="ðŸ“‹ Comprehensive Test Summary" name="should validate test infrastructure" time="0.006">
    </testcase>
    <testcase classname="ðŸ“‹ Comprehensive Test Summary" name="should provide testing recommendations" time="0.005">
    </testcase>
    <testcase classname="ðŸ“‹ Comprehensive Test Summary" name="should summarize test execution commands" time="0.005">
    </testcase>
  </testsuite>
  <testsuite name="test/bulletproof-simple.test.mjs" errors="0" failures="0" skipped="0" timestamp="2025-08-06T21:42:02" time="0.33" tests="10">
    <testcase classname="ðŸ›¡ï¸ Bulletproof System - Basic Tests" name="should have DOM environment setup" time="0.003">
    </testcase>
    <testcase classname="ðŸ›¡ï¸ Bulletproof System - Basic Tests" name="should find token status element" time="0.001">
    </testcase>
    <testcase classname="ðŸ›¡ï¸ Bulletproof System - Basic Tests" name="should handle DOM manipulation safely" time="0.005">
    </testcase>
    <testcase classname="ðŸ›¡ï¸ Bulletproof System - Basic Tests" name="should handle missing DOM elements gracefully" time="0.001">
    </testcase>
    <testcase classname="ðŸ›¡ï¸ Bulletproof System - Basic Tests" name="should format time correctly" time="0.001">
    </testcase>
    <testcase classname="ðŸ›¡ï¸ Bulletproof System - Basic Tests" name="should handle error scenarios gracefully" time="0.001">
    </testcase>
    <testcase classname="ðŸ›¡ï¸ Bulletproof System - Basic Tests" name="should create emergency display when needed" time="0.001">
    </testcase>
    <testcase classname="ðŸ›¡ï¸ Bulletproof System - Basic Tests" name="should handle multiple fallback layers" time="0.001">
    </testcase>
    <testcase classname="ðŸ›¡ï¸ Bulletproof System - Basic Tests" name="should validate bulletproof principles" time="0.001">
    </testcase>
    <testcase classname="ðŸ›¡ï¸ Bulletproof System - Integration Test" name="should work end-to-end with all components" time="0.001">
    </testcase>
  </testsuite>
  <testsuite name="test/bulletproof-browser.test.mjs" errors="0" failures="15" skipped="0" timestamp="2025-08-06T21:42:02" time="20.153" tests="17">
    <testcase classname="ðŸ›¡ï¸ Bulletproof System - Browser Integration Tests â€º ðŸ  Server Health and Bulletproof Loading" name="should have server running with bulletproof system" time="0.001">
      <failure>Error: Server startup timeout
    at /Users/cmuir/P1Import-apps/P1-import-Subsystem/test/bulletproof-browser.test.mjs:52:24
    at Timeout.task [as _onTimeout] (/Users/cmuir/P1Import-apps/P1-import-Subsystem/node_modules/jsdom/lib/jsdom/browser/Window.js:579:19)
    at listOnTimeout (node:internal/timers:588:17)
    at processTimers (node:internal/timers:523:7)</failure>
    </testcase>
    <testcase classname="ðŸ›¡ï¸ Bulletproof System - Browser Integration Tests â€º ðŸ  Server Health and Bulletproof Loading" name="should serve main page with bulletproof bundle" time="0">
      <failure>Error: Server startup timeout
    at /Users/cmuir/P1Import-apps/P1-import-Subsystem/test/bulletproof-browser.test.mjs:52:24
    at Timeout.task [as _onTimeout] (/Users/cmuir/P1Import-apps/P1-import-Subsystem/node_modules/jsdom/lib/jsdom/browser/Window.js:579:19)
    at listOnTimeout (node:internal/timers:588:17)
    at processTimers (node:internal/timers:523:7)</failure>
    </testcase>
    <testcase classname="ðŸ›¡ï¸ Bulletproof System - Browser Integration Tests â€º ðŸ  Server Health and Bulletproof Loading" name="should serve bulletproof JavaScript bundle" time="0">
      <failure>Error: Server startup timeout
    at /Users/cmuir/P1Import-apps/P1-import-Subsystem/test/bulletproof-browser.test.mjs:52:24
    at Timeout.task [as _onTimeout] (/Users/cmuir/P1Import-apps/P1-import-Subsystem/node_modules/jsdom/lib/jsdom/browser/Window.js:579:19)
    at listOnTimeout (node:internal/timers:588:17)
    at processTimers (node:internal/timers:523:7)</failure>
    </testcase>
    <testcase classname="ðŸ›¡ï¸ Bulletproof System - Browser Integration Tests â€º ðŸ›¡ï¸ Bulletproof Token Manager API Tests" name="should handle token status requests safely" time="0">
      <failure>Error: Server startup timeout
    at /Users/cmuir/P1Import-apps/P1-import-Subsystem/test/bulletproof-browser.test.mjs:52:24
    at Timeout.task [as _onTimeout] (/Users/cmuir/P1Import-apps/P1-import-Subsystem/node_modules/jsdom/lib/jsdom/browser/Window.js:579:19)
    at listOnTimeout (node:internal/timers:588:17)
    at processTimers (node:internal/timers:523:7)</failure>
    </testcase>
    <testcase classname="ðŸ›¡ï¸ Bulletproof System - Browser Integration Tests â€º ðŸ›¡ï¸ Bulletproof Token Manager API Tests" name="should provide fallback responses for token errors" time="0">
      <failure>Error: Server startup timeout
    at /Users/cmuir/P1Import-apps/P1-import-Subsystem/test/bulletproof-browser.test.mjs:52:24
    at Timeout.task [as _onTimeout] (/Users/cmuir/P1Import-apps/P1-import-Subsystem/node_modules/jsdom/lib/jsdom/browser/Window.js:579:19)
    at listOnTimeout (node:internal/timers:588:17)
    at processTimers (node:internal/timers:523:7)</failure>
    </testcase>
    <testcase classname="ðŸ›¡ï¸ Bulletproof System - Browser Integration Tests â€º ðŸ”§ Error Handling and Recovery" name="should handle malformed requests gracefully" time="0">
      <failure>Error: Server startup timeout
    at /Users/cmuir/P1Import-apps/P1-import-Subsystem/test/bulletproof-browser.test.mjs:52:24
    at Timeout.task [as _onTimeout] (/Users/cmuir/P1Import-apps/P1-import-Subsystem/node_modules/jsdom/lib/jsdom/browser/Window.js:579:19)
    at listOnTimeout (node:internal/timers:588:17)
    at processTimers (node:internal/timers:523:7)</failure>
    </testcase>
    <testcase classname="ðŸ›¡ï¸ Bulletproof System - Browser Integration Tests â€º ðŸ”§ Error Handling and Recovery" name="should maintain server stability under load" time="0">
      <failure>Error: Server startup timeout
    at /Users/cmuir/P1Import-apps/P1-import-Subsystem/test/bulletproof-browser.test.mjs:52:24
    at Timeout.task [as _onTimeout] (/Users/cmuir/P1Import-apps/P1-import-Subsystem/node_modules/jsdom/lib/jsdom/browser/Window.js:579:19)
    at listOnTimeout (node:internal/timers:588:17)
    at processTimers (node:internal/timers:523:7)</failure>
    </testcase>
    <testcase classname="ðŸ›¡ï¸ Bulletproof System - Browser Integration Tests â€º ðŸŽ­ Real-world Scenario Tests" name="should handle page navigation without crashes" time="0">
      <failure>Error: Server startup timeout
    at /Users/cmuir/P1Import-apps/P1-import-Subsystem/test/bulletproof-browser.test.mjs:52:24
    at Timeout.task [as _onTimeout] (/Users/cmuir/P1Import-apps/P1-import-Subsystem/node_modules/jsdom/lib/jsdom/browser/Window.js:579:19)
    at listOnTimeout (node:internal/timers:588:17)
    at processTimers (node:internal/timers:523:7)</failure>
    </testcase>
    <testcase classname="ðŸ›¡ï¸ Bulletproof System - Browser Integration Tests â€º ðŸŽ­ Real-world Scenario Tests" name="should handle file upload attempts safely" time="0">
      <failure>Error: Server startup timeout
    at /Users/cmuir/P1Import-apps/P1-import-Subsystem/test/bulletproof-browser.test.mjs:52:24
    at Timeout.task [as _onTimeout] (/Users/cmuir/P1Import-apps/P1-import-Subsystem/node_modules/jsdom/lib/jsdom/browser/Window.js:579:19)
    at listOnTimeout (node:internal/timers:588:17)
    at processTimers (node:internal/timers:523:7)</failure>
    </testcase>
    <testcase classname="ðŸ›¡ï¸ Bulletproof System - Browser Integration Tests â€º ðŸŽ­ Real-world Scenario Tests" name="should maintain WebSocket connections safely" time="0">
      <failure>Error: Server startup timeout
    at /Users/cmuir/P1Import-apps/P1-import-Subsystem/test/bulletproof-browser.test.mjs:52:24
    at Timeout.task [as _onTimeout] (/Users/cmuir/P1Import-apps/P1-import-Subsystem/node_modules/jsdom/lib/jsdom/browser/Window.js:579:19)
    at listOnTimeout (node:internal/timers:588:17)
    at processTimers (node:internal/timers:523:7)</failure>
    </testcase>
    <testcase classname="ðŸ›¡ï¸ Bulletproof System - Browser Integration Tests â€º ðŸ“Š Performance and Memory Tests" name="should respond to health checks quickly" time="0">
      <failure>Error: Server startup timeout
    at /Users/cmuir/P1Import-apps/P1-import-Subsystem/test/bulletproof-browser.test.mjs:52:24
    at Timeout.task [as _onTimeout] (/Users/cmuir/P1Import-apps/P1-import-Subsystem/node_modules/jsdom/lib/jsdom/browser/Window.js:579:19)
    at listOnTimeout (node:internal/timers:588:17)
    at processTimers (node:internal/timers:523:7)</failure>
    </testcase>
    <testcase classname="ðŸ›¡ï¸ Bulletproof System - Browser Integration Tests â€º ðŸ“Š Performance and Memory Tests" name="should handle multiple rapid requests" time="0">
      <failure>Error: Server startup timeout
    at /Users/cmuir/P1Import-apps/P1-import-Subsystem/test/bulletproof-browser.test.mjs:52:24
    at Timeout.task [as _onTimeout] (/Users/cmuir/P1Import-apps/P1-import-Subsystem/node_modules/jsdom/lib/jsdom/browser/Window.js:579:19)
    at listOnTimeout (node:internal/timers:588:17)
    at processTimers (node:internal/timers:523:7)</failure>
    </testcase>
    <testcase classname="ðŸ›¡ï¸ Bulletproof System - Browser Integration Tests â€º ðŸ” Bulletproof Verification" name="should have bulletproof indicators in responses" time="0">
      <failure>Error: Server startup timeout
    at /Users/cmuir/P1Import-apps/P1-import-Subsystem/test/bulletproof-browser.test.mjs:52:24
    at Timeout.task [as _onTimeout] (/Users/cmuir/P1Import-apps/P1-import-Subsystem/node_modules/jsdom/lib/jsdom/browser/Window.js:579:19)
    at listOnTimeout (node:internal/timers:588:17)
    at processTimers (node:internal/timers:523:7)</failure>
    </testcase>
    <testcase classname="ðŸ›¡ï¸ Bulletproof System - Browser Integration Tests â€º ðŸ” Bulletproof Verification" name="should log bulletproof system initialization" time="0">
      <failure>Error: Server startup timeout
    at /Users/cmuir/P1Import-apps/P1-import-Subsystem/test/bulletproof-browser.test.mjs:52:24
    at Timeout.task [as _onTimeout] (/Users/cmuir/P1Import-apps/P1-import-Subsystem/node_modules/jsdom/lib/jsdom/browser/Window.js:579:19)
    at listOnTimeout (node:internal/timers:588:17)
    at processTimers (node:internal/timers:523:7)</failure>
    </testcase>
    <testcase classname="ðŸ›¡ï¸ Bulletproof System - Browser Integration Tests â€º ðŸ” Bulletproof Verification" name="should maintain functionality after errors" time="0">
      <failure>Error: Server startup timeout
    at /Users/cmuir/P1Import-apps/P1-import-Subsystem/test/bulletproof-browser.test.mjs:52:24
    at Timeout.task [as _onTimeout] (/Users/cmuir/P1Import-apps/P1-import-Subsystem/node_modules/jsdom/lib/jsdom/browser/Window.js:579:19)
    at listOnTimeout (node:internal/timers:588:17)
    at processTimers (node:internal/timers:523:7)</failure>
    </testcase>
    <testcase classname="ðŸ›¡ï¸ Bulletproof System - Static Verification" name="should have test configuration valid" time="0.006">
    </testcase>
    <testcase classname="ðŸ›¡ï¸ Bulletproof System - Static Verification" name="should have required dependencies available" time="0.001">
    </testcase>
  </testsuite>
  <testsuite name="test/basic.test.mjs" errors="0" failures="0" skipped="0" timestamp="2025-08-06T21:42:22" time="0.072" tests="3">
    <testcase classname="Basic Test Suite" name="should add two numbers correctly" time="0.001">
    </testcase>
    <testcase classname="Basic Test Suite" name="should handle async/await" time="0">
    </testcase>
    <testcase classname="Basic Test Suite" name="should work with ES modules" time="0.001">
    </testcase>
  </testsuite>
</testsuites>