<?xml version="1.0" encoding="UTF-8"?>
<testsuites name="jest tests" tests="24" failures="0" errors="0" time="1.328">
  <testsuite name="test/integration/route-availability.test.mjs" errors="0" failures="0" skipped="0" timestamp="2025-08-26T17:15:25" time="1.065" tests="24">
    <testcase classname="Route Availability Integration Tests (ESM) › Critical API Routes" name="should respond to get /api/health" time="0.066">
    </testcase>
    <testcase classname="Route Availability Integration Tests (ESM) › Critical API Routes" name="should respond to get /api/version" time="0.008">
    </testcase>
    <testcase classname="Route Availability Integration Tests (ESM) › Critical API Routes" name="should respond to get /api/settings" time="0.008">
    </testcase>
    <testcase classname="Route Availability Integration Tests (ESM) › Critical API Routes" name="should respond to get /api/logs/ui" time="0.129">
    </testcase>
    <testcase classname="Route Availability Integration Tests (ESM) › Critical API Routes" name="should respond to get /api/auth/status" time="0.014">
    </testcase>
    <testcase classname="Route Availability Integration Tests (ESM) › Critical API Routes" name="should respond to get /api/auth/current-credentials" time="0.012">
    </testcase>
    <testcase classname="Route Availability Integration Tests (ESM) › Critical API Routes" name="should respond to get /api/import/status" time="0.004">
    </testcase>
    <testcase classname="Route Availability Integration Tests (ESM) › Critical API Routes" name="should respond to get /api/export/status" time="0.005">
    </testcase>
    <testcase classname="Route Availability Integration Tests (ESM) › Critical API Routes" name="should respond to get /api/history" time="0.008">
    </testcase>
    <testcase classname="Route Availability Integration Tests (ESM) › Critical API Routes" name="should respond to get /api/debug-log" time="0.055">
    </testcase>
    <testcase classname="Route Availability Integration Tests (ESM) › POST Route Availability" name="should respond to POST /api/logs" time="0.01">
    </testcase>
    <testcase classname="Route Availability Integration Tests (ESM) › POST Route Availability" name="should respond to POST /api/auth/refresh-token" time="0.014">
    </testcase>
    <testcase classname="Route Availability Integration Tests (ESM) › POST Route Availability" name="should respond to POST /api/import/start" time="0.005">
    </testcase>
    <testcase classname="Route Availability Integration Tests (ESM) › POST Route Availability" name="should respond to POST /api/export/start" time="0.01">
    </testcase>
    <testcase classname="Route Availability Integration Tests (ESM) › Route Response Format" name="health endpoint should return JSON with status" time="0.013">
    </testcase>
    <testcase classname="Route Availability Integration Tests (ESM) › Route Response Format" name="version endpoint should return JSON with version" time="0.005">
    </testcase>
    <testcase classname="Route Availability Integration Tests (ESM) › Route Response Format" name="settings endpoint should return JSON" time="0.006">
    </testcase>
    <testcase classname="Route Availability Integration Tests (ESM) › Route Response Format" name="logs UI endpoint should return JSON with logs array" time="0.125">
    </testcase>
    <testcase classname="Route Availability Integration Tests (ESM) › Route Consistency" name="all API routes should return JSON content-type" time="0.141">
    </testcase>
    <testcase classname="Route Availability Integration Tests (ESM) › Route Consistency" name="error responses should have consistent format" time="0.012">
    </testcase>
    <testcase classname="Route Health Check System (ESM)" name="should detect all critical routes" time="0.009">
    </testcase>
    <testcase classname="Route Health Check System (ESM)" name="should generate comprehensive route report" time="0.004">
    </testcase>
    <testcase classname="Memory Monitoring Integration (ESM)" name="should provide memory status" time="0.002">
    </testcase>
    <testcase classname="Memory Monitoring Integration (ESM)" name="should detect memory usage levels" time="0">
    </testcase>
  </testsuite>
</testsuites>