{"numFailedTestSuites":123,"numFailedTests":3,"numPassedTestSuites":7,"numPassedTests":63,"numPendingTestSuites":0,"numPendingTests":0,"numRuntimeErrorTestSuites":121,"numTodoTests":0,"numTotalTestSuites":130,"numTotalTests":66,"openHandles":[],"snapshot":{"added":0,"didUpdate":false,"failure":false,"filesAdded":0,"filesRemoved":0,"filesRemovedList":[],"filesUnmatched":0,"filesUpdated":0,"matched":0,"total":0,"unchecked":0,"uncheckedKeysByFile":[],"unmatched":0,"updated":0},"startTime":1754519260802,"success":false,"testResults":[{"assertionResults":[{"ancestorTitles":["Comprehensive ESM Testing"],"duration":4,"failing":false,"failureDetails":[{"code":"ERR_VM_DYNAMIC_IMPORT_CALLBACK_MISSING_FLAG"}],"failureMessages":["TypeError: A dynamic import callback was invoked without --experimental-vm-modules\n    at importModuleDynamicallyCallback (node:internal/modules/esm/utils:270:11)\n    at Object.<anonymous> (/Users/cmuir/P1Import-apps/P1-import-Subsystem/test/esm-comprehensive.test.mjs:11:25)\n    at Promise.finally.completed (/Users/cmuir/P1Import-apps/P1-import-Subsystem/node_modules/jest-circus/build/jestAdapterInit.js:1559:28)\n    at new Promise (<anonymous>)\n    at callAsyncCircusFn (/Users/cmuir/P1Import-apps/P1-import-Subsystem/node_modules/jest-circus/build/jestAdapterInit.js:1499:10)\n    at _callCircusTest (/Users/cmuir/P1Import-apps/P1-import-Subsystem/node_modules/jest-circus/build/jestAdapterInit.js:1009:40)\n    at _runTest (/Users/cmuir/P1Import-apps/P1-import-Subsystem/node_modules/jest-circus/build/jestAdapterInit.js:949:3)\n    at _runTestsForDescribeBlock (/Users/cmuir/P1Import-apps/P1-import-Subsystem/node_modules/jest-circus/build/jestAdapterInit.js:839:13)\n    at _runTestsForDescribeBlock (/Users/cmuir/P1Import-apps/P1-import-Subsystem/node_modules/jest-circus/build/jestAdapterInit.js:829:11)\n    at run (/Users/cmuir/P1Import-apps/P1-import-Subsystem/node_modules/jest-circus/build/jestAdapterInit.js:757:3)\n    at runAndTransformResultsToJestFormat (/Users/cmuir/P1Import-apps/P1-import-Subsystem/node_modules/jest-circus/build/jestAdapterInit.js:1920:21)\n    at jestAdapter (/Users/cmuir/P1Import-apps/P1-import-Subsystem/node_modules/jest-circus/build/runner.js:101:19)\n    at runTestInternal (/Users/cmuir/P1Import-apps/P1-import-Subsystem/node_modules/jest-runner/build/index.js:275:16)\n    at runTest (/Users/cmuir/P1Import-apps/P1-import-Subsystem/node_modules/jest-runner/build/index.js:343:7)"],"fullName":"Comprehensive ESM Testing should be able to import package.json","invocations":1,"location":null,"numPassingAsserts":0,"retryReasons":[],"startAt":1754519261201,"status":"failed","title":"should be able to import package.json"},{"ancestorTitles":["Comprehensive ESM Testing"],"duration":1,"failing":false,"failureDetails":[],"failureMessages":[],"fullName":"Comprehensive ESM Testing should support all modern JavaScript features","invocations":1,"location":null,"numPassingAsserts":6,"retryReasons":[],"startAt":1754519261206,"status":"passed","title":"should support all modern JavaScript features"},{"ancestorTitles":["Comprehensive ESM Testing"],"duration":12,"failing":false,"failureDetails":[],"failureMessages":[],"fullName":"Comprehensive ESM Testing should support async/await with promises","invocations":1,"location":null,"numPassingAsserts":1,"retryReasons":[],"startAt":1754519261207,"status":"passed","title":"should support async/await with promises"},{"ancestorTitles":["Comprehensive ESM Testing"],"duration":1,"failing":false,"failureDetails":[],"failureMessages":[],"fullName":"Comprehensive ESM Testing should support modern class features","invocations":1,"location":null,"numPassingAsserts":2,"retryReasons":[],"startAt":1754519261219,"status":"passed","title":"should support modern class features"},{"ancestorTitles":["Comprehensive ESM Testing"],"duration":1,"failing":false,"failureDetails":[{"code":"ERR_VM_DYNAMIC_IMPORT_CALLBACK_MISSING_FLAG"}],"failureMessages":["TypeError: A dynamic import callback was invoked without --experimental-vm-modules\n    at importModuleDynamicallyCallback (node:internal/modules/esm/utils:270:11)\n    at Object.<anonymous> (/Users/cmuir/P1Import-apps/P1-import-Subsystem/test/esm-comprehensive.test.mjs:95:33)\n    at Promise.finally.completed (/Users/cmuir/P1Import-apps/P1-import-Subsystem/node_modules/jest-circus/build/jestAdapterInit.js:1559:28)\n    at new Promise (<anonymous>)\n    at callAsyncCircusFn (/Users/cmuir/P1Import-apps/P1-import-Subsystem/node_modules/jest-circus/build/jestAdapterInit.js:1499:10)\n    at _callCircusTest (/Users/cmuir/P1Import-apps/P1-import-Subsystem/node_modules/jest-circus/build/jestAdapterInit.js:1009:40)\n    at _runTest (/Users/cmuir/P1Import-apps/P1-import-Subsystem/node_modules/jest-circus/build/jestAdapterInit.js:949:3)\n    at _runTestsForDescribeBlock (/Users/cmuir/P1Import-apps/P1-import-Subsystem/node_modules/jest-circus/build/jestAdapterInit.js:839:13)\n    at _runTestsForDescribeBlock (/Users/cmuir/P1Import-apps/P1-import-Subsystem/node_modules/jest-circus/build/jestAdapterInit.js:829:11)\n    at run (/Users/cmuir/P1Import-apps/P1-import-Subsystem/node_modules/jest-circus/build/jestAdapterInit.js:757:3)\n    at runAndTransformResultsToJestFormat (/Users/cmuir/P1Import-apps/P1-import-Subsystem/node_modules/jest-circus/build/jestAdapterInit.js:1920:21)\n    at jestAdapter (/Users/cmuir/P1Import-apps/P1-import-Subsystem/node_modules/jest-circus/build/runner.js:101:19)\n    at runTestInternal (/Users/cmuir/P1Import-apps/P1-import-Subsystem/node_modules/jest-runner/build/index.js:275:16)\n    at runTest (/Users/cmuir/P1Import-apps/P1-import-Subsystem/node_modules/jest-runner/build/index.js:343:7)"],"fullName":"Comprehensive ESM Testing should support dynamic imports","invocations":1,"location":null,"numPassingAsserts":0,"retryReasons":[],"startAt":1754519261220,"status":"failed","title":"should support dynamic imports"},{"ancestorTitles":["Comprehensive ESM Testing"],"duration":0,"failing":false,"failureDetails":[],"failureMessages":[],"fullName":"Comprehensive ESM Testing should support top-level await simulation","invocations":1,"location":null,"numPassingAsserts":2,"retryReasons":[],"startAt":1754519261221,"status":"passed","title":"should support top-level await simulation"}],"endTime":1754519261228,"message":"\u001b[1m\u001b[31m  \u001b[1m● \u001b[22m\u001b[1mComprehensive ESM Testing › should be able to import package.json\u001b[39m\u001b[22m\n\n    TypeError: A dynamic import callback was invoked without --experimental-vm-modules\n\u001b[2m\u001b[22m\n\u001b[2m    \u001b[0m \u001b[90m  9 |\u001b[39m   \u001b[90m// Test importing package.json\u001b[39m\u001b[22m\n\u001b[2m     \u001b[90m 10 |\u001b[39m   it(\u001b[32m'should be able to import package.json'\u001b[39m\u001b[33m,\u001b[39m \u001b[36masync\u001b[39m () \u001b[33m=>\u001b[39m {\u001b[22m\n\u001b[2m    \u001b[31m\u001b[1m>\u001b[22m\u001b[2m\u001b[39m\u001b[90m 11 |\u001b[39m     \u001b[36mconst\u001b[39m packageJson \u001b[33m=\u001b[39m \u001b[36mawait\u001b[39m \u001b[36mimport\u001b[39m(\u001b[32m'../package.json'\u001b[39m\u001b[33m,\u001b[39m { assert\u001b[33m:\u001b[39m { type\u001b[33m:\u001b[39m \u001b[32m'json'\u001b[39m } })\u001b[33m;\u001b[39m\u001b[22m\n\u001b[2m     \u001b[90m    |\u001b[39m                         \u001b[31m\u001b[1m^\u001b[22m\u001b[2m\u001b[39m\u001b[22m\n\u001b[2m     \u001b[90m 12 |\u001b[39m     expect(packageJson\u001b[33m.\u001b[39m\u001b[36mdefault\u001b[39m)\u001b[33m.\u001b[39mtoBeDefined()\u001b[33m;\u001b[39m\u001b[22m\n\u001b[2m     \u001b[90m 13 |\u001b[39m     expect(packageJson\u001b[33m.\u001b[39m\u001b[36mdefault\u001b[39m\u001b[33m.\u001b[39mtype)\u001b[33m.\u001b[39mtoBe(\u001b[32m'module'\u001b[39m)\u001b[33m;\u001b[39m\u001b[22m\n\u001b[2m     \u001b[90m 14 |\u001b[39m     expect(packageJson\u001b[33m.\u001b[39m\u001b[36mdefault\u001b[39m\u001b[33m.\u001b[39mname)\u001b[33m.\u001b[39mtoBe(\u001b[32m'pingone-import-cursor'\u001b[39m)\u001b[33m;\u001b[39m\u001b[0m\u001b[22m\n\u001b[2m\u001b[22m\n\u001b[2m      \u001b[2mat Object.<anonymous> (\u001b[22m\u001b[2m\u001b[0m\u001b[36mtest/esm-comprehensive.test.mjs\u001b[39m\u001b[0m\u001b[2m:11:25)\u001b[22m\u001b[2m\u001b[22m\n\n\u001b[1m\u001b[31m  \u001b[1m● \u001b[22m\u001b[1mComprehensive ESM Testing › should support dynamic imports\u001b[39m\u001b[22m\n\n    TypeError: A dynamic import callback was invoked without --experimental-vm-modules\n\u001b[2m\u001b[22m\n\u001b[2m    \u001b[0m \u001b[90m 93 |\u001b[39m   it(\u001b[32m'should support dynamic imports'\u001b[39m\u001b[33m,\u001b[39m \u001b[36masync\u001b[39m () \u001b[33m=>\u001b[39m {\u001b[22m\n\u001b[2m     \u001b[90m 94 |\u001b[39m     \u001b[90m// Import a JSON file dynamically\u001b[39m\u001b[22m\n\u001b[2m    \u001b[31m\u001b[1m>\u001b[22m\u001b[2m\u001b[39m\u001b[90m 95 |\u001b[39m     \u001b[36mconst\u001b[39m { \u001b[36mdefault\u001b[39m\u001b[33m:\u001b[39m config } \u001b[33m=\u001b[39m \u001b[36mawait\u001b[39m \u001b[36mimport\u001b[39m(\u001b[32m'../package.json'\u001b[39m\u001b[33m,\u001b[39m { assert\u001b[33m:\u001b[39m { type\u001b[33m:\u001b[39m \u001b[32m'json'\u001b[39m } })\u001b[33m;\u001b[39m\u001b[22m\n\u001b[2m     \u001b[90m    |\u001b[39m                                 \u001b[31m\u001b[1m^\u001b[22m\u001b[2m\u001b[39m\u001b[22m\n\u001b[2m     \u001b[90m 96 |\u001b[39m     expect(config)\u001b[33m.\u001b[39mtoBeDefined()\u001b[33m;\u001b[39m\u001b[22m\n\u001b[2m     \u001b[90m 97 |\u001b[39m     expect(\u001b[36mtypeof\u001b[39m config)\u001b[33m.\u001b[39mtoBe(\u001b[32m'object'\u001b[39m)\u001b[33m;\u001b[39m\u001b[22m\n\u001b[2m     \u001b[90m 98 |\u001b[39m     expect(config\u001b[33m.\u001b[39mname)\u001b[33m.\u001b[39mtoBe(\u001b[32m'pingone-import-cursor'\u001b[39m)\u001b[33m;\u001b[39m\u001b[0m\u001b[22m\n\u001b[2m\u001b[22m\n\u001b[2m      \u001b[2mat Object.<anonymous> (\u001b[22m\u001b[2m\u001b[0m\u001b[36mtest/esm-comprehensive.test.mjs\u001b[39m\u001b[0m\u001b[2m:95:33)\u001b[22m\u001b[2m\u001b[22m\n","name":"/Users/cmuir/P1Import-apps/P1-import-Subsystem/test/esm-comprehensive.test.mjs","startTime":1754519261110,"status":"failed","summary":""},{"assertionResults":[{"ancestorTitles":["ESM Project Integration"],"duration":1,"failing":false,"failureDetails":[{"code":"ERR_VM_DYNAMIC_IMPORT_CALLBACK_MISSING_FLAG"}],"failureMessages":["TypeError: A dynamic import callback was invoked without --experimental-vm-modules\n    at importModuleDynamicallyCallback (node:internal/modules/esm/utils:270:11)\n    at Object.<anonymous> (/Users/cmuir/P1Import-apps/P1-import-Subsystem/test/esm-project-integration.test.mjs:12:25)\n    at Promise.finally.completed (/Users/cmuir/P1Import-apps/P1-import-Subsystem/node_modules/jest-circus/build/jestAdapterInit.js:1559:28)\n    at new Promise (<anonymous>)\n    at callAsyncCircusFn (/Users/cmuir/P1Import-apps/P1-import-Subsystem/node_modules/jest-circus/build/jestAdapterInit.js:1499:10)\n    at _callCircusTest (/Users/cmuir/P1Import-apps/P1-import-Subsystem/node_modules/jest-circus/build/jestAdapterInit.js:1009:40)\n    at _runTest (/Users/cmuir/P1Import-apps/P1-import-Subsystem/node_modules/jest-circus/build/jestAdapterInit.js:949:3)\n    at _runTestsForDescribeBlock (/Users/cmuir/P1Import-apps/P1-import-Subsystem/node_modules/jest-circus/build/jestAdapterInit.js:839:13)\n    at _runTestsForDescribeBlock (/Users/cmuir/P1Import-apps/P1-import-Subsystem/node_modules/jest-circus/build/jestAdapterInit.js:829:11)\n    at run (/Users/cmuir/P1Import-apps/P1-import-Subsystem/node_modules/jest-circus/build/jestAdapterInit.js:757:3)\n    at runAndTransformResultsToJestFormat (/Users/cmuir/P1Import-apps/P1-import-Subsystem/node_modules/jest-circus/build/jestAdapterInit.js:1920:21)\n    at jestAdapter (/Users/cmuir/P1Import-apps/P1-import-Subsystem/node_modules/jest-circus/build/runner.js:101:19)\n    at runTestInternal (/Users/cmuir/P1Import-apps/P1-import-Subsystem/node_modules/jest-runner/build/index.js:275:16)\n    at runTest (/Users/cmuir/P1Import-apps/P1-import-Subsystem/node_modules/jest-runner/build/index.js:343:7)"],"fullName":"ESM Project Integration should be able to import package.json","invocations":1,"location":null,"numPassingAsserts":0,"retryReasons":[],"startAt":1754519261268,"status":"failed","title":"should be able to import package.json"},{"ancestorTitles":["ESM Project Integration"],"duration":2,"failing":false,"failureDetails":[],"failureMessages":[],"fullName":"ESM Project Integration should support importing project modules","invocations":1,"location":null,"numPassingAsserts":1,"retryReasons":[],"startAt":1754519261269,"status":"passed","title":"should support importing project modules"},{"ancestorTitles":["ESM Project Integration"],"duration":0,"failing":false,"failureDetails":[],"failureMessages":[],"fullName":"ESM Project Integration should support modern JavaScript features in ESM context","invocations":1,"location":null,"numPassingAsserts":4,"retryReasons":[],"startAt":1754519261271,"status":"passed","title":"should support modern JavaScript features in ESM context"}],"endTime":1754519261273,"message":"\u001b[1m\u001b[31m  \u001b[1m● \u001b[22m\u001b[1mESM Project Integration › should be able to import package.json\u001b[39m\u001b[22m\n\n    TypeError: A dynamic import callback was invoked without --experimental-vm-modules\n\u001b[2m\u001b[22m\n\u001b[2m    \u001b[0m \u001b[90m 10 |\u001b[39m   it(\u001b[32m'should be able to import package.json'\u001b[39m\u001b[33m,\u001b[39m \u001b[36masync\u001b[39m () \u001b[33m=>\u001b[39m {\u001b[22m\n\u001b[2m     \u001b[90m 11 |\u001b[39m     \u001b[90m// Dynamic import of package.json\u001b[39m\u001b[22m\n\u001b[2m    \u001b[31m\u001b[1m>\u001b[22m\u001b[2m\u001b[39m\u001b[90m 12 |\u001b[39m     \u001b[36mconst\u001b[39m packageJson \u001b[33m=\u001b[39m \u001b[36mawait\u001b[39m \u001b[36mimport\u001b[39m(\u001b[32m'../package.json'\u001b[39m\u001b[33m,\u001b[39m { assert\u001b[33m:\u001b[39m { type\u001b[33m:\u001b[39m \u001b[32m'json'\u001b[39m } })\u001b[33m;\u001b[39m\u001b[22m\n\u001b[2m     \u001b[90m    |\u001b[39m                         \u001b[31m\u001b[1m^\u001b[22m\u001b[2m\u001b[39m\u001b[22m\n\u001b[2m     \u001b[90m 13 |\u001b[39m     \u001b[22m\n\u001b[2m     \u001b[90m 14 |\u001b[39m     \u001b[90m// Verify package.json contents\u001b[39m\u001b[22m\n\u001b[2m     \u001b[90m 15 |\u001b[39m     expect(packageJson\u001b[33m.\u001b[39m\u001b[36mdefault\u001b[39m)\u001b[33m.\u001b[39mtoBeDefined()\u001b[33m;\u001b[39m\u001b[0m\u001b[22m\n\u001b[2m\u001b[22m\n\u001b[2m      \u001b[2mat Object.<anonymous> (\u001b[22m\u001b[2m\u001b[0m\u001b[36mtest/esm-project-integration.test.mjs\u001b[39m\u001b[0m\u001b[2m:12:25)\u001b[22m\u001b[2m\u001b[22m\n","name":"/Users/cmuir/P1Import-apps/P1-import-Subsystem/test/esm-project-integration.test.mjs","startTime":1754519261239,"status":"failed","summary":""},{"assertionResults":[{"ancestorTitles":["Comprehensive Subsystems UI Tests","API Client Subsystem UI"],"duration":70,"failing":false,"failureDetails":[],"failureMessages":[],"fullName":"Comprehensive Subsystems UI Tests API Client Subsystem UI should handle GET request testing","invocations":1,"location":null,"numPassingAsserts":3,"retryReasons":[],"startAt":1754519261582,"status":"passed","title":"should handle GET request testing"},{"ancestorTitles":["Comprehensive Subsystems UI Tests","API Client Subsystem UI"],"duration":66,"failing":false,"failureDetails":[],"failureMessages":[],"fullName":"Comprehensive Subsystems UI Tests API Client Subsystem UI should handle POST request testing","invocations":1,"location":null,"numPassingAsserts":1,"retryReasons":[],"startAt":1754519261653,"status":"passed","title":"should handle POST request testing"},{"ancestorTitles":["Comprehensive Subsystems UI Tests","Error Logging Subsystem UI"],"duration":73,"failing":false,"failureDetails":[],"failureMessages":[],"fullName":"Comprehensive Subsystems UI Tests Error Logging Subsystem UI should handle info log triggering","invocations":1,"location":null,"numPassingAsserts":1,"retryReasons":[],"startAt":1754519261722,"status":"passed","title":"should handle info log triggering"},{"ancestorTitles":["Comprehensive Subsystems UI Tests","Error Logging Subsystem UI"],"duration":58,"failing":false,"failureDetails":[],"failureMessages":[],"fullName":"Comprehensive Subsystems UI Tests Error Logging Subsystem UI should handle warning log triggering","invocations":1,"location":null,"numPassingAsserts":1,"retryReasons":[],"startAt":1754519261795,"status":"passed","title":"should handle warning log triggering"},{"ancestorTitles":["Comprehensive Subsystems UI Tests","File Processing Subsystem UI"],"duration":7,"failing":false,"failureDetails":[],"failureMessages":[],"fullName":"Comprehensive Subsystems UI Tests File Processing Subsystem UI should handle file input selection","invocations":1,"location":null,"numPassingAsserts":2,"retryReasons":[],"startAt":1754519261853,"status":"passed","title":"should handle file input selection"},{"ancestorTitles":["Comprehensive Subsystems UI Tests","File Processing Subsystem UI"],"duration":57,"failing":false,"failureDetails":[],"failureMessages":[],"fullName":"Comprehensive Subsystems UI Tests File Processing Subsystem UI should handle CSV file processing","invocations":1,"location":null,"numPassingAsserts":2,"retryReasons":[],"startAt":1754519261860,"status":"passed","title":"should handle CSV file processing"},{"ancestorTitles":["Comprehensive Subsystems UI Tests","Progress Subsystem UI"],"duration":56,"failing":false,"failureDetails":[],"failureMessages":[],"fullName":"Comprehensive Subsystems UI Tests Progress Subsystem UI should start progress tracking","invocations":1,"location":null,"numPassingAsserts":2,"retryReasons":[],"startAt":1754519261918,"status":"passed","title":"should start progress tracking"},{"ancestorTitles":["Comprehensive Subsystems UI Tests","Progress Subsystem UI"],"duration":57,"failing":false,"failureDetails":[],"failureMessages":[],"fullName":"Comprehensive Subsystems UI Tests Progress Subsystem UI should update progress","invocations":1,"location":null,"numPassingAsserts":3,"retryReasons":[],"startAt":1754519261975,"status":"passed","title":"should update progress"},{"ancestorTitles":["Comprehensive Subsystems UI Tests","Progress Subsystem UI"],"duration":56,"failing":false,"failureDetails":[],"failureMessages":[],"fullName":"Comprehensive Subsystems UI Tests Progress Subsystem UI should complete progress","invocations":1,"location":null,"numPassingAsserts":2,"retryReasons":[],"startAt":1754519262033,"status":"passed","title":"should complete progress"},{"ancestorTitles":["Comprehensive Subsystems UI Tests","Progress Subsystem UI"],"duration":55,"failing":false,"failureDetails":[],"failureMessages":[],"fullName":"Comprehensive Subsystems UI Tests Progress Subsystem UI should cancel progress","invocations":1,"location":null,"numPassingAsserts":2,"retryReasons":[],"startAt":1754519262089,"status":"passed","title":"should cancel progress"},{"ancestorTitles":["Comprehensive Subsystems UI Tests","Navigation Subsystem UI"],"duration":108,"failing":false,"failureDetails":[],"failureMessages":[],"fullName":"Comprehensive Subsystems UI Tests Navigation Subsystem UI should handle navigation between views","invocations":1,"location":null,"numPassingAsserts":2,"retryReasons":[],"startAt":1754519262144,"status":"passed","title":"should handle navigation between views"},{"ancestorTitles":["Comprehensive Subsystems UI Tests","Navigation Subsystem UI"],"duration":184,"failing":false,"failureDetails":[],"failureMessages":[],"fullName":"Comprehensive Subsystems UI Tests Navigation Subsystem UI should track navigation history","invocations":1,"location":null,"numPassingAsserts":4,"retryReasons":[],"startAt":1754519262253,"status":"passed","title":"should track navigation history"},{"ancestorTitles":["Comprehensive Subsystems UI Tests","View Management Subsystem UI"],"duration":107,"failing":false,"failureDetails":[],"failureMessages":[],"fullName":"Comprehensive Subsystems UI Tests View Management Subsystem UI should show and hide views","invocations":1,"location":null,"numPassingAsserts":6,"retryReasons":[],"startAt":1754519262438,"status":"passed","title":"should show and hide views"},{"ancestorTitles":["Comprehensive Subsystems UI Tests","Auth Management Subsystem UI"],"duration":55,"failing":false,"failureDetails":[],"failureMessages":[],"fullName":"Comprehensive Subsystems UI Tests Auth Management Subsystem UI should handle login process","invocations":1,"location":null,"numPassingAsserts":2,"retryReasons":[],"startAt":1754519262546,"status":"passed","title":"should handle login process"},{"ancestorTitles":["Comprehensive Subsystems UI Tests","Auth Management Subsystem UI"],"duration":56,"failing":false,"failureDetails":[],"failureMessages":[],"fullName":"Comprehensive Subsystems UI Tests Auth Management Subsystem UI should handle token refresh","invocations":1,"location":null,"numPassingAsserts":2,"retryReasons":[],"startAt":1754519262601,"status":"passed","title":"should handle token refresh"},{"ancestorTitles":["Comprehensive Subsystems UI Tests","Connection Manager Subsystem UI"],"duration":54,"failing":false,"failureDetails":[],"failureMessages":[],"fullName":"Comprehensive Subsystems UI Tests Connection Manager Subsystem UI should establish connection","invocations":1,"location":null,"numPassingAsserts":1,"retryReasons":[],"startAt":1754519262658,"status":"passed","title":"should establish connection"},{"ancestorTitles":["Comprehensive Subsystems UI Tests","Connection Manager Subsystem UI"],"duration":56,"failing":false,"failureDetails":[],"failureMessages":[],"fullName":"Comprehensive Subsystems UI Tests Connection Manager Subsystem UI should handle reconnection","invocations":1,"location":null,"numPassingAsserts":1,"retryReasons":[],"startAt":1754519262712,"status":"passed","title":"should handle reconnection"},{"ancestorTitles":["Comprehensive Subsystems UI Tests","Operation Manager Subsystem UI"],"duration":56,"failing":false,"failureDetails":[],"failureMessages":[],"fullName":"Comprehensive Subsystems UI Tests Operation Manager Subsystem UI should handle import operation","invocations":1,"location":null,"numPassingAsserts":1,"retryReasons":[],"startAt":1754519262768,"status":"passed","title":"should handle import operation"},{"ancestorTitles":["Comprehensive Subsystems UI Tests","Operation Manager Subsystem UI"],"duration":55,"failing":false,"failureDetails":[],"failureMessages":[],"fullName":"Comprehensive Subsystems UI Tests Operation Manager Subsystem UI should handle export operation","invocations":1,"location":null,"numPassingAsserts":1,"retryReasons":[],"startAt":1754519262824,"status":"passed","title":"should handle export operation"},{"ancestorTitles":["Comprehensive Subsystems UI Tests","Operation Manager Subsystem UI"],"duration":114,"failing":false,"failureDetails":[],"failureMessages":[],"fullName":"Comprehensive Subsystems UI Tests Operation Manager Subsystem UI should cancel operations","invocations":1,"location":null,"numPassingAsserts":1,"retryReasons":[],"startAt":1754519262879,"status":"passed","title":"should cancel operations"},{"ancestorTitles":["Comprehensive Subsystems UI Tests","Realtime Communication Subsystem UI"],"duration":59,"failing":false,"failureDetails":[],"failureMessages":[],"fullName":"Comprehensive Subsystems UI Tests Realtime Communication Subsystem UI should establish WebSocket connection","invocations":1,"location":null,"numPassingAsserts":2,"retryReasons":[],"startAt":1754519262994,"status":"passed","title":"should establish WebSocket connection"},{"ancestorTitles":["Comprehensive Subsystems UI Tests","Realtime Communication Subsystem UI"],"duration":53,"failing":false,"failureDetails":[],"failureMessages":[],"fullName":"Comprehensive Subsystems UI Tests Realtime Communication Subsystem UI should handle Socket.IO connection","invocations":1,"location":null,"numPassingAsserts":1,"retryReasons":[],"startAt":1754519263053,"status":"passed","title":"should handle Socket.IO connection"},{"ancestorTitles":["Comprehensive Subsystems UI Tests","Import Subsystem UI"],"duration":55,"failing":false,"failureDetails":[],"failureMessages":[],"fullName":"Comprehensive Subsystems UI Tests Import Subsystem UI should handle file selection and population selection","invocations":1,"location":null,"numPassingAsserts":2,"retryReasons":[],"startAt":1754519263107,"status":"passed","title":"should handle file selection and population selection"},{"ancestorTitles":["Comprehensive Subsystems UI Tests","Import Subsystem UI"],"duration":106,"failing":false,"failureDetails":[],"failureMessages":[],"fullName":"Comprehensive Subsystems UI Tests Import Subsystem UI should start and cancel import","invocations":1,"location":null,"numPassingAsserts":2,"retryReasons":[],"startAt":1754519263162,"status":"passed","title":"should start and cancel import"},{"ancestorTitles":["Comprehensive Subsystems UI Tests","Export Subsystem UI"],"duration":54,"failing":false,"failureDetails":[],"failureMessages":[],"fullName":"Comprehensive Subsystems UI Tests Export Subsystem UI should handle population selection for export","invocations":1,"location":null,"numPassingAsserts":1,"retryReasons":[],"startAt":1754519263268,"status":"passed","title":"should handle population selection for export"},{"ancestorTitles":["Comprehensive Subsystems UI Tests","Export Subsystem UI"],"duration":106,"failing":false,"failureDetails":[],"failureMessages":[],"fullName":"Comprehensive Subsystems UI Tests Export Subsystem UI should start and cancel export","invocations":1,"location":null,"numPassingAsserts":2,"retryReasons":[],"startAt":1754519263323,"status":"passed","title":"should start and cancel export"}],"endTime":1754519263430,"message":"","name":"/Users/cmuir/P1Import-apps/P1-import-Subsystem/tests/e2e/subsystems-comprehensive.test.js","startTime":1754519261281,"status":"passed","summary":""},{"assertionResults":[{"ancestorTitles":["PingOne API Integration UI Tests","Authentication Tests"],"duration":112,"failing":false,"failureDetails":[],"failureMessages":[],"fullName":"PingOne API Integration UI Tests Authentication Tests should authenticate with PingOne API","invocations":1,"location":null,"numPassingAsserts":3,"retryReasons":[],"startAt":1754519263576,"status":"passed","title":"should authenticate with PingOne API"},{"ancestorTitles":["PingOne API Integration UI Tests","Populations API Tests"],"duration":106,"failing":false,"failureDetails":[],"failureMessages":[],"fullName":"PingOne API Integration UI Tests Populations API Tests should fetch populations from PingOne","invocations":1,"location":null,"numPassingAsserts":3,"retryReasons":[],"startAt":1754519263688,"status":"passed","title":"should fetch populations from PingOne"},{"ancestorTitles":["PingOne API Integration UI Tests","Users API Tests"],"duration":105,"failing":false,"failureDetails":[],"failureMessages":[],"fullName":"PingOne API Integration UI Tests Users API Tests should create user in PingOne","invocations":1,"location":null,"numPassingAsserts":3,"retryReasons":[],"startAt":1754519263794,"status":"passed","title":"should create user in PingOne"},{"ancestorTitles":["PingOne API Integration UI Tests","Users API Tests"],"duration":106,"failing":false,"failureDetails":[],"failureMessages":[],"fullName":"PingOne API Integration UI Tests Users API Tests should fetch users from PingOne","invocations":1,"location":null,"numPassingAsserts":3,"retryReasons":[],"startAt":1754519263899,"status":"passed","title":"should fetch users from PingOne"},{"ancestorTitles":["PingOne API Integration UI Tests","Users API Tests"],"duration":105,"failing":false,"failureDetails":[],"failureMessages":[],"fullName":"PingOne API Integration UI Tests Users API Tests should update user in PingOne","invocations":1,"location":null,"numPassingAsserts":3,"retryReasons":[],"startAt":1754519264005,"status":"passed","title":"should update user in PingOne"},{"ancestorTitles":["PingOne API Integration UI Tests","Users API Tests"],"duration":105,"failing":false,"failureDetails":[],"failureMessages":[],"fullName":"PingOne API Integration UI Tests Users API Tests should delete user from PingOne","invocations":1,"location":null,"numPassingAsserts":3,"retryReasons":[],"startAt":1754519264111,"status":"passed","title":"should delete user from PingOne"},{"ancestorTitles":["PingOne API Integration UI Tests","Error Handling Tests"],"duration":104,"failing":false,"failureDetails":[],"failureMessages":[],"fullName":"PingOne API Integration UI Tests Error Handling Tests should handle PingOne API errors","invocations":1,"location":null,"numPassingAsserts":3,"retryReasons":[],"startAt":1754519264216,"status":"passed","title":"should handle PingOne API errors"}],"endTime":1754519264321,"message":"","name":"/Users/cmuir/P1Import-apps/P1-import-Subsystem/tests/e2e/pingone-api-integration.test.js","startTime":1754519263437,"status":"passed","summary":""},{"assertionResults":[{"ancestorTitles":["API Client Subsystem UI Tests","Request Configuration UI"],"duration":7,"failing":false,"failureDetails":[],"failureMessages":[],"fullName":"API Client Subsystem UI Tests Request Configuration UI should populate request form fields","invocations":1,"location":null,"numPassingAsserts":8,"retryReasons":[],"startAt":1754519264522,"status":"passed","title":"should populate request form fields"},{"ancestorTitles":["API Client Subsystem UI Tests","Request Execution"],"duration":58,"failing":false,"failureDetails":[],"failureMessages":[],"fullName":"API Client Subsystem UI Tests Request Execution should send HTTP request and display response","invocations":1,"location":null,"numPassingAsserts":2,"retryReasons":[],"startAt":1754519264529,"status":"passed","title":"should send HTTP request and display response"},{"ancestorTitles":["API Client Subsystem UI Tests","Request Execution"],"duration":57,"failing":false,"failureDetails":[],"failureMessages":[],"fullName":"API Client Subsystem UI Tests Request Execution should handle request errors","invocations":1,"location":null,"numPassingAsserts":3,"retryReasons":[],"startAt":1754519264587,"status":"passed","title":"should handle request errors"},{"ancestorTitles":["API Client Subsystem UI Tests","Token Management"],"duration":58,"failing":false,"failureDetails":[],"failureMessages":[],"fullName":"API Client Subsystem UI Tests Token Management should test token refresh","invocations":1,"location":null,"numPassingAsserts":2,"retryReasons":[],"startAt":1754519264644,"status":"passed","title":"should test token refresh"}],"endTime":1754519264702,"message":"","name":"/Users/cmuir/P1Import-apps/P1-import-Subsystem/tests/e2e/api-client-subsystem.test.js","startTime":1754519264360,"status":"passed","summary":""},{"assertionResults":[{"ancestorTitles":["PingOne API Integration Tests","Authentication"],"duration":0,"failing":false,"failureDetails":[],"failureMessages":[],"fullName":"PingOne API Integration Tests Authentication should obtain access token from PingOne","invocations":1,"location":null,"numPassingAsserts":0,"retryReasons":[],"startAt":1754519264741,"status":"passed","title":"should obtain access token from PingOne"},{"ancestorTitles":["PingOne API Integration Tests","Authentication"],"duration":1,"failing":false,"failureDetails":[],"failureMessages":[],"fullName":"PingOne API Integration Tests Authentication should validate token by making authenticated request","invocations":1,"location":null,"numPassingAsserts":0,"retryReasons":[],"startAt":1754519264741,"status":"passed","title":"should validate token by making authenticated request"},{"ancestorTitles":["PingOne API Integration Tests","Populations API"],"duration":0,"failing":false,"failureDetails":[],"failureMessages":[],"fullName":"PingOne API Integration Tests Populations API should fetch populations list","invocations":1,"location":null,"numPassingAsserts":0,"retryReasons":[],"startAt":1754519264742,"status":"passed","title":"should fetch populations list"},{"ancestorTitles":["PingOne API Integration Tests","Populations API"],"duration":0,"failing":false,"failureDetails":[],"failureMessages":[],"fullName":"PingOne API Integration Tests Populations API should create a test population","invocations":1,"location":null,"numPassingAsserts":0,"retryReasons":[],"startAt":1754519264742,"status":"passed","title":"should create a test population"},{"ancestorTitles":["PingOne API Integration Tests","Users API"],"duration":1,"failing":false,"failureDetails":[],"failureMessages":[],"fullName":"PingOne API Integration Tests Users API should create a test user","invocations":1,"location":null,"numPassingAsserts":0,"retryReasons":[],"startAt":1754519264742,"status":"passed","title":"should create a test user"},{"ancestorTitles":["PingOne API Integration Tests","Users API"],"duration":0,"failing":false,"failureDetails":[],"failureMessages":[],"fullName":"PingOne API Integration Tests Users API should fetch users from population","invocations":1,"location":null,"numPassingAsserts":0,"retryReasons":[],"startAt":1754519264743,"status":"passed","title":"should fetch users from population"},{"ancestorTitles":["PingOne API Integration Tests","Users API"],"duration":0,"failing":false,"failureDetails":[],"failureMessages":[],"fullName":"PingOne API Integration Tests Users API should update test user","invocations":1,"location":null,"numPassingAsserts":0,"retryReasons":[],"startAt":1754519264743,"status":"passed","title":"should update test user"},{"ancestorTitles":["PingOne API Integration Tests","Cleanup"],"duration":1,"failing":false,"failureDetails":[],"failureMessages":[],"fullName":"PingOne API Integration Tests Cleanup should delete test user","invocations":1,"location":null,"numPassingAsserts":0,"retryReasons":[],"startAt":1754519264743,"status":"passed","title":"should delete test user"},{"ancestorTitles":["PingOne API Integration Tests","Cleanup"],"duration":0,"failing":false,"failureDetails":[],"failureMessages":[],"fullName":"PingOne API Integration Tests Cleanup should delete test population","invocations":1,"location":null,"numPassingAsserts":0,"retryReasons":[],"startAt":1754519264744,"status":"passed","title":"should delete test population"},{"ancestorTitles":["PingOne API Integration Tests","Error Handling"],"duration":0,"failing":false,"failureDetails":[],"failureMessages":[],"fullName":"PingOne API Integration Tests Error Handling should handle invalid token gracefully","invocations":1,"location":null,"numPassingAsserts":0,"retryReasons":[],"startAt":1754519264744,"status":"passed","title":"should handle invalid token gracefully"},{"ancestorTitles":["PingOne API Integration Tests","Error Handling"],"duration":1,"failing":false,"failureDetails":[],"failureMessages":[],"fullName":"PingOne API Integration Tests Error Handling should handle non-existent resource gracefully","invocations":1,"location":null,"numPassingAsserts":0,"retryReasons":[],"startAt":1754519264744,"status":"passed","title":"should handle non-existent resource gracefully"}],"endTime":1754519264745,"message":"","name":"/Users/cmuir/P1Import-apps/P1-import-Subsystem/tests/integration/pingone-api-integration.test.js","startTime":1754519264709,"status":"passed","summary":""},{"assertionResults":[{"ancestorTitles":["ESM Module Integration"],"duration":1,"failing":false,"failureDetails":[],"failureMessages":[],"fullName":"ESM Module Integration should support basic ESM functionality","invocations":1,"location":null,"numPassingAsserts":2,"retryReasons":[],"startAt":1754519264778,"status":"passed","title":"should support basic ESM functionality"},{"ancestorTitles":["ESM Module Integration"],"duration":1,"failing":false,"failureDetails":[],"failureMessages":[],"fullName":"ESM Module Integration should support native ESM features","invocations":1,"location":null,"numPassingAsserts":3,"retryReasons":[],"startAt":1754519264779,"status":"passed","title":"should support native ESM features"},{"ancestorTitles":["ESM Module Integration"],"duration":12,"failing":false,"failureDetails":[],"failureMessages":[],"fullName":"ESM Module Integration should support async/await patterns","invocations":1,"location":null,"numPassingAsserts":1,"retryReasons":[],"startAt":1754519264780,"status":"passed","title":"should support async/await patterns"}],"endTime":1754519264792,"message":"","name":"/Users/cmuir/P1Import-apps/P1-import-Subsystem/test/esm-module-integration.test.mjs","startTime":1754519264752,"status":"passed","summary":""},{"assertionResults":[{"ancestorTitles":["ESM Support"],"duration":0,"failing":false,"failureDetails":[],"failureMessages":[],"fullName":"ESM Support should support ESM syntax","invocations":1,"location":null,"numPassingAsserts":1,"retryReasons":[],"startAt":1754519264832,"status":"passed","title":"should support ESM syntax"},{"ancestorTitles":["ESM Support"],"duration":1,"failing":false,"failureDetails":[],"failureMessages":[],"fullName":"ESM Support should support modern JavaScript features","invocations":1,"location":null,"numPassingAsserts":2,"retryReasons":[],"startAt":1754519264832,"status":"passed","title":"should support modern JavaScript features"},{"ancestorTitles":["ESM Support"],"duration":0,"failing":false,"failureDetails":[],"failureMessages":[],"fullName":"ESM Support should support async/await","invocations":1,"location":null,"numPassingAsserts":1,"retryReasons":[],"startAt":1754519264833,"status":"passed","title":"should support async/await"}],"endTime":1754519264833,"message":"","name":"/Users/cmuir/P1Import-apps/P1-import-Subsystem/test/esm-support.test.mjs","startTime":1754519264798,"status":"passed","summary":""},{"assertionResults":[{"ancestorTitles":[],"duration":0,"failing":false,"failureDetails":[],"failureMessages":[],"fullName":"1 + 1 equals 2","invocations":1,"location":null,"numPassingAsserts":1,"retryReasons":[],"startAt":1754519264869,"status":"passed","title":"1 + 1 equals 2"},{"ancestorTitles":[],"duration":0,"failing":false,"failureDetails":[],"failureMessages":[],"fullName":"async/await test","invocations":1,"location":null,"numPassingAsserts":1,"retryReasons":[],"startAt":1754519264870,"status":"passed","title":"async/await test"},{"ancestorTitles":[],"duration":0,"failing":false,"failureDetails":[],"failureMessages":[],"fullName":"mock function test","invocations":1,"location":null,"numPassingAsserts":2,"retryReasons":[],"startAt":1754519264870,"status":"passed","title":"mock function test"}],"endTime":1754519264871,"message":"","name":"/Users/cmuir/P1Import-apps/P1-import-Subsystem/test/basic.test.js","startTime":1754519264847,"status":"passed","summary":""},{"assertionResults":[],"coverage":{},"endTime":1754519268476,"message":"  \u001b[1m● \u001b[22mTest suite failed to run\n\n    \u001b[1m\u001b[31mJest encountered an unexpected token\u001b[39m\u001b[22m\n\n    Jest failed to parse a file. This happens e.g. when your code or its dependencies use non-standard JavaScript syntax, or when Jest is not configured to support such syntax.\n\n    Out of the box Jest supports Babel, which will be used to transform your files into valid JS based on your Babel configuration.\n\n    By default \"node_modules\" folder is ignored by transformers.\n\n    Here's what you can do:\n     • If you are trying to use ECMAScript Modules, see \u001b[4mhttps://jestjs.io/docs/ecmascript-modules\u001b[24m for how to enable it.\n     • If you are trying to use TypeScript, see \u001b[4mhttps://jestjs.io/docs/getting-started#using-typescript\u001b[24m\n     • To have some of your \"node_modules\" files transformed, you can specify a custom \u001b[1m\"transformIgnorePatterns\"\u001b[22m in your config.\n     • If you need a custom transformation, specify a \u001b[1m\"transform\"\u001b[22m option in your config.\n     • If you simply want to mock your non-JS modules (e.g. binary assets) you can stub them out with the \u001b[1m\"moduleNameMapper\"\u001b[22m config option.\n\n    You'll find more details and examples of these config options in the docs:\n    \u001b[36mhttps://jestjs.io/docs/configuration\u001b[39m\n    For information about custom transformations, see:\n    \u001b[36mhttps://jestjs.io/docs/code-transformation\u001b[39m\n\n    \u001b[1m\u001b[31mDetails:\u001b[39m\u001b[22m\n\n    /Users/cmuir/P1Import-apps/P1-import-Subsystem/test/api/api/route-coverage.test.js:11\n    import { TextEncoder, TextDecoder } from 'util';\n    ^^^^^^\n\n    SyntaxError: Cannot use import statement outside a module\n\n      \u001b[2mat Runtime.createScriptFromCode (\u001b[22mnode_modules/jest-runtime/build/index.js\u001b[2m:1316:40)\u001b[22m\n","name":"/Users/cmuir/P1Import-apps/P1-import-Subsystem/test/api/api/route-coverage.test.js","startTime":1754519268476,"status":"failed","summary":""},{"assertionResults":[],"coverage":{},"endTime":1754519268476,"message":"  \u001b[1m● \u001b[22mTest suite failed to run\n\n    \u001b[1m\u001b[31mJest encountered an unexpected token\u001b[39m\u001b[22m\n\n    Jest failed to parse a file. This happens e.g. when your code or its dependencies use non-standard JavaScript syntax, or when Jest is not configured to support such syntax.\n\n    Out of the box Jest supports Babel, which will be used to transform your files into valid JS based on your Babel configuration.\n\n    By default \"node_modules\" folder is ignored by transformers.\n\n    Here's what you can do:\n     • If you are trying to use ECMAScript Modules, see \u001b[4mhttps://jestjs.io/docs/ecmascript-modules\u001b[24m for how to enable it.\n     • If you are trying to use TypeScript, see \u001b[4mhttps://jestjs.io/docs/getting-started#using-typescript\u001b[24m\n     • To have some of your \"node_modules\" files transformed, you can specify a custom \u001b[1m\"transformIgnorePatterns\"\u001b[22m in your config.\n     • If you need a custom transformation, specify a \u001b[1m\"transform\"\u001b[22m option in your config.\n     • If you simply want to mock your non-JS modules (e.g. binary assets) you can stub them out with the \u001b[1m\"moduleNameMapper\"\u001b[22m config option.\n\n    You'll find more details and examples of these config options in the docs:\n    \u001b[36mhttps://jestjs.io/docs/configuration\u001b[39m\n    For information about custom transformations, see:\n    \u001b[36mhttps://jestjs.io/docs/code-transformation\u001b[39m\n\n    \u001b[1m\u001b[31mDetails:\u001b[39m\u001b[22m\n\n    /Users/cmuir/P1Import-apps/P1-import-Subsystem/test/api/api/comprehensive-api.test.js:11\n    import request from 'supertest';\n    ^^^^^^\n\n    SyntaxError: Cannot use import statement outside a module\n\n      \u001b[2mat Runtime.createScriptFromCode (\u001b[22mnode_modules/jest-runtime/build/index.js\u001b[2m:1316:40)\u001b[22m\n","name":"/Users/cmuir/P1Import-apps/P1-import-Subsystem/test/api/api/comprehensive-api.test.js","startTime":1754519268476,"status":"failed","summary":""},{"assertionResults":[],"coverage":{},"endTime":1754519268476,"message":"  \u001b[1m● \u001b[22mTest suite failed to run\n\n    \u001b[1m\u001b[31mJest encountered an unexpected token\u001b[39m\u001b[22m\n\n    Jest failed to parse a file. This happens e.g. when your code or its dependencies use non-standard JavaScript syntax, or when Jest is not configured to support such syntax.\n\n    Out of the box Jest supports Babel, which will be used to transform your files into valid JS based on your Babel configuration.\n\n    By default \"node_modules\" folder is ignored by transformers.\n\n    Here's what you can do:\n     • If you are trying to use ECMAScript Modules, see \u001b[4mhttps://jestjs.io/docs/ecmascript-modules\u001b[24m for how to enable it.\n     • If you are trying to use TypeScript, see \u001b[4mhttps://jestjs.io/docs/getting-started#using-typescript\u001b[24m\n     • To have some of your \"node_modules\" files transformed, you can specify a custom \u001b[1m\"transformIgnorePatterns\"\u001b[22m in your config.\n     • If you need a custom transformation, specify a \u001b[1m\"transform\"\u001b[22m option in your config.\n     • If you simply want to mock your non-JS modules (e.g. binary assets) you can stub them out with the \u001b[1m\"moduleNameMapper\"\u001b[22m config option.\n\n    You'll find more details and examples of these config options in the docs:\n    \u001b[36mhttps://jestjs.io/docs/configuration\u001b[39m\n    For information about custom transformations, see:\n    \u001b[36mhttps://jestjs.io/docs/code-transformation\u001b[39m\n\n    \u001b[1m\u001b[31mDetails:\u001b[39m\u001b[22m\n\n    /Users/cmuir/P1Import-apps/P1-import-Subsystem/test/api/auth/auth-subsystem.test.js:7\n    import { expect } from 'chai';\n    ^^^^^^\n\n    SyntaxError: Cannot use import statement outside a module\n\n      \u001b[2mat Runtime.createScriptFromCode (\u001b[22mnode_modules/jest-runtime/build/index.js\u001b[2m:1316:40)\u001b[22m\n","name":"/Users/cmuir/P1Import-apps/P1-import-Subsystem/test/api/auth/auth-subsystem.test.js","startTime":1754519268476,"status":"failed","summary":""},{"assertionResults":[],"coverage":{},"endTime":1754519268476,"message":"  \u001b[1m● \u001b[22mTest suite failed to run\n\n    \u001b[1m\u001b[31mJest encountered an unexpected token\u001b[39m\u001b[22m\n\n    Jest failed to parse a file. This happens e.g. when your code or its dependencies use non-standard JavaScript syntax, or when Jest is not configured to support such syntax.\n\n    Out of the box Jest supports Babel, which will be used to transform your files into valid JS based on your Babel configuration.\n\n    By default \"node_modules\" folder is ignored by transformers.\n\n    Here's what you can do:\n     • If you are trying to use ECMAScript Modules, see \u001b[4mhttps://jestjs.io/docs/ecmascript-modules\u001b[24m for how to enable it.\n     • If you are trying to use TypeScript, see \u001b[4mhttps://jestjs.io/docs/getting-started#using-typescript\u001b[24m\n     • To have some of your \"node_modules\" files transformed, you can specify a custom \u001b[1m\"transformIgnorePatterns\"\u001b[22m in your config.\n     • If you need a custom transformation, specify a \u001b[1m\"transform\"\u001b[22m option in your config.\n     • If you simply want to mock your non-JS modules (e.g. binary assets) you can stub them out with the \u001b[1m\"moduleNameMapper\"\u001b[22m config option.\n\n    You'll find more details and examples of these config options in the docs:\n    \u001b[36mhttps://jestjs.io/docs/configuration\u001b[39m\n    For information about custom transformations, see:\n    \u001b[36mhttps://jestjs.io/docs/code-transformation\u001b[39m\n\n    \u001b[1m\u001b[31mDetails:\u001b[39m\u001b[22m\n\n    /Users/cmuir/P1Import-apps/P1-import-Subsystem/tests/unit/token-validator.test.js:7\n    import { expect } from 'chai';\n    ^^^^^^\n\n    SyntaxError: Cannot use import statement outside a module\n\n      \u001b[2mat Runtime.createScriptFromCode (\u001b[22mnode_modules/jest-runtime/build/index.js\u001b[2m:1316:40)\u001b[22m\n","name":"/Users/cmuir/P1Import-apps/P1-import-Subsystem/tests/unit/token-validator.test.js","startTime":1754519268476,"status":"failed","summary":""},{"assertionResults":[],"coverage":{},"endTime":1754519268476,"message":"  \u001b[1m● \u001b[22mTest suite failed to run\n\n    \u001b[1m\u001b[31mJest encountered an unexpected token\u001b[39m\u001b[22m\n\n    Jest failed to parse a file. This happens e.g. when your code or its dependencies use non-standard JavaScript syntax, or when Jest is not configured to support such syntax.\n\n    Out of the box Jest supports Babel, which will be used to transform your files into valid JS based on your Babel configuration.\n\n    By default \"node_modules\" folder is ignored by transformers.\n\n    Here's what you can do:\n     • If you are trying to use ECMAScript Modules, see \u001b[4mhttps://jestjs.io/docs/ecmascript-modules\u001b[24m for how to enable it.\n     • If you are trying to use TypeScript, see \u001b[4mhttps://jestjs.io/docs/getting-started#using-typescript\u001b[24m\n     • To have some of your \"node_modules\" files transformed, you can specify a custom \u001b[1m\"transformIgnorePatterns\"\u001b[22m in your config.\n     • If you need a custom transformation, specify a \u001b[1m\"transform\"\u001b[22m option in your config.\n     • If you simply want to mock your non-JS modules (e.g. binary assets) you can stub them out with the \u001b[1m\"moduleNameMapper\"\u001b[22m config option.\n\n    You'll find more details and examples of these config options in the docs:\n    \u001b[36mhttps://jestjs.io/docs/configuration\u001b[39m\n    For information about custom transformations, see:\n    \u001b[36mhttps://jestjs.io/docs/code-transformation\u001b[39m\n\n    \u001b[1m\u001b[31mDetails:\u001b[39m\u001b[22m\n\n    /Users/cmuir/P1Import-apps/P1-import-Subsystem/tests/unit/token-service.test.js:7\n    import { expect } from 'chai';\n    ^^^^^^\n\n    SyntaxError: Cannot use import statement outside a module\n\n      \u001b[2mat Runtime.createScriptFromCode (\u001b[22mnode_modules/jest-runtime/build/index.js\u001b[2m:1316:40)\u001b[22m\n","name":"/Users/cmuir/P1Import-apps/P1-import-Subsystem/tests/unit/token-service.test.js","startTime":1754519268476,"status":"failed","summary":""},{"assertionResults":[],"coverage":{},"endTime":1754519268476,"message":"  \u001b[1m● \u001b[22mTest suite failed to run\n\n    \u001b[1m\u001b[31mJest encountered an unexpected token\u001b[39m\u001b[22m\n\n    Jest failed to parse a file. This happens e.g. when your code or its dependencies use non-standard JavaScript syntax, or when Jest is not configured to support such syntax.\n\n    Out of the box Jest supports Babel, which will be used to transform your files into valid JS based on your Babel configuration.\n\n    By default \"node_modules\" folder is ignored by transformers.\n\n    Here's what you can do:\n     • If you are trying to use ECMAScript Modules, see \u001b[4mhttps://jestjs.io/docs/ecmascript-modules\u001b[24m for how to enable it.\n     • If you are trying to use TypeScript, see \u001b[4mhttps://jestjs.io/docs/getting-started#using-typescript\u001b[24m\n     • To have some of your \"node_modules\" files transformed, you can specify a custom \u001b[1m\"transformIgnorePatterns\"\u001b[22m in your config.\n     • If you need a custom transformation, specify a \u001b[1m\"transform\"\u001b[22m option in your config.\n     • If you simply want to mock your non-JS modules (e.g. binary assets) you can stub them out with the \u001b[1m\"moduleNameMapper\"\u001b[22m config option.\n\n    You'll find more details and examples of these config options in the docs:\n    \u001b[36mhttps://jestjs.io/docs/configuration\u001b[39m\n    For information about custom transformations, see:\n    \u001b[36mhttps://jestjs.io/docs/code-transformation\u001b[39m\n\n    \u001b[1m\u001b[31mDetails:\u001b[39m\u001b[22m\n\n    /Users/cmuir/P1Import-apps/P1-import-Subsystem/tests/unit/token-storage.test.js:7\n    import { expect } from 'chai';\n    ^^^^^^\n\n    SyntaxError: Cannot use import statement outside a module\n\n      \u001b[2mat Runtime.createScriptFromCode (\u001b[22mnode_modules/jest-runtime/build/index.js\u001b[2m:1316:40)\u001b[22m\n","name":"/Users/cmuir/P1Import-apps/P1-import-Subsystem/tests/unit/token-storage.test.js","startTime":1754519268476,"status":"failed","summary":""},{"assertionResults":[],"coverage":{},"endTime":1754519268476,"message":"  \u001b[1m● \u001b[22mTest suite failed to run\n\n    \u001b[1m\u001b[31mJest encountered an unexpected token\u001b[39m\u001b[22m\n\n    Jest failed to parse a file. This happens e.g. when your code or its dependencies use non-standard JavaScript syntax, or when Jest is not configured to support such syntax.\n\n    Out of the box Jest supports Babel, which will be used to transform your files into valid JS based on your Babel configuration.\n\n    By default \"node_modules\" folder is ignored by transformers.\n\n    Here's what you can do:\n     • If you are trying to use ECMAScript Modules, see \u001b[4mhttps://jestjs.io/docs/ecmascript-modules\u001b[24m for how to enable it.\n     • If you are trying to use TypeScript, see \u001b[4mhttps://jestjs.io/docs/getting-started#using-typescript\u001b[24m\n     • To have some of your \"node_modules\" files transformed, you can specify a custom \u001b[1m\"transformIgnorePatterns\"\u001b[22m in your config.\n     • If you need a custom transformation, specify a \u001b[1m\"transform\"\u001b[22m option in your config.\n     • If you simply want to mock your non-JS modules (e.g. binary assets) you can stub them out with the \u001b[1m\"moduleNameMapper\"\u001b[22m config option.\n\n    You'll find more details and examples of these config options in the docs:\n    \u001b[36mhttps://jestjs.io/docs/configuration\u001b[39m\n    For information about custom transformations, see:\n    \u001b[36mhttps://jestjs.io/docs/code-transformation\u001b[39m\n\n    \u001b[1m\u001b[31mDetails:\u001b[39m\u001b[22m\n\n    /Users/cmuir/P1Import-apps/P1-import-Subsystem/tests/unit/token-provider.test.js:7\n    import { expect } from 'chai';\n    ^^^^^^\n\n    SyntaxError: Cannot use import statement outside a module\n\n      \u001b[2mat Runtime.createScriptFromCode (\u001b[22mnode_modules/jest-runtime/build/index.js\u001b[2m:1316:40)\u001b[22m\n","name":"/Users/cmuir/P1Import-apps/P1-import-Subsystem/tests/unit/token-provider.test.js","startTime":1754519268476,"status":"failed","summary":""},{"assertionResults":[],"coverage":{},"endTime":1754519268476,"message":"  \u001b[1m● \u001b[22mTest suite failed to run\n\n    \u001b[1m\u001b[31mJest encountered an unexpected token\u001b[39m\u001b[22m\n\n    Jest failed to parse a file. This happens e.g. when your code or its dependencies use non-standard JavaScript syntax, or when Jest is not configured to support such syntax.\n\n    Out of the box Jest supports Babel, which will be used to transform your files into valid JS based on your Babel configuration.\n\n    By default \"node_modules\" folder is ignored by transformers.\n\n    Here's what you can do:\n     • If you are trying to use ECMAScript Modules, see \u001b[4mhttps://jestjs.io/docs/ecmascript-modules\u001b[24m for how to enable it.\n     • If you are trying to use TypeScript, see \u001b[4mhttps://jestjs.io/docs/getting-started#using-typescript\u001b[24m\n     • To have some of your \"node_modules\" files transformed, you can specify a custom \u001b[1m\"transformIgnorePatterns\"\u001b[22m in your config.\n     • If you need a custom transformation, specify a \u001b[1m\"transform\"\u001b[22m option in your config.\n     • If you simply want to mock your non-JS modules (e.g. binary assets) you can stub them out with the \u001b[1m\"moduleNameMapper\"\u001b[22m config option.\n\n    You'll find more details and examples of these config options in the docs:\n    \u001b[36mhttps://jestjs.io/docs/configuration\u001b[39m\n    For information about custom transformations, see:\n    \u001b[36mhttps://jestjs.io/docs/code-transformation\u001b[39m\n\n    \u001b[1m\u001b[31mDetails:\u001b[39m\u001b[22m\n\n    /Users/cmuir/P1Import-apps/P1-import-Subsystem/tests/unit/population-service.test.js:7\n    import { expect } from 'chai';\n    ^^^^^^\n\n    SyntaxError: Cannot use import statement outside a module\n\n      \u001b[2mat Runtime.createScriptFromCode (\u001b[22mnode_modules/jest-runtime/build/index.js\u001b[2m:1316:40)\u001b[22m\n","name":"/Users/cmuir/P1Import-apps/P1-import-Subsystem/tests/unit/population-service.test.js","startTime":1754519268476,"status":"failed","summary":""},{"assertionResults":[],"coverage":{},"endTime":1754519268476,"message":"  \u001b[1m● \u001b[22mTest suite failed to run\n\n    \u001b[1m\u001b[31mJest encountered an unexpected token\u001b[39m\u001b[22m\n\n    Jest failed to parse a file. This happens e.g. when your code or its dependencies use non-standard JavaScript syntax, or when Jest is not configured to support such syntax.\n\n    Out of the box Jest supports Babel, which will be used to transform your files into valid JS based on your Babel configuration.\n\n    By default \"node_modules\" folder is ignored by transformers.\n\n    Here's what you can do:\n     • If you are trying to use ECMAScript Modules, see \u001b[4mhttps://jestjs.io/docs/ecmascript-modules\u001b[24m for how to enable it.\n     • If you are trying to use TypeScript, see \u001b[4mhttps://jestjs.io/docs/getting-started#using-typescript\u001b[24m\n     • To have some of your \"node_modules\" files transformed, you can specify a custom \u001b[1m\"transformIgnorePatterns\"\u001b[22m in your config.\n     • If you need a custom transformation, specify a \u001b[1m\"transform\"\u001b[22m option in your config.\n     • If you simply want to mock your non-JS modules (e.g. binary assets) you can stub them out with the \u001b[1m\"moduleNameMapper\"\u001b[22m config option.\n\n    You'll find more details and examples of these config options in the docs:\n    \u001b[36mhttps://jestjs.io/docs/configuration\u001b[39m\n    For information about custom transformations, see:\n    \u001b[36mhttps://jestjs.io/docs/code-transformation\u001b[39m\n\n    \u001b[1m\u001b[31mDetails:\u001b[39m\u001b[22m\n\n    /Users/cmuir/P1Import-apps/P1-import-Subsystem/tests/unit/mongodb.test.js:1\n    import { MongoClient } from 'mongodb';\n    ^^^^^^\n\n    SyntaxError: Cannot use import statement outside a module\n\n      \u001b[2mat Runtime.createScriptFromCode (\u001b[22mnode_modules/jest-runtime/build/index.js\u001b[2m:1316:40)\u001b[22m\n","name":"/Users/cmuir/P1Import-apps/P1-import-Subsystem/tests/unit/mongodb.test.js","startTime":1754519268476,"status":"failed","summary":""},{"assertionResults":[],"coverage":{},"endTime":1754519268476,"message":"  \u001b[1m● \u001b[22mTest suite failed to run\n\n    \u001b[1m\u001b[31mJest encountered an unexpected token\u001b[39m\u001b[22m\n\n    Jest failed to parse a file. This happens e.g. when your code or its dependencies use non-standard JavaScript syntax, or when Jest is not configured to support such syntax.\n\n    Out of the box Jest supports Babel, which will be used to transform your files into valid JS based on your Babel configuration.\n\n    By default \"node_modules\" folder is ignored by transformers.\n\n    Here's what you can do:\n     • If you are trying to use ECMAScript Modules, see \u001b[4mhttps://jestjs.io/docs/ecmascript-modules\u001b[24m for how to enable it.\n     • If you are trying to use TypeScript, see \u001b[4mhttps://jestjs.io/docs/getting-started#using-typescript\u001b[24m\n     • To have some of your \"node_modules\" files transformed, you can specify a custom \u001b[1m\"transformIgnorePatterns\"\u001b[22m in your config.\n     • If you need a custom transformation, specify a \u001b[1m\"transform\"\u001b[22m option in your config.\n     • If you simply want to mock your non-JS modules (e.g. binary assets) you can stub them out with the \u001b[1m\"moduleNameMapper\"\u001b[22m config option.\n\n    You'll find more details and examples of these config options in the docs:\n    \u001b[36mhttps://jestjs.io/docs/configuration\u001b[39m\n    For information about custom transformations, see:\n    \u001b[36mhttps://jestjs.io/docs/code-transformation\u001b[39m\n\n    \u001b[1m\u001b[31mDetails:\u001b[39m\u001b[22m\n\n    /Users/cmuir/P1Import-apps/P1-import-Subsystem/tests/unit/example.test.js:1\n    import { MongoClient } from 'mongodb';\n    ^^^^^^\n\n    SyntaxError: Cannot use import statement outside a module\n\n      \u001b[2mat Runtime.createScriptFromCode (\u001b[22mnode_modules/jest-runtime/build/index.js\u001b[2m:1316:40)\u001b[22m\n","name":"/Users/cmuir/P1Import-apps/P1-import-Subsystem/tests/unit/example.test.js","startTime":1754519268476,"status":"failed","summary":""},{"assertionResults":[],"coverage":{},"endTime":1754519268476,"message":"  \u001b[1m● \u001b[22mTest suite failed to run\n\n    Your test suite must contain at least one test.\n\n      \u001b[2mat onResult (\u001b[22mnode_modules/@jest/core/build/index.js\u001b[2m:1052:18)\u001b[22m\n      \u001b[2mat \u001b[22mnode_modules/@jest/core/build/index.js\u001b[2m:1122:165\u001b[22m\n      \u001b[2mat \u001b[22mnode_modules/emittery/index.js\u001b[2m:363:13\u001b[22m\n          at Array.map (<anonymous>)\n      \u001b[2mat Emittery.emit (\u001b[22mnode_modules/emittery/index.js\u001b[2m:361:23)\u001b[22m\n","name":"/Users/cmuir/P1Import-apps/P1-import-Subsystem/tests/e2e/progress-subsystem.test.js","startTime":1754519268476,"status":"failed","summary":""},{"assertionResults":[],"coverage":{},"endTime":1754519268476,"message":"  \u001b[1m● \u001b[22mTest suite failed to run\n\n    \u001b[1m\u001b[31mJest encountered an unexpected token\u001b[39m\u001b[22m\n\n    Jest failed to parse a file. This happens e.g. when your code or its dependencies use non-standard JavaScript syntax, or when Jest is not configured to support such syntax.\n\n    Out of the box Jest supports Babel, which will be used to transform your files into valid JS based on your Babel configuration.\n\n    By default \"node_modules\" folder is ignored by transformers.\n\n    Here's what you can do:\n     • If you are trying to use ECMAScript Modules, see \u001b[4mhttps://jestjs.io/docs/ecmascript-modules\u001b[24m for how to enable it.\n     • If you are trying to use TypeScript, see \u001b[4mhttps://jestjs.io/docs/getting-started#using-typescript\u001b[24m\n     • To have some of your \"node_modules\" files transformed, you can specify a custom \u001b[1m\"transformIgnorePatterns\"\u001b[22m in your config.\n     • If you need a custom transformation, specify a \u001b[1m\"transform\"\u001b[22m option in your config.\n     • If you simply want to mock your non-JS modules (e.g. binary assets) you can stub them out with the \u001b[1m\"moduleNameMapper\"\u001b[22m config option.\n\n    You'll find more details and examples of these config options in the docs:\n    \u001b[36mhttps://jestjs.io/docs/configuration\u001b[39m\n    For information about custom transformations, see:\n    \u001b[36mhttps://jestjs.io/docs/code-transformation\u001b[39m\n\n    \u001b[1m\u001b[31mDetails:\u001b[39m\u001b[22m\n\n    /Users/cmuir/P1Import-apps/P1-import-Subsystem/tests/e2e/error-logging-subsystem.test.js:7\n    import { jest } from '@jest/globals';\n    ^^^^^^\n\n    SyntaxError: Cannot use import statement outside a module\n\n      \u001b[2mat Runtime.createScriptFromCode (\u001b[22mnode_modules/jest-runtime/build/index.js\u001b[2m:1316:40)\u001b[22m\n","name":"/Users/cmuir/P1Import-apps/P1-import-Subsystem/tests/e2e/error-logging-subsystem.test.js","startTime":1754519268476,"status":"failed","summary":""},{"assertionResults":[],"coverage":{},"endTime":1754519268476,"message":"  \u001b[1m● \u001b[22mTest suite failed to run\n\n    \u001b[1m\u001b[31mJest encountered an unexpected token\u001b[39m\u001b[22m\n\n    Jest failed to parse a file. This happens e.g. when your code or its dependencies use non-standard JavaScript syntax, or when Jest is not configured to support such syntax.\n\n    Out of the box Jest supports Babel, which will be used to transform your files into valid JS based on your Babel configuration.\n\n    By default \"node_modules\" folder is ignored by transformers.\n\n    Here's what you can do:\n     • If you are trying to use ECMAScript Modules, see \u001b[4mhttps://jestjs.io/docs/ecmascript-modules\u001b[24m for how to enable it.\n     • If you are trying to use TypeScript, see \u001b[4mhttps://jestjs.io/docs/getting-started#using-typescript\u001b[24m\n     • To have some of your \"node_modules\" files transformed, you can specify a custom \u001b[1m\"transformIgnorePatterns\"\u001b[22m in your config.\n     • If you need a custom transformation, specify a \u001b[1m\"transform\"\u001b[22m option in your config.\n     • If you simply want to mock your non-JS modules (e.g. binary assets) you can stub them out with the \u001b[1m\"moduleNameMapper\"\u001b[22m config option.\n\n    You'll find more details and examples of these config options in the docs:\n    \u001b[36mhttps://jestjs.io/docs/configuration\u001b[39m\n    For information about custom transformations, see:\n    \u001b[36mhttps://jestjs.io/docs/code-transformation\u001b[39m\n\n    \u001b[1m\u001b[31mDetails:\u001b[39m\u001b[22m\n\n    /Users/cmuir/P1Import-apps/P1-import-Subsystem/tests/e2e/comprehensive-ui.test.js:1\n    import { jest } from '@jest/globals';\n    ^^^^^^\n\n    SyntaxError: Cannot use import statement outside a module\n\n      \u001b[2mat Runtime.createScriptFromCode (\u001b[22mnode_modules/jest-runtime/build/index.js\u001b[2m:1316:40)\u001b[22m\n","name":"/Users/cmuir/P1Import-apps/P1-import-Subsystem/tests/e2e/comprehensive-ui.test.js","startTime":1754519268476,"status":"failed","summary":""},{"assertionResults":[],"coverage":{},"endTime":1754519268476,"message":"  \u001b[1m● \u001b[22mTest suite failed to run\n\n    ReferenceError: before is not defined\n\n    \u001b[0m \u001b[90m 82 |\u001b[39m   \u001b[36mlet\u001b[39m \u001b[33mPingOneAuth\u001b[39m\u001b[33m;\u001b[39m\n     \u001b[90m 83 |\u001b[39m   \n    \u001b[31m\u001b[1m>\u001b[22m\u001b[39m\u001b[90m 84 |\u001b[39m   before(() \u001b[33m=>\u001b[39m {\n     \u001b[90m    |\u001b[39m   \u001b[31m\u001b[1m^\u001b[22m\u001b[39m\n     \u001b[90m 85 |\u001b[39m     \u001b[90m// Save original globals\u001b[39m\n     \u001b[90m 86 |\u001b[39m     originalLocalStorage \u001b[33m=\u001b[39m global\u001b[33m.\u001b[39mlocalStorage\u001b[33m;\u001b[39m\n     \u001b[90m 87 |\u001b[39m     originalCrypto \u001b[33m=\u001b[39m global\u001b[33m.\u001b[39mcrypto\u001b[33m;\u001b[39m\u001b[0m\n\n      \u001b[2mat \u001b[22m\u001b[0m\u001b[36mtests/e2e/auth-subsystem-client.test.js\u001b[39m\u001b[0m\u001b[2m:84:3\u001b[22m\n      \u001b[2mat Object.<anonymous> (\u001b[22m\u001b[0m\u001b[36mtests/e2e/auth-subsystem-client.test.js\u001b[39m\u001b[0m\u001b[2m:74:1)\u001b[22m\n","name":"/Users/cmuir/P1Import-apps/P1-import-Subsystem/tests/e2e/auth-subsystem-client.test.js","startTime":1754519268476,"status":"failed","summary":""},{"assertionResults":[],"coverage":{},"endTime":1754519268476,"message":"  \u001b[1m● \u001b[22mTest suite failed to run\n\n    \u001b[1m\u001b[31mJest encountered an unexpected token\u001b[39m\u001b[22m\n\n    Jest failed to parse a file. This happens e.g. when your code or its dependencies use non-standard JavaScript syntax, or when Jest is not configured to support such syntax.\n\n    Out of the box Jest supports Babel, which will be used to transform your files into valid JS based on your Babel configuration.\n\n    By default \"node_modules\" folder is ignored by transformers.\n\n    Here's what you can do:\n     • If you are trying to use ECMAScript Modules, see \u001b[4mhttps://jestjs.io/docs/ecmascript-modules\u001b[24m for how to enable it.\n     • If you are trying to use TypeScript, see \u001b[4mhttps://jestjs.io/docs/getting-started#using-typescript\u001b[24m\n     • To have some of your \"node_modules\" files transformed, you can specify a custom \u001b[1m\"transformIgnorePatterns\"\u001b[22m in your config.\n     • If you need a custom transformation, specify a \u001b[1m\"transform\"\u001b[22m option in your config.\n     • If you simply want to mock your non-JS modules (e.g. binary assets) you can stub them out with the \u001b[1m\"moduleNameMapper\"\u001b[22m config option.\n\n    You'll find more details and examples of these config options in the docs:\n    \u001b[36mhttps://jestjs.io/docs/configuration\u001b[39m\n    For information about custom transformations, see:\n    \u001b[36mhttps://jestjs.io/docs/code-transformation\u001b[39m\n\n    \u001b[1m\u001b[31mDetails:\u001b[39m\u001b[22m\n\n    /Users/cmuir/P1Import-apps/P1-import-Subsystem/tests/integration/setup-verification.test.js:11\n    import axios from 'axios';\n    ^^^^^^\n\n    SyntaxError: Cannot use import statement outside a module\n\n      \u001b[2mat Runtime.createScriptFromCode (\u001b[22mnode_modules/jest-runtime/build/index.js\u001b[2m:1316:40)\u001b[22m\n","name":"/Users/cmuir/P1Import-apps/P1-import-Subsystem/tests/integration/setup-verification.test.js","startTime":1754519268476,"status":"failed","summary":""},{"assertionResults":[],"coverage":{},"endTime":1754519268476,"message":"  \u001b[1m● \u001b[22mTest suite failed to run\n\n    \u001b[1m\u001b[31mJest encountered an unexpected token\u001b[39m\u001b[22m\n\n    Jest failed to parse a file. This happens e.g. when your code or its dependencies use non-standard JavaScript syntax, or when Jest is not configured to support such syntax.\n\n    Out of the box Jest supports Babel, which will be used to transform your files into valid JS based on your Babel configuration.\n\n    By default \"node_modules\" folder is ignored by transformers.\n\n    Here's what you can do:\n     • If you are trying to use ECMAScript Modules, see \u001b[4mhttps://jestjs.io/docs/ecmascript-modules\u001b[24m for how to enable it.\n     • If you are trying to use TypeScript, see \u001b[4mhttps://jestjs.io/docs/getting-started#using-typescript\u001b[24m\n     • To have some of your \"node_modules\" files transformed, you can specify a custom \u001b[1m\"transformIgnorePatterns\"\u001b[22m in your config.\n     • If you need a custom transformation, specify a \u001b[1m\"transform\"\u001b[22m option in your config.\n     • If you simply want to mock your non-JS modules (e.g. binary assets) you can stub them out with the \u001b[1m\"moduleNameMapper\"\u001b[22m config option.\n\n    You'll find more details and examples of these config options in the docs:\n    \u001b[36mhttps://jestjs.io/docs/configuration\u001b[39m\n    For information about custom transformations, see:\n    \u001b[36mhttps://jestjs.io/docs/code-transformation\u001b[39m\n\n    \u001b[1m\u001b[31mDetails:\u001b[39m\u001b[22m\n\n    /Users/cmuir/P1Import-apps/P1-import-Subsystem/tests/integration/population-verification.test.js:8\n    import { expect } from 'chai';\n    ^^^^^^\n\n    SyntaxError: Cannot use import statement outside a module\n\n      \u001b[2mat Runtime.createScriptFromCode (\u001b[22mnode_modules/jest-runtime/build/index.js\u001b[2m:1316:40)\u001b[22m\n","name":"/Users/cmuir/P1Import-apps/P1-import-Subsystem/tests/integration/population-verification.test.js","startTime":1754519268476,"status":"failed","summary":""},{"assertionResults":[],"coverage":{},"endTime":1754519268476,"message":"  \u001b[1m● \u001b[22mTest suite failed to run\n\n    \u001b[1m\u001b[31mJest encountered an unexpected token\u001b[39m\u001b[22m\n\n    Jest failed to parse a file. This happens e.g. when your code or its dependencies use non-standard JavaScript syntax, or when Jest is not configured to support such syntax.\n\n    Out of the box Jest supports Babel, which will be used to transform your files into valid JS based on your Babel configuration.\n\n    By default \"node_modules\" folder is ignored by transformers.\n\n    Here's what you can do:\n     • If you are trying to use ECMAScript Modules, see \u001b[4mhttps://jestjs.io/docs/ecmascript-modules\u001b[24m for how to enable it.\n     • If you are trying to use TypeScript, see \u001b[4mhttps://jestjs.io/docs/getting-started#using-typescript\u001b[24m\n     • To have some of your \"node_modules\" files transformed, you can specify a custom \u001b[1m\"transformIgnorePatterns\"\u001b[22m in your config.\n     • If you need a custom transformation, specify a \u001b[1m\"transform\"\u001b[22m option in your config.\n     • If you simply want to mock your non-JS modules (e.g. binary assets) you can stub them out with the \u001b[1m\"moduleNameMapper\"\u001b[22m config option.\n\n    You'll find more details and examples of these config options in the docs:\n    \u001b[36mhttps://jestjs.io/docs/configuration\u001b[39m\n    For information about custom transformations, see:\n    \u001b[36mhttps://jestjs.io/docs/code-transformation\u001b[39m\n\n    \u001b[1m\u001b[31mDetails:\u001b[39m\u001b[22m\n\n    /Users/cmuir/P1Import-apps/P1-import-Subsystem/tests/integration/population-service.test.js:7\n    import { expect } from 'chai';\n    ^^^^^^\n\n    SyntaxError: Cannot use import statement outside a module\n\n      \u001b[2mat Runtime.createScriptFromCode (\u001b[22mnode_modules/jest-runtime/build/index.js\u001b[2m:1316:40)\u001b[22m\n","name":"/Users/cmuir/P1Import-apps/P1-import-Subsystem/tests/integration/population-service.test.js","startTime":1754519268476,"status":"failed","summary":""},{"assertionResults":[],"coverage":{},"endTime":1754519268476,"message":"  \u001b[1m● \u001b[22mTest suite failed to run\n\n    \u001b[1m\u001b[31mJest encountered an unexpected token\u001b[39m\u001b[22m\n\n    Jest failed to parse a file. This happens e.g. when your code or its dependencies use non-standard JavaScript syntax, or when Jest is not configured to support such syntax.\n\n    Out of the box Jest supports Babel, which will be used to transform your files into valid JS based on your Babel configuration.\n\n    By default \"node_modules\" folder is ignored by transformers.\n\n    Here's what you can do:\n     • If you are trying to use ECMAScript Modules, see \u001b[4mhttps://jestjs.io/docs/ecmascript-modules\u001b[24m for how to enable it.\n     • If you are trying to use TypeScript, see \u001b[4mhttps://jestjs.io/docs/getting-started#using-typescript\u001b[24m\n     • To have some of your \"node_modules\" files transformed, you can specify a custom \u001b[1m\"transformIgnorePatterns\"\u001b[22m in your config.\n     • If you need a custom transformation, specify a \u001b[1m\"transform\"\u001b[22m option in your config.\n     • If you simply want to mock your non-JS modules (e.g. binary assets) you can stub them out with the \u001b[1m\"moduleNameMapper\"\u001b[22m config option.\n\n    You'll find more details and examples of these config options in the docs:\n    \u001b[36mhttps://jestjs.io/docs/configuration\u001b[39m\n    For information about custom transformations, see:\n    \u001b[36mhttps://jestjs.io/docs/code-transformation\u001b[39m\n\n    \u001b[1m\u001b[31mDetails:\u001b[39m\u001b[22m\n\n    /Users/cmuir/P1Import-apps/P1-import-Subsystem/tests/integration/real-api-integration.test.js:25\n    import axios from 'axios';\n    ^^^^^^\n\n    SyntaxError: Cannot use import statement outside a module\n\n      \u001b[2mat Runtime.createScriptFromCode (\u001b[22mnode_modules/jest-runtime/build/index.js\u001b[2m:1316:40)\u001b[22m\n","name":"/Users/cmuir/P1Import-apps/P1-import-Subsystem/tests/integration/real-api-integration.test.js","startTime":1754519268476,"status":"failed","summary":""},{"assertionResults":[],"coverage":{},"endTime":1754519268476,"message":"  \u001b[1m● \u001b[22mTest suite failed to run\n\n    \u001b[1m\u001b[31mJest encountered an unexpected token\u001b[39m\u001b[22m\n\n    Jest failed to parse a file. This happens e.g. when your code or its dependencies use non-standard JavaScript syntax, or when Jest is not configured to support such syntax.\n\n    Out of the box Jest supports Babel, which will be used to transform your files into valid JS based on your Babel configuration.\n\n    By default \"node_modules\" folder is ignored by transformers.\n\n    Here's what you can do:\n     • If you are trying to use ECMAScript Modules, see \u001b[4mhttps://jestjs.io/docs/ecmascript-modules\u001b[24m for how to enable it.\n     • If you are trying to use TypeScript, see \u001b[4mhttps://jestjs.io/docs/getting-started#using-typescript\u001b[24m\n     • To have some of your \"node_modules\" files transformed, you can specify a custom \u001b[1m\"transformIgnorePatterns\"\u001b[22m in your config.\n     • If you need a custom transformation, specify a \u001b[1m\"transform\"\u001b[22m option in your config.\n     • If you simply want to mock your non-JS modules (e.g. binary assets) you can stub them out with the \u001b[1m\"moduleNameMapper\"\u001b[22m config option.\n\n    You'll find more details and examples of these config options in the docs:\n    \u001b[36mhttps://jestjs.io/docs/configuration\u001b[39m\n    For information about custom transformations, see:\n    \u001b[36mhttps://jestjs.io/docs/code-transformation\u001b[39m\n\n    \u001b[1m\u001b[31mDetails:\u001b[39m\u001b[22m\n\n    /Users/cmuir/P1Import-apps/P1-import-Subsystem/tests/integration/pingone-api.test.js:1\n    import fetch from 'node-fetch';\n    ^^^^^^\n\n    SyntaxError: Cannot use import statement outside a module\n\n      \u001b[2mat Runtime.createScriptFromCode (\u001b[22mnode_modules/jest-runtime/build/index.js\u001b[2m:1316:40)\u001b[22m\n","name":"/Users/cmuir/P1Import-apps/P1-import-Subsystem/tests/integration/pingone-api.test.js","startTime":1754519268476,"status":"failed","summary":""},{"assertionResults":[],"coverage":{},"endTime":1754519268476,"message":"  \u001b[1m● \u001b[22mTest suite failed to run\n\n    \u001b[1m\u001b[31mJest encountered an unexpected token\u001b[39m\u001b[22m\n\n    Jest failed to parse a file. This happens e.g. when your code or its dependencies use non-standard JavaScript syntax, or when Jest is not configured to support such syntax.\n\n    Out of the box Jest supports Babel, which will be used to transform your files into valid JS based on your Babel configuration.\n\n    By default \"node_modules\" folder is ignored by transformers.\n\n    Here's what you can do:\n     • If you are trying to use ECMAScript Modules, see \u001b[4mhttps://jestjs.io/docs/ecmascript-modules\u001b[24m for how to enable it.\n     • If you are trying to use TypeScript, see \u001b[4mhttps://jestjs.io/docs/getting-started#using-typescript\u001b[24m\n     • To have some of your \"node_modules\" files transformed, you can specify a custom \u001b[1m\"transformIgnorePatterns\"\u001b[22m in your config.\n     • If you need a custom transformation, specify a \u001b[1m\"transform\"\u001b[22m option in your config.\n     • If you simply want to mock your non-JS modules (e.g. binary assets) you can stub them out with the \u001b[1m\"moduleNameMapper\"\u001b[22m config option.\n\n    You'll find more details and examples of these config options in the docs:\n    \u001b[36mhttps://jestjs.io/docs/configuration\u001b[39m\n    For information about custom transformations, see:\n    \u001b[36mhttps://jestjs.io/docs/code-transformation\u001b[39m\n\n    \u001b[1m\u001b[31mDetails:\u001b[39m\u001b[22m\n\n    /Users/cmuir/P1Import-apps/P1-import-Subsystem/tests/integration/auth-subsystem.test.js:7\n    import { expect } from 'chai';\n    ^^^^^^\n\n    SyntaxError: Cannot use import statement outside a module\n\n      \u001b[2mat Runtime.createScriptFromCode (\u001b[22mnode_modules/jest-runtime/build/index.js\u001b[2m:1316:40)\u001b[22m\n","name":"/Users/cmuir/P1Import-apps/P1-import-Subsystem/tests/integration/auth-subsystem.test.js","startTime":1754519268476,"status":"failed","summary":""},{"assertionResults":[],"coverage":{},"endTime":1754519268476,"message":"  \u001b[1m● \u001b[22mTest suite failed to run\n\n    \u001b[1m\u001b[31mJest encountered an unexpected token\u001b[39m\u001b[22m\n\n    Jest failed to parse a file. This happens e.g. when your code or its dependencies use non-standard JavaScript syntax, or when Jest is not configured to support such syntax.\n\n    Out of the box Jest supports Babel, which will be used to transform your files into valid JS based on your Babel configuration.\n\n    By default \"node_modules\" folder is ignored by transformers.\n\n    Here's what you can do:\n     • If you are trying to use ECMAScript Modules, see \u001b[4mhttps://jestjs.io/docs/ecmascript-modules\u001b[24m for how to enable it.\n     • If you are trying to use TypeScript, see \u001b[4mhttps://jestjs.io/docs/getting-started#using-typescript\u001b[24m\n    
[...]
ese config options in the docs:\n    \u001b[36mhttps://jestjs.io/docs/configuration\u001b[39m\n    For information about custom transformations, see:\n    \u001b[36mhttps://jestjs.io/docs/code-transformation\u001b[39m\n\n    \u001b[1m\u001b[31mDetails:\u001b[39m\u001b[22m\n\n    /Users/cmuir/P1Import-apps/P1-import-Subsystem/test/simple.test.js:2\n    import { test, expect, describe, beforeAll, afterEach } from '@jest/globals';\n    ^^^^^^\n\n    SyntaxError: Cannot use import statement outside a module\n\n      \u001b[2mat Runtime.createScriptFromCode (\u001b[22mnode_modules/jest-runtime/build/index.js\u001b[2m:1316:40)\u001b[22m\n","name":"/Users/cmuir/P1Import-apps/P1-import-Subsystem/test/simple.test.js","startTime":1754519268476,"status":"failed","summary":""},{"assertionResults":[],"coverage":{},"endTime":1754519268476,"message":"  \u001b[1m● \u001b[22mTest suite failed to run\n\n    \u001b[1m\u001b[31mJest encountered an unexpected token\u001b[39m\u001b[22m\n\n    Jest failed to parse a file. This happens e.g. when your code or its dependencies use non-standard JavaScript syntax, or when Jest is not configured to support such syntax.\n\n    Out of the box Jest supports Babel, which will be used to transform your files into valid JS based on your Babel configuration.\n\n    By default \"node_modules\" folder is ignored by transformers.\n\n    Here's what you can do:\n     • If you are trying to use ECMAScript Modules, see \u001b[4mhttps://jestjs.io/docs/ecmascript-modules\u001b[24m for how to enable it.\n     • If you are trying to use TypeScript, see \u001b[4mhttps://jestjs.io/docs/getting-started#using-typescript\u001b[24m\n     • To have some of your \"node_modules\" files transformed, you can specify a custom \u001b[1m\"transformIgnorePatterns\"\u001b[22m in your config.\n     • If you need a custom transformation, specify a \u001b[1m\"transform\"\u001b[22m option in your config.\n     • If you simply want to mock your non-JS modules (e.g. binary assets) you can stub them out with the \u001b[1m\"moduleNameMapper\"\u001b[22m config option.\n\n    You'll find more details and examples of these config options in the docs:\n    \u001b[36mhttps://jestjs.io/docs/configuration\u001b[39m\n    For information about custom transformations, see:\n    \u001b[36mhttps://jestjs.io/docs/code-transformation\u001b[39m\n\n    \u001b[1m\u001b[31mDetails:\u001b[39m\u001b[22m\n\n    /Users/cmuir/P1Import-apps/P1-import-Subsystem/test/minimal.test.mjs:2\n    import { describe, it, expect } from '@jest/globals';\n    ^^^^^^\n\n    SyntaxError: Cannot use import statement outside a module\n\n      \u001b[2mat Runtime.createScriptFromCode (\u001b[22mnode_modules/jest-runtime/build/index.js\u001b[2m:1316:40)\u001b[22m\n","name":"/Users/cmuir/P1Import-apps/P1-import-Subsystem/test/minimal.test.mjs","startTime":1754519268476,"status":"failed","summary":""},{"assertionResults":[],"coverage":{},"endTime":1754519268476,"message":"  \u001b[1m● \u001b[22mTest suite failed to run\n\n    \u001b[1m\u001b[31mJest encountered an unexpected token\u001b[39m\u001b[22m\n\n    Jest failed to parse a file. This happens e.g. when your code or its dependencies use non-standard JavaScript syntax, or when Jest is not configured to support such syntax.\n\n    Out of the box Jest supports Babel, which will be used to transform your files into valid JS based on your Babel configuration.\n\n    By default \"node_modules\" folder is ignored by transformers.\n\n    Here's what you can do:\n     • If you are trying to use ECMAScript Modules, see \u001b[4mhttps://jestjs.io/docs/ecmascript-modules\u001b[24m for how to enable it.\n     • If you are trying to use TypeScript, see \u001b[4mhttps://jestjs.io/docs/getting-started#using-typescript\u001b[24m\n     • To have some of your \"node_modules\" files transformed, you can specify a custom \u001b[1m\"transformIgnorePatterns\"\u001b[22m in your config.\n     • If you need a custom transformation, specify a \u001b[1m\"transform\"\u001b[22m option in your config.\n     • If you simply want to mock your non-JS modules (e.g. binary assets) you can stub them out with the \u001b[1m\"moduleNameMapper\"\u001b[22m config option.\n\n    You'll find more details and examples of these config options in the docs:\n    \u001b[36mhttps://jestjs.io/docs/configuration\u001b[39m\n    For information about custom transformations, see:\n    \u001b[36mhttps://jestjs.io/docs/code-transformation\u001b[39m\n\n    \u001b[1m\u001b[31mDetails:\u001b[39m\u001b[22m\n\n    /Users/cmuir/P1Import-apps/P1-import-Subsystem/test/minimal.test.js:2\n    import { test, expect, jest } from '@jest/globals';\n    ^^^^^^\n\n    SyntaxError: Cannot use import statement outside a module\n\n      \u001b[2mat Runtime.createScriptFromCode (\u001b[22mnode_modules/jest-runtime/build/index.js\u001b[2m:1316:40)\u001b[22m\n","name":"/Users/cmuir/P1Import-apps/P1-import-Subsystem/test/minimal.test.js","startTime":1754519268476,"status":"failed","summary":""},{"assertionResults":[],"coverage":{},"endTime":1754519268476,"message":"  \u001b[1m● \u001b[22mTest suite failed to run\n\n    \u001b[1m\u001b[31mJest encountered an unexpected token\u001b[39m\u001b[22m\n\n    Jest failed to parse a file. This happens e.g. when your code or its dependencies use non-standard JavaScript syntax, or when Jest is not configured to support such syntax.\n\n    Out of the box Jest supports Babel, which will be used to transform your files into valid JS based on your Babel configuration.\n\n    By default \"node_modules\" folder is ignored by transformers.\n\n    Here's what you can do:\n     • If you are trying to use ECMAScript Modules, see \u001b[4mhttps://jestjs.io/docs/ecmascript-modules\u001b[24m for how to enable it.\n     • If you are trying to use TypeScript, see \u001b[4mhttps://jestjs.io/docs/getting-started#using-typescript\u001b[24m\n     • To have some of your \"node_modules\" files transformed, you can specify a custom \u001b[1m\"transformIgnorePatterns\"\u001b[22m in your config.\n     • If you need a custom transformation, specify a \u001b[1m\"transform\"\u001b[22m option in your config.\n     • If you simply want to mock your non-JS modules (e.g. binary assets) you can stub them out with the \u001b[1m\"moduleNameMapper\"\u001b[22m config option.\n\n    You'll find more details and examples of these config options in the docs:\n    \u001b[36mhttps://jestjs.io/docs/configuration\u001b[39m\n    For information about custom transformations, see:\n    \u001b[36mhttps://jestjs.io/docs/code-transformation\u001b[39m\n\n    \u001b[1m\u001b[31mDetails:\u001b[39m\u001b[22m\n\n    /Users/cmuir/P1Import-apps/P1-import-Subsystem/test/file-logger.test.js:1\n    import { test, expect, beforeEach, afterEach, jest } from '@jest/globals';\n    ^^^^^^\n\n    SyntaxError: Cannot use import statement outside a module\n\n      \u001b[2mat Runtime.createScriptFromCode (\u001b[22mnode_modules/jest-runtime/build/index.js\u001b[2m:1316:40)\u001b[22m\n","name":"/Users/cmuir/P1Import-apps/P1-import-Subsystem/test/file-logger.test.js","startTime":1754519268476,"status":"failed","summary":""},{"assertionResults":[],"coverage":{},"endTime":1754519268476,"message":"  \u001b[1m● \u001b[22mTest suite failed to run\n\n    \u001b[1m\u001b[31mJest encountered an unexpected token\u001b[39m\u001b[22m\n\n    Jest failed to parse a file. This happens e.g. when your code or its dependencies use non-standard JavaScript syntax, or when Jest is not configured to support such syntax.\n\n    Out of the box Jest supports Babel, which will be used to transform your files into valid JS based on your Babel configuration.\n\n    By default \"node_modules\" folder is ignored by transformers.\n\n    Here's what you can do:\n     • If you are trying to use ECMAScript Modules, see \u001b[4mhttps://jestjs.io/docs/ecmascript-modules\u001b[24m for how to enable it.\n     • If you are trying to use TypeScript, see \u001b[4mhttps://jestjs.io/docs/getting-started#using-typescript\u001b[24m\n     • To have some of your \"node_modules\" files transformed, you can specify a custom \u001b[1m\"transformIgnorePatterns\"\u001b[22m in your config.\n     • If you need a custom transformation, specify a \u001b[1m\"transform\"\u001b[22m option in your config.\n     • If you simply want to mock your non-JS modules (e.g. binary assets) you can stub them out with the \u001b[1m\"moduleNameMapper\"\u001b[22m config option.\n\n    You'll find more details and examples of these config options in the docs:\n    \u001b[36mhttps://jestjs.io/docs/configuration\u001b[39m\n    For information about custom transformations, see:\n    \u001b[36mhttps://jestjs.io/docs/code-transformation\u001b[39m\n\n    \u001b[1m\u001b[31mDetails:\u001b[39m\u001b[22m\n\n    /Users/cmuir/P1Import-apps/P1-import-Subsystem/test/file-handler.test.js:1\n    import { JSDOM } from 'jsdom';\n    ^^^^^^\n\n    SyntaxError: Cannot use import statement outside a module\n\n      \u001b[2mat Runtime.createScriptFromCode (\u001b[22mnode_modules/jest-runtime/build/index.js\u001b[2m:1316:40)\u001b[22m\n","name":"/Users/cmuir/P1Import-apps/P1-import-Subsystem/test/file-handler.test.js","startTime":1754519268476,"status":"failed","summary":""},{"assertionResults":[],"coverage":{},"endTime":1754519268476,"message":"  \u001b[1m● \u001b[22mTest suite failed to run\n\n    \u001b[1m\u001b[31mJest encountered an unexpected token\u001b[39m\u001b[22m\n\n    Jest failed to parse a file. This happens e.g. when your code or its dependencies use non-standard JavaScript syntax, or when Jest is not configured to support such syntax.\n\n    Out of the box Jest supports Babel, which will be used to transform your files into valid JS based on your Babel configuration.\n\n    By default \"node_modules\" folder is ignored by transformers.\n\n    Here's what you can do:\n     • If you are trying to use ECMAScript Modules, see \u001b[4mhttps://jestjs.io/docs/ecmascript-modules\u001b[24m for how to enable it.\n     • If you are trying to use TypeScript, see \u001b[4mhttps://jestjs.io/docs/getting-started#using-typescript\u001b[24m\n     • To have some of your \"node_modules\" files transformed, you can specify a custom \u001b[1m\"transformIgnorePatterns\"\u001b[22m in your config.\n     • If you need a custom transformation, specify a \u001b[1m\"transform\"\u001b[22m option in your config.\n     • If you simply want to mock your non-JS modules (e.g. binary assets) you can stub them out with the \u001b[1m\"moduleNameMapper\"\u001b[22m config option.\n\n    You'll find more details and examples of these config options in the docs:\n    \u001b[36mhttps://jestjs.io/docs/configuration\u001b[39m\n    For information about custom transformations, see:\n    \u001b[36mhttps://jestjs.io/docs/code-transformation\u001b[39m\n\n    \u001b[1m\u001b[31mDetails:\u001b[39m\u001b[22m\n\n    /Users/cmuir/P1Import-apps/P1-import-Subsystem/test/example.test.js:2\n    import { describe, it, expect, beforeEach, afterEach, jest } from '@jest/globals';\n    ^^^^^^\n\n    SyntaxError: Cannot use import statement outside a module\n\n      \u001b[2mat Runtime.createScriptFromCode (\u001b[22mnode_modules/jest-runtime/build/index.js\u001b[2m:1316:40)\u001b[22m\n","name":"/Users/cmuir/P1Import-apps/P1-import-Subsystem/test/example.test.js","startTime":1754519268476,"status":"failed","summary":""},{"assertionResults":[],"coverage":{},"endTime":1754519268476,"message":"  \u001b[1m● \u001b[22mTest suite failed to run\n\n    \u001b[1m\u001b[31mJest encountered an unexpected token\u001b[39m\u001b[22m\n\n    Jest failed to parse a file. This happens e.g. when your code or its dependencies use non-standard JavaScript syntax, or when Jest is not configured to support such syntax.\n\n    Out of the box Jest supports Babel, which will be used to transform your files into valid JS based on your Babel configuration.\n\n    By default \"node_modules\" folder is ignored by transformers.\n\n    Here's what you can do:\n     • If you are trying to use ECMAScript Modules, see \u001b[4mhttps://jestjs.io/docs/ecmascript-modules\u001b[24m for how to enable it.\n     • If you are trying to use TypeScript, see \u001b[4mhttps://jestjs.io/docs/getting-started#using-typescript\u001b[24m\n     • To have some of your \"node_modules\" files transformed, you can specify a custom \u001b[1m\"transformIgnorePatterns\"\u001b[22m in your config.\n     • If you need a custom transformation, specify a \u001b[1m\"transform\"\u001b[22m option in your config.\n     • If you simply want to mock your non-JS modules (e.g. binary assets) you can stub them out with the \u001b[1m\"moduleNameMapper\"\u001b[22m config option.\n\n    You'll find more details and examples of these config options in the docs:\n    \u001b[36mhttps://jestjs.io/docs/configuration\u001b[39m\n    For information about custom transformations, see:\n    \u001b[36mhttps://jestjs.io/docs/code-transformation\u001b[39m\n\n    \u001b[1m\u001b[31mDetails:\u001b[39m\u001b[22m\n\n    /Users/cmuir/P1Import-apps/P1-import-Subsystem/test/comprehensive-test-summary.test.mjs:12\n    import { describe, it, expect } from '@jest/globals';\n    ^^^^^^\n\n    SyntaxError: Cannot use import statement outside a module\n\n      \u001b[2mat Runtime.createScriptFromCode (\u001b[22mnode_modules/jest-runtime/build/index.js\u001b[2m:1316:40)\u001b[22m\n","name":"/Users/cmuir/P1Import-apps/P1-import-Subsystem/test/comprehensive-test-summary.test.mjs","startTime":1754519268476,"status":"failed","summary":""},{"assertionResults":[],"coverage":{},"endTime":1754519268476,"message":"  \u001b[1m● \u001b[22mTest suite failed to run\n\n    \u001b[1m\u001b[31mJest encountered an unexpected token\u001b[39m\u001b[22m\n\n    Jest failed to parse a file. This happens e.g. when your code or its dependencies use non-standard JavaScript syntax, or when Jest is not configured to support such syntax.\n\n    Out of the box Jest supports Babel, which will be used to transform your files into valid JS based on your Babel configuration.\n\n    By default \"node_modules\" folder is ignored by transformers.\n\n    Here's what you can do:\n     • If you are trying to use ECMAScript Modules, see \u001b[4mhttps://jestjs.io/docs/ecmascript-modules\u001b[24m for how to enable it.\n     • If you are trying to use TypeScript, see \u001b[4mhttps://jestjs.io/docs/getting-started#using-typescript\u001b[24m\n     • To have some of your \"node_modules\" files transformed, you can specify a custom \u001b[1m\"transformIgnorePatterns\"\u001b[22m in your config.\n     • If you need a custom transformation, specify a \u001b[1m\"transform\"\u001b[22m option in your config.\n     • If you simply want to mock your non-JS modules (e.g. binary assets) you can stub them out with the \u001b[1m\"moduleNameMapper\"\u001b[22m config option.\n\n    You'll find more details and examples of these config options in the docs:\n    \u001b[36mhttps://jestjs.io/docs/configuration\u001b[39m\n    For information about custom transformations, see:\n    \u001b[36mhttps://jestjs.io/docs/code-transformation\u001b[39m\n\n    \u001b[1m\u001b[31mDetails:\u001b[39m\u001b[22m\n\n    /Users/cmuir/P1Import-apps/P1-import-Subsystem/test/bulletproof-simple.test.mjs:8\n    import { describe, test, expect, beforeEach, afterEach } from '@jest/globals';\n    ^^^^^^\n\n    SyntaxError: Cannot use import statement outside a module\n\n      \u001b[2mat Runtime.createScriptFromCode (\u001b[22mnode_modules/jest-runtime/build/index.js\u001b[2m:1316:40)\u001b[22m\n","name":"/Users/cmuir/P1Import-apps/P1-import-Subsystem/test/bulletproof-simple.test.mjs","startTime":1754519268476,"status":"failed","summary":""},{"assertionResults":[],"coverage":{},"endTime":1754519268476,"message":"  \u001b[1m● \u001b[22mTest suite failed to run\n\n    \u001b[1m\u001b[31mJest encountered an unexpected token\u001b[39m\u001b[22m\n\n    Jest failed to parse a file. This happens e.g. when your code or its dependencies use non-standard JavaScript syntax, or when Jest is not configured to support such syntax.\n\n    Out of the box Jest supports Babel, which will be used to transform your files into valid JS based on your Babel configuration.\n\n    By default \"node_modules\" folder is ignored by transformers.\n\n    Here's what you can do:\n     • If you are trying to use ECMAScript Modules, see \u001b[4mhttps://jestjs.io/docs/ecmascript-modules\u001b[24m for how to enable it.\n     • If you are trying to use TypeScript, see \u001b[4mhttps://jestjs.io/docs/getting-started#using-typescript\u001b[24m\n     • To have some of your \"node_modules\" files transformed, you can specify a custom \u001b[1m\"transformIgnorePatterns\"\u001b[22m in your config.\n     • If you need a custom transformation, specify a \u001b[1m\"transform\"\u001b[22m option in your config.\n     • If you simply want to mock your non-JS modules (e.g. binary assets) you can stub them out with the \u001b[1m\"moduleNameMapper\"\u001b[22m config option.\n\n    You'll find more details and examples of these config options in the docs:\n    \u001b[36mhttps://jestjs.io/docs/configuration\u001b[39m\n    For information about custom transformations, see:\n    \u001b[36mhttps://jestjs.io/docs/code-transformation\u001b[39m\n\n    \u001b[1m\u001b[31mDetails:\u001b[39m\u001b[22m\n\n    /Users/cmuir/P1Import-apps/P1-import-Subsystem/test/bulletproof-browser.test.mjs:8\n    import { describe, test, expect, beforeAll, afterAll } from '@jest/globals';\n    ^^^^^^\n\n    SyntaxError: Cannot use import statement outside a module\n\n      \u001b[2mat Runtime.createScriptFromCode (\u001b[22mnode_modules/jest-runtime/build/index.js\u001b[2m:1316:40)\u001b[22m\n","name":"/Users/cmuir/P1Import-apps/P1-import-Subsystem/test/bulletproof-browser.test.mjs","startTime":1754519268476,"status":"failed","summary":""},{"assertionResults":[],"coverage":{},"endTime":1754519268476,"message":"  \u001b[1m● \u001b[22mTest suite failed to run\n\n    \u001b[1m\u001b[31mJest encountered an unexpected token\u001b[39m\u001b[22m\n\n    Jest failed to parse a file. This happens e.g. when your code or its dependencies use non-standard JavaScript syntax, or when Jest is not configured to support such syntax.\n\n    Out of the box Jest supports Babel, which will be used to transform your files into valid JS based on your Babel configuration.\n\n    By default \"node_modules\" folder is ignored by transformers.\n\n    Here's what you can do:\n     • If you are trying to use ECMAScript Modules, see \u001b[4mhttps://jestjs.io/docs/ecmascript-modules\u001b[24m for how to enable it.\n     • If you are trying to use TypeScript, see \u001b[4mhttps://jestjs.io/docs/getting-started#using-typescript\u001b[24m\n     • To have some of your \"node_modules\" files transformed, you can specify a custom \u001b[1m\"transformIgnorePatterns\"\u001b[22m in your config.\n     • If you need a custom transformation, specify a \u001b[1m\"transform\"\u001b[22m option in your config.\n     • If you simply want to mock your non-JS modules (e.g. binary assets) you can stub them out with the \u001b[1m\"moduleNameMapper\"\u001b[22m config option.\n\n    You'll find more details and examples of these config options in the docs:\n    \u001b[36mhttps://jestjs.io/docs/configuration\u001b[39m\n    For information about custom transformations, see:\n    \u001b[36mhttps://jestjs.io/docs/code-transformation\u001b[39m\n\n    \u001b[1m\u001b[31mDetails:\u001b[39m\u001b[22m\n\n    /Users/cmuir/P1Import-apps/P1-import-Subsystem/test/basic.test.mjs:2\n    import { describe, it, expect } from '@jest/globals';\n    ^^^^^^\n\n    SyntaxError: Cannot use import statement outside a module\n\n      \u001b[2mat Runtime.createScriptFromCode (\u001b[22mnode_modules/jest-runtime/build/index.js\u001b[2m:1316:40)\u001b[22m\n","name":"/Users/cmuir/P1Import-apps/P1-import-Subsystem/test/basic.test.mjs","startTime":1754519268476,"status":"failed","summary":""}],"wasInterrupted":false}
