TN:
SF:src/client/app.js
FN:89,(anonymous_0)
FN:98,(anonymous_1)
FN:101,(anonymous_2)
FN:102,(anonymous_3)
FN:108,(anonymous_4)
FN:113,(anonymous_5)
FN:120,(anonymous_6)
FN:134,(anonymous_7)
FN:140,(anonymous_8)
FN:144,(anonymous_9)
FN:164,(anonymous_10)
FN:234,(anonymous_11)
FN:285,(anonymous_12)
FN:310,(anonymous_13)
FN:355,(anonymous_14)
FN:362,(anonymous_15)
FN:385,(anonymous_16)
FN:386,(anonymous_17)
FN:387,(anonymous_18)
FN:387,(anonymous_19)
FN:388,(anonymous_20)
FN:389,(anonymous_21)
FN:390,(anonymous_22)
FN:397,(anonymous_23)
FN:468,(anonymous_24)
FN:479,(anonymous_25)
FN:483,(anonymous_26)
FN:496,(anonymous_27)
FN:506,(anonymous_28)
FN:516,(anonymous_29)
FN:522,(anonymous_30)
FN:528,(anonymous_31)
FN:534,(anonymous_32)
FN:552,(anonymous_33)
FN:562,(anonymous_34)
FN:571,(anonymous_35)
FN:579,(anonymous_36)
FN:584,(anonymous_37)
FN:589,(anonymous_38)
FN:600,(anonymous_39)
FN:621,(anonymous_40)
FN:625,(anonymous_41)
FN:629,(anonymous_42)
FN:634,(anonymous_43)
FN:638,(anonymous_44)
FN:643,(anonymous_45)
FN:656,(anonymous_46)
FN:660,(anonymous_47)
FN:664,(anonymous_48)
FN:669,(anonymous_49)
FN:673,(anonymous_50)
FN:683,(anonymous_51)
FN:686,(anonymous_52)
FN:691,(anonymous_53)
FN:697,(anonymous_54)
FN:701,(anonymous_55)
FN:716,(anonymous_56)
FN:740,(anonymous_57)
FN:749,(anonymous_58)
FN:764,(anonymous_59)
FN:782,(anonymous_60)
FN:796,(anonymous_61)
FN:804,(anonymous_62)
FN:830,(anonymous_63)
FN:837,(anonymous_64)
FN:848,(anonymous_65)
FN:859,(anonymous_66)
FN:870,(anonymous_67)
FN:888,(anonymous_68)
FN:936,(anonymous_69)
FN:964,(anonymous_70)
FN:1001,(anonymous_71)
FN:1016,(anonymous_72)
FN:1034,(anonymous_73)
FN:1082,(anonymous_74)
FN:1126,(anonymous_75)
FN:1154,(anonymous_76)
FN:1180,(anonymous_77)
FN:1196,(anonymous_78)
FN:1210,(anonymous_79)
FN:1245,(anonymous_80)
FN:1249,(anonymous_81)
FN:1268,(anonymous_82)
FN:1294,(anonymous_83)
FN:1311,(anonymous_84)
FN:1324,(anonymous_85)
FN:1333,(anonymous_86)
FN:1348,(anonymous_87)
FN:1363,(anonymous_88)
FN:1378,(anonymous_89)
FN:1383,(anonymous_90)
FN:1391,(anonymous_91)
FN:1414,(anonymous_92)
FN:1447,(anonymous_93)
FN:1480,(anonymous_94)
FN:1502,(anonymous_95)
FN:1524,(anonymous_96)
FN:1539,(anonymous_97)
FN:1547,(anonymous_98)
FN:1561,(anonymous_99)
FN:1564,(anonymous_100)
FN:1577,(anonymous_101)
FN:1592,(anonymous_102)
FN:1602,(anonymous_103)
FN:1607,(anonymous_104)
FN:1612,(anonymous_105)
FN:1616,(anonymous_106)
FN:1618,(anonymous_107)
FN:1620,(anonymous_108)
FN:1631,(anonymous_109)
FNF:110
FNH:0
FNDA:0,(anonymous_0)
FNDA:0,(anonymous_1)
FNDA:0,(anonymous_2)
FNDA:0,(anonymous_3)
FNDA:0,(anonymous_4)
FNDA:0,(anonymous_5)
FNDA:0,(anonymous_6)
FNDA:0,(anonymous_7)
FNDA:0,(anonymous_8)
FNDA:0,(anonymous_9)
FNDA:0,(anonymous_10)
FNDA:0,(anonymous_11)
FNDA:0,(anonymous_12)
FNDA:0,(anonymous_13)
FNDA:0,(anonymous_14)
FNDA:0,(anonymous_15)
FNDA:0,(anonymous_16)
FNDA:0,(anonymous_17)
FNDA:0,(anonymous_18)
FNDA:0,(anonymous_19)
FNDA:0,(anonymous_20)
FNDA:0,(anonymous_21)
FNDA:0,(anonymous_22)
FNDA:0,(anonymous_23)
FNDA:0,(anonymous_24)
FNDA:0,(anonymous_25)
FNDA:0,(anonymous_26)
FNDA:0,(anonymous_27)
FNDA:0,(anonymous_28)
FNDA:0,(anonymous_29)
FNDA:0,(anonymous_30)
FNDA:0,(anonymous_31)
FNDA:0,(anonymous_32)
FNDA:0,(anonymous_33)
FNDA:0,(anonymous_34)
FNDA:0,(anonymous_35)
FNDA:0,(anonymous_36)
FNDA:0,(anonymous_37)
FNDA:0,(anonymous_38)
FNDA:0,(anonymous_39)
FNDA:0,(anonymous_40)
FNDA:0,(anonymous_41)
FNDA:0,(anonymous_42)
FNDA:0,(anonymous_43)
FNDA:0,(anonymous_44)
FNDA:0,(anonymous_45)
FNDA:0,(anonymous_46)
FNDA:0,(anonymous_47)
FNDA:0,(anonymous_48)
FNDA:0,(anonymous_49)
FNDA:0,(anonymous_50)
FNDA:0,(anonymous_51)
FNDA:0,(anonymous_52)
FNDA:0,(anonymous_53)
FNDA:0,(anonymous_54)
FNDA:0,(anonymous_55)
FNDA:0,(anonymous_56)
FNDA:0,(anonymous_57)
FNDA:0,(anonymous_58)
FNDA:0,(anonymous_59)
FNDA:0,(anonymous_60)
FNDA:0,(anonymous_61)
FNDA:0,(anonymous_62)
FNDA:0,(anonymous_63)
FNDA:0,(anonymous_64)
FNDA:0,(anonymous_65)
FNDA:0,(anonymous_66)
FNDA:0,(anonymous_67)
FNDA:0,(anonymous_68)
FNDA:0,(anonymous_69)
FNDA:0,(anonymous_70)
FNDA:0,(anonymous_71)
FNDA:0,(anonymous_72)
FNDA:0,(anonymous_73)
FNDA:0,(anonymous_74)
FNDA:0,(anonymous_75)
FNDA:0,(anonymous_76)
FNDA:0,(anonymous_77)
FNDA:0,(anonymous_78)
FNDA:0,(anonymous_79)
FNDA:0,(anonymous_80)
FNDA:0,(anonymous_81)
FNDA:0,(anonymous_82)
FNDA:0,(anonymous_83)
FNDA:0,(anonymous_84)
FNDA:0,(anonymous_85)
FNDA:0,(anonymous_86)
FNDA:0,(anonymous_87)
FNDA:0,(anonymous_88)
FNDA:0,(anonymous_89)
FNDA:0,(anonymous_90)
FNDA:0,(anonymous_91)
FNDA:0,(anonymous_92)
FNDA:0,(anonymous_93)
FNDA:0,(anonymous_94)
FNDA:0,(anonymous_95)
FNDA:0,(anonymous_96)
FNDA:0,(anonymous_97)
FNDA:0,(anonymous_98)
FNDA:0,(anonymous_99)
FNDA:0,(anonymous_100)
FNDA:0,(anonymous_101)
FNDA:0,(anonymous_102)
FNDA:0,(anonymous_103)
FNDA:0,(anonymous_104)
FNDA:0,(anonymous_105)
FNDA:0,(anonymous_106)
FNDA:0,(anonymous_107)
FNDA:0,(anonymous_108)
FNDA:0,(anonymous_109)
DA:90,0
DA:91,0
DA:92,0
DA:93,0
DA:95,0
DA:99,0
DA:101,0
DA:102,0
DA:105,0
DA:109,0
DA:110,0
DA:114,0
DA:115,0
DA:116,0
DA:121,0
DA:122,0
DA:123,0
DA:124,0
DA:125,0
DA:127,0
DA:128,0
DA:129,0
DA:130,0
DA:135,0
DA:136,0
DA:141,0
DA:145,0
DA:146,0
DA:166,0
DA:175,0
DA:177,0
DA:183,0
DA:190,0
DA:191,0
DA:192,0
DA:193,0
DA:194,0
DA:195,0
DA:198,0
DA:201,0
DA:204,0
DA:205,0
DA:206,0
DA:207,0
DA:208,0
DA:209,0
DA:210,0
DA:211,0
DA:214,0
DA:215,0
DA:218,0
DA:219,0
DA:220,0
DA:223,0
DA:224,0
DA:225,0
DA:228,0
DA:235,0
DA:236,0
DA:237,0
DA:240,0
DA:241,0
DA:244,0
DA:245,0
DA:248,0
DA:249,0
DA:252,0
DA:255,0
DA:256,0
DA:259,0
DA:262,0
DA:265,0
DA:267,0
DA:268,0
DA:274,0
DA:278,0
DA:286,0
DA:287,0
DA:288,0
DA:290,0
DA:291,0
DA:292,0
DA:294,0
DA:297,0
DA:298,0
DA:301,0
DA:303,0
DA:311,0
DA:314,0
DA:317,0
DA:320,0
DA:321,0
DA:322,0
DA:325,0
DA:333,0
DA:334,0
DA:335,0
DA:338,0
DA:339,0
DA:340,0
DA:341,0
DA:342,0
DA:343,0
DA:345,0
DA:346,0
DA:349,0
DA:356,0
DA:363,0
DA:366,0
DA:367,0
DA:368,0
DA:369,0
DA:372,0
DA:377,0
DA:385,0
DA:386,0
DA:387,0
DA:388,0
DA:389,0
DA:390,0
DA:393,0
DA:394,0
DA:395,0
DA:397,0
DA:398,0
DA:399,0
DA:400,0
DA:405,0
DA:406,0
DA:407,0
DA:410,0
DA:413,0
DA:417,0
DA:421,0
DA:425,0
DA:426,0
DA:429,0
DA:434,0
DA:435,0
DA:439,0
DA:445,0
DA:446,0
DA:447,0
DA:450,0
DA:455,0
DA:456,0
DA:457,0
DA:459,0
DA:469,0
DA:474,0
DA:480,0
DA:483,0
DA:484,0
DA:491,0
DA:492,0
DA:496,0
DA:497,0
DA:501,0
DA:502,0
DA:506,0
DA:507,0
DA:511,0
DA:512,0
DA:516,0
DA:517,0
DA:518,0
DA:519,0
DA:520,0
DA:521,0
DA:522,0
DA:523,0
DA:528,0
DA:529,0
DA:530,0
DA:531,0
DA:532,0
DA:533,0
DA:534,0
DA:535,0
DA:541,0
DA:544,0
DA:546,0
DA:553,0
DA:555,0
DA:560,0
DA:561,0
DA:562,0
DA:563,0
DA:564,0
DA:569,0
DA:570,0
DA:571,0
DA:572,0
DA:573,0
DA:574,0
DA:575,0
DA:579,0
DA:580,0
DA:581,0
DA:584,0
DA:585,0
DA:586,0
DA:589,0
DA:590,0
DA:591,0
DA:592,0
DA:593,0
DA:598,0
DA:599,0
DA:600,0
DA:601,0
DA:602,0
DA:603,0
DA:608,0
DA:609,0
DA:611,0
DA:614,0
DA:622,0
DA:625,0
DA:626,0
DA:629,0
DA:630,0
DA:634,0
DA:635,0
DA:638,0
DA:639,0
DA:643,0
DA:644,0
DA:645,0
DA:647,0
DA:648,0
DA:649,0
DA:651,0
DA:656,0
DA:657,0
DA:660,0
DA:661,0
DA:664,0
DA:665,0
DA:669,0
DA:670,0
DA:673,0
DA:674,0
DA:677,0
DA:684,0
DA:686,0
DA:687,0
DA:688,0
DA:691,0
DA:692,0
DA:697,0
DA:698,0
DA:699,0
DA:701,0
DA:702,0
DA:706,0
DA:709,0
DA:717,0
DA:718,0
DA:719,0
DA:720,0
DA:722,0
DA:723,0
DA:724,0
DA:726,0
DA:727,0
DA:728,0
DA:730,0
DA:733,0
DA:741,0
DA:742,0
DA:744,0
DA:745,0
DA:746,0
DA:749,0
DA:750,0
DA:751,0
DA:754,0
DA:757,0
DA:765,0
DA:766,0
DA:767,0
DA:769,0
DA:770,0
DA:771,0
DA:774,0
DA:783,0
DA:785,0
DA:787,0
DA:788,0
DA:790,0
DA:791,0
DA:792,0
DA:796,0
DA:797,0
DA:798,0
DA:801,0
DA:804,0
DA:805,0
DA:806,0
DA:807,0
DA:808,0
DA:811,0
DA:814,0
DA:817,0
DA:820,0
DA:823,0
DA:831,0
DA:833,0
DA:835,0
DA:836,0
DA:837,0
DA:838,0
DA:839,0
DA:840,0
DA:842,0
DA:846,0
DA:847,0
DA:848,0
DA:849,0
DA:850,0
DA:851,0
DA:853,0
DA:857,0
DA:858,0
DA:859,0
DA:860,0
DA:861,0
DA:862,0
DA:864,0
DA:868,0
DA:869,0
DA:870,0
DA:871,0
DA:872,0
DA:873,0
DA:875,0
DA:878,0
DA:881,0
DA:889,0
DA:892,0
DA:896,0
DA:898,0
DA:899,0
DA:900,0
DA:901,0
DA:902,0
DA:903,0
DA:905,0
DA:914,0
DA:917,0
DA:918,0
DA:919,0
DA:922,0
DA:925,0
DA:931,0
DA:932,0
DA:933,0
DA:934,0
DA:936,0
DA:937,0
DA:942,0
DA:945,0
DA:950,0
DA:965,0
DA:967,0
DA:969,0
DA:970,0
DA:971,0
DA:972,0
DA:973,0
DA:977,0
DA:978,0
DA:979,0
DA:981,0
DA:982,0
DA:983,0
DA:984,0
DA:987,0
DA:988,0
DA:989,0
DA:992,0
DA:993,0
DA:994,0
DA:1002,0
DA:1004,0
DA:1006,0
DA:1016,0
DA:1017,0
DA:1018,0
DA:1019,0
DA:1020,0
DA:1024,0
DA:1027,0
DA:1035,0
DA:1038,0
DA:1042,0
DA:1043,0
DA:1046,0
DA:1047,0
DA:1048,0
DA:1049,0
DA:1051,0
DA:1059,0
DA:1064,0
DA:1066,0
DA:1067,0
DA:1069,0
DA:1074,0
DA:1075,0
DA:1083,0
DA:1086,0
DA:1090,0
DA:1091,0
DA:1094,0
DA:1095,0
DA:1096,0
DA:1097,0
DA:1099,0
DA:1103,0
DA:1108,0
DA:1110,0
DA:1111,0
DA:1113,0
DA:1118,0
DA:1119,0
DA:1127,0
DA:1129,0
DA:1130,0
DA:1131,0
DA:1132,0
DA:1134,0
DA:1135,0
DA:1136,0
DA:1137,0
DA:1138,0
DA:1140,0
DA:1141,0
DA:1142,0
DA:1147,0
DA:1155,0
DA:1156,0
DA:1157,0
DA:1158,0
DA:1160,0
DA:1162,0
DA:1165,0
DA:1172,0
DA:1175,0
DA:1176,0
DA:1179,0
DA:1180,0
DA:1181,0
DA:1185,0
DA:1189,0
DA:1197,0
DA:1200,0
DA:1205,0
DA:1207,0
DA:1208,0
DA:1210,0
DA:1211,0
DA:1212,0
DA:1216,0
DA:1217,0
DA:1218,0
DA:1219,0
DA:1220,0
DA:1223,0
DA:1226,0
DA:1229,0
DA:1231,0
DA:1234,0
DA:1238,0
DA:1246,0
DA:1248,0
DA:1249,0
DA:1250,0
DA:1251,0
DA:1252,0
DA:1254,0
DA:1258,0
DA:1261,0
DA:1269,0
DA:1270,0
DA:1281,0
DA:1282,0
DA:1284,0
DA:1287,0
DA:1295,0
DA:1298,0
DA:1299,0
DA:1302,0
DA:1305,0
DA:1312,0
DA:1314,0
DA:1315,0
DA:1317,0
DA:1325,0
DA:1327,0
DA:1334,0
DA:1336,0
DA:1337,0
DA:1340,0
DA:1341,0
DA:1349,0
DA:1351,0
DA:1352,0
DA:1355,0
DA:1356,0
DA:1364,0
DA:1366,0
DA:1367,0
DA:1370,0
DA:1371,0
DA:1379,0
DA:1384,0
DA:1392,0
DA:1394,0
DA:1396,0
DA:1397,0
DA:1400,0
DA:1403,0
DA:1404,0
DA:1407,0
DA:1415,0
DA:1416,0
DA:1417,0
DA:1418,0
DA:1419,0
DA:1420,0
DA:1427,0
DA:1428,0
DA:1430,0
DA:1431,0
DA:1432,0
DA:1434,0
DA:1435,0
DA:1440,0
DA:1448,0
DA:1449,0
DA:1450,0
DA:1451,0
DA:1452,0
DA:1453,0
DA:1460,0
DA:1461,0
DA:1463,0
DA:1464,0
DA:1465,0
DA:1467,0
DA:1468,0
DA:1473,0
DA:1481,0
DA:1483,0
DA:1485,0
DA:1486,0
DA:1488,0
DA:1489,0
DA:1492,0
DA:1495,0
DA:1503,0
DA:1505,0
DA:1507,0
DA:1510,0
DA:1513,0
DA:1514,0
DA:1518,0
DA:1519,0
DA:1520,0
DA:1524,0
DA:1525,0
DA:1526,0
DA:1531,0
DA:1532,0
DA:1533,0
DA:1534,0
DA:1538,0
DA:1539,0
DA:1540,0
DA:1541,0
DA:1544,0
DA:1547,0
DA:1548,0
DA:1552,0
DA:1554,0
DA:1562,0
DA:1565,0
DA:1566,0
DA:1578,0
DA:1581,0
DA:1586,0
DA:1589,0
DA:1592,0
DA:1593,0
DA:1594,0
DA:1596,0
DA:1601,0
DA:1603,0
DA:1604,0
DA:1608,0
DA:1609,0
DA:1613,0
DA:1614,0
DA:1615,0
DA:1616,0
DA:1617,0
DA:1618,0
DA:1619,0
DA:1620,0
DA:1621,0
DA:1622,0
DA:1631,0
DA:1632,0
DA:1633,0
DA:1634,0
DA:1635,0
DA:1637,0
LF:618
LH:0
BRDA:99,0,0,0
BRDA:99,0,1,0
BRDA:99,1,0,0
BRDA:99,1,1,0
BRDA:115,2,0,0
BRDA:115,2,1,0
BRDA:121,3,0,0
BRDA:121,3,1,0
BRDA:135,4,0,0
BRDA:135,4,1,0
BRDA:166,5,0,0
BRDA:166,5,1,0
BRDA:290,6,0,0
BRDA:290,6,1,0
BRDA:297,7,0,0
BRDA:297,7,1,0
BRDA:356,8,0,0
BRDA:356,8,1,0
BRDA:366,9,0,0
BRDA:366,9,1,0
BRDA:394,10,0,0
BRDA:394,10,1,0
BRDA:397,11,0,0
BRDA:397,11,1,0
BRDA:405,12,0,0
BRDA:405,12,1,0
BRDA:518,13,0,0
BRDA:518,13,1,0
BRDA:530,14,0,0
BRDA:530,14,1,0
BRDA:561,15,0,0
BRDA:561,15,1,0
BRDA:570,16,0,0
BRDA:570,16,1,0
BRDA:574,17,0,0
BRDA:574,17,1,0
BRDA:599,18,0,0
BRDA:599,18,1,0
BRDA:647,19,0,0
BRDA:647,19,1,0
BRDA:647,20,0,0
BRDA:647,20,1,0
BRDA:648,21,0,0
BRDA:648,21,1,0
BRDA:716,22,0,0
BRDA:716,23,0,0
BRDA:722,24,0,0
BRDA:722,24,1,0
BRDA:722,25,0,0
BRDA:722,25,1,0
BRDA:722,25,2,0
BRDA:744,26,0,0
BRDA:744,26,1,0
BRDA:769,27,0,0
BRDA:769,27,1,0
BRDA:790,28,0,0
BRDA:790,28,1,0
BRDA:836,29,0,0
BRDA:836,29,1,0
BRDA:847,30,0,0
BRDA:847,30,1,0
BRDA:858,31,0,0
BRDA:858,31,1,0
BRDA:869,32,0,0
BRDA:869,32,1,0
BRDA:910,33,0,0
BRDA:910,33,1,0
BRDA:917,34,0,0
BRDA:917,34,1,0
BRDA:917,35,0,0
BRDA:917,35,1,0
BRDA:931,36,0,0
BRDA:931,36,1,0
BRDA:937,37,0,0
BRDA:937,37,1,0
BRDA:969,38,0,0
BRDA:969,38,1,0
BRDA:969,39,0,0
BRDA:969,39,1,0
BRDA:981,40,0,0
BRDA:981,40,1,0
BRDA:1007,41,0,0
BRDA:1007,41,1,0
BRDA:1007,41,2,0
BRDA:1008,42,0,0
BRDA:1008,42,1,0
BRDA:1008,42,2,0
BRDA:1009,43,0,0
BRDA:1009,43,1,0
BRDA:1009,43,2,0
BRDA:1010,44,0,0
BRDA:1010,44,1,0
BRDA:1011,45,0,0
BRDA:1011,45,1,0
BRDA:1011,45,2,0
BRDA:1012,46,0,0
BRDA:1012,46,1,0
BRDA:1012,46,2,0
BRDA:1018,47,0,0
BRDA:1018,47,1,0
BRDA:1018,48,0,0
BRDA:1018,48,1,0
BRDA:1046,49,0,0
BRDA:1046,49,1,0
BRDA:1046,50,0,0
BRDA:1046,50,1,0
BRDA:1048,51,0,0
BRDA:1048,51,1,0
BRDA:1066,52,0,0
BRDA:1066,52,1,0
BRDA:1094,53,0,0
BRDA:1094,53,1,0
BRDA:1094,54,0,0
BRDA:1094,54,1,0
BRDA:1096,55,0,0
BRDA:1096,55,1,0
BRDA:1110,56,0,0
BRDA:1110,56,1,0
BRDA:1134,57,0,0
BRDA:1134,57,1,0
BRDA:1134,58,0,0
BRDA:1134,58,1,0
BRDA:1134,58,2,0
BRDA:1135,59,0,0
BRDA:1135,59,1,0
BRDA:1154,60,0,0
BRDA:1160,61,0,0
BRDA:1160,61,1,0
BRDA:1160,62,0,0
BRDA:1160,62,1,0
BRDA:1160,62,2,0
BRDA:1172,63,0,0
BRDA:1172,63,1,0
BRDA:1179,64,0,0
BRDA:1179,64,1,0
BRDA:1179,65,0,0
BRDA:1179,65,1,0
BRDA:1217,66,0,0
BRDA:1217,66,1,0
BRDA:1251,67,0,0
BRDA:1251,67,1,0
BRDA:1281,68,0,0
BRDA:1281,68,1,0
BRDA:1298,69,0,0
BRDA:1298,69,1,0
BRDA:1314,70,0,0
BRDA:1314,70,1,0
BRDA:1336,71,0,0
BRDA:1336,71,1,0
BRDA:1351,72,0,0
BRDA:1351,72,1,0
BRDA:1366,73,0,0
BRDA:1366,73,1,0
BRDA:1396,74,0,0
BRDA:1396,74,1,0
BRDA:1418,75,0,0
BRDA:1418,75,1,0
BRDA:1418,76,0,0
BRDA:1418,76,1,0
BRDA:1427,77,0,0
BRDA:1427,77,1,0
BRDA:1431,78,0,0
BRDA:1431,78,1,0
BRDA:1431,79,0,0
BRDA:1431,79,1,0
BRDA:1451,80,0,0
BRDA:1451,80,1,0
BRDA:1451,81,0,0
BRDA:1451,81,1,0
BRDA:1460,82,0,0
BRDA:1460,82,1,0
BRDA:1464,83,0,0
BRDA:1464,83,1,0
BRDA:1464,84,0,0
BRDA:1464,84,1,0
BRDA:1485,85,0,0
BRDA:1485,85,1,0
BRDA:1513,86,0,0
BRDA:1513,86,1,0
BRDA:1513,87,0,0
BRDA:1513,87,1,0
BRDA:1518,88,0,0
BRDA:1518,88,1,0
BRDA:1525,89,0,0
BRDA:1525,89,1,0
BRDA:1525,90,0,0
BRDA:1525,90,1,0
BRDA:1532,91,0,0
BRDA:1532,91,1,0
BRDA:1565,92,0,0
BRDA:1565,92,1,0
BRDA:1577,93,0,0
BRDA:1593,94,0,0
BRDA:1593,94,1,0
BRDA:1593,95,0,0
BRDA:1593,95,1,0
BRDA:1596,96,0,0
BRDA:1596,96,1,0
BRDA:1603,97,0,0
BRDA:1603,97,1,0
BRDA:1608,98,0,0
BRDA:1608,98,1,0
BRDA:1613,99,0,0
BRDA:1613,99,1,0
BRDA:1614,100,0,0
BRDA:1614,100,1,0
BRDA:1622,101,0,0
BRDA:1622,101,1,0
BRDA:1634,102,0,0
BRDA:1634,102,1,0
BRDA:1635,103,0,0
BRDA:1635,103,1,0
BRDA:1637,104,0,0
BRDA:1637,104,1,0
BRF:214
BRH:0
end_of_record
TN:
SF:src/client/components/analytics-dashboard-ui.js
FN:9,(anonymous_0)
FN:22,(anonymous_1)
FN:39,(anonymous_2)
FN:57,(anonymous_3)
FN:74,(anonymous_4)
FN:85,(anonymous_5)
FN:410,(anonymous_6)
FN:412,(anonymous_7)
FN:417,(anonymous_8)
FN:422,(anonymous_9)
FN:427,(anonymous_10)
FN:432,(anonymous_11)
FN:439,(anonymous_12)
FN:451,(anonymous_13)
FN:453,(anonymous_14)
FN:458,(anonymous_15)
FN:463,(anonymous_16)
FN:473,(anonymous_17)
FN:478,(anonymous_18)
FN:488,(anonymous_19)
FN:500,(anonymous_20)
FN:510,(anonymous_21)
FN:520,(anonymous_22)
FN:557,(anonymous_23)
FN:604,(anonymous_24)
FN:643,(anonymous_25)
FN:680,(anonymous_26)
FN:712,(anonymous_27)
FN:740,(anonymous_28)
FN:775,(anonymous_29)
FN:792,(anonymous_30)
FN:823,(anonymous_31)
FN:849,(anonymous_32)
FN:863,(anonymous_33)
FN:882,(anonymous_34)
FN:913,(anonymous_35)
FN:922,(anonymous_36)
FN:938,(anonymous_37)
FN:956,(anonymous_38)
FN:965,(anonymous_39)
FN:972,(anonymous_40)
FN:984,(anonymous_41)
FN:999,(anonymous_42)
FN:1016,(anonymous_43)
FNF:44
FNH:0
FNDA:0,(anonymous_0)
FNDA:0,(anonymous_1)
FNDA:0,(anonymous_2)
FNDA:0,(anonymous_3)
FNDA:0,(anonymous_4)
FNDA:0,(anonymous_5)
FNDA:0,(anonymous_6)
FNDA:0,(anonymous_7)
FNDA:0,(anonymous_8)
FNDA:0,(anonymous_9)
FNDA:0,(anonymous_10)
FNDA:0,(anonymous_11)
FNDA:0,(anonymous_12)
FNDA:0,(anonymous_13)
FNDA:0,(anonymous_14)
FNDA:0,(anonymous_15)
FNDA:0,(anonymous_16)
FNDA:0,(anonymous_17)
FNDA:0,(anonymous_18)
FNDA:0,(anonymous_19)
FNDA:0,(anonymous_20)
FNDA:0,(anonymous_21)
FNDA:0,(anonymous_22)
FNDA:0,(anonymous_23)
FNDA:0,(anonymous_24)
FNDA:0,(anonymous_25)
FNDA:0,(anonymous_26)
FNDA:0,(anonymous_27)
FNDA:0,(anonymous_28)
FNDA:0,(anonymous_29)
FNDA:0,(anonymous_30)
FNDA:0,(anonymous_31)
FNDA:0,(anonymous_32)
FNDA:0,(anonymous_33)
FNDA:0,(anonymous_34)
FNDA:0,(anonymous_35)
FNDA:0,(anonymous_36)
FNDA:0,(anonymous_37)
FNDA:0,(anonymous_38)
FNDA:0,(anonymous_39)
FNDA:0,(anonymous_40)
FNDA:0,(anonymous_41)
FNDA:0,(anonymous_42)
FNDA:0,(anonymous_43)
DA:10,0
DA:11,0
DA:12,0
DA:13,0
DA:14,0
DA:16,0
DA:23,0
DA:25,0
DA:26,0
DA:27,0
DA:29,0
DA:31,0
DA:32,0
DA:40,0
DA:42,0
DA:43,0
DA:44,0
DA:45,0
DA:46,0
DA:47,0
DA:49,0
DA:50,0
DA:58,0
DA:60,0
DA:61,0
DA:62,0
DA:63,0
DA:64,0
DA:66,0
DA:67,0
DA:75,0
DA:76,0
DA:78,0
DA:86,0
DA:87,0
DA:88,0
DA:89,0
DA:92,0
DA:403,0
DA:404,0
DA:412,0
DA:413,0
DA:417,0
DA:418,0
DA:422,0
DA:423,0
DA:427,0
DA:428,0
DA:432,0
DA:433,0
DA:434,0
DA:439,0
DA:440,0
DA:441,0
DA:445,0
DA:453,0
DA:454,0
DA:458,0
DA:459,0
DA:463,0
DA:464,0
DA:467,0
DA:474,0
DA:475,0
DA:478,0
DA:479,0
DA:482,0
DA:489,0
DA:490,0
DA:491,0
DA:494,0
DA:501,0
DA:502,0
DA:503,0
DA:506,0
DA:507,0
DA:508,0
DA:509,0
DA:510,0
DA:513,0
DA:521,0
DA:523,0
DA:525,0
DA:526,0
DA:527,0
DA:531,0
DA:534,0
DA:535,0
DA:536,0
DA:537,0
DA:540,0
DA:541,0
DA:544,0
DA:545,0
DA:548,0
DA:550,0
DA:559,0
DA:560,0
DA:561,0
DA:562,0
DA:564,0
DA:565,0
DA:569,0
DA:570,0
DA:571,0
DA:572,0
DA:574,0
DA:575,0
DA:579,0
DA:580,0
DA:581,0
DA:582,0
DA:583,0
DA:585,0
DA:586,0
DA:587,0
DA:591,0
DA:592,0
DA:593,0
DA:594,0
DA:596,0
DA:597,0
DA:605,0
DA:607,0
DA:610,0
DA:611,0
DA:612,0
DA:616,0
DA:617,0
DA:618,0
DA:622,0
DA:623,0
DA:624,0
DA:628,0
DA:629,0
DA:630,0
DA:634,0
DA:635,0
DA:636,0
DA:644,0
DA:647,0
DA:648,0
DA:649,0
DA:653,0
DA:654,0
DA:655,0
DA:659,0
DA:660,0
DA:661,0
DA:665,0
DA:666,0
DA:667,0
DA:671,0
DA:672,0
DA:673,0
DA:681,0
DA:684,0
DA:685,0
DA:686,0
DA:690,0
DA:691,0
DA:692,0
DA:696,0
DA:697,0
DA:698,0
DA:702,0
DA:703,0
DA:704,0
DA:705,0
DA:713,0
DA:716,0
DA:717,0
DA:718,0
DA:722,0
DA:723,0
DA:724,0
DA:728,0
DA:729,0
DA:730,0
DA:734,0
DA:735,0
DA:736,0
DA:741,0
DA:742,0
DA:744,0
DA:775,0
DA:794,0
DA:795,0
DA:796,0
DA:797,0
DA:798,0
DA:799,0
DA:800,0
DA:804,0
DA:805,0
DA:806,0
DA:807,0
DA:808,0
DA:809,0
DA:810,0
DA:814,0
DA:815,0
DA:816,0
DA:825,0
DA:826,0
DA:827,0
DA:831,0
DA:832,0
DA:833,0
DA:834,0
DA:835,0
DA:836,0
DA:840,0
DA:841,0
DA:842,0
DA:850,0
DA:851,0
DA:853,0
DA:854,0
DA:860,0
DA:863,0
DA:883,0
DA:884,0
DA:887,0
DA:888,0
DA:889,0
DA:892,0
DA:907,0
DA:914,0
DA:915,0
DA:917,0
DA:918,0
DA:919,0
DA:922,0
DA:939,0
DA:940,0
DA:941,0
DA:949,0
DA:950,0
DA:957,0
DA:958,0
DA:961,0
DA:962,0
DA:963,0
DA:964,0
DA:965,0
DA:973,0
DA:974,0
DA:975,0
DA:976,0
DA:977,0
DA:985,0
DA:986,0
DA:987,0
DA:988,0
DA:989,0
DA:990,0
DA:991,0
DA:992,0
DA:1000,0
DA:1002,0
DA:1003,0
DA:1004,0
DA:1006,0
DA:1007,0
DA:1008,0
DA:1010,0
DA:1017,0
DA:1020,0
DA:1021,0
DA:1022,0
DA:1025,0
LF:272
LH:0
BRDA:40,0,0,0
BRDA:40,0,1,0
BRDA:44,1,0,0
BRDA:44,1,1,0
BRDA:58,2,0,0
BRDA:58,2,1,0
BRDA:62,3,0,0
BRDA:62,3,1,0
BRDA:75,4,0,0
BRDA:75,4,1,0
BRDA:87,5,0,0
BRDA:87,5,1,0
BRDA:433,6,0,0
BRDA:433,6,1,0
BRDA:440,7,0,0
BRDA:440,7,1,0
BRDA:440,8,0,0
BRDA:440,8,1,0
BRDA:474,9,0,0
BRDA:474,9,1,0
BRDA:489,10,0,0
BRDA:489,10,1,0
BRDA:507,11,0,0
BRDA:507,11,1,0
BRDA:521,12,0,0
BRDA:521,12,1,0
BRDA:526,13,0,0
BRDA:526,13,1,0
BRDA:544,14,0,0
BRDA:544,14,1,0
BRDA:561,15,0,0
BRDA:561,15,1,0
BRDA:561,16,0,0
BRDA:561,16,1,0
BRDA:562,17,0,0
BRDA:562,17,1,0
BRDA:564,18,0,0
BRDA:564,18,1,0
BRDA:564,19,0,0
BRDA:564,19,1,0
BRDA:565,20,0,0
BRDA:565,20,1,0
BRDA:571,21,0,0
BRDA:571,21,1,0
BRDA:571,22,0,0
BRDA:571,22,1,0
BRDA:572,23,0,0
BRDA:572,23,1,0
BRDA:574,24,0,0
BRDA:574,24,1,0
BRDA:574,25,0,0
BRDA:574,25,1,0
BRDA:575,26,0,0
BRDA:575,26,1,0
BRDA:581,27,0,0
BRDA:581,27,1,0
BRDA:581,28,0,0
BRDA:581,28,1,0
BRDA:581,28,2,0
BRDA:583,29,0,0
BRDA:583,29,1,0
BRDA:585,30,0,0
BRDA:585,30,1,0
BRDA:585,31,0,0
BRDA:585,31,1,0
BRDA:585,31,2,0
BRDA:587,32,0,0
BRDA:587,32,1,0
BRDA:587,33,0,0
BRDA:587,33,1,0
BRDA:593,34,0,0
BRDA:593,34,1,0
BRDA:593,35,0,0
BRDA:593,35,1,0
BRDA:593,35,2,0
BRDA:594,36,0,0
BRDA:594,36,1,0
BRDA:596,37,0,0
BRDA:596,37,1,0
BRDA:596,38,0,0
BRDA:596,38,1,0
BRDA:596,38,2,0
BRDA:597,39,0,0
BRDA:597,39,1,0
BRDA:605,40,0,0
BRDA:605,40,1,0
BRDA:605,41,0,0
BRDA:605,41,1,0
BRDA:611,42,0,0
BRDA:611,42,1,0
BRDA:612,43,0,0
BRDA:612,43,1,0
BRDA:617,44,0,0
BRDA:617,44,1,0
BRDA:618,45,0,0
BRDA:618,45,1,0
BRDA:623,46,0,0
BRDA:623,46,1,0
BRDA:624,47,0,0
BRDA:624,47,1,0
BRDA:629,48,0,0
BRDA:629,48,1,0
BRDA:630,49,0,0
BRDA:630,49,1,0
BRDA:635,50,0,0
BRDA:635,50,1,0
BRDA:636,51,0,0
BRDA:636,51,1,0
BRDA:644,52,0,0
BRDA:644,52,1,0
BRDA:648,53,0,0
BRDA:648,53,1,0
BRDA:649,54,0,0
BRDA:649,54,1,0
BRDA:654,55,0,0
BRDA:654,55,1,0
BRDA:655,56,0,0
BRDA:655,56,1,0
BRDA:660,57,0,0
BRDA:660,57,1,0
BRDA:661,58,0,0
BRDA:661,58,1,0
BRDA:666,59,0,0
BRDA:666,59,1,0
BRDA:667,60,0,0
BRDA:667,60,1,0
BRDA:672,61,0,0
BRDA:672,61,1,0
BRDA:673,62,0,0
BRDA:673,62,1,0
BRDA:681,63,0,0
BRDA:681,63,1,0
BRDA:685,64,0,0
BRDA:685,64,1,0
BRDA:686,65,0,0
BRDA:686,65,1,0
BRDA:691,66,0,0
BRDA:691,66,1,0
BRDA:692,67,0,0
BRDA:692,67,1,0
BRDA:697,68,0,0
BRDA:697,68,1,0
BRDA:698,69,0,0
BRDA:698,69,1,0
BRDA:703,70,0,0
BRDA:703,70,1,0
BRDA:704,71,0,0
BRDA:704,71,1,0
BRDA:705,72,0,0
BRDA:705,72,1,0
BRDA:713,73,0,0
BRDA:713,73,1,0
BRDA:717,74,0,0
BRDA:717,74,1,0
BRDA:718,75,0,0
BRDA:718,75,1,0
BRDA:723,76,0,0
BRDA:723,76,1,0
BRDA:724,77,0,0
BRDA:724,77,1,0
BRDA:729,78,0,0
BRDA:729,78,1,0
BRDA:730,79,0,0
BRDA:730,79,1,0
BRDA:735,80,0,0
BRDA:735,80,1,0
BRDA:736,81,0,0
BRDA:736,81,1,0
BRDA:742,82,0,0
BRDA:742,82,1,0
BRDA:748,83,0,0
BRDA:748,83,1,0
BRDA:750,84,0,0
BRDA:750,84,1,0
BRDA:755,85,0,0
BRDA:755,85,1,0
BRDA:757,86,0,0
BRDA:757,86,1,0
BRDA:762,87,0,0
BRDA:762,87,1,0
BRDA:764,88,0,0
BRDA:764,88,1,0
BRDA:769,89,0,0
BRDA:769,89,1,0
BRDA:771,90,0,0
BRDA:771,90,1,0
BRDA:783,91,0,0
BRDA:783,91,1,0
BRDA:796,92,0,0
BRDA:796,92,1,0
BRDA:796,93,0,0
BRDA:796,93,1,0
BRDA:797,94,0,0
BRDA:797,94,1,0
BRDA:800,95,0,0
BRDA:800,95,1,0
BRDA:800,96,0,0
BRDA:800,96,1,0
BRDA:806,97,0,0
BRDA:806,97,1,0
BRDA:806,98,0,0
BRDA:806,98,1,0
BRDA:807,99,0,0
BRDA:807,99,1,0
BRDA:810,100,0,0
BRDA:810,100,1,0
BRDA:810,101,0,0
BRDA:810,101,1,0
BRDA:815,102,0,0
BRDA:815,102,1,0
BRDA:816,103,0,0
BRDA:816,103,1,0
BRDA:826,104,0,0
BRDA:826,104,1,0
BRDA:827,105,0,0
BRDA:827,105,1,0
BRDA:833,106,0,0
BRDA:833,106,1,0
BRDA:833,107,0,0
BRDA:833,107,1,0
BRDA:834,108,0,0
BRDA:834,108,1,0
BRDA:841,109,0,0
BRDA:841,109,1,0
BRDA:842,110,0,0
BRDA:842,110,1,0
BRDA:851,111,0,0
BRDA:851,111,1,0
BRDA:853,112,0,0
BRDA:853,112,1,0
BRDA:853,113,0,0
BRDA:853,113,1,0
BRDA:864,114,0,0
BRDA:864,114,1,0
BRDA:884,115,0,0
BRDA:884,115,1,0
BRDA:888,116,0,0
BRDA:888,116,1,0
BRDA:893,117,0,0
BRDA:893,117,1,0
BRDA:915,118,0,0
BRDA:915,118,1,0
BRDA:917,119,0,0
BRDA:917,119,1,0
BRDA:917,120,0,0
BRDA:917,120,1,0
BRDA:924,121,0,0
BRDA:924,121,1,0
BRDA:940,122,0,0
BRDA:940,122,1,0
BRDA:962,123,0,0
BRDA:962,123,1,0
BRDA:973,124,0,0
BRDA:973,124,1,0
BRDA:973,124,2,0
BRDA:973,124,3,0
BRDA:985,125,0,0
BRDA:985,125,1,0
BRDA:985,125,2,0
BRDA:985,125,3,0
BRDA:985,125,4,0
BRDA:985,125,5,0
BRDA:985,125,6,0
BRDA:1000,126,0,0
BRDA:1000,126,1,0
BRDA:1006,127,0,0
BRDA:1006,127,1,0
BRDA:1007,128,0,0
BRDA:1007,128,1,0
BRDA:1008,129,0,0
BRDA:1008,129,1,0
BRDA:1021,130,0,0
BRDA:1021,130,1,0
BRF:273
BRH:0
end_of_record
TN:
SF:src/client/components/credentials-manager.js
FN:6,(anonymous_0)
FN:16,(anonymous_1)
FN:25,(anonymous_2)
FN:38,(anonymous_3)
FN:58,(anonymous_4)
FN:72,(anonymous_5)
FN:80,(anonymous_6)
FN:88,(anonymous_7)
FN:102,(anonymous_8)
FN:112,(anonymous_9)
FN:124,(anonymous_10)
FN:156,(anonymous_11)
FN:165,(anonymous_12)
FN:174,(anonymous_13)
FNF:14
FNH:0
FNDA:0,(anonymous_0)
FNDA:0,(anonymous_1)
FNDA:0,(anonymous_2)
FNDA:0,(anonymous_3)
FNDA:0,(anonymous_4)
FNDA:0,(anonymous_5)
FNDA:0,(anonymous_6)
FNDA:0,(anonymous_7)
FNDA:0,(anonymous_8)
FNDA:0,(anonymous_9)
FNDA:0,(anonymous_10)
FNDA:0,(anonymous_11)
FNDA:0,(anonymous_12)
FNDA:0,(anonymous_13)
DA:7,0
DA:8,0
DA:9,0
DA:10,0
DA:17,0
DA:18,0
DA:26,0
DA:39,0
DA:40,0
DA:41,0
DA:42,0
DA:43,0
DA:45,0
DA:46,0
DA:49,0
DA:50,0
DA:59,0
DA:60,0
DA:61,0
DA:62,0
DA:64,0
DA:73,0
DA:81,0
DA:82,0
DA:89,0
DA:90,0
DA:91,0
DA:92,0
DA:94,0
DA:103,0
DA:113,0
DA:114,0
DA:116,0
DA:125,0
DA:127,0
DA:128,0
DA:129,0
DA:130,0
DA:133,0
DA:134,0
DA:137,0
DA:138,0
DA:141,0
DA:142,0
DA:145,0
DA:157,0
DA:158,0
DA:166,0
DA:175,0
DA:176,0
DA:177,0
DA:179,0
DA:180,0
DA:181,0
DA:183,0
DA:186,0
DA:192,0
LF:57
LH:0
BRDA:18,0,0,0
BRDA:18,0,1,0
BRDA:41,1,0,0
BRDA:41,1,1,0
BRDA:43,2,0,0
BRDA:43,2,1,0
BRDA:46,3,0,0
BRDA:46,3,1,0
BRDA:49,4,0,0
BRDA:49,4,1,0
BRDA:62,5,0,0
BRDA:62,5,1,0
BRDA:64,6,0,0
BRDA:64,6,1,0
BRDA:92,7,0,0
BRDA:92,7,1,0
BRDA:94,8,0,0
BRDA:94,8,1,0
BRDA:103,9,0,0
BRDA:103,9,1,0
BRDA:103,9,2,0
BRDA:113,10,0,0
BRDA:113,10,1,0
BRDA:127,11,0,0
BRDA:127,11,1,0
BRDA:129,12,0,0
BRDA:129,12,1,0
BRDA:133,13,0,0
BRDA:133,13,1,0
BRDA:137,14,0,0
BRDA:137,14,1,0
BRDA:141,15,0,0
BRDA:141,15,1,0
BRDA:179,16,0,0
BRDA:179,16,1,0
BRF:35
BRH:0
end_of_record
TN:
SF:src/client/components/global-token-manager.js
FN:9,(anonymous_0)
FN:24,(anonymous_1)
FN:32,(anonymous_2)
FN:92,(anonymous_3)
FN:111,(anonymous_4)
FN:138,(anonymous_5)
FN:145,(anonymous_6)
FN:161,(anonymous_7)
FN:172,(anonymous_8)
FN:176,(anonymous_9)
FN:184,(anonymous_10)
FN:193,(anonymous_11)
FN:198,(anonymous_12)
FN:206,(anonymous_13)
FN:242,(anonymous_14)
FN:249,(anonymous_15)
FNF:16
FNH:0
FNDA:0,(anonymous_0)
FNDA:0,(anonymous_1)
FNDA:0,(anonymous_2)
FNDA:0,(anonymous_3)
FNDA:0,(anonymous_4)
FNDA:0,(anonymous_5)
FNDA:0,(anonymous_6)
FNDA:0,(anonymous_7)
FNDA:0,(anonymous_8)
FNDA:0,(anonymous_9)
FNDA:0,(anonymous_10)
FNDA:0,(anonymous_11)
FNDA:0,(anonymous_12)
FNDA:0,(anonymous_13)
FNDA:0,(anonymous_14)
FNDA:0,(anonymous_15)
DA:11,0
DA:14,0
DA:15,0
DA:16,0
DA:17,0
DA:18,0
DA:25,0
DA:26,0
DA:33,0
DA:34,0
DA:35,0
DA:36,0
DA:37,0
DA:40,0
DA:41,0
DA:42,0
DA:43,0
DA:45,0
DA:46,0
DA:47,0
DA:51,0
DA:53,0
DA:55,0
DA:56,0
DA:58,0
DA:60,0
DA:62,0
DA:63,0
DA:64,0
DA:65,0
DA:66,0
DA:68,0
DA:69,0
DA:70,0
DA:71,0
DA:74,0
DA:75,0
DA:76,0
DA:77,0
DA:81,0
DA:82,0
DA:83,0
DA:84,0
DA:85,0
DA:93,0
DA:95,0
DA:96,0
DA:97,0
DA:99,0
DA:100,0
DA:101,0
DA:102,0
DA:104,0
DA:112,0
DA:114,0
DA:115,0
DA:117,0
DA:118,0
DA:121,0
DA:122,0
DA:123,0
DA:125,0
DA:130,0
DA:131,0
DA:139,0
DA:146,0
DA:147,0
DA:148,0
DA:150,0
DA:151,0
DA:152,0
DA:153,0
DA:154,0
DA:155,0
DA:156,0
DA:158,0
DA:159,0
DA:160,0
DA:161,0
DA:166,0
DA:174,0
DA:175,0
DA:176,0
DA:177,0
DA:182,0
DA:183,0
DA:184,0
DA:185,0
DA:194,0
DA:195,0
DA:198,0
DA:199,0
DA:207,0
DA:208,0
DA:211,0
DA:212,0
DA:213,0
DA:214,0
DA:215,0
DA:219,0
DA:226,0
DA:227,0
DA:228,0
DA:229,0
DA:231,0
DA:235,0
DA:243,0
DA:250,0
DA:251,0
DA:252,0
LF:110
LH:0
BRDA:25,0,0,0
BRDA:25,0,1,0
BRDA:33,1,0,0
BRDA:33,1,1,0
BRDA:35,2,0,0
BRDA:35,2,1,0
BRDA:36,3,0,0
BRDA:36,3,1,0
BRDA:45,4,0,0
BRDA:45,4,1,0
BRDA:45,5,0,0
BRDA:45,5,1,0
BRDA:45,5,2,0
BRDA:46,6,0,0
BRDA:46,6,1,0
BRDA:53,7,0,0
BRDA:53,7,1,0
BRDA:60,8,0,0
BRDA:60,8,1,0
BRDA:65,9,0,0
BRDA:65,9,1,0
BRDA:66,10,0,0
BRDA:66,10,1,0
BRDA:71,11,0,0
BRDA:71,11,1,0
BRDA:77,12,0,0
BRDA:77,12,1,0
BRDA:85,13,0,0
BRDA:85,13,1,0
BRDA:93,14,0,0
BRDA:93,14,1,0
BRDA:99,15,0,0
BRDA:99,15,1,0
BRDA:101,16,0,0
BRDA:101,16,1,0
BRDA:117,17,0,0
BRDA:117,17,1,0
BRDA:117,18,0,0
BRDA:117,18,1,0
BRDA:130,19,0,0
BRDA:130,19,1,0
BRDA:151,20,0,0
BRDA:151,20,1,0
BRDA:152,21,0,0
BRDA:152,21,1,0
BRDA:159,22,0,0
BRDA:159,22,1,0
BRDA:160,23,0,0
BRDA:160,23,1,0
BRDA:166,24,0,0
BRDA:166,24,1,0
BRDA:175,25,0,0
BRDA:175,25,1,0
BRDA:183,26,0,0
BRDA:183,26,1,0
BRDA:194,27,0,0
BRDA:194,27,1,0
BRDA:208,28,0,0
BRDA:208,28,1,0
BRDA:211,29,0,0
BRDA:211,29,1,0
BRDA:211,30,0,0
BRDA:211,30,1,0
BRDA:214,31,0,0
BRDA:214,31,1,0
BRDA:226,32,0,0
BRDA:226,32,1,0
BRDA:228,33,0,0
BRDA:228,33,1,0
BRDA:231,34,0,0
BRDA:231,34,1,0
BRDA:235,35,0,0
BRDA:235,35,1,0
BRDA:250,36,0,0
BRDA:250,36,1,0
BRF:75
BRH:0
end_of_record
TN:
SF:src/client/components/history-ui.js
FN:8,(anonymous_0)
FN:39,(anonymous_1)
FN:69,(anonymous_2)
FN:191,(anonymous_3)
FN:217,(anonymous_4)
FN:220,(anonymous_5)
FN:225,(anonymous_6)
FN:230,(anonymous_7)
FN:235,(anonymous_8)
FN:245,(anonymous_9)
FN:249,(anonymous_10)
FN:253,(anonymous_11)
FN:257,(anonymous_12)
FN:262,(anonymous_13)
FN:266,(anonymous_14)
FN:273,(anonymous_15)
FN:281,(anonymous_16)
FN:283,(anonymous_17)
FN:289,(anonymous_18)
FN:296,(anonymous_19)
FN:300,(anonymous_20)
FN:306,(anonymous_21)
FN:344,(anonymous_22)
FN:355,(anonymous_23)
FN:372,(anonymous_24)
FN:422,(anonymous_25)
FN:438,(anonymous_26)
FN:449,(anonymous_27)
FN:483,(anonymous_28)
FN:504,(anonymous_29)
FN:510,(anonymous_30)
FN:511,(anonymous_31)
FN:512,(anonymous_32)
FN:527,(anonymous_33)
FN:543,(anonymous_34)
FN:553,(anonymous_35)
FN:571,(anonymous_36)
FN:597,(anonymous_37)
FN:611,(anonymous_38)
FN:630,(anonymous_39)
FN:648,(anonymous_40)
FN:659,(anonymous_41)
FN:669,(anonymous_42)
FN:683,(anonymous_43)
FN:704,(anonymous_44)
FN:728,(anonymous_45)
FN:736,(anonymous_46)
FNF:47
FNH:0
FNDA:0,(anonymous_0)
FNDA:0,(anonymous_1)
FNDA:0,(anonymous_2)
FNDA:0,(anonymous_3)
FNDA:0,(anonymous_4)
FNDA:0,(anonymous_5)
FNDA:0,(anonymous_6)
FNDA:0,(anonymous_7)
FNDA:0,(anonymous_8)
FNDA:0,(anonymous_9)
FNDA:0,(anonymous_10)
FNDA:0,(anonymous_11)
FNDA:0,(anonymous_12)
FNDA:0,(anonymous_13)
FNDA:0,(anonymous_14)
FNDA:0,(anonymous_15)
FNDA:0,(anonymous_16)
FNDA:0,(anonymous_17)
FNDA:0,(anonymous_18)
FNDA:0,(anonymous_19)
FNDA:0,(anonymous_20)
FNDA:0,(anonymous_21)
FNDA:0,(anonymous_22)
FNDA:0,(anonymous_23)
FNDA:0,(anonymous_24)
FNDA:0,(anonymous_25)
FNDA:0,(anonymous_26)
FNDA:0,(anonymous_27)
FNDA:0,(anonymous_28)
FNDA:0,(anonymous_29)
FNDA:0,(anonymous_30)
FNDA:0,(anonymous_31)
FNDA:0,(anonymous_32)
FNDA:0,(anonymous_33)
FNDA:0,(anonymous_34)
FNDA:0,(anonymous_35)
FNDA:0,(anonymous_36)
FNDA:0,(anonymous_37)
FNDA:0,(anonymous_38)
FNDA:0,(anonymous_39)
FNDA:0,(anonymous_40)
FNDA:0,(anonymous_41)
FNDA:0,(anonymous_42)
FNDA:0,(anonymous_43)
FNDA:0,(anonymous_44)
FNDA:0,(anonymous_45)
FNDA:0,(anonymous_46)
DA:9,0
DA:10,0
DA:11,0
DA:14,0
DA:15,0
DA:16,0
DA:17,0
DA:18,0
DA:21,0
DA:30,0
DA:31,0
DA:33,0
DA:40,0
DA:41,0
DA:44,0
DA:47,0
DA:50,0
DA:53,0
DA:56,0
DA:58,0
DA:61,0
DA:62,0
DA:70,0
DA:71,0
DA:72,0
DA:73,0
DA:76,0
DA:192,0
DA:218,0
DA:220,0
DA:221,0
DA:222,0
DA:225,0
DA:226,0
DA:227,0
DA:230,0
DA:231,0
DA:232,0
DA:235,0
DA:236,0
DA:237,0
DA:238,0
DA:239,0
DA:244,0
DA:245,0
DA:248,0
DA:249,0
DA:252,0
DA:253,0
DA:256,0
DA:257,0
DA:261,0
DA:262,0
DA:265,0
DA:266,0
DA:274,0
DA:281,0
DA:282,0
DA:283,0
DA:288,0
DA:289,0
DA:297,0
DA:298,0
DA:300,0
DA:307,0
DA:309,0
DA:310,0
DA:311,0
DA:313,0
DA:316,0
DA:322,0
DA:325,0
DA:328,0
DA:329,0
DA:331,0
DA:334,0
DA:335,0
DA:337,0
DA:346,0
DA:355,0
DA:358,0
DA:361,0
DA:363,0
DA:374,0
DA:375,0
DA:379,0
DA:380,0
DA:384,0
DA:385,0
DA:386,0
DA:387,0
DA:388,0
DA:392,0
DA:393,0
DA:394,0
DA:395,0
DA:396,0
DA:397,0
DA:402,0
DA:403,0
DA:404,0
DA:411,0
DA:412,0
DA:416,0
DA:423,0
DA:425,0
DA:426,0
DA:427,0
DA:431,0
DA:432,0
DA:433,0
DA:434,0
DA:437,0
DA:438,0
DA:439,0
DA:442,0
DA:443,0
DA:450,0
DA:451,0
DA:453,0
DA:484,0
DA:486,0
DA:505,0
DA:507,0
DA:508,0
DA:510,0
DA:511,0
DA:512,0
DA:513,0
DA:514,0
DA:515,0
DA:520,0
DA:521,0
DA:528,0
DA:537,0
DA:544,0
DA:545,0
DA:546,0
DA:547,0
DA:554,0
DA:555,0
DA:557,0
DA:558,0
DA:560,0
DA:561,0
DA:563,0
DA:564,0
DA:572,0
DA:574,0
DA:575,0
DA:576,0
DA:579,0
DA:581,0
DA:582,0
DA:585,0
DA:586,0
DA:589,0
DA:590,0
DA:598,0
DA:600,0
DA:612,0
DA:614,0
DA:622,0
DA:623,0
DA:631,0
DA:633,0
DA:649,0
DA:650,0
DA:651,0
DA:652,0
DA:660,0
DA:661,0
DA:662,0
DA:670,0
DA:671,0
DA:672,0
DA:673,0
DA:674,0
DA:676,0
DA:677,0
DA:684,0
DA:685,0
DA:687,0
DA:693,0
DA:696,0
DA:697,0
DA:705,0
DA:706,0
DA:709,0
DA:710,0
DA:712,0
DA:714,0
DA:717,0
DA:720,0
DA:721,0
DA:729,0
DA:730,0
DA:738,0
DA:739,0
DA:743,0
DA:744,0
DA:745,0
DA:746,0
DA:747,0
DA:750,0
LF:205
LH:0
BRDA:71,0,0,0
BRDA:71,0,1,0
BRDA:218,1,0,0
BRDA:218,1,1,0
BRDA:244,2,0,0
BRDA:244,2,1,0
BRDA:248,3,0,0
BRDA:248,3,1,0
BRDA:252,4,0,0
BRDA:252,4,1,0
BRDA:256,5,0,0
BRDA:256,5,1,0
BRDA:261,6,0,0
BRDA:261,6,1,0
BRDA:265,7,0,0
BRDA:265,7,1,0
BRDA:282,8,0,0
BRDA:282,8,1,0
BRDA:288,9,0,0
BRDA:288,9,1,0
BRDA:297,10,0,0
BRDA:297,10,1,0
BRDA:307,11,0,0
BRDA:307,11,1,0
BRDA:322,12,0,0
BRDA:322,12,1,0
BRDA:347,13,0,0
BRDA:347,13,1,0
BRDA:348,14,0,0
BRDA:348,14,1,0
BRDA:349,15,0,0
BRDA:349,15,1,0
BRDA:350,16,0,0
BRDA:350,16,1,0
BRDA:351,17,0,0
BRDA:351,17,1,0
BRDA:374,18,0,0
BRDA:374,18,1,0
BRDA:374,19,0,0
BRDA:374,19,1,0
BRDA:379,20,0,0
BRDA:379,20,1,0
BRDA:379,21,0,0
BRDA:379,21,1,0
BRDA:384,22,0,0
BRDA:384,22,1,0
BRDA:387,23,0,0
BRDA:387,23,1,0
BRDA:392,24,0,0
BRDA:392,24,1,0
BRDA:396,25,0,0
BRDA:396,25,1,0
BRDA:402,26,0,0
BRDA:402,26,1,0
BRDA:411,27,0,0
BRDA:411,27,1,0
BRDA:423,28,0,0
BRDA:423,28,1,0
BRDA:425,29,0,0
BRDA:425,29,1,0
BRDA:451,30,0,0
BRDA:451,30,1,0
BRDA:464,31,0,0
BRDA:464,31,1,0
BRDA:505,32,0,0
BRDA:505,32,1,0
BRDA:505,33,0,0
BRDA:505,33,1,0
BRDA:512,34,0,0
BRDA:512,34,1,0
BRDA:514,35,0,0
BRDA:514,35,1,0
BRDA:514,36,0,0
BRDA:514,36,1,0
BRDA:537,37,0,0
BRDA:537,37,1,0
BRDA:544,38,0,0
BRDA:544,38,1,0
BRDA:545,39,0,0
BRDA:545,39,1,0
BRDA:546,40,0,0
BRDA:546,40,1,0
BRDA:554,41,0,0
BRDA:554,41,1,0
BRDA:555,42,0,0
BRDA:555,42,1,0
BRDA:557,43,0,0
BRDA:557,43,1,0
BRDA:558,44,0,0
BRDA:558,44,1,0
BRDA:560,45,0,0
BRDA:560,45,1,0
BRDA:561,46,0,0
BRDA:561,46,1,0
BRDA:563,47,0,0
BRDA:563,47,1,0
BRDA:564,48,0,0
BRDA:564,48,1,0
BRDA:572,49,0,0
BRDA:572,49,1,0
BRDA:574,50,0,0
BRDA:574,50,1,0
BRDA:581,51,0,0
BRDA:581,51,1,0
BRDA:585,52,0,0
BRDA:585,52,1,0
BRDA:589,53,0,0
BRDA:589,53,1,0
BRDA:598,54,0,0
BRDA:598,54,1,0
BRDA:612,55,0,0
BRDA:612,55,1,0
BRDA:622,56,0,0
BRDA:622,56,1,0
BRDA:631,57,0,0
BRDA:631,57,1,0
BRDA:650,58,0,0
BRDA:650,58,1,0
BRDA:660,59,0,0
BRDA:660,59,1,0
BRDA:670,60,0,0
BRDA:670,60,1,0
BRDA:671,61,0,0
BRDA:671,61,1,0
BRDA:672,62,0,0
BRDA:672,62,1,0
BRDA:673,63,0,0
BRDA:673,63,1,0
BRDA:674,64,0,0
BRDA:674,64,1,0
BRDA:705,65,0,0
BRDA:705,65,1,0
BRDA:738,66,0,0
BRDA:738,66,1,0
BRDA:743,67,0,0
BRDA:743,67,1,0
BRF:136
BRH:0
end_of_record
TN:
SF:src/client/components/logging-ui-enhanced.js
FN:8,(anonymous_0)
FN:54,(anonymous_1)
FN:87,(anonymous_2)
FN:200,(anonymous_3)
FN:230,(anonymous_4)
FN:236,(anonymous_5)
FN:237,(anonymous_6)
FN:241,(anonymous_7)
FN:244,(anonymous_8)
FN:247,(anonymous_9)
FN:250,(anonymous_10)
FN:254,(anonymous_11)
FN:255,(anonymous_12)
FN:264,(anonymous_13)
FN:265,(anonymous_14)
FN:270,(anonymous_15)
FN:275,(anonymous_16)
FN:286,(anonymous_17)
FN:288,(anonymous_18)
FN:297,(anonymous_19)
FN:303,(anonymous_20)
FN:315,(anonymous_21)
FN:325,(anonymous_22)
FN:347,(anonymous_23)
FN:350,(anonymous_24)
FN:351,(anonymous_25)
FN:352,(anonymous_26)
FN:353,(anonymous_27)
FN:354,(anonymous_28)
FN:368,(anonymous_29)
FN:372,(anonymous_30)
FN:388,(anonymous_31)
FN:437,(anonymous_32)
FN:453,(anonymous_33)
FN:463,(anonymous_34)
FN:488,(anonymous_35)
FN:509,(anonymous_36)
FN:523,(anonymous_37)
FN:537,(anonymous_38)
FN:550,(anonymous_39)
FN:560,(anonymous_40)
FN:570,(anonymous_41)
FN:580,(anonymous_42)
FN:590,(anonymous_43)
FN:602,(anonymous_44)
FN:613,(anonymous_45)
FN:623,(anonymous_46)
FN:638,(anonymous_47)
FN:659,(anonymous_48)
FN:683,(anonymous_49)
FN:691,(anonymous_50)
FN:701,(anonymous_51)
FN:712,(anonymous_52)
FN:717,(anonymous_53)
FN:727,(anonymous_54)
FN:737,(anonymous_55)
FNF:56
FNH:0
FNDA:0,(anonymous_0)
FNDA:0,(anonymous_1)
FNDA:0,(anonymous_2)
FNDA:0,(anonymous_3)
FNDA:0,(anonymous_4)
FNDA:0,(anonymous_5)
FNDA:0,(anonymous_6)
FNDA:0,(anonymous_7)
FNDA:0,(anonymous_8)
FNDA:0,(anonymous_9)
FNDA:0,(anonymous_10)
FNDA:0,(anonymous_11)
FNDA:0,(anonymous_12)
FNDA:0,(anonymous_13)
FNDA:0,(anonymous_14)
FNDA:0,(anonymous_15)
FNDA:0,(anonymous_16)
FNDA:0,(anonymous_17)
FNDA:0,(anonymous_18)
FNDA:0,(anonymous_19)
FNDA:0,(anonymous_20)
FNDA:0,(anonymous_21)
FNDA:0,(anonymous_22)
FNDA:0,(anonymous_23)
FNDA:0,(anonymous_24)
FNDA:0,(anonymous_25)
FNDA:0,(anonymous_26)
FNDA:0,(anonymous_27)
FNDA:0,(anonymous_28)
FNDA:0,(anonymous_29)
FNDA:0,(anonymous_30)
FNDA:0,(anonymous_31)
FNDA:0,(anonymous_32)
FNDA:0,(anonymous_33)
FNDA:0,(anonymous_34)
FNDA:0,(anonymous_35)
FNDA:0,(anonymous_36)
FNDA:0,(anonymous_37)
FNDA:0,(anonymous_38)
FNDA:0,(anonymous_39)
FNDA:0,(anonymous_40)
FNDA:0,(anonymous_41)
FNDA:0,(anonymous_42)
FNDA:0,(anonymous_43)
FNDA:0,(anonymous_44)
FNDA:0,(anonymous_45)
FNDA:0,(anonymous_46)
FNDA:0,(anonymous_47)
FNDA:0,(anonymous_48)
FNDA:0,(anonymous_49)
FNDA:0,(anonymous_50)
FNDA:0,(anonymous_51)
FNDA:0,(anonymous_52)
FNDA:0,(anonymous_53)
FNDA:0,(anonymous_54)
FNDA:0,(anonymous_55)
DA:9,0
DA:10,0
DA:11,0
DA:14,0
DA:15,0
DA:16,0
DA:17,0
DA:18,0
DA:19,0
DA:20,0
DA:23,0
DA:32,0
DA:42,0
DA:43,0
DA:46,0
DA:48,0
DA:55,0
DA:56,0
DA:59,0
DA:62,0
DA:65,0
DA:68,0
DA:71,0
DA:74,0
DA:76,0
DA:79,0
DA:80,0
DA:88,0
DA:89,0
DA:90,0
DA:91,0
DA:94,0
DA:201,0
DA:202,0
DA:203,0
DA:204,0
DA:205,0
DA:206,0
DA:207,0
DA:210,0
DA:211,0
DA:212,0
DA:213,0
DA:216,0
DA:217,0
DA:218,0
DA:219,0
DA:222,0
DA:223,0
DA:224,0
DA:232,0
DA:233,0
DA:236,0
DA:237,0
DA:240,0
DA:241,0
DA:243,0
DA:244,0
DA:246,0
DA:247,0
DA:249,0
DA:250,0
DA:253,0
DA:254,0
DA:255,0
DA:256,0
DA:265,0
DA:266,0
DA:267,0
DA:270,0
DA:271,0
DA:272,0
DA:275,0
DA:276,0
DA:277,0
DA:280,0
DA:287,0
DA:288,0
DA:289,0
DA:290,0
DA:298,0
DA:299,0
DA:302,0
DA:303,0
DA:304,0
DA:305,0
DA:307,0
DA:316,0
DA:318,0
DA:319,0
DA:321,0
DA:322,0
DA:324,0
DA:325,0
DA:327,0
DA:330,0
DA:333,0
DA:336,0
DA:337,0
DA:339,0
DA:340,0
DA:348,0
DA:350,0
DA:351,0
DA:352,0
DA:353,0
DA:354,0
DA:357,0
DA:358,0
DA:359,0
DA:360,0
DA:369,0
DA:372,0
DA:375,0
DA:378,0
DA:381,0
DA:382,0
DA:390,0
DA:391,0
DA:395,0
DA:396,0
DA:400,0
DA:401,0
DA:402,0
DA:403,0
DA:404,0
DA:408,0
DA:409,0
DA:410,0
DA:411,0
DA:412,0
DA:417,0
DA:418,0
DA:419,0
DA:426,0
DA:427,0
DA:431,0
DA:438,0
DA:440,0
DA:441,0
DA:442,0
DA:446,0
DA:447,0
DA:448,0
DA:449,0
DA:452,0
DA:453,0
DA:454,0
DA:457,0
DA:464,0
DA:465,0
DA:466,0
DA:468,0
DA:489,0
DA:490,0
DA:492,0
DA:493,0
DA:495,0
DA:496,0
DA:497,0
DA:498,0
DA:500,0
DA:501,0
DA:502,0
DA:510,0
DA:511,0
DA:512,0
DA:513,0
DA:514,0
DA:515,0
DA:516,0
DA:524,0
DA:525,0
DA:526,0
DA:527,0
DA:528,0
DA:529,0
DA:530,0
DA:538,0
DA:539,0
DA:551,0
DA:552,0
DA:553,0
DA:554,0
DA:561,0
DA:562,0
DA:563,0
DA:564,0
DA:571,0
DA:572,0
DA:573,0
DA:574,0
DA:581,0
DA:582,0
DA:583,0
DA:584,0
DA:591,0
DA:592,0
DA:593,0
DA:594,0
DA:595,0
DA:596,0
DA:603,0
DA:604,0
DA:605,0
DA:606,0
DA:614,0
DA:615,0
DA:616,0
DA:624,0
DA:625,0
DA:626,0
DA:627,0
DA:630,0
DA:632,0
DA:639,0
DA:640,0
DA:642,0
DA:648,0
DA:651,0
DA:652,0
DA:660,0
DA:661,0
DA:664,0
DA:665,0
DA:667,0
DA:669,0
DA:672,0
DA:675,0
DA:676,0
DA:684,0
DA:685,0
DA:692,0
DA:693,0
DA:694,0
DA:695,0
DA:702,0
DA:703,0
DA:704,0
DA:705,0
DA:706,0
DA:713,0
DA:714,0
DA:717,0
DA:718,0
DA:719,0
DA:728,0
DA:729,0
DA:730,0
DA:739,0
DA:740,0
DA:743,0
DA:746,0
DA:747,0
DA:748,0
DA:752,0
DA:753,0
DA:756,0
LF:258
LH:0
BRDA:89,0,0,0
BRDA:89,0,1,0
BRDA:304,1,0,0
BRDA:304,1,1,0
BRDA:316,2,0,0
BRDA:316,2,1,0
BRDA:359,3,0,0
BRDA:359,3,1,0
BRDA:390,4,0,0
BRDA:390,4,1,0
BRDA:390,5,0,0
BRDA:390,5,1,0
BRDA:395,6,0,0
BRDA:395,6,1,0
BRDA:395,7,0,0
BRDA:395,7,1,0
BRDA:400,8,0,0
BRDA:400,8,1,0
BRDA:403,9,0,0
BRDA:403,9,1,0
BRDA:408,10,0,0
BRDA:408,10,1,0
BRDA:411,11,0,0
BRDA:411,11,1,0
BRDA:417,12,0,0
BRDA:417,12,1,0
BRDA:426,13,0,0
BRDA:426,13,1,0
BRDA:438,14,0,0
BRDA:438,14,1,0
BRDA:440,15,0,0
BRDA:440,15,1,0
BRDA:490,16,0,0
BRDA:490,16,1,0
BRDA:495,17,0,0
BRDA:495,17,1,0
BRDA:510,18,0,0
BRDA:510,18,1,0
BRDA:510,18,2,0
BRDA:510,18,3,0
BRDA:510,18,4,0
BRDA:510,18,5,0
BRDA:524,19,0,0
BRDA:524,19,1,0
BRDA:524,19,2,0
BRDA:524,19,3,0
BRDA:524,19,4,0
BRDA:524,19,5,0
BRDA:538,20,0,0
BRDA:538,20,1,0
BRDA:604,21,0,0
BRDA:604,21,1,0
BRDA:614,22,0,0
BRDA:614,22,1,0
BRDA:624,23,0,0
BRDA:624,23,1,0
BRDA:625,24,0,0
BRDA:625,24,1,0
BRDA:626,25,0,0
BRDA:626,25,1,0
BRDA:627,26,0,0
BRDA:627,26,1,0
BRDA:660,27,0,0
BRDA:660,27,1,0
BRDA:713,28,0,0
BRDA:713,28,1,0
BRDA:718,29,0,0
BRDA:718,29,1,0
BRDA:718,30,0,0
BRDA:718,30,1,0
BRDA:728,31,0,0
BRDA:728,31,1,0
BRDA:739,32,0,0
BRDA:739,32,1,0
BRDA:746,33,0,0
BRDA:746,33,1,0
BRDA:752,34,0,0
BRDA:752,34,1,0
BRF:78
BRH:0
end_of_record
TN:
SF:src/client/components/realtime-collaboration-ui.js
FN:13,(anonymous_0)
FN:39,(anonymous_1)
FN:61,(anonymous_2)
FN:184,(anonymous_3)
FN:188,(anonymous_4)
FN:192,(anonymous_5)
FN:196,(anonymous_6)
FN:200,(anonymous_7)
FN:204,(anonymous_8)
FN:208,(anonymous_9)
FN:212,(anonymous_10)
FN:217,(anonymous_11)
FN:221,(anonymous_12)
FN:225,(anonymous_13)
FN:229,(anonymous_14)
FN:233,(anonymous_15)
FN:237,(anonymous_16)
FN:247,(anonymous_17)
FN:262,(anonymous_18)
FN:274,(anonymous_19)
FN:276,(anonymous_20)
FN:281,(anonymous_21)
FN:289,(anonymous_22)
FN:313,(anonymous_23)
FN:330,(anonymous_24)
FN:359,(anonymous_25)
FN:385,(anonymous_26)
FN:397,(anonymous_27)
FN:419,(anonymous_28)
FN:428,(anonymous_29)
FN:437,(anonymous_30)
FN:456,(anonymous_31)
FN:488,(anonymous_32)
FN:502,(anonymous_33)
FN:539,(anonymous_34)
FN:552,(anonymous_35)
FN:565,(anonymous_36)
FN:570,(anonymous_37)
FN:575,(anonymous_38)
FN:580,(anonymous_39)
FN:587,(anonymous_40)
FN:594,(anonymous_41)
FN:603,(anonymous_42)
FN:610,(anonymous_43)
FN:616,(anonymous_44)
FN:620,(anonymous_45)
FN:625,(anonymous_46)
FN:638,(anonymous_47)
FN:641,(anonymous_48)
FN:646,(anonymous_49)
FN:650,(anonymous_50)
FN:655,(anonymous_51)
FN:660,(anonymous_52)
FN:668,(anonymous_53)
FN:681,(anonymous_54)
FNF:55
FNH:0
FNDA:0,(anonymous_0)
FNDA:0,(anonymous_1)
FNDA:0,(anonymous_2)
FNDA:0,(anonymous_3)
FNDA:0,(anonymous_4)
FNDA:0,(anonymous_5)
FNDA:0,(anonymous_6)
FNDA:0,(anonymous_7)
FNDA:0,(anonymous_8)
FNDA:0,(anonymous_9)
FNDA:0,(anonymous_10)
FNDA:0,(anonymous_11)
FNDA:0,(anonymous_12)
FNDA:0,(anonymous_13)
FNDA:0,(anonymous_14)
FNDA:0,(anonymous_15)
FNDA:0,(anonymous_16)
FNDA:0,(anonymous_17)
FNDA:0,(anonymous_18)
FNDA:0,(anonymous_19)
FNDA:0,(anonymous_20)
FNDA:0,(anonymous_21)
FNDA:0,(anonymous_22)
FNDA:0,(anonymous_23)
FNDA:0,(anonymous_24)
FNDA:0,(anonymous_25)
FNDA:0,(anonymous_26)
FNDA:0,(anonymous_27)
FNDA:0,(anonymous_28)
FNDA:0,(anonymous_29)
FNDA:0,(anonymous_30)
FNDA:0,(anonymous_31)
FNDA:0,(anonymous_32)
FNDA:0,(anonymous_33)
FNDA:0,(anonymous_34)
FNDA:0,(anonymous_35)
FNDA:0,(anonymous_36)
FNDA:0,(anonymous_37)
FNDA:0,(anonymous_38)
FNDA:0,(anonymous_39)
FNDA:0,(anonymous_40)
FNDA:0,(anonymous_41)
FNDA:0,(anonymous_42)
FNDA:0,(anonymous_43)
FNDA:0,(anonymous_44)
FNDA:0,(anonymous_45)
FNDA:0,(anonymous_46)
FNDA:0,(anonymous_47)
FNDA:0,(anonymous_48)
FNDA:0,(anonymous_49)
FNDA:0,(anonymous_50)
FNDA:0,(anonymous_51)
FNDA:0,(anonymous_52)
FNDA:0,(anonymous_53)
FNDA:0,(anonymous_54)
DA:14,0
DA:15,0
DA:16,0
DA:17,0
DA:20,0
DA:21,0
DA:22,0
DA:23,0
DA:24,0
DA:27,0
DA:28,0
DA:29,0
DA:30,0
DA:31,0
DA:33,0
DA:40,0
DA:42,0
DA:45,0
DA:48,0
DA:50,0
DA:53,0
DA:54,0
DA:62,0
DA:65,0
DA:66,0
DA:67,0
DA:68,0
DA:170,0
DA:173,0
DA:174,0
DA:175,0
DA:176,0
DA:178,0
DA:185,0
DA:188,0
DA:189,0
DA:192,0
DA:193,0
DA:196,0
DA:197,0
DA:200,0
DA:201,0
DA:204,0
DA:205,0
DA:208,0
DA:209,0
DA:212,0
DA:213,0
DA:217,0
DA:218,0
DA:221,0
DA:222,0
DA:225,0
DA:226,0
DA:229,0
DA:230,0
DA:233,0
DA:234,0
DA:237,0
DA:238,0
DA:241,0
DA:248,0
DA:251,0
DA:254,0
DA:256,0
DA:263,0
DA:264,0
DA:265,0
DA:267,0
DA:276,0
DA:277,0
DA:281,0
DA:282,0
DA:290,0
DA:292,0
DA:293,0
DA:294,0
DA:298,0
DA:300,0
DA:301,0
DA:307,0
DA:314,0
DA:315,0
DA:317,0
DA:318,0
DA:331,0
DA:332,0
DA:334,0
DA:336,0
DA:337,0
DA:338,0
DA:341,0
DA:344,0
DA:345,0
DA:347,0
DA:351,0
DA:352,0
DA:360,0
DA:362,0
DA:363,0
DA:365,0
DA:366,0
DA:368,0
DA:369,0
DA:372,0
DA:373,0
DA:377,0
DA:378,0
DA:387,0
DA:389,0
DA:390,0
DA:398,0
DA:399,0
DA:405,0
DA:406,0
DA:407,0
DA:411,0
DA:412,0
DA:420,0
DA:421,0
DA:424,0
DA:427,0
DA:428,0
DA:429,0
DA:430,0
DA:438,0
DA:439,0
DA:440,0
DA:450,0
DA:457,0
DA:458,0
DA:460,0
DA:461,0
DA:462,0
DA:463,0
DA:477,0
DA:480,0
DA:482,0
DA:489,0
DA:491,0
DA:494,0
DA:495,0
DA:503,0
DA:504,0
DA:506,0
DA:507,0
DA:508,0
DA:520,0
DA:523,0
DA:524,0
DA:528,0
DA:531,0
DA:532,0
DA:533,0
DA:540,0
DA:541,0
DA:542,0
DA:548,0
DA:553,0
DA:554,0
DA:555,0
DA:561,0
DA:566,0
DA:567,0
DA:571,0
DA:572,0
DA:576,0
DA:577,0
DA:581,0
DA:582,0
DA:588,0
DA:595,0
DA:596,0
DA:597,0
DA:599,0
DA:605,0
DA:611,0
DA:612,0
DA:613,0
DA:617,0
DA:621,0
DA:622,0
DA:626,0
DA:627,0
DA:628,0
DA:629,0
DA:631,0
DA:632,0
DA:633,0
DA:634,0
DA:640,0
DA:641,0
DA:642,0
DA:647,0
DA:652,0
DA:657,0
DA:661,0
DA:669,0
DA:670,0
DA:672,0
DA:673,0
DA:674,0
DA:675,0
DA:682,0
DA:685,0
DA:686,0
DA:689,0
DA:690,0
DA:694,0
DA:695,0
DA:696,0
DA:698,0
LF:212
LH:0
BRDA:292,0,0,0
BRDA:292,0,1,0
BRDA:314,1,0,0
BRDA:314,1,1,0
BRDA:315,2,0,0
BRDA:315,2,1,0
BRDA:317,3,0,0
BRDA:317,3,1,0
BRDA:317,4,0,0
BRDA:317,4,1,0
BRDA:336,5,0,0
BRDA:336,5,1,0
BRDA:360,6,0,0
BRDA:360,6,1,0
BRDA:365,7,0,0
BRDA:365,7,1,0
BRDA:387,8,0,0
BRDA:387,8,1,0
BRDA:389,9,0,0
BRDA:389,9,1,0
BRDA:405,10,0,0
BRDA:405,10,1,0
BRDA:443,11,0,0
BRDA:443,11,1,0
BRDA:490,12,0,0
BRDA:490,12,1,0
BRDA:492,13,0,0
BRDA:492,13,1,0
BRDA:496,14,0,0
BRDA:496,14,1,0
BRDA:532,15,0,0
BRDA:532,15,1,0
BRDA:541,16,0,0
BRDA:541,16,1,0
BRDA:554,17,0,0
BRDA:554,17,1,0
BRDA:605,18,0,0
BRDA:605,18,1,0
BRDA:627,19,0,0
BRDA:627,19,1,0
BRDA:628,20,0,0
BRDA:628,20,1,0
BRDA:629,21,0,0
BRDA:629,21,1,0
BRDA:652,22,0,0
BRDA:652,22,1,0
BRDA:672,23,0,0
BRDA:672,23,1,0
BRDA:673,24,0,0
BRDA:673,24,1,0
BRDA:674,25,0,0
BRDA:674,25,1,0
BRDA:685,26,0,0
BRDA:685,26,1,0
BRDA:686,27,0,0
BRDA:686,27,1,0
BRDA:689,28,0,0
BRDA:689,28,1,0
BRDA:689,29,0,0
BRDA:689,29,1,0
BRF:60
BRH:0
end_of_record
TN:
SF:src/client/components/settings-manager.js
FN:18,(anonymous_0)
FN:35,(anonymous_1)
FN:50,(anonymous_2)
FN:65,(anonymous_3)
FN:67,(anonymous_4)
FN:68,(anonymous_5)
FN:69,(anonymous_6)
FN:70,(anonymous_7)
FN:71,(anonymous_8)
FN:80,(anonymous_9)
FN:100,(anonymous_10)
FN:122,(anonymous_11)
FN:181,(anonymous_12)
FN:233,(anonymous_13)
FN:247,(anonymous_14)
FN:267,(anonymous_15)
FN:275,(anonymous_16)
FN:284,(anonymous_17)
FN:308,(anonymous_18)
FN:324,(anonymous_19)
FN:340,(anonymous_20)
FN:359,(anonymous_21)
FN:381,(anonymous_22)
FN:399,(anonymous_23)
FN:415,(anonymous_24)
FN:436,(anonymous_25)
FN:464,(anonymous_26)
FNF:27
FNH:0
FNDA:0,(anonymous_0)
FNDA:0,(anonymous_1)
FNDA:0,(anonymous_2)
FNDA:0,(anonymous_3)
FNDA:0,(anonymous_4)
FNDA:0,(anonymous_5)
FNDA:0,(anonymous_6)
FNDA:0,(anonymous_7)
FNDA:0,(anonymous_8)
FNDA:0,(anonymous_9)
FNDA:0,(anonymous_10)
FNDA:0,(anonymous_11)
FNDA:0,(anonymous_12)
FNDA:0,(anonymous_13)
FNDA:0,(anonymous_14)
FNDA:0,(anonymous_15)
FNDA:0,(anonymous_16)
FNDA:0,(anonymous_17)
FNDA:0,(anonymous_18)
FNDA:0,(anonymous_19)
FNDA:0,(anonymous_20)
FNDA:0,(anonymous_21)
FNDA:0,(anonymous_22)
FNDA:0,(anonymous_23)
FNDA:0,(anonymous_24)
FNDA:0,(anonymous_25)
FNDA:0,(anonymous_26)
DA:20,0
DA:21,0
DA:22,0
DA:25,0
DA:28,0
DA:36,0
DA:37,0
DA:38,0
DA:39,0
DA:41,0
DA:42,0
DA:51,0
DA:52,0
DA:54,0
DA:66,0
DA:67,0
DA:68,0
DA:69,0
DA:70,0
DA:71,0
DA:81,0
DA:82,0
DA:85,0
DA:93,0
DA:101,0
DA:123,0
DA:124,0
DA:125,0
DA:126,0
DA:127,0
DA:131,0
DA:132,0
DA:133,0
DA:135,0
DA:141,0
DA:144,0
DA:145,0
DA:146,0
DA:149,0
DA:150,0
DA:151,0
DA:154,0
DA:156,0
DA:162,0
DA:164,0
DA:166,0
DA:170,0
DA:172,0
DA:182,0
DA:183,0
DA:184,0
DA:188,0
DA:190,0
DA:191,0
DA:192,0
DA:193,0
DA:198,0
DA:201,0
DA:202,0
DA:203,0
DA:205,0
DA:211,0
DA:215,0
DA:216,0
DA:223,0
DA:224,0
DA:234,0
DA:235,0
DA:238,0
DA:248,0
DA:249,0
DA:252,0
DA:253,0
DA:254,0
DA:256,0
DA:258,0
DA:259,0
DA:268,0
DA:276,0
DA:285,0
DA:286,0
DA:289,0
DA:290,0
DA:291,0
DA:293,0
DA:299,0
DA:300,0
DA:309,0
DA:310,0
DA:311,0
DA:313,0
DA:315,0
DA:316,0
DA:325,0
DA:326,0
DA:327,0
DA:329,0
DA:331,0
DA:332,0
DA:341,0
DA:342,0
DA:343,0
DA:344,0
DA:345,0
DA:346,0
DA:348,0
DA:350,0
DA:351,0
DA:360,0
DA:362,0
DA:363,0
DA:364,0
DA:365,0
DA:370,0
DA:377,0
DA:378,0
DA:379,0
DA:380,0
DA:381,0
DA:383,0
DA:384,0
DA:387,0
DA:389,0
DA:391,0
DA:400,0
DA:401,0
DA:402,0
DA:403,0
DA:404,0
DA:406,0
DA:407,0
DA:416,0
DA:417,0
DA:423,0
DA:424,0
DA:426,0
DA:427,0
DA:437,0
DA:438,0
DA:441,0
DA:442,0
DA:445,0
DA:446,0
DA:447,0
DA:449,0
DA:455,0
DA:456,0
DA:465,0
DA:466,0
DA:467,0
DA:468,0
DA:469,0
DA:472,0
DA:479,0
DA:480,0
DA:481,0
DA:486,0
DA:488,0
DA:491,0
DA:494,0
DA:495,0
LF:161
LH:0
BRDA:18,0,0,0
BRDA:51,1,0,0
BRDA:51,1,1,0
BRDA:51,2,0,0
BRDA:51,2,1,0
BRDA:56,3,0,0
BRDA:56,3,1,0
BRDA:67,4,0,0
BRDA:81,5,0,0
BRDA:81,5,1,0
BRDA:93,6,0,0
BRDA:93,6,1,0
BRDA:125,7,0,0
BRDA:125,7,1,0
BRDA:144,8,0,0
BRDA:144,8,1,0
BRDA:181,9,0,0
BRDA:183,10,0,0
BRDA:183,10,1,0
BRDA:190,11,0,0
BRDA:190,11,1,0
BRDA:234,12,0,0
BRDA:234,12,1,0
BRDA:248,13,0,0
BRDA:248,13,1,0
BRDA:256,14,0,0
BRDA:256,14,1,0
BRDA:285,15,0,0
BRDA:285,15,1,0
BRDA:285,16,0,0
BRDA:285,16,1,0
BRDA:343,17,0,0
BRDA:343,17,1,0
BRDA:343,18,0,0
BRDA:343,18,1,0
BRDA:344,19,0,0
BRDA:344,19,1,0
BRDA:362,20,0,0
BRDA:362,20,1,0
BRDA:364,21,0,0
BRDA:364,21,1,0
BRDA:364,22,0,0
BRDA:364,22,1,0
BRDA:383,23,0,0
BRDA:383,23,1,0
BRDA:383,24,0,0
BRDA:383,24,1,0
BRDA:437,25,0,0
BRDA:437,25,1,0
BRDA:441,26,0,0
BRDA:441,26,1,0
BRDA:467,27,0,0
BRDA:467,27,1,0
BRDA:475,28,0,0
BRDA:475,28,1,0
BRF:55
BRH:0
end_of_record
TN:
SF:src/client/components/testing-hub.js
FN:11,(anonymous_0)
FN:28,(anonymous_1)
FN:37,(anonymous_2)
FN:38,(anonymous_3)
FN:42,(anonymous_4)
FN:50,(anonymous_5)
FN:58,(anonymous_6)
FN:100,(anonymous_7)
FN:146,(anonymous_8)
FN:154,(anonymous_9)
FN:178,(anonymous_10)
FN:205,(anonymous_11)
FN:210,(anonymous_12)
FN:211,(anonymous_13)
FN:212,(anonymous_14)
FN:213,(anonymous_15)
FN:229,(anonymous_16)
FN:234,(anonymous_17)
FN:235,(anonymous_18)
FN:236,(anonymous_19)
FN:237,(anonymous_20)
FN:253,(anonymous_21)
FN:258,(anonymous_22)
FN:259,(anonymous_23)
FN:260,(anonymous_24)
FN:261,(anonymous_25)
FN:277,(anonymous_26)
FN:286,(anonymous_27)
FN:309,(anonymous_28)
FN:345,(anonymous_29)
FN:371,(anonymous_30)
FN:393,(anonymous_31)
FN:404,(anonymous_32)
FN:407,(anonymous_33)
FN:418,(anonymous_34)
FN:421,(anonymous_35)
FN:432,(anonymous_36)
FN:435,(anonymous_37)
FN:444,(anonymous_38)
FN:450,(anonymous_39)
FN:466,(anonymous_40)
FN:467,(anonymous_41)
FN:491,(anonymous_42)
FN:504,(anonymous_43)
FN:512,(anonymous_44)
FN:518,(anonymous_45)
FN:530,(anonymous_46)
FN:537,(anonymous_47)
FN:539,(anonymous_48)
FN:544,(anonymous_49)
FN:558,(anonymous_50)
FN:563,(anonymous_51)
FN:571,(anonymous_52)
FN:579,(anonymous_53)
FN:588,(anonymous_54)
FN:597,(anonymous_55)
FN:607,(anonymous_56)
FN:611,(anonymous_57)
FN:617,(anonymous_58)
FN:618,(anonymous_59)
FN:622,(anonymous_60)
FN:623,(anonymous_61)
FN:624,(anonymous_62)
FN:625,(anonymous_63)
FN:626,(anonymous_64)
FN:627,(anonymous_65)
FN:628,(anonymous_66)
FN:629,(anonymous_67)
FN:630,(anonymous_68)
FN:631,(anonymous_69)
FN:632,(anonymous_70)
FN:633,(anonymous_71)
FN:634,(anonymous_72)
FN:635,(anonymous_73)
FN:636,(anonymous_74)
FN:637,(anonymous_75)
FN:638,(anonymous_76)
FN:639,(anonymous_77)
FN:640,(anonymous_78)
FN:641,(anonymous_79)
FNF:80
FNH:0
FNDA:0,(anonymous_0)
FNDA:0,(anonymous_1)
FNDA:0,(anonymous_2)
FNDA:0,(anonymous_3)
FNDA:0,(anonymous_4)
FNDA:0,(anonymous_5)
FNDA:0,(anonymous_6)
FNDA:0,(anonymous_7)
FNDA:0,(anonymous_8)
FNDA:0,(anonymous_9)
FNDA:0,(anonymous_10)
FNDA:0,(anonymous_11)
FNDA:0,(anonymous_12)
FNDA:0,(anonymous_13)
FNDA:0,(anonymous_14)
FNDA:0,(anonymous_15)
FNDA:0,(anonymous_16)
FNDA:0,(anonymous_17)
FNDA:0,(anonymous_18)
FNDA:0,(anonymous_19)
FNDA:0,(anonymous_20)
FNDA:0,(anonymous_21)
FNDA:0,(anonymous_22)
FNDA:0,(anonymous_23)
FNDA:0,(anonymous_24)
FNDA:0,(anonymous_25)
FNDA:0,(anonymous_26)
FNDA:0,(anonymous_27)
FNDA:0,(anonymous_28)
FNDA:0,(anonymous_29)
FNDA:0,(anonymous_30)
FNDA:0,(anonymous_31)
FNDA:0,(anonymous_32)
FNDA:0,(anonymous_33)
FNDA:0,(anonymous_34)
FNDA:0,(anonymous_35)
FNDA:0,(anonymous_36)
FNDA:0,(anonymous_37)
FNDA:0,(anonymous_38)
FNDA:0,(anonymous_39)
FNDA:0,(anonymous_40)
FNDA:0,(anonymous_41)
FNDA:0,(anonymous_42)
FNDA:0,(anonymous_43)
FNDA:0,(anonymous_44)
FNDA:0,(anonymous_45)
FNDA:0,(anonymous_46)
FNDA:0,(anonymous_47)
FNDA:0,(anonymous_48)
FNDA:0,(anonymous_49)
FNDA:0,(anonymous_50)
FNDA:0,(anonymous_51)
FNDA:0,(anonymous_52)
FNDA:0,(anonymous_53)
FNDA:0,(anonymous_54)
FNDA:0,(anonymous_55)
FNDA:0,(anonymous_56)
FNDA:0,(anonymous_57)
FNDA:0,(anonymous_58)
FNDA:0,(anonymous_59)
FNDA:0,(anonymous_60)
FNDA:0,(anonymous_61)
FNDA:0,(anonymous_62)
FNDA:0,(anonymous_63)
FNDA:0,(anonymous_64)
FNDA:0,(anonymous_65)
FNDA:0,(anonymous_66)
FNDA:0,(anonymous_67)
FNDA:0,(anonymous_68)
FNDA:0,(anonymous_69)
FNDA:0,(anonymous_70)
FNDA:0,(anonymous_71)
FNDA:0,(anonymous_72)
FNDA:0,(anonymous_73)
FNDA:0,(anonymous_74)
FNDA:0,(anonymous_75)
FNDA:0,(anonymous_76)
FNDA:0,(anonymous_77)
FNDA:0,(anonymous_78)
FNDA:0,(anonymous_79)
DA:12,0
DA:13,0
DA:14,0
DA:15,0
DA:22,0
DA:29,0
DA:30,0
DA:31,0
DA:38,0
DA:39,0
DA:42,0
DA:43,0
DA:51,0
DA:52,0
DA:59,0
DA:60,0
DA:62,0
DA:63,0
DA:69,0
DA:70,0
DA:71,0
DA:72,0
DA:73,0
DA:74,0
DA:79,0
DA:81,0
DA:87,0
DA:91,0
DA:93,0
DA:101,0
DA:102,0
DA:104,0
DA:105,0
DA:113,0
DA:114,0
DA:115,0
DA:116,0
DA:117,0
DA:118,0
DA:119,0
DA:125,0
DA:127,0
DA:133,0
DA:137,0
DA:139,0
DA:147,0
DA:148,0
DA:155,0
DA:156,0
DA:158,0
DA:159,0
DA:160,0
DA:161,0
DA:162,0
DA:163,0
DA:164,0
DA:166,0
DA:167,0
DA:170,0
DA:171,0
DA:179,0
DA:180,0
DA:181,0
DA:182,0
DA:183,0
DA:184,0
DA:185,0
DA:186,0
DA:187,0
DA:188,0
DA:189,0
DA:190,0
DA:191,0
DA:192,0
DA:194,0
DA:197,0
DA:198,0
DA:206,0
DA:207,0
DA:209,0
DA:210,0
DA:211,0
DA:212,0
DA:213,0
DA:216,0
DA:217,0
DA:218,0
DA:219,0
DA:220,0
DA:223,0
DA:230,0
DA:231,0
DA:233,0
DA:234,0
DA:235,0
DA:236,0
DA:237,0
DA:240,0
DA:241,0
DA:242,0
DA:243,0
DA:244,0
DA:247,0
DA:254,0
DA:255,0
DA:257,0
DA:258,0
DA:259,0
DA:260,0
DA:261,0
DA:264,0
DA:265,0
DA:266,0
DA:267,0
DA:268,0
DA:271,0
DA:278,0
DA:279,0
DA:280,0
DA:287,0
DA:288,0
DA:290,0
DA:291,0
DA:292,0
DA:293,0
DA:294,0
DA:295,0
DA:297,0
DA:298,0
DA:301,0
DA:302,0
DA:310,0
DA:311,0
DA:313,0
DA:318,0
DA:319,0
DA:320,0
DA:321,0
DA:322,0
DA:323,0
DA:328,0
DA:330,0
DA:335,0
DA:339,0
DA:346,0
DA:347,0
DA:349,0
DA:350,0
DA:351,0
DA:352,0
DA:353,0
DA:355,0
DA:360,0
DA:361,0
DA:363,0
DA:364,0
DA:372,0
DA:373,0
DA:375,0
DA:376,0
DA:377,0
DA:378,0
DA:379,0
DA:380,0
DA:381,0
DA:383,0
DA:384,0
DA:387,0
DA:388,0
DA:394,0
DA:395,0
DA:397,0
DA:403,0
DA:404,0
DA:408,0
DA:409,0
DA:411,0
DA:417,0
DA:418,0
DA:422,0
DA:423,0
DA:425,0
DA:431,0
DA:432,0
DA:436,0
DA:437,0
DA:438,0
DA:445,0
DA:450,0
DA:451,0
DA:452,0
DA:453,0
DA:454,0
DA:458,0
DA:459,0
DA:460,0
DA:467,0
DA:473,0
DA:479,0
DA:480,0
DA:481,0
DA:482,0
DA:483,0
DA:484,0
DA:485,0
DA:486,0
DA:487,0
DA:492,0
DA:493,0
DA:495,0
DA:496,0
DA:497,0
DA:499,0
DA:500,0
DA:501,0
DA:505,0
DA:512,0
DA:513,0
DA:514,0
DA:519,0
DA:520,0
DA:521,0
DA:522,0
DA:531,0
DA:532,0
DA:533,0
DA:534,0
DA:538,0
DA:539,0
DA:540,0
DA:541,0
DA:543,0
DA:544,0
DA:545,0
DA:555,0
DA:559,0
DA:560,0
DA:564,0
DA:565,0
DA:566,0
DA:567,0
DA:568,0
DA:572,0
DA:573,0
DA:574,0
DA:576,0
DA:577,0
DA:578,0
DA:579,0
DA:580,0
DA:582,0
DA:583,0
DA:585,0
DA:589,0
DA:590,0
DA:591,0
DA:598,0
DA:599,0
DA:600,0
DA:608,0
DA:612,0
DA:613,0
DA:614,0
DA:617,0
DA:618,0
DA:622,0
DA:623,0
DA:624,0
DA:625,0
DA:626,0
DA:627,0
DA:628,0
DA:629,0
DA:630,0
DA:631,0
DA:632,0
DA:633,0
DA:634,0
DA:635,0
DA:636,0
DA:637,0
DA:638,0
DA:639,0
DA:640,0
DA:641,0
LF:285
LH:0
BRDA:11,0,0,0
BRDA:31,1,0,0
BRDA:31,1,1,0
BRDA:79,2,0,0
BRDA:79,2,1,0
BRDA:118,3,0,0
BRDA:118,3,1,0
BRDA:125,4,0,0
BRDA:125,4,1,0
BRDA:160,5,0,0
BRDA:160,5,1,0
BRDA:164,6,0,0
BRDA:164,6,1,0
BRDA:181,7,0,0
BRDA:181,7,1,0
BRDA:197,8,0,0
BRDA:197,8,1,0
BRDA:220,9,0,0
BRDA:220,9,1,0
BRDA:244,10,0,0
BRDA:244,10,1,0
BRDA:268,11,0,0
BRDA:268,11,1,0
BRDA:292,12,0,0
BRDA:292,12,1,0
BRDA:328,13,0,0
BRDA:328,13,1,0
BRDA:357,14,0,0
BRDA:357,14,1,0
BRDA:377,15,0,0
BRDA:377,15,1,0
BRDA:381,16,0,0
BRDA:381,16,1,0
BRDA:404,17,0,0
BRDA:404,17,1,0
BRDA:418,18,0,0
BRDA:418,18,1,0
BRDA:432,19,0,0
BRDA:432,19,1,0
BRDA:452,20,0,0
BRDA:452,20,1,0
BRDA:491,21,0,0
BRDA:495,22,0,0
BRDA:495,22,1,0
BRDA:496,23,0,0
BRDA:496,23,1,0
BRDA:497,24,0,0
BRDA:497,24,1,0
BRDA:514,25,0,0
BRDA:514,25,1,0
BRDA:519,26,0,0
BRDA:519,26,1,0
BRDA:531,27,0,0
BRDA:531,27,1,0
BRDA:538,28,0,0
BRDA:538,28,1,0
BRDA:541,29,0,0
BRDA:541,29,1,0
BRDA:543,30,0,0
BRDA:543,30,1,0
BRDA:546,31,0,0
BRDA:546,31,1,0
BRDA:548,32,0,0
BRDA:548,32,1,0
BRDA:549,33,0,0
BRDA:549,33,1,0
BRDA:549,34,0,0
BRDA:549,34,1,0
BRDA:551,35,0,0
BRDA:551,35,1,0
BRDA:560,36,0,0
BRDA:560,36,1,0
BRDA:565,37,0,0
BRDA:565,37,1,0
BRDA:566,38,0,0
BRDA:566,38,1,0
BRDA:567,39,0,0
BRDA:567,39,1,0
BRDA:572,40,0,0
BRDA:572,40,1,0
BRDA:574,41,0,0
BRDA:574,41,1,0
BRDA:576,42,0,0
BRDA:576,42,1,0
BRDA:577,43,0,0
BRDA:577,43,1,0
BRDA:582,44,0,0
BRDA:582,44,1,0
BRDA:582,45,0,0
BRDA:582,45,1,0
BRDA:617,46,0,0
BRDA:617,46,1,0
BRDA:618,47,0,0
BRDA:618,47,1,0
BRF:94
BRH:0
end_of_record
TN:
SF:src/client/components/token-manager.js
FN:17,(anonymous_0)
FN:51,(anonymous_1)
FN:60,(anonymous_2)
FN:109,(anonymous_3)
FN:144,(anonymous_4)
FN:164,(anonymous_5)
FN:181,(anonymous_6)
FN:217,(anonymous_7)
FN:229,(anonymous_8)
FN:234,(anonymous_9)
FN:235,(anonymous_10)
FN:256,(anonymous_11)
FN:279,(anonymous_12)
FN:293,(anonymous_13)
FN:316,(anonymous_14)
FN:362,(anonymous_15)
FN:438,(anonymous_16)
FNF:17
FNH:0
FNDA:0,(anonymous_0)
FNDA:0,(anonymous_1)
FNDA:0,(anonymous_2)
FNDA:0,(anonymous_3)
FNDA:0,(anonymous_4)
FNDA:0,(anonymous_5)
FNDA:0,(anonymous_6)
FNDA:0,(anonymous_7)
FNDA:0,(anonymous_8)
FNDA:0,(anonymous_9)
FNDA:0,(anonymous_10)
FNDA:0,(anonymous_11)
FNDA:0,(anonymous_12)
FNDA:0,(anonymous_13)
FNDA:0,(anonymous_14)
FNDA:0,(anonymous_15)
FNDA:0,(anonymous_16)
DA:18,0
DA:19,0
DA:22,0
DA:23,0
DA:24,0
DA:25,0
DA:31,0
DA:32,0
DA:33,0
DA:36,0
DA:37,0
DA:40,0
DA:41,0
DA:42,0
DA:43,0
DA:44,0
DA:53,0
DA:54,0
DA:55,0
DA:59,0
DA:60,0
DA:61,0
DA:66,0
DA:67,0
DA:68,0
DA:71,0
DA:72,0
DA:73,0
DA:76,0
DA:79,0
DA:87,0
DA:88,0
DA:92,0
DA:93,0
DA:94,0
DA:97,0
DA:99,0
DA:110,0
DA:111,0
DA:114,0
DA:115,0
DA:118,0
DA:121,0
DA:129,0
DA:130,0
DA:133,0
DA:135,0
DA:137,0
DA:138,0
DA:141,0
DA:144,0
DA:147,0
DA:150,0
DA:154,0
DA:165,0
DA:166,0
DA:169,0
DA:171,0
DA:172,0
DA:174,0
DA:177,0
DA:180,0
DA:181,0
DA:182,0
DA:186,0
DA:187,0
DA:190,0
DA:197,0
DA:198,0
DA:203,0
DA:206,0
DA:207,0
DA:210,0
DA:214,0
DA:217,0
DA:221,0
DA:230,0
DA:231,0
DA:234,0
DA:235,0
DA:237,0
DA:240,0
DA:241,0
DA:247,0
DA:257,0
DA:258,0
DA:261,0
DA:262,0
DA:264,0
DA:280,0
DA:281,0
DA:294,0
DA:295,0
DA:298,0
DA:308,0
DA:317,0
DA:318,0
DA:319,0
DA:322,0
DA:323,0
DA:324,0
DA:330,0
DA:334,0
DA:335,0
DA:336,0
DA:338,0
DA:339,0
DA:346,0
DA:356,0
DA:359,0
DA:360,0
DA:362,0
DA:363,0
DA:366,0
DA:367,0
DA:371,0
DA:380,0
DA:383,0
DA:384,0
DA:388,0
DA:389,0
DA:396,0
DA:404,0
DA:405,0
DA:411,0
DA:414,0
DA:423,0
DA:430,0
DA:439,0
DA:440,0
DA:444,0
DA:449,0
DA:451,0
DA:452,0
DA:453,0
LF:135
LH:0
BRDA:18,0,0,0
BRDA:18,0,1,0
BRDA:22,1,0,0
BRDA:22,1,1,0
BRDA:23,2,0,0
BRDA:23,2,1,0
BRDA:53,3,0,0
BRDA:53,3,1,0
BRDA:59,4,0,0
BRDA:59,4,1,0
BRDA:87,5,0,0
BRDA:87,5,1,0
BRDA:110,6,0,0
BRDA:110,6,1,0
BRDA:114,7,0,0
BRDA:114,7,1,0
BRDA:114,8,0,0
BRDA:114,8,1,0
BRDA:129,9,0,0
BRDA:129,9,1,0
BRDA:137,10,0,0
BRDA:137,10,1,0
BRDA:164,11,0,0
BRDA:165,12,0,0
BRDA:165,12,1,0
BRDA:165,13,0,0
BRDA:165,13,1,0
BRDA:180,14,0,0
BRDA:180,14,1,0
BRDA:182,15,0,0
BRDA:182,15,1,0
BRDA:182,15,2,0
BRDA:186,16,0,0
BRDA:186,16,1,0
BRDA:186,17,0,0
BRDA:186,17,1,0
BRDA:206,18,0,0
BRDA:206,18,1,0
BRDA:230,19,0,0
BRDA:230,19,1,0
BRDA:230,20,0,0
BRDA:230,20,1,0
BRDA:240,21,0,0
BRDA:240,21,1,0
BRDA:240,22,0,0
BRDA:240,22,1,0
BRDA:257,23,0,0
BRDA:257,23,1,0
BRDA:281,24,0,0
BRDA:281,24,1,0
BRDA:281,24,2,0
BRDA:294,25,0,0
BRDA:294,25,1,0
BRDA:308,26,0,0
BRDA:308,26,1,0
BRDA:317,27,0,0
BRDA:322,28,0,0
BRDA:322,28,1,0
BRDA:322,29,0,0
BRDA:322,29,1,0
BRDA:322,29,2,0
BRDA:366,30,0,0
BRDA:366,30,1,0
BRDA:367,31,0,0
BRDA:367,31,1,0
BRDA:367,31,2,0
BRDA:383,32,0,0
BRDA:383,32,1,0
BRDA:388,33,0,0
BRDA:388,33,1,0
BRDA:392,34,0,0
BRDA:392,34,1,0
BRDA:404,35,0,0
BRDA:404,35,1,0
BRDA:439,36,0,0
BRDA:439,36,1,0
BRDA:444,37,0,0
BRDA:444,37,1,0
BRDA:444,37,2,0
BRDA:444,37,3,0
BRDA:451,38,0,0
BRDA:451,38,1,0
BRF:82
BRH:0
end_of_record
TN:
SF:src/client/components/ui-manager.js
FN:34,(anonymous_0)
FN:40,(anonymous_1)
FN:62,(anonymous_2)
FN:83,(anonymous_3)
FN:91,(anonymous_4)
FN:142,(anonymous_5)
FN:215,(anonymous_6)
FN:228,(anonymous_7)
FN:269,(anonymous_8)
FN:298,(anonymous_9)
FN:335,(anonymous_10)
FN:345,(anonymous_11)
FN:355,(anonymous_12)
FN:369,(anonymous_13)
FN:442,(anonymous_14)
FN:466,(anonymous_15)
FN:482,(anonymous_16)
FN:544,(anonymous_17)
FN:561,(anonymous_18)
FN:577,(anonymous_19)
FN:604,(anonymous_20)
FN:646,(anonymous_21)
FN:739,(anonymous_22)
FN:760,(anonymous_23)
FN:793,(anonymous_24)
FN:812,(anonymous_25)
FN:828,(anonymous_26)
FN:863,(anonymous_27)
FN:876,(anonymous_28)
FN:890,(anonymous_29)
FN:911,(anonymous_30)
FN:923,(anonymous_31)
FN:934,(anonymous_32)
FN:961,(anonymous_33)
FN:963,(anonymous_34)
FN:1003,(anonymous_35)
FN:1020,(anonymous_36)
FN:1049,(anonymous_37)
FN:1057,(anonymous_38)
FN:1071,(anonymous_39)
FN:1099,(anonymous_40)
FN:1133,(anonymous_41)
FN:1156,(anonymous_42)
FN:1162,(anonymous_43)
FN:1196,(anonymous_44)
FN:1227,(anonymous_45)
FN:1247,(anonymous_46)
FN:1267,(anonymous_47)
FN:1287,(anonymous_48)
FN:1309,(anonymous_49)
FN:1319,(anonymous_50)
FN:1331,(anonymous_51)
FN:1354,(anonymous_52)
FN:1366,(anonymous_53)
FN:1374,(anonymous_54)
FN:1387,(anonymous_55)
FN:1392,(anonymous_56)
FN:1409,(anonymous_57)
FN:1430,(anonymous_58)
FN:1435,(anonymous_59)
FN:1457,(anonymous_60)
FN:1476,(anonymous_61)
FN:1481,(anonymous_62)
FNF:63
FNH:0
FNDA:0,(anonymous_0)
FNDA:0,(anonymous_1)
FNDA:0,(anonymous_2)
FNDA:0,(anonymous_3)
FNDA:0,(anonymous_4)
FNDA:0,(anonymous_5)
FNDA:0,(anonymous_6)
FNDA:0,(anonymous_7)
FNDA:0,(anonymous_8)
FNDA:0,(anonymous_9)
FNDA:0,(anonymous_10)
FNDA:0,(anonymous_11)
FNDA:0,(anonymous_12)
FNDA:0,(anonymous_13)
FNDA:0,(anonymous_14)
FNDA:0,(anonymous_15)
FNDA:0,(anonymous_16)
FNDA:0,(anonymous_17)
FNDA:0,(anonymous_18)
FNDA:0,(anonymous_19)
FNDA:0,(anonymous_20)
FNDA:0,(anonymous_21)
FNDA:0,(anonymous_22)
FNDA:0,(anonymous_23)
FNDA:0,(anonymous_24)
FNDA:0,(anonymous_25)
FNDA:0,(anonymous_26)
FNDA:0,(anonymous_27)
FNDA:0,(anonymous_28)
FNDA:0,(anonymous_29)
FNDA:0,(anonymous_30)
FNDA:0,(anonymous_31)
FNDA:0,(anonymous_32)
FNDA:0,(anonymous_33)
FNDA:0,(anonymous_34)
FNDA:0,(anonymous_35)
FNDA:0,(anonymous_36)
FNDA:0,(anonymous_37)
FNDA:0,(anonymous_38)
FNDA:0,(anonymous_39)
FNDA:0,(anonymous_40)
FNDA:0,(anonymous_41)
FNDA:0,(anonymous_42)
FNDA:0,(anonymous_43)
FNDA:0,(anonymous_44)
FNDA:0,(anonymous_45)
FNDA:0,(anonymous_46)
FNDA:0,(anonymous_47)
FNDA:0,(anonymous_48)
FNDA:0,(anonymous_49)
FNDA:0,(anonymous_50)
FNDA:0,(anonymous_51)
FNDA:0,(anonymous_52)
FNDA:0,(anonymous_53)
FNDA:0,(anonymous_54)
FNDA:0,(anonymous_55)
FNDA:0,(anonymous_56)
FNDA:0,(anonymous_57)
FNDA:0,(anonymous_58)
FNDA:0,(anonymous_59)
FNDA:0,(anonymous_60)
FNDA:0,(anonymous_61)
FNDA:0,(anonymous_62)
DA:20,0
DA:36,0
DA:39,0
DA:41,0
DA:46,0
DA:47,0
DA:48,0
DA:49,0
DA:52,0
DA:63,0
DA:64,0
DA:65,0
DA:67,0
DA:84,0
DA:85,0
DA:92,0
DA:94,0
DA:95,0
DA:96,0
DA:97,0
DA:100,0
DA:102,0
DA:103,0
DA:106,0
DA:107,0
DA:110,0
DA:118,0
DA:148,0
DA:150,0
DA:152,0
DA:160,0
DA:167,0
DA:170,0
DA:171,0
DA:172,0
DA:176,0
DA:177,0
DA:178,0
DA:182,0
DA:183,0
DA:184,0
DA:186,0
DA:189,0
DA:190,0
DA:193,0
DA:194,0
DA:195,0
DA:198,0
DA:199,0
DA:203,0
DA:204,0
DA:207,0
DA:208,0
DA:209,0
DA:210,0
DA:211,0
DA:214,0
DA:215,0
DA:219,0
DA:223,0
DA:226,0
DA:227,0
DA:228,0
DA:229,0
DA:235,0
DA:248,0
DA:249,0
DA:252,0
DA:253,0
DA:254,0
DA:255,0
DA:259,0
DA:270,0
DA:272,0
DA:273,0
DA:274,0
DA:278,0
DA:279,0
DA:280,0
DA:283,0
DA:285,0
DA:286,0
DA:288,0
DA:290,0
DA:291,0
DA:292,0
DA:295,0
DA:298,0
DA:299,0
DA:300,0
DA:301,0
DA:305,0
DA:308,0
DA:319,0
DA:320,0
DA:321,0
DA:322,0
DA:325,0
DA:336,0
DA:337,0
DA:346,0
DA:347,0
DA:356,0
DA:373,0
DA:375,0
DA:376,0
DA:377,0
DA:378,0
DA:380,0
DA:381,0
DA:382,0
DA:383,0
DA:385,0
DA:386,0
DA:387,0
DA:388,0
DA:389,0
DA:391,0
DA:392,0
DA:393,0
DA:396,0
DA:397,0
DA:407,0
DA:411,0
DA:417,0
DA:418,0
DA:427,0
DA:435,0
DA:444,0
DA:447,0
DA:448,0
DA:449,0
DA:458,0
DA:467,0
DA:469,0
DA:470,0
DA:473,0
DA:483,0
DA:485,0
DA:486,0
DA:487,0
DA:488,0
DA:491,0
DA:492,0
DA:493,0
DA:496,0
DA:497,0
DA:506,0
DA:507,0
DA:508,0
DA:509,0
DA:510,0
DA:512,0
DA:516,0
DA:517,0
DA:518,0
DA:519,0
DA:520,0
DA:522,0
DA:526,0
DA:527,0
DA:528,0
DA:529,0
DA:530,0
DA:532,0
DA:535,0
DA:536,0
DA:545,0
DA:546,0
DA:547,0
DA:550,0
DA:551,0
DA:553,0
DA:562,0
DA:563,0
DA:564,0
DA:567,0
DA:568,0
DA:570,0
DA:578,0
DA:579,0
DA:580,0
DA:583,0
DA:585,0
DA:586,0
DA:587,0
DA:590,0
DA:591,0
DA:593,0
DA:606,0
DA:607,0
DA:608,0
DA:609,0
DA:612,0
DA:613,0
DA:614,0
DA:617,0
DA:618,0
DA:620,0
DA:621,0
DA:622,0
DA:623,0
DA:625,0
DA:626,0
DA:627,0
DA:628,0
DA:630,0
DA:631,0
DA:632,0
DA:633,0
DA:637,0
DA:638,0
DA:647,0
DA:648,0
DA:649,0
DA:650,0
DA:652,0
DA:655,0
DA:656,0
DA:657,0
DA:659,0
DA:661,0
DA:664,0
DA:665,0
DA:666,0
DA:667,0
DA:672,0
DA:673,0
DA:674,0
DA:677,0
DA:681,0
DA:682,0
DA:683,0
DA:684,0
DA:688,0
DA:689,0
DA:690,0
DA:691,0
DA:705,0
DA:708,0
DA:721,0
DA:722,0
DA:725,0
DA:726,0
DA:729,0
DA:737,0
DA:738,0
DA:739,0
DA:740,0
DA:741,0
DA:742,0
DA:743,0
DA:752,0
DA:753,0
DA:761,0
DA:762,0
DA:763,0
DA:766,0
DA:767,0
DA:769,0
DA:770,0
DA:773,0
DA:774,0
DA:777,0
DA:778,0
DA:781,0
DA:783,0
DA:784,0
DA:794,0
DA:795,0
DA:796,0
DA:797,0
DA:801,0
DA:804,0
DA:805,0
DA:811,0
DA:812,0
DA:813,0
DA:817,0
DA:829,0
DA:830,0
DA:831,0
DA:832,0
DA:836,0
DA:837,0
DA:840,0
DA:841,0
DA:843,0
DA:844,0
DA:845,0
DA:847,0
DA:848,0
DA:849,0
DA:851,0
DA:852,0
DA:855,0
DA:864,0
DA:870,0
DA:877,0
DA:878,0
DA:879,0
DA:880,0
DA:891,0
DA:892,0
DA:893,0
DA:894,0
DA:897,0
DA:898,0
DA:900,0
DA:901,0
DA:902,0
DA:905,0
DA:912,0
DA:913,0
DA:914,0
DA:917,0
DA:924,0
DA:925,0
DA:926,0
DA:927,0
DA:935,0
DA:936,0
DA:939,0
DA:941,0
DA:942,0
DA:943,0
DA:946,0
DA:947,0
DA:948,0
DA:949,0
DA:953,0
DA:954,0
DA:955,0
DA:958,0
DA:959,0
DA:960,0
DA:961,0
DA:962,0
DA:963,0
DA:964,0
DA:967,0
DA:968,0
DA:969,0
DA:972,0
DA:973,0
DA:974,0
DA:977,0
DA:978,0
DA:981,0
DA:983,0
DA:984,0
DA:985,0
DA:993,0
DA:994,0
DA:998,0
DA:1000,0
DA:1003,0
DA:1004,0
DA:1005,0
DA:1006,0
DA:1021,0
DA:1022,0
DA:1024,0
DA:1025,0
DA:1027,0
DA:1029,0
DA:1032,0
DA:1033,0
DA:1034,0
DA:1035,0
DA:1037,0
DA:1038,0
DA:1039,0
DA:1042,0
DA:1050,0
DA:1051,0
DA:1052,0
DA:1055,0
DA:1057,0
DA:1059,0
DA:1062,0
DA:1065,0
DA:1066,0
DA:1067,0
DA:1068,0
DA:1071,0
DA:1072,0
DA:1073,0
DA:1074,0
DA:1075,0
DA:1079,0
DA:1080,0
DA:1084,0
DA:1100,0
DA:1101,0
DA:1102,0
DA:1106,0
DA:1109,0
DA:1110,0
DA:1113,0
DA:1114,0
DA:1115,0
DA:1118,0
DA:1119,0
DA:1120,0
DA:1122,0
DA:1124,0
DA:1127,0
DA:1130,0
DA:1131,0
DA:1132,0
DA:1133,0
DA:1134,0
DA:1135,0
DA:1140,0
DA:1158,0
DA:1161,0
DA:1162,0
DA:1163,0
DA:1164,0
DA:1165,0
DA:1171,0
DA:1172,0
DA:1173,0
DA:1174,0
DA:1178,0
DA:1197,0
DA:1199,0
DA:1201,0
DA:1202,0
DA:1203,0
DA:1205,0
DA:1206,0
DA:1207,0
DA:1210,0
DA:1211,0
DA:1212,0
DA:1213,0
DA:1214,0
DA:1216,0
DA:1219,0
DA:1220,0
DA:1228,0
DA:1229,0
DA:1230,0
DA:1233,0
DA:1234,0
DA:1235,0
DA:1238,0
DA:1248,0
DA:1250,0
DA:1251,0
DA:1253,0
DA:1254,0
DA:1255,0
DA:1258,0
DA:1268,0
DA:1270,0
DA:1271,0
DA:1273,0
DA:1274,0
DA:1275,0
DA:1278,0
DA:1288,0
DA:1290,0
DA:1291,0
DA:1293,0
DA:1294,0
DA:1295,0
DA:1298,0
DA:1310,0
DA:1312,0
DA:1315,0
DA:1316,0
DA:1319,0
DA:1320,0
DA:1323,0
DA:1332,0
DA:1333,0
DA:1334,0
DA:1337,0
DA:1338,0
DA:1342,0
DA:1344,0
DA:1345,0
DA:1355,0
DA:1356,0
DA:1367,0
DA:1368,0
DA:1375,0
DA:1376,0
DA:1377,0
DA:1388,0
DA:1391,0
DA:1392,0
DA:1393,0
DA:1394,0
DA:1395,0
DA:1400,0
DA:1410,0
DA:1411,0
DA:1413,0
DA:1414,0
DA:1415,0
DA:1418,0
DA:1431,0
DA:1434,0
DA:1435,0
DA:1436,0
DA:1437,0
DA:1438,0
DA:1443,0
DA:1458,0
DA:1459,0
DA:1461,0
DA:1462,0
DA:1463,0
DA:1466,0
DA:1477,0
DA:1480,0
DA:1481,0
DA:1482,0
DA:1483,0
DA:1484,0
DA:1489,0
LF:525
LH:0
BRDA:34,0,0,0
BRDA:36,1,0,0
BRDA:36,1,1,0
BRDA:39,2,0,0
BRDA:39,2,1,0
BRDA:41,3,0,0
BRDA:41,3,1,0
BRDA:94,4,0,0
BRDA:94,4,1,0
BRDA:95,5,0,0
BRDA:95,5,1,0
BRDA:96,6,0,0
BRDA:96,6,1,0
BRDA:97,7,0,0
BRDA:97,7,1,0
BRDA:102,8,0,0
BRDA:102,8,1,0
BRDA:106,9,0,0
BRDA:106,9,1,0
BRDA:115,10,0,0
BRDA:115,10,1,0
BRDA:142,11,0,0
BRDA:142,12,0,0
BRDA:144,13,0,0
BRDA:145,14,0,0
BRDA:147,15,0,0
BRDA:152,16,0,0
BRDA:152,16,1,0
BRDA:162,17,0,0
BRDA:162,17,1,0
BRDA:170,18,0,0
BRDA:170,18,1,0
BRDA:176,19,0,0
BRDA:176,19,1,0
BRDA:182,20,0,0
BRDA:182,20,1,0
BRDA:183,21,0,0
BRDA:183,21,1,0
BRDA:184,22,0,0
BRDA:184,22,1,0
BRDA:194,23,0,0
BRDA:194,23,1,0
BRDA:194,24,0,0
BRDA:194,24,1,0
BRDA:198,25,0,0
BRDA:198,25,1,0
BRDA:198,26,0,0
BRDA:198,26,1,0
BRDA:207,27,0,0
BRDA:207,27,1,0
BRDA:207,28,0,0
BRDA:207,28,1,0
BRDA:226,29,0,0
BRDA:226,29,1,0
BRDA:226,29,2,0
BRDA:227,30,0,0
BRDA:227,30,1,0
BRDA:248,31,0,0
BRDA:248,31,1,0
BRDA:249,32,0,0
BRDA:249,32,1,0
BRDA:253,33,0,0
BRDA:253,33,1,0
BRDA:259,34,0,0
BRDA:259,34,1,0
BRDA:269,35,0,0
BRDA:272,36,0,0
BRDA:272,36,1,0
BRDA:278,37,0,0
BRDA:278,37,1,0
BRDA:283,38,0,0
BRDA:285,39,0,0
BRDA:285,39,1,0
BRDA:286,40,0,0
BRDA:286,40,1,0
BRDA:288,41,0,0
BRDA:288,41,1,0
BRDA:299,42,0,0
BRDA:299,42,1,0
BRDA:303,43,0,0
BRDA:303,43,1,0
BRDA:320,44,0,0
BRDA:320,44,1,0
BRDA:325,45,0,0
BRDA:325,45,1,0
BRDA:335,46,0,0
BRDA:345,47,0,0
BRDA:355,48,0,0
BRDA:369,49,0,0
BRDA:369,50,0,0
BRDA:373,51,0,0
BRDA:373,51,1,0
BRDA:377,52,0,0
BRDA:377,52,1,0
BRDA:377,53,0,0
BRDA:377,53,1,0
BRDA:378,54,0,0
BRDA:378,54,1,0
BRDA:378,55,0,0
BRDA:378,55,1,0
BRDA:383,56,0,0
BRDA:383,56,1,0
BRDA:383,57,0,0
BRDA:383,57,1,0
BRDA:389,58,0,0
BRDA:389,58,1,0
BRDA:393,59,0,0
BRDA:393,59,1,0
BRDA:393,60,0,0
BRDA:393,60,1,0
BRDA:417,61,0,0
BRDA:417,61,1,0
BRDA:419,62,0,0
BRDA:419,62,1,0
BRDA:420,63,0,0
BRDA:420,63,1,0
BRDA:444,64,0,0
BRDA:444,64,1,0
BRDA:452,65,0,0
BRDA:452,65,1,0
BRDA:458,66,0,0
BRDA:458,66,1,0
BRDA:466,67,0,0
BRDA:469,68,0,0
BRDA:469,68,1,0
BRDA:482,69,0,0
BRDA:483,70,0,0
BRDA:483,70,1,0
BRDA:485,71,0,0
BRDA:485,71,1,0
BRDA:486,72,0,0
BRDA:486,72,1,0
BRDA:491,73,0,0
BRDA:491,73,1,0
BRDA:492,74,0,0
BRDA:492,74,1,0
BRDA:493,75,0,0
BRDA:493,75,1,0
BRDA:496,76,0,0
BRDA:496,76,1,0
BRDA:497,77,0,0
BRDA:497,77,1,0
BRDA:507,78,0,0
BRDA:507,78,1,0
BRDA:508,79,0,0
BRDA:508,79,1,0
BRDA:510,80,0,0
BRDA:510,80,1,0
BRDA:512,81,0,0
BRDA:512,81,1,0
BRDA:517,82,0,0
BRDA:517,82,1,0
BRDA:518,83,0,0
BRDA:518,83,1,0
BRDA:520,84,0,0
BRDA:520,84,1,0
BRDA:522,85,0,0
BRDA:522,85,1,0
BRDA:527,86,0,0
BRDA:527,86,1,0
BRDA:528,87,0,0
BRDA:528,87,1,0
BRDA:528,88,0,0
BRDA:528,88,1,0
BRDA:530,89,0,0
BRDA:530,89,1,0
BRDA:532,90,0,0
BRDA:532,90,1,0
BRDA:536,91,0,0
BRDA:536,91,1,0
BRDA:544,92,0,0
BRDA:545,93,0,0
BRDA:545,93,1,0
BRDA:551,94,0,0
BRDA:551,94,1,0
BRDA:561,95,0,0
BRDA:562,96,0,0
BRDA:562,96,1,0
BRDA:568,97,0,0
BRDA:568,97,1,0
BRDA:578,98,0,0
BRDA:578,98,1,0
BRDA:585,99,0,0
BRDA:585,99,1,0
BRDA:590,100,0,0
BRDA:590,100,1,0
BRDA:607,101,0,0
BRDA:607,101,1,0
BRDA:612,102,0,0
BRDA:612,102,1,0
BRDA:620,103,0,0
BRDA:620,103,1,0
BRDA:625,104,0,0
BRDA:625,104,1,0
BRDA:628,105,0,0
BRDA:628,105,1,0
BRDA:646,106,0,0
BRDA:646,107,0,0
BRDA:648,108,0,0
BRDA:648,108,1,0
BRDA:649,109,0,0
BRDA:649,109,1,0
BRDA:652,110,0,0
BRDA:652,110,1,0
BRDA:664,111,0,0
BRDA:664,111,1,0
BRDA:664,112,0,0
BRDA:664,112,1,0
BRDA:664,112,2,0
BRDA:666,113,0,0
BRDA:666,113,1,0
BRDA:666,114,0,0
BRDA:666,114,1,0
BRDA:666,114,2,0
BRDA:672,115,0,0
BRDA:672,115,1,0
BRDA:677,116,0,0
BRDA:677,116,1,0
BRDA:682,117,0,0
BRDA:682,117,1,0
BRDA:682,118,0,0
BRDA:682,118,1,0
BRDA:684,119,0,0
BRDA:684,119,1,0
BRDA:688,120,0,0
BRDA:688,120,1,0
BRDA:722,121,0,0
BRDA:722,121,1,0
BRDA:725,122,0,0
BRDA:725,122,1,0
BRDA:738,123,0,0
BRDA:738,123,1,0
BRDA:740,124,0,0
BRDA:740,124,1,0
BRDA:740,125,0,0
BRDA:740,125,1,0
BRDA:742,126,0,0
BRDA:742,126,1,0
BRDA:762,127,0,0
BRDA:762,127,1,0
BRDA:769,128,0,0
BRDA:769,128,1,0
BRDA:769,129,0,0
BRDA:769,129,1,0
BRDA:777,130,0,0
BRDA:777,130,1,0
BRDA:777,131,0,0
BRDA:777,131,1,0
BRDA:783,132,0,0
BRDA:783,132,1,0
BRDA:793,133,0,0
BRDA:795,134,0,0
BRDA:795,134,1,0
BRDA:811,135,0,0
BRDA:811,135,1,0
BRDA:828,136,0,0
BRDA:828,137,0,0
BRDA:830,138,0,0
BRDA:830,138,1,0
BRDA:870,139,0,0
BRDA:870,139,1,0
BRDA:878,140,0,0
BRDA:878,140,1,0
BRDA:890,141,0,0
BRDA:890,142,0,0
BRDA:892,143,0,0
BRDA:892,143,1,0
BRDA:901,144,0,0
BRDA:901,144,1,0
BRDA:902,145,0,0
BRDA:902,145,1,0
BRDA:912,146,0,0
BRDA:912,146,1,0
BRDA:924,147,0,0
BRDA:924,147,1,0
BRDA:925,148,0,0
BRDA:925,148,1,0
BRDA:935,149,0,0
BRDA:935,149,1,0
BRDA:936,150,0,0
BRDA:936,150,1,0
BRDA:941,151,0,0
BRDA:941,151,1,0
BRDA:942,152,0,0
BRDA:942,152,1,0
BRDA:946,153,0,0
BRDA:946,153,1,0
BRDA:947,154,0,0
BRDA:947,154,1,0
BRDA:948,155,0,0
BRDA:948,155,1,0
BRDA:948,156,0,0
BRDA:948,156,1,0
BRDA:953,157,0,0
BRDA:953,157,1,0
BRDA:954,158,0,0
BRDA:954,158,1,0
BRDA:958,159,0,0
BRDA:958,159,1,0
BRDA:959,160,0,0
BRDA:959,160,1,0
BRDA:960,161,0,0
BRDA:960,161,1,0
BRDA:962,162,0,0
BRDA:962,162,1,0
BRDA:967,163,0,0
BRDA:967,163,1,0
BRDA:968,164,0,0
BRDA:968,164,1,0
BRDA:969,165,0,0
BRDA:969,165,1,0
BRDA:969,166,0,0
BRDA:969,166,1,0
BRDA:983,167,0,0
BRDA:983,167,1,0
BRDA:984,168,0,0
BRDA:984,168,1,0
BRDA:984,169,0,0
BRDA:984,169,1,0
BRDA:985,170,0,0
BRDA:985,170,1,0
BRDA:993,171,0,0
BRDA:993,171,1,0
BRDA:1006,172,0,0
BRDA:1006,172,1,0
BRDA:1022,173,0,0
BRDA:1022,173,1,0
BRDA:1024,174,0,0
BRDA:1024,174,1,0
BRDA:1032,175,0,0
BRDA:1032,175,1,0
BRDA:1038,176,0,0
BRDA:1038,176,1,0
BRDA:1050,177,0,0
BRDA:1050,177,1,0
BRDA:1050,178,0,0
BRDA:1050,178,1,0
BRDA:1079,179,0,0
BRDA:1079,179,1,0
BRDA:1079,180,0,0
BRDA:1079,180,1,0
BRDA:1099,181,0,0
BRDA:1099,182,0,0
BRDA:1100,183,0,0
BRDA:1100,183,1,0
BRDA:1119,184,0,0
BRDA:1119,184,1,0
BRDA:1119,185,0,0
BRDA:1119,185,1,0
BRDA:1122,186,0,0
BRDA:1122,186,1,0
BRDA:1130,187,0,0
BRDA:1130,187,1,0
BRDA:1130,187,2,0
BRDA:1131,188,0,0
BRDA:1131,188,1,0
BRDA:1132,189,0,0
BRDA:1132,189,1,0
BRDA:1134,190,0,0
BRDA:1134,190,1,0
BRDA:1134,191,0,0
BRDA:1134,191,1,0
BRDA:1156,192,0,0
BRDA:1156,193,0,0
BRDA:1156,194,0,0
BRDA:1156,195,0,0
BRDA:1161,196,0,0
BRDA:1161,196,1,0
BRDA:1161,197,0,0
BRDA:1161,197,1,0
BRDA:1164,198,0,0
BRDA:1164,198,1,0
BRDA:1165,199,0,0
BRDA:1165,199,1,0
BRDA:1171,200,0,0
BRDA:1171,200,1,0
BRDA:1171,201,0,0
BRDA:1171,201,1,0
BRDA:1173,202,0,0
BRDA:1173,202,1,0
BRDA:1174,203,0,0
BRDA:1174,203,1,0
BRDA:1174,203,2,0
BRDA:1196,204,0,0
BRDA:1197,205,0,0
BRDA:1197,205,1,0
BRDA:1201,206,0,0
BRDA:1201,206,1,0
BRDA:1203,207,0,0
BRDA:1203,207,1,0
BRDA:1205,208,0,0
BRDA:1205,208,1,0
BRDA:1206,209,0,0
BRDA:1206,209,1,0
BRDA:1207,210,0,0
BRDA:1207,210,1,0
BRDA:1211,211,0,0
BRDA:1211,211,1,0
BRDA:1212,212,0,0
BRDA:1212,212,1,0
BRDA:1213,213,0,0
BRDA:1213,213,1,0
BRDA:1214,214,0,0
BRDA:1214,214,1,0
BRDA:1214,215,0,0
BRDA:1214,215,1,0
BRDA:1216,216,0,0
BRDA:1216,216,1,0
BRDA:1220,217,0,0
BRDA:1220,217,1,0
BRDA:1228,218,0,0
BRDA:1228,218,1,0
BRDA:1234,219,0,0
BRDA:1234,219,1,0
BRDA:1247,220,0,0
BRDA:1251,221,0,0
BRDA:1251,221,1,0
BRDA:1254,222,0,0
BRDA:1254,222,1,0
BRDA:1267,223,0,0
BRDA:1271,224,0,0
BRDA:1271,224,1,0
BRDA:1274,225,0,0
BRDA:1274,225,1,0
BRDA:1287,226,0,0
BRDA:1291,227,0,0
BRDA:1291,227,1,0
BRDA:1294,228,0,0
BRDA:1294,228,1,0
BRDA:1309,229,0,0
BRDA:1312,230,0,0
BRDA:1312,230,1,0
BRDA:1312,231,0,0
BRDA:1312,231,1,0
BRDA:1315,232,0,0
BRDA:1315,232,1,0
BRDA:1315,233,0,0
BRDA:1315,233,1,0
BRDA:1315,234,0,0
BRDA:1315,234,1,0
BRDA:1332,235,0,0
BRDA:1332,235,1,0
BRDA:1332,236,0,0
BRDA:1332,236,1,0
BRDA:1344,237,0,0
BRDA:1344,237,1,0
BRDA:1344,238,0,0
BRDA:1344,238,1,0
BRDA:1355,239,0,0
BRDA:1355,239,1,0
BRDA:1366,240,0,0
BRDA:1367,241,0,0
BRDA:1367,241,1,0
BRDA:1387,242,0,0
BRDA:1391,243,0,0
BRDA:1391,243,1,0
BRDA:1391,244,0,0
BRDA:1391,244,1,0
BRDA:1394,245,0,0
BRDA:1394,245,1,0
BRDA:1395,246,0,0
BRDA:1395,246,1,0
BRDA:1411,247,0,0
BRDA:1411,247,1,0
BRDA:1414,248,0,0
BRDA:1414,248,1,0
BRDA:1430,249,0,0
BRDA:1430,250,0,0
BRDA:1430,251,0,0
BRDA:1434,252,0,0
BRDA:1434,252,1,0
BRDA:1434,253,0,0
BRDA:1434,253,1,0
BRDA:1437,254,0,0
BRDA:1437,254,1,0
BRDA:1438,255,0,0
BRDA:1438,255,1,0
BRDA:1459,256,0,0
BRDA:1459,256,1,0
BRDA:1462,257,0,0
BRDA:1462,257,1,0
BRDA:1476,258,0,0
BRDA:1480,259,0,0
BRDA:1480,259,1,0
BRDA:1480,260,0,0
BRDA:1480,260,1,0
BRDA:1483,261,0,0
BRDA:1483,261,1,0
BRDA:1484,262,0,0
BRDA:1484,262,1,0
BRF:490
BRH:0
end_of_record
TN:
SF:src/client/subsystems/advanced-realtime-subsystem.js
FN:14,(anonymous_0)
FN:46,(anonymous_1)
FN:79,(anonymous_2)
FN:83,(anonymous_3)
FN:84,(anonymous_4)
FN:85,(anonymous_5)
FN:88,(anonymous_6)
FN:89,(anonymous_7)
FN:90,(anonymous_8)
FN:91,(anonymous_9)
FN:94,(anonymous_10)
FN:95,(anonymous_11)
FN:98,(anonymous_12)
FN:99,(anonymous_13)
FN:107,(anonymous_14)
FN:111,(anonymous_15)
FN:116,(anonymous_16)
FN:121,(anonymous_17)
FN:125,(anonymous_18)
FN:135,(anonymous_19)
FN:139,(anonymous_20)
FN:144,(anonymous_21)
FN:149,(anonymous_22)
FN:159,(anonymous_23)
FN:198,(anonymous_24)
FN:245,(anonymous_25)
FN:249,(anonymous_26)
FN:254,(anonymous_27)
FN:264,(anonymous_28)
FN:268,(anonymous_29)
FN:272,(anonymous_30)
FN:276,(anonymous_31)
FN:286,(anonymous_32)
FN:290,(anonymous_33)
FN:295,(anonymous_34)
FN:305,(anonymous_35)
FN:346,(anonymous_36)
FN:407,(anonymous_37)
FN:453,(anonymous_38)
FN:498,(anonymous_39)
FN:523,(anonymous_40)
FN:535,(anonymous_41)
FN:566,(anonymous_42)
FN:575,(anonymous_43)
FN:592,(anonymous_44)
FN:602,(anonymous_45)
FN:608,(anonymous_46)
FN:615,(anonymous_47)
FN:622,(anonymous_48)
FN:629,(anonymous_49)
FN:632,(anonymous_50)
FN:638,(anonymous_51)
FN:649,(anonymous_52)
FN:659,(anonymous_53)
FN:664,(anonymous_54)
FN:668,(anonymous_55)
FN:672,(anonymous_56)
FN:684,(anonymous_57)
FN:694,(anonymous_58)
FN:703,(anonymous_59)
FN:707,(anonymous_60)
FN:708,(anonymous_61)
FN:714,(anonymous_62)
FN:721,(anonymous_63)
FN:743,(anonymous_64)
FNF:65
FNH:0
FNDA:0,(anonymous_0)
FNDA:0,(anonymous_1)
FNDA:0,(anonymous_2)
FNDA:0,(anonymous_3)
FNDA:0,(anonymous_4)
FNDA:0,(anonymous_5)
FNDA:0,(anonymous_6)
FNDA:0,(anonymous_7)
FNDA:0,(anonymous_8)
FNDA:0,(anonymous_9)
FNDA:0,(anonymous_10)
FNDA:0,(anonymous_11)
FNDA:0,(anonymous_12)
FNDA:0,(anonymous_13)
FNDA:0,(anonymous_14)
FNDA:0,(anonymous_15)
FNDA:0,(anonymous_16)
FNDA:0,(anonymous_17)
FNDA:0,(anonymous_18)
FNDA:0,(anonymous_19)
FNDA:0,(anonymous_20)
FNDA:0,(anonymous_21)
FNDA:0,(anonymous_22)
FNDA:0,(anonymous_23)
FNDA:0,(anonymous_24)
FNDA:0,(anonymous_25)
FNDA:0,(anonymous_26)
FNDA:0,(anonymous_27)
FNDA:0,(anonymous_28)
FNDA:0,(anonymous_29)
FNDA:0,(anonymous_30)
FNDA:0,(anonymous_31)
FNDA:0,(anonymous_32)
FNDA:0,(anonymous_33)
FNDA:0,(anonymous_34)
FNDA:0,(anonymous_35)
FNDA:0,(anonymous_36)
FNDA:0,(anonymous_37)
FNDA:0,(anonymous_38)
FNDA:0,(anonymous_39)
FNDA:0,(anonymous_40)
FNDA:0,(anonymous_41)
FNDA:0,(anonymous_42)
FNDA:0,(anonymous_43)
FNDA:0,(anonymous_44)
FNDA:0,(anonymous_45)
FNDA:0,(anonymous_46)
FNDA:0,(anonymous_47)
FNDA:0,(anonymous_48)
FNDA:0,(anonymous_49)
FNDA:0,(anonymous_50)
FNDA:0,(anonymous_51)
FNDA:0,(anonymous_52)
FNDA:0,(anonymous_53)
FNDA:0,(anonymous_54)
FNDA:0,(anonymous_55)
FNDA:0,(anonymous_56)
FNDA:0,(anonymous_57)
FNDA:0,(anonymous_58)
FNDA:0,(anonymous_59)
FNDA:0,(anonymous_60)
FNDA:0,(anonymous_61)
FNDA:0,(anonymous_62)
FNDA:0,(anonymous_63)
FNDA:0,(anonymous_64)
DA:15,0
DA:16,0
DA:17,0
DA:18,0
DA:19,0
DA:22,0
DA:23,0
DA:24,0
DA:27,0
DA:28,0
DA:29,0
DA:32,0
DA:40,0
DA:47,0
DA:49,0
DA:52,0
DA:55,0
DA:58,0
DA:61,0
DA:64,0
DA:66,0
DA:67,0
DA:70,0
DA:71,0
DA:72,0
DA:80,0
DA:83,0
DA:84,0
DA:85,0
DA:88,0
DA:89,0
DA:90,0
DA:91,0
DA:94,0
DA:95,0
DA:98,0
DA:99,0
DA:101,0
DA:108,0
DA:111,0
DA:112,0
DA:116,0
DA:117,0
DA:121,0
DA:122,0
DA:125,0
DA:126,0
DA:129,0
DA:136,0
DA:139,0
DA:140,0
DA:144,0
DA:145,0
DA:149,0
DA:150,0
DA:153,0
DA:160,0
DA:161,0
DA:162,0
DA:165,0
DA:175,0
DA:178,0
DA:184,0
DA:186,0
DA:191,0
DA:199,0
DA:200,0
DA:201,0
DA:205,0
DA:207,0
DA:208,0
DA:223,0
DA:226,0
DA:229,0
DA:231,0
DA:238,0
DA:246,0
DA:249,0
DA:250,0
DA:254,0
DA:255,0
DA:258,0
DA:265,0
DA:268,0
DA:269,0
DA:272,0
DA:273,0
DA:276,0
DA:277,0
DA:280,0
DA:287,0
DA:290,0
DA:291,0
DA:295,0
DA:296,0
DA:299,0
DA:306,0
DA:307,0
DA:308,0
DA:312,0
DA:314,0
DA:315,0
DA:327,0
DA:330,0
DA:332,0
DA:339,0
DA:347,0
DA:349,0
DA:351,0
DA:352,0
DA:353,0
DA:354,0
DA:358,0
DA:367,0
DA:368,0
DA:376,0
DA:383,0
DA:389,0
DA:391,0
DA:399,0
DA:400,0
DA:408,0
DA:410,0
DA:411,0
DA:412,0
DA:415,0
DA:416,0
DA:418,0
DA:419,0
DA:422,0
DA:430,0
DA:431,0
DA:432,0
DA:435,0
DA:438,0
DA:445,0
DA:446,0
DA:454,0
DA:456,0
DA:457,0
DA:477,0
DA:480,0
DA:485,0
DA:487,0
DA:490,0
DA:491,0
DA:499,0
DA:501,0
DA:502,0
DA:505,0
DA:506,0
DA:509,0
DA:515,0
DA:517,0
DA:524,0
DA:526,0
DA:527,0
DA:534,0
DA:535,0
DA:536,0
DA:537,0
DA:540,0
DA:541,0
DA:544,0
DA:545,0
[...]
FN:116,(anonymous_2)
FN:143,(anonymous_3)
FN:170,(anonymous_4)
FN:183,(anonymous_5)
FN:198,(anonymous_6)
FN:215,(anonymous_7)
FN:216,(anonymous_8)
FN:262,(anonymous_9)
FN:272,(anonymous_10)
FN:293,(anonymous_11)
FN:316,(anonymous_12)
FN:328,(anonymous_13)
FN:353,(anonymous_14)
FN:364,(anonymous_15)
FN:378,(anonymous_16)
FN:382,(anonymous_17)
FN:402,(anonymous_18)
FN:405,(anonymous_19)
FN:407,(anonymous_20)
FN:417,(anonymous_21)
FN:418,(anonymous_22)
FN:421,(anonymous_23)
FN:424,(anonymous_24)
FN:434,(anonymous_25)
FN:437,(anonymous_26)
FN:448,(anonymous_27)
FN:458,(anonymous_28)
FN:460,(anonymous_29)
FN:466,(anonymous_30)
FN:467,(anonymous_31)
FNF:32
FNH:0
FNDA:0,(anonymous_0)
FNDA:0,(anonymous_1)
FNDA:0,(anonymous_2)
FNDA:0,(anonymous_3)
FNDA:0,(anonymous_4)
FNDA:0,(anonymous_5)
FNDA:0,(anonymous_6)
FNDA:0,(anonymous_7)
FNDA:0,(anonymous_8)
FNDA:0,(anonymous_9)
FNDA:0,(anonymous_10)
FNDA:0,(anonymous_11)
FNDA:0,(anonymous_12)
FNDA:0,(anonymous_13)
FNDA:0,(anonymous_14)
FNDA:0,(anonymous_15)
FNDA:0,(anonymous_16)
FNDA:0,(anonymous_17)
FNDA:0,(anonymous_18)
FNDA:0,(anonymous_19)
FNDA:0,(anonymous_20)
FNDA:0,(anonymous_21)
FNDA:0,(anonymous_22)
FNDA:0,(anonymous_23)
FNDA:0,(anonymous_24)
FNDA:0,(anonymous_25)
FNDA:0,(anonymous_26)
FNDA:0,(anonymous_27)
FNDA:0,(anonymous_28)
FNDA:0,(anonymous_29)
FNDA:0,(anonymous_30)
FNDA:0,(anonymous_31)
DA:21,0
DA:63,0
DA:64,0
DA:65,0
DA:66,0
DA:67,0
DA:68,0
DA:70,0
DA:77,0
DA:78,0
DA:81,0
DA:84,0
DA:87,0
DA:90,0
DA:93,0
DA:95,0
DA:96,0
DA:98,0
DA:105,0
DA:109,0
DA:117,0
DA:118,0
DA:119,0
DA:122,0
DA:124,0
DA:129,0
DA:130,0
DA:133,0
DA:135,0
DA:144,0
DA:145,0
DA:146,0
DA:147,0
DA:150,0
DA:152,0
DA:158,0
DA:159,0
DA:171,0
DA:183,0
DA:184,0
DA:185,0
DA:186,0
DA:187,0
DA:199,0
DA:201,0
DA:203,0
DA:204,0
DA:205,0
DA:206,0
DA:209,0
DA:216,0
DA:217,0
DA:218,0
DA:221,0
DA:222,0
DA:223,0
DA:227,0
DA:229,0
DA:230,0
DA:232,0
DA:236,0
DA:237,0
DA:238,0
DA:242,0
DA:243,0
DA:244,0
DA:248,0
DA:249,0
DA:250,0
DA:252,0
DA:253,0
DA:263,0
DA:264,0
DA:265,0
DA:268,0
DA:269,0
DA:272,0
DA:273,0
DA:274,0
DA:275,0
DA:279,0
DA:281,0
DA:284,0
DA:294,0
DA:295,0
DA:296,0
DA:298,0
DA:304,0
DA:307,0
DA:317,0
DA:318,0
DA:321,0
DA:322,0
DA:329,0
DA:330,0
DA:333,0
DA:334,0
DA:336,0
DA:343,0
DA:354,0
DA:355,0
DA:358,0
DA:365,0
DA:368,0
DA:369,0
DA:372,0
DA:379,0
DA:383,0
DA:403,0
DA:405,0
DA:406,0
DA:407,0
DA:408,0
DA:409,0
DA:414,0
DA:418,0
DA:422,0
DA:423,0
DA:424,0
DA:425,0
DA:426,0
DA:428,0
DA:431,0
DA:435,0
DA:437,0
DA:438,0
DA:439,0
DA:441,0
DA:445,0
DA:450,0
DA:451,0
DA:454,0
DA:459,0
DA:460,0
DA:467,0
DA:468,0
DA:469,0
DA:471,0
DA:475,0
DA:476,0
DA:478,0
DA:483,0
LF:142
LH:0
BRDA:100,0,0,0
BRDA:100,0,1,0
BRDA:129,1,0,0
BRDA:129,1,1,0
BRDA:158,2,0,0
BRDA:158,2,1,0
BRDA:185,3,0,0
BRDA:185,3,1,0
BRDA:189,4,0,0
BRDA:189,4,1,0
BRDA:203,5,0,0
BRDA:203,5,1,0
BRDA:217,6,0,0
BRDA:217,6,1,0
BRDA:221,7,0,0
BRDA:221,7,1,0
BRDA:221,8,0,0
BRDA:221,8,1,0
BRDA:221,8,2,0
BRDA:221,8,3,0
BRDA:227,9,0,0
BRDA:227,9,1,0
BRDA:229,10,0,0
BRDA:229,10,1,0
BRDA:236,11,0,0
BRDA:236,11,1,0
BRDA:236,12,0,0
BRDA:236,12,1,0
BRDA:242,13,0,0
BRDA:242,13,1,0
BRDA:242,14,0,0
BRDA:242,14,1,0
BRDA:248,15,0,0
BRDA:248,15,1,0
BRDA:249,16,0,0
BRDA:249,16,1,0
BRDA:249,17,0,0
BRDA:249,17,1,0
BRDA:252,18,0,0
BRDA:252,18,1,0
BRDA:252,19,0,0
BRDA:252,19,1,0
BRDA:263,20,0,0
BRDA:263,20,1,0
BRDA:273,21,0,0
BRDA:273,21,1,0
BRDA:316,22,0,0
BRDA:317,23,0,0
BRDA:317,23,1,0
BRDA:322,24,0,0
BRDA:322,24,1,0
BRDA:329,25,0,0
BRDA:329,25,1,0
BRDA:345,26,0,0
BRDA:345,26,1,0
BRDA:346,27,0,0
BRDA:346,27,1,0
BRDA:354,28,0,0
BRDA:354,28,1,0
BRDA:368,29,0,0
BRDA:368,29,1,0
BRDA:379,30,0,0
BRDA:379,30,1,0
BRDA:385,31,0,0
BRDA:385,31,1,0
BRDA:392,32,0,0
BRDA:392,32,1,0
BRDA:395,33,0,0
BRDA:395,33,1,0
BRDA:396,34,0,0
BRDA:396,34,1,0
BRDA:408,35,0,0
BRDA:408,35,1,0
BRDA:425,36,0,0
BRDA:425,36,1,0
BRDA:425,37,0,0
BRDA:425,37,1,0
BRDA:438,38,0,0
BRDA:438,38,1,0
BRDA:438,39,0,0
BRDA:438,39,1,0
BRDA:438,39,2,0
BRDA:439,40,0,0
BRDA:439,40,1,0
BRF:84
BRH:0
end_of_record
TN:
SF:src/shared/debug-logger.js
FN:16,(anonymous_0)
FN:35,(anonymous_1)
FN:39,(anonymous_2)
FN:46,(anonymous_3)
FN:65,(anonymous_4)
FN:79,(anonymous_5)
FN:94,(anonymous_6)
FN:105,(anonymous_7)
FN:123,(anonymous_8)
FN:133,(anonymous_9)
FN:145,(anonymous_10)
FN:160,(anonymous_11)
FN:176,(anonymous_12)
FN:185,(anonymous_13)
FN:196,(anonymous_14)
FN:204,(anonymous_15)
FN:209,(anonymous_16)
FN:214,(anonymous_17)
FN:222,getDebugLogger
FN:231,(anonymous_19)
FN:232,(anonymous_20)
FN:233,(anonymous_21)
FN:234,(anonymous_22)
FN:235,(anonymous_23)
FN:236,(anonymous_24)
FN:237,(anonymous_25)
FN:238,(anonymous_26)
FN:239,(anonymous_27)
FN:240,(anonymous_28)
FN:241,(anonymous_29)
FN:242,(anonymous_30)
FNF:31
FNH:0
FNDA:0,(anonymous_0)
FNDA:0,(anonymous_1)
FNDA:0,(anonymous_2)
FNDA:0,(anonymous_3)
FNDA:0,(anonymous_4)
FNDA:0,(anonymous_5)
FNDA:0,(anonymous_6)
FNDA:0,(anonymous_7)
FNDA:0,(anonymous_8)
FNDA:0,(anonymous_9)
FNDA:0,(anonymous_10)
FNDA:0,(anonymous_11)
FNDA:0,(anonymous_12)
FNDA:0,(anonymous_13)
FNDA:0,(anonymous_14)
FNDA:0,(anonymous_15)
FNDA:0,(anonymous_16)
FNDA:0,(anonymous_17)
FNDA:0,getDebugLogger
FNDA:0,(anonymous_19)
FNDA:0,(anonymous_20)
FNDA:0,(anonymous_21)
FNDA:0,(anonymous_22)
FNDA:0,(anonymous_23)
FNDA:0,(anonymous_24)
FNDA:0,(anonymous_25)
FNDA:0,(anonymous_26)
FNDA:0,(anonymous_27)
FNDA:0,(anonymous_28)
FNDA:0,(anonymous_29)
FNDA:0,(anonymous_30)
DA:12,0
DA:13,0
DA:17,0
DA:18,0
DA:19,0
DA:22,0
DA:23,0
DA:27,0
DA:36,0
DA:40,0
DA:41,0
DA:42,0
DA:47,0
DA:48,0
DA:59,0
DA:60,0
DA:62,0
DA:66,0
DA:68,0
DA:71,0
DA:72,0
DA:74,0
DA:80,0
DA:81,0
DA:89,0
DA:95,0
DA:96,0
DA:99,0
DA:100,0
DA:106,0
DA:115,0
DA:116,0
DA:119,0
DA:124,0
DA:125,0
DA:127,0
DA:128,0
DA:134,0
DA:135,0
DA:138,0
DA:139,0
DA:141,0
DA:146,0
DA:151,0
DA:152,0
DA:154,0
DA:155,0
DA:161,0
DA:167,0
DA:168,0
DA:170,0
DA:171,0
DA:177,0
DA:186,0
DA:197,0
DA:205,0
DA:210,0
DA:215,0
DA:220,0
DA:223,0
DA:224,0
DA:226,0
DA:230,0
DA:231,0
DA:232,0
DA:233,0
DA:234,0
DA:235,0
DA:236,0
DA:237,0
DA:238,0
DA:239,0
DA:240,0
DA:241,0
DA:242,0
LF:75
LH:0
BRDA:22,0,0,0
BRDA:22,0,1,0
BRDA:30,1,0,0
BRDA:30,1,1,0
BRDA:31,2,0,0
BRDA:31,2,1,0
BRDA:41,3,0,0
BRDA:41,3,1,0
BRDA:46,4,0,0
BRDA:54,5,0,0
BRDA:54,5,1,0
BRDA:55,6,0,0
BRDA:55,6,1,0
BRDA:60,7,0,0
BRDA:60,7,1,0
BRDA:66,8,0,0
BRDA:66,8,1,0
BRDA:94,9,0,0
BRDA:99,10,0,0
BRDA:99,10,1,0
BRDA:99,11,0,0
BRDA:99,11,1,0
BRDA:105,12,0,0
BRDA:105,13,0,0
BRDA:108,14,0,0
BRDA:108,14,1,0
BRDA:123,15,0,0
BRDA:127,16,0,0
BRDA:127,16,1,0
BRDA:127,17,0,0
BRDA:127,17,1,0
BRDA:133,18,0,0
BRDA:134,19,0,0
BRDA:134,19,1,0
BRDA:134,20,0,0
BRDA:134,20,1,0
BRDA:145,21,0,0
BRDA:154,22,0,0
BRDA:154,22,1,0
BRDA:154,23,0,0
BRDA:154,23,1,0
BRDA:160,24,0,0
BRDA:170,25,0,0
BRDA:170,25,1,0
BRDA:170,26,0,0
BRDA:170,26,1,0
BRDA:176,27,0,0
BRDA:185,28,0,0
BRDA:196,29,0,0
BRDA:204,30,0,0
BRDA:209,31,0,0
BRDA:210,32,0,0
BRDA:210,32,1,0
BRDA:214,33,0,0
BRDA:223,34,0,0
BRDA:223,34,1,0
BRF:56
BRH:0
end_of_record
TN:
SF:src/shared/debug-utils.js
FN:43,(anonymous_0)
FN:60,(anonymous_1)
FN:70,(anonymous_2)
FN:75,(anonymous_3)
FN:79,(anonymous_4)
FN:82,(anonymous_5)
FN:94,(anonymous_6)
FN:132,(anonymous_7)
FN:137,(anonymous_8)
FN:141,(anonymous_9)
FN:145,(anonymous_10)
FN:149,(anonymous_11)
FN:156,(anonymous_12)
FN:171,(anonymous_13)
FN:175,(anonymous_14)
FN:207,(anonymous_15)
FN:224,(anonymous_16)
FN:228,(anonymous_17)
FN:242,(anonymous_18)
FN:259,(anonymous_19)
FN:273,(anonymous_20)
FN:285,(anonymous_21)
FN:296,(anonymous_22)
FN:300,(anonymous_23)
FN:304,(anonymous_24)
FN:313,(anonymous_25)
FN:319,(anonymous_26)
FN:328,(anonymous_27)
FN:332,(anonymous_28)
FN:339,(anonymous_29)
FN:353,(anonymous_30)
FN:366,(anonymous_31)
FN:367,(anonymous_32)
FN:368,(anonymous_33)
FN:369,(anonymous_34)
FN:370,(anonymous_35)
FN:374,(anonymous_36)
FN:375,(anonymous_37)
FN:379,(anonymous_38)
FN:380,(anonymous_39)
FN:384,(anonymous_40)
FN:388,(anonymous_41)
FN:392,(anonymous_42)
FN:393,(anonymous_43)
FN:394,(anonymous_44)
FNF:45
FNH:0
FNDA:0,(anonymous_0)
FNDA:0,(anonymous_1)
FNDA:0,(anonymous_2)
FNDA:0,(anonymous_3)
FNDA:0,(anonymous_4)
FNDA:0,(anonymous_5)
FNDA:0,(anonymous_6)
FNDA:0,(anonymous_7)
FNDA:0,(anonymous_8)
FNDA:0,(anonymous_9)
FNDA:0,(anonymous_10)
FNDA:0,(anonymous_11)
FNDA:0,(anonymous_12)
FNDA:0,(anonymous_13)
FNDA:0,(anonymous_14)
FNDA:0,(anonymous_15)
FNDA:0,(anonymous_16)
FNDA:0,(anonymous_17)
FNDA:0,(anonymous_18)
FNDA:0,(anonymous_19)
FNDA:0,(anonymous_20)
FNDA:0,(anonymous_21)
FNDA:0,(anonymous_22)
FNDA:0,(anonymous_23)
FNDA:0,(anonymous_24)
FNDA:0,(anonymous_25)
FNDA:0,(anonymous_26)
FNDA:0,(anonymous_27)
FNDA:0,(anonymous_28)
FNDA:0,(anonymous_29)
FNDA:0,(anonymous_30)
FNDA:0,(anonymous_31)
FNDA:0,(anonymous_32)
FNDA:0,(anonymous_33)
FNDA:0,(anonymous_34)
FNDA:0,(anonymous_35)
FNDA:0,(anonymous_36)
FNDA:0,(anonymous_37)
FNDA:0,(anonymous_38)
FNDA:0,(anonymous_39)
FNDA:0,(anonymous_40)
FNDA:0,(anonymous_41)
FNDA:0,(anonymous_42)
FNDA:0,(anonymous_43)
FNDA:0,(anonymous_44)
DA:20,0
DA:29,0
DA:44,0
DA:45,0
DA:46,0
DA:48,0
DA:53,0
DA:54,0
DA:55,0
DA:57,0
DA:61,0
DA:62,0
DA:71,0
DA:72,0
DA:76,0
DA:77,0
DA:79,0
DA:83,0
DA:84,0
DA:85,0
DA:86,0
DA:88,0
DA:95,0
DA:97,0
DA:104,0
DA:105,0
DA:106,0
DA:108,0
DA:110,0
DA:111,0
DA:113,0
DA:114,0
DA:116,0
DA:117,0
DA:119,0
DA:120,0
DA:122,0
DA:123,0
DA:125,0
DA:133,0
DA:134,0
DA:138,0
DA:142,0
DA:146,0
DA:150,0
DA:157,0
DA:158,0
DA:160,0
DA:167,0
DA:169,0
DA:171,0
DA:176,0
DA:177,0
DA:178,0
DA:179,0
DA:182,0
DA:183,0
DA:185,0
DA:187,0
DA:195,0
DA:198,0
DA:199,0
DA:201,0
DA:208,0
DA:209,0
DA:210,0
DA:212,0
DA:213,0
DA:225,0
DA:227,0
DA:228,0
DA:230,0
DA:243,0
DA:245,0
DA:256,0
DA:260,0
DA:274,0
DA:286,0
DA:297,0
DA:301,0
DA:302,0
DA:304,0
DA:305,0
DA:306,0
DA:310,0
DA:314,0
DA:316,0
DA:317,0
DA:319,0
DA:320,0
DA:321,0
DA:325,0
DA:329,0
DA:333,0
DA:340,0
DA:354,0
DA:355,0
DA:356,0
DA:357,0
DA:362,0
DA:365,0
DA:366,0
DA:367,0
DA:368,0
DA:369,0
DA:370,0
DA:373,0
DA:374,0
DA:375,0
DA:378,0
DA:379,0
DA:380,0
DA:383,0
DA:384,0
DA:387,0
DA:388,0
DA:391,0
DA:392,0
DA:393,0
DA:394,0
LF:120
LH:0
BRDA:44,0,0,0
BRDA:44,0,1,0
BRDA:45,1,0,0
BRDA:45,1,1,0
BRDA:46,2,0,0
BRDA:46,2,1,0
BRDA:50,3,0,0
BRDA:50,3,1,0
BRDA:61,4,0,0
BRDA:61,4,1,0
BRDA:72,5,0,0
BRDA:72,5,1,0
BRDA:76,6,0,0
BRDA:76,6,1,0
BRDA:83,7,0,0
BRDA:83,7,1,0
BRDA:84,8,0,0
BRDA:84,8,1,0
BRDA:85,9,0,0
BRDA:85,9,1,0
BRDA:85,10,0,0
BRDA:85,10,1,0
BRDA:85,10,2,0
BRDA:94,11,0,0
BRDA:94,12,0,0
BRDA:95,13,0,0
BRDA:95,13,1,0
BRDA:100,14,0,0
BRDA:100,14,1,0
BRDA:105,15,0,0
BRDA:105,15,1,0
BRDA:108,16,0,0
BRDA:108,16,1,0
BRDA:108,16,2,0
BRDA:108,16,3,0
BRDA:108,16,4,0
BRDA:108,16,5,0
BRDA:132,17,0,0
BRDA:132,18,0,0
BRDA:137,19,0,0
BRDA:137,20,0,0
BRDA:141,21,0,0
BRDA:141,22,0,0
BRDA:145,23,0,0
BRDA:145,24,0,0
BRDA:149,25,0,0
BRDA:149,26,0,0
BRDA:156,27,0,0
BRDA:177,28,0,0
BRDA:177,28,1,0
BRDA:198,29,0,0
BRDA:198,29,1,0
BRDA:207,30,0,0
BRDA:207,31,0,0
BRDA:208,32,0,0
BRDA:208,32,1,0
BRDA:209,33,0,0
BRDA:209,33,1,0
BRDA:212,34,0,0
BRDA:212,34,1,0
BRDA:212,35,0,0
BRDA:212,35,1,0
BRDA:224,36,0,0
BRDA:225,37,0,0
BRDA:225,37,1,0
BRDA:242,38,0,0
BRDA:243,39,0,0
BRDA:243,39,1,0
BRDA:259,40,0,0
BRDA:265,41,0,0
BRDA:265,41,1,0
BRDA:266,42,0,0
BRDA:266,42,1,0
BRDA:273,43,0,0
BRDA:273,44,0,0
BRDA:277,45,0,0
BRDA:277,45,1,0
BRDA:277,46,0,0
BRDA:277,46,1,0
BRDA:285,47,0,0
BRDA:285,48,0,0
BRDA:305,49,0,0
BRDA:305,49,1,0
BRDA:314,50,0,0
BRDA:314,50,1,0
BRDA:314,51,0,0
BRDA:314,51,1,0
BRDA:320,52,0,0
BRDA:320,52,1,0
BRF:89
BRH:0
end_of_record
TN:
SF:src/shared/error-handler.js
FN:49,(anonymous_0)
FN:74,(anonymous_1)
FN:90,(anonymous_2)
FN:92,(anonymous_3)
FN:104,(anonymous_4)
FN:120,(anonymous_5)
FN:122,(anonymous_6)
FN:131,(anonymous_7)
FN:139,(anonymous_8)
FN:159,(anonymous_9)
FN:284,(anonymous_10)
FN:297,(anonymous_11)
FN:315,(anonymous_12)
FN:355,(anonymous_13)
FN:403,(anonymous_14)
FN:423,(anonymous_15)
FN:457,(anonymous_16)
FN:469,(anonymous_17)
FN:491,(anonymous_18)
FN:508,(anonymous_19)
FN:535,(anonymous_20)
FN:552,(anonymous_21)
FN:578,(anonymous_22)
FN:592,(anonymous_23)
FN:599,(anonymous_24)
FN:601,(anonymous_25)
FN:610,(anonymous_26)
FN:623,getErrorHandler
FN:642,handleError
FN:650,withErrorHandling
FN:651,(anonymous_30)
FN:657,(anonymous_31)
FNF:32
FNH:0
FNDA:0,(anonymous_0)
FNDA:0,(anonymous_1)
FNDA:0,(anonymous_2)
FNDA:0,(anonymous_3)
FNDA:0,(anonymous_4)
FNDA:0,(anonymous_5)
FNDA:0,(anonymous_6)
FNDA:0,(anonymous_7)
FNDA:0,(anonymous_8)
FNDA:0,(anonymous_9)
FNDA:0,(anonymous_10)
FNDA:0,(anonymous_11)
FNDA:0,(anonymous_12)
FNDA:0,(anonymous_13)
FNDA:0,(anonymous_14)
FNDA:0,(anonymous_15)
FNDA:0,(anonymous_16)
FNDA:0,(anonymous_17)
FNDA:0,(anonymous_18)
FNDA:0,(anonymous_19)
FNDA:0,(anonymous_20)
FNDA:0,(anonymous_21)
FNDA:0,(anonymous_22)
FNDA:0,(anonymous_23)
FNDA:0,(anonymous_24)
FNDA:0,(anonymous_25)
FNDA:0,(anonymous_26)
FNDA:0,getErrorHandler
FNDA:0,handleError
FNDA:0,withErrorHandling
FNDA:0,(anonymous_30)
FNDA:0,(anonymous_31)
DA:19,0
DA:33,0
DA:41,0
DA:50,0
DA:55,0
DA:56,0
DA:57,0
DA:60,0
DA:68,0
DA:75,0
DA:76,0
DA:78,0
DA:81,0
DA:92,0
DA:93,0
DA:100,0
DA:104,0
DA:105,0
DA:122,0
DA:123,0
DA:131,0
DA:132,0
DA:139,0
DA:160,0
DA:161,0
DA:162,0
DA:165,0
DA:173,0
DA:175,0
DA:178,0
DA:189,0
DA:192,0
DA:199,0
DA:200,0
DA:201,0
DA:204,0
DA:207,0
DA:208,0
DA:212,0
DA:215,0
DA:224,0
DA:225,0
DA:229,0
DA:230,0
DA:234,0
DA:235,0
DA:238,0
DA:245,0
DA:248,0
DA:251,0
DA:262,0
DA:263,0
DA:285,0
DA:287,0
DA:288,0
DA:291,0
DA:292,0
DA:295,0
DA:296,0
DA:297,0
DA:298,0
DA:300,0
DA:301,0
DA:305,0
DA:306,0
DA:309,0
DA:316,0
DA:317,0
DA:326,0
DA:327,0
DA:334,0
DA:335,0
DA:345,0
DA:356,0
DA:357,0
DA:360,0
DA:361,0
DA:362,0
DA:363,0
DA:364,0
DA:365,0
DA:366,0
DA:367,0
DA:368,0
DA:369,0
DA:370,0
DA:371,0
DA:372,0
DA:373,0
DA:374,0
DA:375,0
DA:376,0
DA:377,0
DA:378,0
DA:383,0
DA:384,0
DA:385,0
DA:386,0
DA:387,0
DA:388,0
DA:389,0
DA:390,0
DA:391,0
DA:392,0
DA:393,0
DA:394,0
DA:397,0
DA:404,0
DA:424,0
DA:436,0
DA:438,0
DA:439,0
DA:441,0
DA:442,0
DA:444,0
DA:445,0
DA:447,0
DA:448,0
DA:450,0
DA:458,0
DA:459,0
DA:460,0
DA:471,0
DA:473,0
DA:477,0
DA:478,0
DA:482,0
DA:483,0
DA:485,0
DA:492,0
DA:493,0
DA:495,0
DA:498,0
DA:500,0
DA:508,0
DA:510,0
DA:511,0
DA:514,0
DA:516,0
DA:521,0
DA:525,0
DA:536,0
DA:538,0
DA:541,0
DA:542,0
DA:545,0
DA:553,0
DA:555,0
DA:557,0
DA:559,0
DA:561,0
DA:563,0
DA:565,0
DA:567,0
DA:569,0
DA:571,0
DA:579,0
DA:593,0
DA:600,0
DA:601,0
DA:611,0
DA:612,0
DA:617,0
DA:618,0
DA:624,0
DA:626,0
DA:627,0
DA:628,0
DA:630,0
DA:632,0
DA:633,0
DA:635,0
DA:643,0
DA:644,0
DA:651,0
DA:652,0
DA:653,0
DA:655,0
DA:657,0
LF:179
LH:0
BRDA:49,0,0,0
BRDA:50,1,0,0
BRDA:50,1,1,0
BRDA:52,2,0,0
BRDA:52,2,1,0
BRDA:61,3,0,0
BRDA:61,3,1,0
BRDA:62,4,0,0
BRDA:62,4,1,0
BRDA:75,5,0,0
BRDA:75,5,1,0
BRDA:82,6,0,0
BRDA:82,6,1,0
BRDA:93,7,0,0
BRDA:93,7,1,0
BRDA:105,8,0,0
BRDA:105,8,1,0
BRDA:123,9,0,0
BRDA:123,9,1,0
BRDA:159,10,0,0
BRDA:169,11,0,0
BRDA:169,11,1,0
BRDA:207,12,0,0
BRDA:207,12,1,0
BRDA:218,13,0,0
BRDA:218,13,1,0
BRDA:224,14,0,0
BRDA:224,14,1,0
BRDA:224,15,0,0
BRDA:224,15,1,0
BRDA:229,16,0,0
BRDA:229,16,1,0
BRDA:229,17,0,0
BRDA:229,17,1,0
BRDA:253,18,0,0
BRDA:253,18,1,0
BRDA:287,19,0,0
BRDA:287,19,1,0
BRDA:291,20,0,0
BRDA:291,20,1,0
BRDA:295,21,0,0
BRDA:295,21,1,0
BRDA:300,22,0,0
BRDA:300,22,1,0
BRDA:305,23,0,0
BRDA:305,23,1,0
BRDA:316,24,0,0
BRDA:316,24,1,0
BRDA:322,25,0,0
BRDA:322,25,1,0
BRDA:326,26,0,0
BRDA:326,26,1,0
BRDA:334,27,0,0
BRDA:334,27,1,0
BRDA:334,28,0,0
BRDA:334,28,1,0
BRDA:336,29,0,0
BRDA:336,29,1,0
BRDA:337,30,0,0
BRDA:337,30,1,0
BRDA:338,31,0,0
BRDA:338,31,1,0
BRDA:338,32,0,0
BRDA:338,32,1,0
BRDA:340,33,0,0
BRDA:340,33,1,0
BRDA:357,34,0,0
BRDA:357,34,1,0
BRDA:360,35,0,0
BRDA:360,35,1,0
BRDA:361,36,0,0
BRDA:361,36,1,0
BRDA:364,37,0,0
BRDA:364,37,1,0
BRDA:367,38,0,0
BRDA:367,38,1,0
BRDA:370,39,0,0
BRDA:370,39,1,0
BRDA:373,40,0,0
BRDA:373,40,1,0
BRDA:373,41,0,0
BRDA:373,41,1,0
BRDA:376,42,0,0
BRDA:376,42,1,0
BRDA:383,43,0,0
BRDA:383,43,1,0
BRDA:383,44,0,0
BRDA:383,44,1,0
BRDA:386,45,0,0
BRDA:386,45,1,0
BRDA:386,46,0,0
BRDA:386,46,1,0
BRDA:389,47,0,0
BRDA:389,47,1,0
BRDA:389,48,0,0
BRDA:389,48,1,0
BRDA:392,49,0,0
BRDA:392,49,1,0
BRDA:392,50,0,0
BRDA:392,50,1,0
BRDA:410,51,0,0
BRDA:410,51,1,0
BRDA:411,52,0,0
BRDA:411,52,1,0
BRDA:412,53,0,0
BRDA:412,53,1,0
BRDA:413,54,0,0
BRDA:413,54,1,0
BRDA:414,55,0,0
BRDA:414,55,1,0
BRDA:436,56,0,0
BRDA:436,56,1,0
BRDA:436,56,2,0
BRDA:436,56,3,0
BRDA:436,56,4,0
BRDA:459,57,0,0
BRDA:459,57,1,0
BRDA:471,58,0,0
BRDA:471,58,1,0
BRDA:471,59,0,0
BRDA:471,59,1,0
BRDA:477,60,0,0
BRDA:477,60,1,0
BRDA:483,61,0,0
BRDA:483,61,1,0
BRDA:493,62,0,0
BRDA:493,62,1,0
BRDA:536,63,0,0
BRDA:536,63,1,0
BRDA:541,64,0,0
BRDA:541,64,1,0
BRDA:541,65,0,0
BRDA:541,65,1,0
BRDA:553,66,0,0
BRDA:553,66,1,0
BRDA:553,66,2,0
BRDA:553,66,3,0
BRDA:553,66,4,0
BRDA:553,66,5,0
BRDA:553,66,6,0
BRDA:553,66,7,0
BRDA:553,66,8,0
BRDA:567,67,0,0
BRDA:567,67,1,0
BRDA:623,68,0,0
BRDA:626,69,0,0
BRDA:626,69,1,0
BRDA:627,70,0,0
BRDA:627,70,1,0
BRDA:632,71,0,0
BRDA:632,71,1,0
BRDA:642,72,0,0
BRDA:650,73,0,0
BRF:153
BRH:0
end_of_record
TN:
SF:src/shared/feature-flags.js
FN:45,isFeatureEnabled
FN:52,getEnabledFeatures
FN:54,(anonymous_2)
FN:55,(anonymous_3)
FN:61,getFeatureFlagStatus
FN:73,setFeatureFlag
FNF:6
FNH:0
FNDA:0,isFeatureEnabled
FNDA:0,getEnabledFeatures
FNDA:0,(anonymous_2)
FNDA:0,(anonymous_3)
FNDA:0,getFeatureFlagStatus
FNDA:0,setFeatureFlag
DA:8,0
DA:46,0
DA:53,0
DA:54,0
DA:55,0
DA:62,0
DA:74,0
DA:75,0
DA:76,0
DA:78,0
LF:10
LH:0
BRDA:66,0,0,0
BRDA:66,0,1,0
BRDA:74,1,0,0
BRDA:74,1,1,0
BRF:4
BRH:0
end_of_record
TN:
SF:src/shared/logging-service.js
FN:15,(anonymous_0)
FN:43,(anonymous_1)
FN:54,(anonymous_2)
FN:61,(anonymous_3)
FN:89,(anonymous_4)
FN:96,(anonymous_5)
FN:112,(anonymous_6)
FN:146,(anonymous_7)
FN:181,(anonymous_8)
FN:206,(anonymous_9)
FN:209,(anonymous_10)
FN:221,(anonymous_11)
FN:225,(anonymous_12)
FN:229,(anonymous_13)
FN:233,(anonymous_14)
FN:240,(anonymous_15)
FN:245,(anonymous_16)
FN:266,(anonymous_17)
FN:278,(anonymous_18)
FN:291,(anonymous_19)
FN:298,(anonymous_20)
FN:306,createLogger
FNF:22
FNH:0
FNDA:0,(anonymous_0)
FNDA:0,(anonymous_1)
FNDA:0,(anonymous_2)
FNDA:0,(anonymous_3)
FNDA:0,(anonymous_4)
FNDA:0,(anonymous_5)
FNDA:0,(anonymous_6)
FNDA:0,(anonymous_7)
FNDA:0,(anonymous_8)
FNDA:0,(anonymous_9)
FNDA:0,(anonymous_10)
FNDA:0,(anonymous_11)
FNDA:0,(anonymous_12)
FNDA:0,(anonymous_13)
FNDA:0,(anonymous_14)
FNDA:0,(anonymous_15)
FNDA:0,(anonymous_16)
FNDA:0,(anonymous_17)
FNDA:0,(anonymous_18)
FNDA:0,(anonymous_19)
FNDA:0,(anonymous_20)
FNDA:0,createLogger
DA:16,0
DA:17,0
DA:18,0
DA:19,0
DA:20,0
DA:21,0
DA:24,0
DA:32,0
DA:35,0
DA:37,0
DA:44,0
DA:45,0
DA:46,0
DA:47,0
DA:55,0
DA:62,0
DA:64,0
DA:65,0
DA:71,0
DA:72,0
DA:78,0
DA:79,0
DA:90,0
DA:97,0
DA:113,0
DA:115,0
DA:116,0
DA:117,0
DA:119,0
DA:121,0
DA:122,0
DA:125,0
DA:127,0
DA:128,0
DA:130,0
DA:131,0
DA:133,0
DA:134,0
DA:136,0
DA:137,0
DA:139,0
DA:147,0
DA:149,0
DA:150,0
DA:151,0
DA:154,0
DA:155,0
DA:157,0
DA:160,0
DA:161,0
DA:167,0
DA:168,0
DA:170,0
DA:171,0
DA:174,0
DA:182,0
DA:184,0
DA:185,0
DA:187,0
DA:197,0
DA:198,0
DA:207,0
DA:209,0
DA:210,0
DA:211,0
DA:213,0
DA:222,0
DA:226,0
DA:230,0
DA:234,0
DA:241,0
DA:242,0
DA:246,0
DA:247,0
DA:248,0
DA:249,0
DA:252,0
DA:253,0
DA:255,0
DA:260,0
DA:267,0
DA:277,0
DA:278,0
DA:279,0
DA:285,0
DA:292,0
DA:299,0
DA:307,0
DA:313,0
LF:89
LH:0
BRDA:15,0,0,0
BRDA:16,1,0,0
BRDA:16,1,1,0
BRDA:17,2,0,0
BRDA:17,2,1,0
BRDA:17,2,2,0
BRDA:18,3,0,0
BRDA:18,3,1,0
BRDA:44,4,0,0
BRDA:44,4,1,0
BRDA:44,4,2,0
BRDA:64,5,0,0
BRDA:64,5,1,0
BRDA:71,6,0,0
BRDA:71,6,1,0
BRDA:71,7,0,0
BRDA:71,7,1,0
BRDA:78,8,0,0
BRDA:78,8,1,0
BRDA:78,9,0,0
BRDA:78,9,1,0
BRDA:96,10,0,0
BRDA:104,11,0,0
BRDA:104,11,1,0
BRDA:112,12,0,0
BRDA:113,13,0,0
BRDA:113,13,1,0
BRDA:121,14,0,0
BRDA:121,14,1,0
BRDA:125,15,0,0
BRDA:125,15,1,0
BRDA:125,15,2,0
BRDA:125,15,3,0
BRDA:125,15,4,0
BRDA:146,16,0,0
BRDA:147,17,0,0
BRDA:147,17,1,0
BRDA:181,18,0,0
BRDA:182,19,0,0
BRDA:182,19,1,0
BRDA:197,20,0,0
BRDA:197,20,1,0
BRDA:206,21,0,0
BRDA:207,22,0,0
BRDA:207,22,1,0
BRDA:221,23,0,0
BRDA:225,24,0,0
BRDA:229,25,0,0
BRDA:233,26,0,0
BRDA:245,27,0,0
BRDA:247,28,0,0
BRDA:247,28,1,0
BRDA:266,29,0,0
BRDA:278,30,0,0
BRDA:306,31,0,0
BRF:55
BRH:0
end_of_record
